<<<<<<< HEAD
[2018-06-13 04:36:41] local.ERROR: ErrorException: Undefined variable: adminEmail in F:\Projects\DFS\draftmatch\app\Http\Controllers\HomeController.php:37
Stack trace:
#0 F:\Projects\DFS\draftmatch\app\Http\Controllers\HomeController.php(37): Illuminate\Foundation\Bootstrap\HandleExceptions->handleError(8, 'Undefined varia...', 'F:\\Projects\\DFS...', 37, Array)
#1 [internal function]: App\Http\Controllers\HomeController->test()
#2 F:\Projects\DFS\draftmatch\vendor\laravel\framework\src\Illuminate\Routing\Controller.php(55): call_user_func_array(Array, Array)
#3 F:\Projects\DFS\draftmatch\vendor\laravel\framework\src\Illuminate\Routing\ControllerDispatcher.php(44): Illuminate\Routing\Controller->callAction('test', Array)
#4 F:\Projects\DFS\draftmatch\vendor\laravel\framework\src\Illuminate\Routing\Route.php(203): Illuminate\Routing\ControllerDispatcher->dispatch(Object(Illuminate\Routing\Route), Object(App\Http\Controllers\HomeController), 'test')
#5 F:\Projects\DFS\draftmatch\vendor\laravel\framework\src\Illuminate\Routing\Route.php(160): Illuminate\Routing\Route->runController()
#6 F:\Projects\DFS\draftmatch\vendor\laravel\framework\src\Illuminate\Routing\Router.php(572): Illuminate\Routing\Route->run()
#7 F:\Projects\DFS\draftmatch\vendor\laravel\framework\src\Illuminate\Routing\Pipeline.php(30): Illuminate\Routing\Router->Illuminate\Routing\{closure}(Object(Illuminate\Http\Request))
#8 F:\Projects\DFS\draftmatch\vendor\laravel\framework\src\Illuminate\Routing\Middleware\SubstituteBindings.php(41): Illuminate\Routing\Pipeline->Illuminate\Routing\{closure}(Object(Illuminate\Http\Request))
#9 F:\Projects\DFS\draftmatch\vendor\laravel\framework\src\Illuminate\Pipeline\Pipeline.php(148): Illuminate\Routing\Middleware\SubstituteBindings->handle(Object(Illuminate\Http\Request), Object(Closure))
#10 F:\Projects\DFS\draftmatch\vendor\laravel\framework\src\Illuminate\Routing\Pipeline.php(53): Illuminate\Pipeline\Pipeline->Illuminate\Pipeline\{closure}(Object(Illuminate\Http\Request))
#11 F:\Projects\DFS\draftmatch\vendor\laravel\framework\src\Illuminate\Routing\Middleware\ThrottleRequests.php(49): Illuminate\Routing\Pipeline->Illuminate\Routing\{closure}(Object(Illuminate\Http\Request))
#12 F:\Projects\DFS\draftmatch\vendor\laravel\framework\src\Illuminate\Pipeline\Pipeline.php(148): Illuminate\Routing\Middleware\ThrottleRequests->handle(Object(Illuminate\Http\Request), Object(Closure), '60', '1')
#13 F:\Projects\DFS\draftmatch\vendor\laravel\framework\src\Illuminate\Routing\Pipeline.php(53): Illuminate\Pipeline\Pipeline->Illuminate\Pipeline\{closure}(Object(Illuminate\Http\Request))
#14 F:\Projects\DFS\draftmatch\vendor\laravel\framework\src\Illuminate\Pipeline\Pipeline.php(102): Illuminate\Routing\Pipeline->Illuminate\Routing\{closure}(Object(Illuminate\Http\Request))
#15 F:\Projects\DFS\draftmatch\vendor\laravel\framework\src\Illuminate\Routing\Router.php(574): Illuminate\Pipeline\Pipeline->then(Object(Closure))
#16 F:\Projects\DFS\draftmatch\vendor\laravel\framework\src\Illuminate\Routing\Router.php(533): Illuminate\Routing\Router->runRouteWithinStack(Object(Illuminate\Routing\Route), Object(Illuminate\Http\Request))
#17 F:\Projects\DFS\draftmatch\vendor\laravel\framework\src\Illuminate\Routing\Router.php(511): Illuminate\Routing\Router->dispatchToRoute(Object(Illuminate\Http\Request))
#18 F:\Projects\DFS\draftmatch\vendor\laravel\framework\src\Illuminate\Foundation\Http\Kernel.php(176): Illuminate\Routing\Router->dispatch(Object(Illuminate\Http\Request))
#19 F:\Projects\DFS\draftmatch\vendor\laravel\framework\src\Illuminate\Routing\Pipeline.php(30): Illuminate\Foundation\Http\Kernel->Illuminate\Foundation\Http\{closure}(Object(Illuminate\Http\Request))
#20 F:\Projects\DFS\draftmatch\app\Http\Middleware\Cors.php(27): Illuminate\Routing\Pipeline->Illuminate\Routing\{closure}(Object(Illuminate\Http\Request))
#21 F:\Projects\DFS\draftmatch\vendor\laravel\framework\src\Illuminate\Pipeline\Pipeline.php(148): App\Http\Middleware\Cors->handle(Object(Illuminate\Http\Request), Object(Closure))
#22 F:\Projects\DFS\draftmatch\vendor\laravel\framework\src\Illuminate\Routing\Pipeline.php(53): Illuminate\Pipeline\Pipeline->Illuminate\Pipeline\{closure}(Object(Illuminate\Http\Request))
#23 F:\Projects\DFS\draftmatch\app\Http\Middleware\HttpsProtocol.php(29): Illuminate\Routing\Pipeline->Illuminate\Routing\{closure}(Object(Illuminate\Http\Request))
#24 F:\Projects\DFS\draftmatch\vendor\laravel\framework\src\Illuminate\Pipeline\Pipeline.php(148): App\Http\Middleware\HttpsProtocol->handle(Object(Illuminate\Http\Request), Object(Closure))
#25 F:\Projects\DFS\draftmatch\vendor\laravel\framework\src\Illuminate\Routing\Pipeline.php(53): Illuminate\Pipeline\Pipeline->Illuminate\Pipeline\{closure}(Object(Illuminate\Http\Request))
#26 F:\Projects\DFS\draftmatch\vendor\laravel\framework\src\Illuminate\Foundation\Http\Middleware\TransformsRequest.php(30): Illuminate\Routing\Pipeline->Illuminate\Routing\{closure}(Object(Illuminate\Http\Request))
#27 F:\Projects\DFS\draftmatch\vendor\laravel\framework\src\Illuminate\Pipeline\Pipeline.php(148): Illuminate\Foundation\Http\Middleware\TransformsRequest->handle(Object(Illuminate\Http\Request), Object(Closure))
#28 F:\Projects\DFS\draftmatch\vendor\laravel\framework\src\Illuminate\Routing\Pipeline.php(53): Illuminate\Pipeline\Pipeline->Illuminate\Pipeline\{closure}(Object(Illuminate\Http\Request))
#29 F:\Projects\DFS\draftmatch\vendor\laravel\framework\src\Illuminate\Foundation\Http\Middleware\TransformsRequest.php(30): Illuminate\Routing\Pipeline->Illuminate\Routing\{closure}(Object(Illuminate\Http\Request))
#30 F:\Projects\DFS\draftmatch\vendor\laravel\framework\src\Illuminate\Pipeline\Pipeline.php(148): Illuminate\Foundation\Http\Middleware\TransformsRequest->handle(Object(Illuminate\Http\Request), Object(Closure))
#31 F:\Projects\DFS\draftmatch\vendor\laravel\framework\src\Illuminate\Routing\Pipeline.php(53): Illuminate\Pipeline\Pipeline->Illuminate\Pipeline\{closure}(Object(Illuminate\Http\Request))
#32 F:\Projects\DFS\draftmatch\vendor\laravel\framework\src\Illuminate\Foundation\Http\Middleware\ValidatePostSize.php(27): Illuminate\Routing\Pipeline->Illuminate\Routing\{closure}(Object(Illuminate\Http\Request))
#33 F:\Projects\DFS\draftmatch\vendor\laravel\framework\src\Illuminate\Pipeline\Pipeline.php(148): Illuminate\Foundation\Http\Middleware\ValidatePostSize->handle(Object(Illuminate\Http\Request), Object(Closure))
#34 F:\Projects\DFS\draftmatch\vendor\laravel\framework\src\Illuminate\Routing\Pipeline.php(53): Illuminate\Pipeline\Pipeline->Illuminate\Pipeline\{closure}(Object(Illuminate\Http\Request))
#35 F:\Projects\DFS\draftmatch\vendor\laravel\framework\src\Illuminate\Foundation\Http\Middleware\CheckForMaintenanceMode.php(46): Illuminate\Routing\Pipeline->Illuminate\Routing\{closure}(Object(Illuminate\Http\Request))
#36 F:\Projects\DFS\draftmatch\vendor\laravel\framework\src\Illuminate\Pipeline\Pipeline.php(148): Illuminate\Foundation\Http\Middleware\CheckForMaintenanceMode->handle(Object(Illuminate\Http\Request), Object(Closure))
#37 F:\Projects\DFS\draftmatch\vendor\laravel\framework\src\Illuminate\Routing\Pipeline.php(53): Illuminate\Pipeline\Pipeline->Illuminate\Pipeline\{closure}(Object(Illuminate\Http\Request))
#38 F:\Projects\DFS\draftmatch\vendor\laravel\framework\src\Illuminate\Pipeline\Pipeline.php(102): Illuminate\Routing\Pipeline->Illuminate\Routing\{closure}(Object(Illuminate\Http\Request))
#39 F:\Projects\DFS\draftmatch\vendor\laravel\framework\src\Illuminate\Foundation\Http\Kernel.php(151): Illuminate\Pipeline\Pipeline->then(Object(Closure))
#40 F:\Projects\DFS\draftmatch\vendor\laravel\framework\src\Illuminate\Foundation\Http\Kernel.php(116): Illuminate\Foundation\Http\Kernel->sendRequestThroughRouter(Object(Illuminate\Http\Request))
#41 F:\Projects\DFS\draftmatch\public\index.php(53): Illuminate\Foundation\Http\Kernel->handle(Object(Illuminate\Http\Request))
#42 F:\Projects\DFS\draftmatch\server.php(21): require_once('F:\\Projects\\DFS...')
#43 {main}  
[2018-06-13 04:37:00] local.ERROR: Symfony\Component\Debug\Exception\FatalThrowableError: Parse error: syntax error, unexpected ')', expecting '&' or variable (T_VARIABLE) in F:\Projects\DFS\draftmatch\app\Http\Controllers\HomeController.php:37
Stack trace:
#0 F:\Projects\DFS\draftmatch\vendor\composer\ClassLoader.php(322): Composer\Autoload\includeFile('F:\\Projects\\DFS...')
#1 [internal function]: Composer\Autoload\ClassLoader->loadClass('App\\Http\\Contro...')
#2 [internal function]: spl_autoload_call('App\\Http\\Contro...')
#3 F:\Projects\DFS\draftmatch\vendor\laravel\framework\src\Illuminate\Container\Container.php(729): ReflectionClass->__construct('App\\Http\\Contro...')
#4 F:\Projects\DFS\draftmatch\vendor\laravel\framework\src\Illuminate\Container\Container.php(608): Illuminate\Container\Container->build('App\\Http\\Contro...')
#5 F:\Projects\DFS\draftmatch\vendor\laravel\framework\src\Illuminate\Container\Container.php(575): Illuminate\Container\Container->resolve('App\\Http\\Contro...')
#6 F:\Projects\DFS\draftmatch\vendor\laravel\framework\src\Illuminate\Foundation\Application.php(728): Illuminate\Container\Container->make('App\\Http\\Contro...')
#7 F:\Projects\DFS\draftmatch\vendor\laravel\framework\src\Illuminate\Routing\Route.php(217): Illuminate\Foundation\Application->make('App\\Http\\Contro...')
#8 F:\Projects\DFS\draftmatch\vendor\laravel\framework\src\Illuminate\Routing\Route.php(747): Illuminate\Routing\Route->getController()
#9 F:\Projects\DFS\draftmatch\vendor\laravel\framework\src\Illuminate\Routing\Route.php(708): Illuminate\Routing\Route->controllerMiddleware()
#10 F:\Projects\DFS\draftmatch\vendor\laravel\framework\src\Illuminate\Routing\Router.php(585): Illuminate\Routing\Route->gatherMiddleware()
#11 F:\Projects\DFS\draftmatch\vendor\laravel\framework\src\Illuminate\Routing\Router.php(565): Illuminate\Routing\Router->gatherRouteMiddleware(Object(Illuminate\Routing\Route))
#12 F:\Projects\DFS\draftmatch\vendor\laravel\framework\src\Illuminate\Routing\Router.php(533): Illuminate\Routing\Router->runRouteWithinStack(Object(Illuminate\Routing\Route), Object(Illuminate\Http\Request))
#13 F:\Projects\DFS\draftmatch\vendor\laravel\framework\src\Illuminate\Routing\Router.php(511): Illuminate\Routing\Router->dispatchToRoute(Object(Illuminate\Http\Request))
#14 F:\Projects\DFS\draftmatch\vendor\laravel\framework\src\Illuminate\Foundation\Http\Kernel.php(176): Illuminate\Routing\Router->dispatch(Object(Illuminate\Http\Request))
#15 F:\Projects\DFS\draftmatch\vendor\laravel\framework\src\Illuminate\Routing\Pipeline.php(30): Illuminate\Foundation\Http\Kernel->Illuminate\Foundation\Http\{closure}(Object(Illuminate\Http\Request))
#16 F:\Projects\DFS\draftmatch\app\Http\Middleware\Cors.php(27): Illuminate\Routing\Pipeline->Illuminate\Routing\{closure}(Object(Illuminate\Http\Request))
#17 F:\Projects\DFS\draftmatch\vendor\laravel\framework\src\Illuminate\Pipeline\Pipeline.php(148): App\Http\Middleware\Cors->handle(Object(Illuminate\Http\Request), Object(Closure))
#18 F:\Projects\DFS\draftmatch\vendor\laravel\framework\src\Illuminate\Routing\Pipeline.php(53): Illuminate\Pipeline\Pipeline->Illuminate\Pipeline\{closure}(Object(Illuminate\Http\Request))
#19 F:\Projects\DFS\draftmatch\app\Http\Middleware\HttpsProtocol.php(29): Illuminate\Routing\Pipeline->Illuminate\Routing\{closure}(Object(Illuminate\Http\Request))
#20 F:\Projects\DFS\draftmatch\vendor\laravel\framework\src\Illuminate\Pipeline\Pipeline.php(148): App\Http\Middleware\HttpsProtocol->handle(Object(Illuminate\Http\Request), Object(Closure))
#21 F:\Projects\DFS\draftmatch\vendor\laravel\framework\src\Illuminate\Routing\Pipeline.php(53): Illuminate\Pipeline\Pipeline->Illuminate\Pipeline\{closure}(Object(Illuminate\Http\Request))
#22 F:\Projects\DFS\draftmatch\vendor\laravel\framework\src\Illuminate\Foundation\Http\Middleware\TransformsRequest.php(30): Illuminate\Routing\Pipeline->Illuminate\Routing\{closure}(Object(Illuminate\Http\Request))
#23 F:\Projects\DFS\draftmatch\vendor\laravel\framework\src\Illuminate\Pipeline\Pipeline.php(148): Illuminate\Foundation\Http\Middleware\TransformsRequest->handle(Object(Illuminate\Http\Request), Object(Closure))
#24 F:\Projects\DFS\draftmatch\vendor\laravel\framework\src\Illuminate\Routing\Pipeline.php(53): Illuminate\Pipeline\Pipeline->Illuminate\Pipeline\{closure}(Object(Illuminate\Http\Request))
#25 F:\Projects\DFS\draftmatch\vendor\laravel\framework\src\Illuminate\Foundation\Http\Middleware\TransformsRequest.php(30): Illuminate\Routing\Pipeline->Illuminate\Routing\{closure}(Object(Illuminate\Http\Request))
#26 F:\Projects\DFS\draftmatch\vendor\laravel\framework\src\Illuminate\Pipeline\Pipeline.php(148): Illuminate\Foundation\Http\Middleware\TransformsRequest->handle(Object(Illuminate\Http\Request), Object(Closure))
#27 F:\Projects\DFS\draftmatch\vendor\laravel\framework\src\Illuminate\Routing\Pipeline.php(53): Illuminate\Pipeline\Pipeline->Illuminate\Pipeline\{closure}(Object(Illuminate\Http\Request))
#28 F:\Projects\DFS\draftmatch\vendor\laravel\framework\src\Illuminate\Foundation\Http\Middleware\ValidatePostSize.php(27): Illuminate\Routing\Pipeline->Illuminate\Routing\{closure}(Object(Illuminate\Http\Request))
#29 F:\Projects\DFS\draftmatch\vendor\laravel\framework\src\Illuminate\Pipeline\Pipeline.php(148): Illuminate\Foundation\Http\Middleware\ValidatePostSize->handle(Object(Illuminate\Http\Request), Object(Closure))
#30 F:\Projects\DFS\draftmatch\vendor\laravel\framework\src\Illuminate\Routing\Pipeline.php(53): Illuminate\Pipeline\Pipeline->Illuminate\Pipeline\{closure}(Object(Illuminate\Http\Request))
#31 F:\Projects\DFS\draftmatch\vendor\laravel\framework\src\Illuminate\Foundation\Http\Middleware\CheckForMaintenanceMode.php(46): Illuminate\Routing\Pipeline->Illuminate\Routing\{closure}(Object(Illuminate\Http\Request))
#32 F:\Projects\DFS\draftmatch\vendor\laravel\framework\src\Illuminate\Pipeline\Pipeline.php(148): Illuminate\Foundation\Http\Middleware\CheckForMaintenanceMode->handle(Object(Illuminate\Http\Request), Object(Closure))
#33 F:\Projects\DFS\draftmatch\vendor\laravel\framework\src\Illuminate\Routing\Pipeline.php(53): Illuminate\Pipeline\Pipeline->Illuminate\Pipeline\{closure}(Object(Illuminate\Http\Request))
#34 F:\Projects\DFS\draftmatch\vendor\laravel\framework\src\Illuminate\Pipeline\Pipeline.php(102): Illuminate\Routing\Pipeline->Illuminate\Routing\{closure}(Object(Illuminate\Http\Request))
#35 F:\Projects\DFS\draftmatch\vendor\laravel\framework\src\Illuminate\Foundation\Http\Kernel.php(151): Illuminate\Pipeline\Pipeline->then(Object(Closure))
#36 F:\Projects\DFS\draftmatch\vendor\laravel\framework\src\Illuminate\Foundation\Http\Kernel.php(116): Illuminate\Foundation\Http\Kernel->sendRequestThroughRouter(Object(Illuminate\Http\Request))
#37 F:\Projects\DFS\draftmatch\public\index.php(53): Illuminate\Foundation\Http\Kernel->handle(Object(Illuminate\Http\Request))
#38 F:\Projects\DFS\draftmatch\server.php(21): require_once('F:\\Projects\\DFS...')
#39 {main}  
[2018-06-13 04:39:45] local.INFO: array (
  0 => 'The lang field is required.',
  1 => 'The lat field is required.',
)  
[2018-06-13 04:40:23] local.INFO: Transaction for sending 10$ to user lejla@test5.com is pending ...  
[2018-06-13 09:14:11] local.INFO: User not found  
[2018-06-13 09:14:43] local.INFO: Getting info about slates ...  
[2018-06-13 09:14:43] local.INFO: Retrieving available slates ...  
[2018-06-13 09:14:43] local.INFO: Successfully retrieved available slates ...  
[2018-06-13 09:25:41] local.INFO: Getting info about slates ...  
[2018-06-13 09:25:41] local.INFO: Retrieving available slates ...  
[2018-06-13 09:25:41] local.INFO: Successfully retrieved available slates ...  
[2018-06-13 09:26:13] local.INFO: Getting info about slates ...  
[2018-06-13 09:26:13] local.INFO: Retrieving available slates ...  
[2018-06-13 09:26:13] local.INFO: Successfully retrieved available slates ...  
[2018-06-13 09:52:19] local.INFO: SCHEDULING for day Monday DATE : 2017-06-12 07:31:19  
[2018-06-13 09:52:24] local.INFO: Getting info about slates ...  
[2018-06-13 09:52:24] local.INFO: Retrieving available slates ...  
[2018-06-13 09:52:24] local.INFO: Successfully retrieved available slates ...  
[2018-06-13 09:54:00] local.INFO: Getting info about slates ...  
[2018-06-13 09:54:00] local.INFO: Retrieving available slates ...  
[2018-06-13 09:54:00] local.INFO: Successfully retrieved available slates ...  
[2018-06-13 09:56:48] local.INFO: Getting info about slates ...  
[2018-06-13 09:56:48] local.INFO: Retrieving available slates ...  
[2018-06-13 09:56:48] local.INFO: Successfully retrieved available slates ...  
[2018-06-13 09:57:48] local.INFO: Getting info about slates ...  
[2018-06-13 09:57:48] local.INFO: Retrieving available slates ...  
[2018-06-13 09:57:48] local.INFO: Successfully retrieved available slates ...  
[2018-06-13 10:01:00] local.INFO: Getting info about slates ...  
[2018-06-13 10:01:00] local.INFO: Retrieving available slates ...  
[2018-06-13 10:01:00] local.INFO: Successfully retrieved available slates ...  
=======
[2018-06-13 10:03:52] local.INFO: SCHEDULING for day Monday DATE : 2017-06-12 07:31:19  
>>>>>>> jon
