[2018-06-11 02:09:36] local.INFO: SCHEDULING for day Sunday DATE : 2018-06-10 22:09:36  
[2018-06-11 02:09:44] local.INFO: Getting info about slates ...  
[2018-06-11 02:09:44] local.INFO: Retrieving available slates ...  
[2018-06-11 02:09:44] local.INFO: Successfully retrieved available slates ...  
[2018-06-11 02:13:22] local.INFO: Getting info about slates ...  
[2018-06-11 02:13:22] local.INFO: Retrieving available slates ...  
[2018-06-11 02:13:22] local.INFO: Successfully retrieved available slates ...  
[2018-06-11 02:14:30] local.INFO: Getting info about slates ...  
[2018-06-11 02:15:46] local.INFO: Getting info about slates ...  
[2018-06-11 02:15:46] local.INFO: Retrieving available slates ...  
[2018-06-11 02:15:46] local.INFO: Successfully retrieved available slates ...  
[2018-06-11 02:17:32] local.INFO: Getting info about slates ...  
[2018-06-11 02:17:32] local.INFO: Retrieving available slates ...  
[2018-06-11 02:17:32] local.INFO: Successfully retrieved available slates ...  
[2018-06-11 02:17:36] local.ERROR: Symfony\Component\Debug\Exception\FatalErrorException: Allowed memory size of 134217728 bytes exhausted (tried to allocate 25497600 bytes) in E:\draftMatch\draftmatch\vendor\symfony\http-foundation\Response.php:358
Stack trace:
#0 {main}  
[2018-06-11 02:17:52] local.INFO: Getting info about slates ...  
[2018-06-11 02:17:52] local.INFO: Retrieving available slates ...  
[2018-06-11 02:17:52] local.INFO: Successfully retrieved available slates ...  
