[2018-06-12 03:33:41] local.INFO: SCHEDULING for day Monday DATE : 2018-06-11 23:33:41  
[2018-06-12 03:34:08] local.INFO: Invalid email or password provided  
[2018-06-12 03:49:28] local.INFO: SCHEDULING for day Monday DATE : 2018-06-11 23:49:28  
[2018-06-12 03:54:16] local.INFO: SCHEDULING for day Monday DATE : 2018-06-11 23:54:16  
[2018-06-12 09:01:15] local.INFO: SCHEDULING for day Tuesday DATE : 2018-06-12 05:01:15  
[2018-06-12 09:08:54] local.INFO: Invalid email or password provided  
[2018-06-12 09:12:04] local.INFO: SCHEDULING for day Tuesday DATE : 2018-06-12 05:12:04  
[2018-06-12 09:16:44] local.INFO: Getting info about admin slates ...  
[2018-06-12 09:16:44] local.INFO: Retrieving available slates ...  
[2018-06-12 09:16:44] local.INFO: Successfully retrieved available slates ...  
[2018-06-12 09:55:44] local.INFO: SCHEDULING for day Tuesday DATE : 2018-06-12 05:55:44  
[2018-06-12 09:55:48] local.INFO: SCHEDULING for day Tuesday DATE : 2018-06-12 05:55:48  
[2018-06-12 10:05:54] local.INFO: SCHEDULING for day Tuesday DATE : 2018-06-12 06:05:54  
[2018-06-12 10:06:05] local.INFO: SCHEDULING for day Tuesday DATE : 2018-06-12 06:06:05  
[2018-06-12 10:06:10] local.INFO: SCHEDULING for day Tuesday DATE : 2018-06-12 06:06:10  
[2018-06-12 10:06:12] local.INFO: SCHEDULING for day Tuesday DATE : 2018-06-12 06:06:12  
[2018-06-12 10:06:19] local.INFO: SCHEDULING for day Tuesday DATE : 2018-06-12 06:06:19  
[2018-06-12 14:35:24] local.INFO: SCHEDULING for day Tuesday DATE : 2018-06-12 10:35:24  
[2018-06-12 18:01:08] local.INFO: SCHEDULING for day Tuesday DATE : 2018-06-12 14:01:08  
[2018-06-12 18:01:11] local.INFO: Trying to get user matchups for user 32  
[2018-06-12 18:01:11] local.INFO: Successfully retrieved user matchups for user32  
[2018-06-12 18:01:11] local.INFO: Rate {"id":"1","rate":"0.00014"}  
[2018-06-12 18:02:15] local.INFO: Trying to get user matchups for user 32  
[2018-06-12 18:02:15] local.INFO: Successfully retrieved user matchups for user32  
[2018-06-12 18:02:15] local.INFO: Rate {"id":"1","rate":"0.00014"}  
[2018-06-12 18:05:00] local.INFO: Trying to get user matchups for user 32  
[2018-06-12 18:05:00] local.INFO: Successfully retrieved user matchups for user32  
[2018-06-12 18:05:00] local.ERROR: ErrorException: Undefined variable: contest in F:\Projects\DFS\draftmatch\app\Http\Controllers\Api\v1\ContestsController.php:667
Stack trace:
#0 F:\Projects\DFS\draftmatch\app\Http\Controllers\Api\v1\ContestsController.php(667): Illuminate\Foundation\Bootstrap\HandleExceptions->handleError(8, 'Undefined varia...', 'F:\\Projects\\DFS...', 667, Array)
#1 [internal function]: App\Http\Controllers\Api\v1\ContestsController->getContests(Object(Illuminate\Http\Request))
#2 F:\Projects\DFS\draftmatch\vendor\laravel\framework\src\Illuminate\Routing\Controller.php(55): call_user_func_array(Array, Array)
#3 F:\Projects\DFS\draftmatch\vendor\laravel\framework\src\Illuminate\Routing\ControllerDispatcher.php(44): Illuminate\Routing\Controller->callAction('getContests', Array)
#4 F:\Projects\DFS\draftmatch\vendor\laravel\framework\src\Illuminate\Routing\Route.php(203): Illuminate\Routing\ControllerDispatcher->dispatch(Object(Illuminate\Routing\Route), Object(App\Http\Controllers\Api\v1\ContestsController), 'getContests')
#5 F:\Projects\DFS\draftmatch\vendor\laravel\framework\src\Illuminate\Routing\Route.php(160): Illuminate\Routing\Route->runController()
#6 F:\Projects\DFS\draftmatch\vendor\laravel\framework\src\Illuminate\Routing\Router.php(572): Illuminate\Routing\Route->run()
#7 F:\Projects\DFS\draftmatch\vendor\laravel\framework\src\Illuminate\Routing\Pipeline.php(30): Illuminate\Routing\Router->Illuminate\Routing\{closure}(Object(Illuminate\Http\Request))
#8 F:\Projects\DFS\draftmatch\app\Http\Middleware\VerifyJWTToken.php(91): Illuminate\Routing\Pipeline->Illuminate\Routing\{closure}(Object(Illuminate\Http\Request))
#9 F:\Projects\DFS\draftmatch\vendor\laravel\framework\src\Illuminate\Pipeline\Pipeline.php(148): App\Http\Middleware\VerifyJWTToken->handle(Object(Illuminate\Http\Request), Object(Closure))
#10 F:\Projects\DFS\draftmatch\vendor\laravel\framework\src\Illuminate\Routing\Pipeline.php(53): Illuminate\Pipeline\Pipeline->Illuminate\Pipeline\{closure}(Object(Illuminate\Http\Request))
#11 F:\Projects\DFS\draftmatch\app\Http\Middleware\Cors.php(27): Illuminate\Routing\Pipeline->Illuminate\Routing\{closure}(Object(Illuminate\Http\Request))
#12 F:\Projects\DFS\draftmatch\vendor\laravel\framework\src\Illuminate\Pipeline\Pipeline.php(148): App\Http\Middleware\Cors->handle(Object(Illuminate\Http\Request), Object(Closure))
#13 F:\Projects\DFS\draftmatch\vendor\laravel\framework\src\Illuminate\Routing\Pipeline.php(53): Illuminate\Pipeline\Pipeline->Illuminate\Pipeline\{closure}(Object(Illuminate\Http\Request))
#14 F:\Projects\DFS\draftmatch\vendor\laravel\framework\src\Illuminate\Routing\Middleware\SubstituteBindings.php(41): Illuminate\Routing\Pipeline->Illuminate\Routing\{closure}(Object(Illuminate\Http\Request))
#15 F:\Projects\DFS\draftmatch\vendor\laravel\framework\src\Illuminate\Pipeline\Pipeline.php(148): Illuminate\Routing\Middleware\SubstituteBindings->handle(Object(Illuminate\Http\Request), Object(Closure))
#16 F:\Projects\DFS\draftmatch\vendor\laravel\framework\src\Illuminate\Routing\Pipeline.php(53): Illuminate\Pipeline\Pipeline->Illuminate\Pipeline\{closure}(Object(Illuminate\Http\Request))
#17 F:\Projects\DFS\draftmatch\vendor\laravel\framework\src\Illuminate\Routing\Middleware\ThrottleRequests.php(49): Illuminate\Routing\Pipeline->Illuminate\Routing\{closure}(Object(Illuminate\Http\Request))
#18 F:\Projects\DFS\draftmatch\vendor\laravel\framework\src\Illuminate\Pipeline\Pipeline.php(148): Illuminate\Routing\Middleware\ThrottleRequests->handle(Object(Illuminate\Http\Request), Object(Closure), '60', '1')
#19 F:\Projects\DFS\draftmatch\vendor\laravel\framework\src\Illuminate\Routing\Pipeline.php(53): Illuminate\Pipeline\Pipeline->Illuminate\Pipeline\{closure}(Object(Illuminate\Http\Request))
#20 F:\Projects\DFS\draftmatch\vendor\laravel\framework\src\Illuminate\Pipeline\Pipeline.php(102): Illuminate\Routing\Pipeline->Illuminate\Routing\{closure}(Object(Illuminate\Http\Request))
#21 F:\Projects\DFS\draftmatch\vendor\laravel\framework\src\Illuminate\Routing\Router.php(574): Illuminate\Pipeline\Pipeline->then(Object(Closure))
#22 F:\Projects\DFS\draftmatch\vendor\laravel\framework\src\Illuminate\Routing\Router.php(533): Illuminate\Routing\Router->runRouteWithinStack(Object(Illuminate\Routing\Route), Object(Illuminate\Http\Request))
#23 F:\Projects\DFS\draftmatch\vendor\laravel\framework\src\Illuminate\Routing\Router.php(511): Illuminate\Routing\Router->dispatchToRoute(Object(Illuminate\Http\Request))
#24 F:\Projects\DFS\draftmatch\vendor\laravel\framework\src\Illuminate\Foundation\Http\Kernel.php(176): Illuminate\Routing\Router->dispatch(Object(Illuminate\Http\Request))
#25 F:\Projects\DFS\draftmatch\vendor\laravel\framework\src\Illuminate\Routing\Pipeline.php(30): Illuminate\Foundation\Http\Kernel->Illuminate\Foundation\Http\{closure}(Object(Illuminate\Http\Request))
#26 F:\Projects\DFS\draftmatch\app\Http\Middleware\Cors.php(27): Illuminate\Routing\Pipeline->Illuminate\Routing\{closure}(Object(Illuminate\Http\Request))
#27 F:\Projects\DFS\draftmatch\vendor\laravel\framework\src\Illuminate\Pipeline\Pipeline.php(148): App\Http\Middleware\Cors->handle(Object(Illuminate\Http\Request), Object(Closure))
#28 F:\Projects\DFS\draftmatch\vendor\laravel\framework\src\Illuminate\Routing\Pipeline.php(53): Illuminate\Pipeline\Pipeline->Illuminate\Pipeline\{closure}(Object(Illuminate\Http\Request))
#29 F:\Projects\DFS\draftmatch\app\Http\Middleware\HttpsProtocol.php(29): Illuminate\Routing\Pipeline->Illuminate\Routing\{closure}(Object(Illuminate\Http\Request))
#30 F:\Projects\DFS\draftmatch\vendor\laravel\framework\src\Illuminate\Pipeline\Pipeline.php(148): App\Http\Middleware\HttpsProtocol->handle(Object(Illuminate\Http\Request), Object(Closure))
#31 F:\Projects\DFS\draftmatch\vendor\laravel\framework\src\Illuminate\Routing\Pipeline.php(53): Illuminate\Pipeline\Pipeline->Illuminate\Pipeline\{closure}(Object(Illuminate\Http\Request))
#32 F:\Projects\DFS\draftmatch\vendor\laravel\framework\src\Illuminate\Foundation\Http\Middleware\TransformsRequest.php(30): Illuminate\Routing\Pipeline->Illuminate\Routing\{closure}(Object(Illuminate\Http\Request))
#33 F:\Projects\DFS\draftmatch\vendor\laravel\framework\src\Illuminate\Pipeline\Pipeline.php(148): Illuminate\Foundation\Http\Middleware\TransformsRequest->handle(Object(Illuminate\Http\Request), Object(Closure))
#34 F:\Projects\DFS\draftmatch\vendor\laravel\framework\src\Illuminate\Routing\Pipeline.php(53): Illuminate\Pipeline\Pipeline->Illuminate\Pipeline\{closure}(Object(Illuminate\Http\Request))
#35 F:\Projects\DFS\draftmatch\vendor\laravel\framework\src\Illuminate\Foundation\Http\Middleware\TransformsRequest.php(30): Illuminate\Routing\Pipeline->Illuminate\Routing\{closure}(Object(Illuminate\Http\Request))
#36 F:\Projects\DFS\draftmatch\vendor\laravel\framework\src\Illuminate\Pipeline\Pipeline.php(148): Illuminate\Foundation\Http\Middleware\TransformsRequest->handle(Object(Illuminate\Http\Request), Object(Closure))
#37 F:\Projects\DFS\draftmatch\vendor\laravel\framework\src\Illuminate\Routing\Pipeline.php(53): Illuminate\Pipeline\Pipeline->Illuminate\Pipeline\{closure}(Object(Illuminate\Http\Request))
#38 F:\Projects\DFS\draftmatch\vendor\laravel\framework\src\Illuminate\Foundation\Http\Middleware\ValidatePostSize.php(27): Illuminate\Routing\Pipeline->Illuminate\Routing\{closure}(Object(Illuminate\Http\Request))
#39 F:\Projects\DFS\draftmatch\vendor\laravel\framework\src\Illuminate\Pipeline\Pipeline.php(148): Illuminate\Foundation\Http\Middleware\ValidatePostSize->handle(Object(Illuminate\Http\Request), Object(Closure))
#40 F:\Projects\DFS\draftmatch\vendor\laravel\framework\src\Illuminate\Routing\Pipeline.php(53): Illuminate\Pipeline\Pipeline->Illuminate\Pipeline\{closure}(Object(Illuminate\Http\Request))
#41 F:\Projects\DFS\draftmatch\vendor\laravel\framework\src\Illuminate\Foundation\Http\Middleware\CheckForMaintenanceMode.php(46): Illuminate\Routing\Pipeline->Illuminate\Routing\{closure}(Object(Illuminate\Http\Request))
#42 F:\Projects\DFS\draftmatch\vendor\laravel\framework\src\Illuminate\Pipeline\Pipeline.php(148): Illuminate\Foundation\Http\Middleware\CheckForMaintenanceMode->handle(Object(Illuminate\Http\Request), Object(Closure))
#43 F:\Projects\DFS\draftmatch\vendor\laravel\framework\src\Illuminate\Routing\Pipeline.php(53): Illuminate\Pipeline\Pipeline->Illuminate\Pipeline\{closure}(Object(Illuminate\Http\Request))
#44 F:\Projects\DFS\draftmatch\vendor\laravel\framework\src\Illuminate\Pipeline\Pipeline.php(102): Illuminate\Routing\Pipeline->Illuminate\Routing\{closure}(Object(Illuminate\Http\Request))
#45 F:\Projects\DFS\draftmatch\vendor\laravel\framework\src\Illuminate\Foundation\Http\Kernel.php(151): Illuminate\Pipeline\Pipeline->then(Object(Closure))
#46 F:\Projects\DFS\draftmatch\vendor\laravel\framework\src\Illuminate\Foundation\Http\Kernel.php(116): Illuminate\Foundation\Http\Kernel->sendRequestThroughRouter(Object(Illuminate\Http\Request))
#47 F:\Projects\DFS\draftmatch\public\index.php(53): Illuminate\Foundation\Http\Kernel->handle(Object(Illuminate\Http\Request))
#48 F:\Projects\DFS\draftmatch\server.php(21): require_once('F:\\Projects\\DFS...')
#49 {main}  
[2018-06-12 18:05:19] local.INFO: Trying to get user matchups for user 32  
[2018-06-12 18:05:19] local.INFO: Successfully retrieved user matchups for user32  
[2018-06-12 18:05:40] local.INFO: Trying to get user matchups for user 32  
[2018-06-12 18:05:40] local.INFO: Successfully retrieved user matchups for user32  
[2018-06-12 18:05:40] local.INFO: Rate {"id":"1","rate":"0.00014"}  
[2018-06-12 18:06:06] local.INFO: Trying to get user matchups for user 32  
[2018-06-12 18:06:06] local.INFO: Successfully retrieved user matchups for user32  
[2018-06-12 18:06:06] local.INFO: Rate {"id":"1","rate":"0.00014"}  
[2018-06-12 18:08:45] local.INFO: Trying to get user matchups for user 32  
[2018-06-12 18:08:45] local.INFO: Successfully retrieved user matchups for user32  
[2018-06-12 18:08:45] local.INFO: Rate {"id":"1","rate":"0.00014"}  
[2018-06-12 18:09:18] local.INFO: Trying to get user matchups for user 32  
[2018-06-12 18:09:18] local.INFO: Successfully retrieved user matchups for user32  
[2018-06-12 18:09:18] local.INFO: Rate {"id":"1","rate":"0.00014"}  
[2018-06-12 18:19:01] local.ERROR: Symfony\Component\Debug\Exception\FatalThrowableError: Parse error: syntax error, unexpected '}' in F:\Projects\DFS\draftmatch\app\Http\Controllers\HomeController.php:58
Stack trace:
#0 F:\Projects\DFS\draftmatch\vendor\composer\ClassLoader.php(322): Composer\Autoload\includeFile('F:\\Projects\\DFS...')
#1 [internal function]: Composer\Autoload\ClassLoader->loadClass('App\\Http\\Contro...')
#2 [internal function]: spl_autoload_call('App\\Http\\Contro...')
#3 F:\Projects\DFS\draftmatch\vendor\laravel\framework\src\Illuminate\Container\Container.php(729): ReflectionClass->__construct('App\\Http\\Contro...')
#4 F:\Projects\DFS\draftmatch\vendor\laravel\framework\src\Illuminate\Container\Container.php(608): Illuminate\Container\Container->build('App\\Http\\Contro...')
#5 F:\Projects\DFS\draftmatch\vendor\laravel\framework\src\Illuminate\Container\Container.php(575): Illuminate\Container\Container->resolve('App\\Http\\Contro...')
#6 F:\Projects\DFS\draftmatch\vendor\laravel\framework\src\Illuminate\Foundation\Application.php(728): Illuminate\Container\Container->make('App\\Http\\Contro...')
#7 F:\Projects\DFS\draftmatch\vendor\laravel\framework\src\Illuminate\Routing\Route.php(217): Illuminate\Foundation\Application->make('App\\Http\\Contro...')
#8 F:\Projects\DFS\draftmatch\vendor\laravel\framework\src\Illuminate\Routing\Route.php(747): Illuminate\Routing\Route->getController()
#9 F:\Projects\DFS\draftmatch\vendor\laravel\framework\src\Illuminate\Routing\Route.php(708): Illuminate\Routing\Route->controllerMiddleware()
#10 F:\Projects\DFS\draftmatch\vendor\laravel\framework\src\Illuminate\Routing\Router.php(585): Illuminate\Routing\Route->gatherMiddleware()
#11 F:\Projects\DFS\draftmatch\vendor\laravel\framework\src\Illuminate\Routing\Router.php(565): Illuminate\Routing\Router->gatherRouteMiddleware(Object(Illuminate\Routing\Route))
#12 F:\Projects\DFS\draftmatch\vendor\laravel\framework\src\Illuminate\Routing\Router.php(533): Illuminate\Routing\Router->runRouteWithinStack(Object(Illuminate\Routing\Route), Object(Illuminate\Http\Request))
#13 F:\Projects\DFS\draftmatch\vendor\laravel\framework\src\Illuminate\Routing\Router.php(511): Illuminate\Routing\Router->dispatchToRoute(Object(Illuminate\Http\Request))
#14 F:\Projects\DFS\draftmatch\vendor\laravel\framework\src\Illuminate\Foundation\Http\Kernel.php(176): Illuminate\Routing\Router->dispatch(Object(Illuminate\Http\Request))
#15 F:\Projects\DFS\draftmatch\vendor\laravel\framework\src\Illuminate\Routing\Pipeline.php(30): Illuminate\Foundation\Http\Kernel->Illuminate\Foundation\Http\{closure}(Object(Illuminate\Http\Request))
#16 F:\Projects\DFS\draftmatch\app\Http\Middleware\Cors.php(27): Illuminate\Routing\Pipeline->Illuminate\Routing\{closure}(Object(Illuminate\Http\Request))
#17 F:\Projects\DFS\draftmatch\vendor\laravel\framework\src\Illuminate\Pipeline\Pipeline.php(148): App\Http\Middleware\Cors->handle(Object(Illuminate\Http\Request), Object(Closure))
#18 F:\Projects\DFS\draftmatch\vendor\laravel\framework\src\Illuminate\Routing\Pipeline.php(53): Illuminate\Pipeline\Pipeline->Illuminate\Pipeline\{closure}(Object(Illuminate\Http\Request))
#19 F:\Projects\DFS\draftmatch\app\Http\Middleware\HttpsProtocol.php(29): Illuminate\Routing\Pipeline->Illuminate\Routing\{closure}(Object(Illuminate\Http\Request))
#20 F:\Projects\DFS\draftmatch\vendor\laravel\framework\src\Illuminate\Pipeline\Pipeline.php(148): App\Http\Middleware\HttpsProtocol->handle(Object(Illuminate\Http\Request), Object(Closure))
#21 F:\Projects\DFS\draftmatch\vendor\laravel\framework\src\Illuminate\Routing\Pipeline.php(53): Illuminate\Pipeline\Pipeline->Illuminate\Pipeline\{closure}(Object(Illuminate\Http\Request))
#22 F:\Projects\DFS\draftmatch\vendor\laravel\framework\src\Illuminate\Foundation\Http\Middleware\TransformsRequest.php(30): Illuminate\Routing\Pipeline->Illuminate\Routing\{closure}(Object(Illuminate\Http\Request))
#23 F:\Projects\DFS\draftmatch\vendor\laravel\framework\src\Illuminate\Pipeline\Pipeline.php(148): Illuminate\Foundation\Http\Middleware\TransformsRequest->handle(Object(Illuminate\Http\Request), Object(Closure))
#24 F:\Projects\DFS\draftmatch\vendor\laravel\framework\src\Illuminate\Routing\Pipeline.php(53): Illuminate\Pipeline\Pipeline->Illuminate\Pipeline\{closure}(Object(Illuminate\Http\Request))
#25 F:\Projects\DFS\draftmatch\vendor\laravel\framework\src\Illuminate\Foundation\Http\Middleware\TransformsRequest.php(30): Illuminate\Routing\Pipeline->Illuminate\Routing\{closure}(Object(Illuminate\Http\Request))
#26 F:\Projects\DFS\draftmatch\vendor\laravel\framework\src\Illuminate\Pipeline\Pipeline.php(148): Illuminate\Foundation\Http\Middleware\TransformsRequest->handle(Object(Illuminate\Http\Request), Object(Closure))
#27 F:\Projects\DFS\draftmatch\vendor\laravel\framework\src\Illuminate\Routing\Pipeline.php(53): Illuminate\Pipeline\Pipeline->Illuminate\Pipeline\{closure}(Object(Illuminate\Http\Request))
#28 F:\Projects\DFS\draftmatch\vendor\laravel\framework\src\Illuminate\Foundation\Http\Middleware\ValidatePostSize.php(27): Illuminate\Routing\Pipeline->Illuminate\Routing\{closure}(Object(Illuminate\Http\Request))
#29 F:\Projects\DFS\draftmatch\vendor\laravel\framework\src\Illuminate\Pipeline\Pipeline.php(148): Illuminate\Foundation\Http\Middleware\ValidatePostSize->handle(Object(Illuminate\Http\Request), Object(Closure))
#30 F:\Projects\DFS\draftmatch\vendor\laravel\framework\src\Illuminate\Routing\Pipeline.php(53): Illuminate\Pipeline\Pipeline->Illuminate\Pipeline\{closure}(Object(Illuminate\Http\Request))
#31 F:\Projects\DFS\draftmatch\vendor\laravel\framework\src\Illuminate\Foundation\Http\Middleware\CheckForMaintenanceMode.php(46): Illuminate\Routing\Pipeline->Illuminate\Routing\{closure}(Object(Illuminate\Http\Request))
#32 F:\Projects\DFS\draftmatch\vendor\laravel\framework\src\Illuminate\Pipeline\Pipeline.php(148): Illuminate\Foundation\Http\Middleware\CheckForMaintenanceMode->handle(Object(Illuminate\Http\Request), Object(Closure))
#33 F:\Projects\DFS\draftmatch\vendor\laravel\framework\src\Illuminate\Routing\Pipeline.php(53): Illuminate\Pipeline\Pipeline->Illuminate\Pipeline\{closure}(Object(Illuminate\Http\Request))
#34 F:\Projects\DFS\draftmatch\vendor\laravel\framework\src\Illuminate\Pipeline\Pipeline.php(102): Illuminate\Routing\Pipeline->Illuminate\Routing\{closure}(Object(Illuminate\Http\Request))
#35 F:\Projects\DFS\draftmatch\vendor\laravel\framework\src\Illuminate\Foundation\Http\Kernel.php(151): Illuminate\Pipeline\Pipeline->then(Object(Closure))
#36 F:\Projects\DFS\draftmatch\vendor\laravel\framework\src\Illuminate\Foundation\Http\Kernel.php(116): Illuminate\Foundation\Http\Kernel->sendRequestThroughRouter(Object(Illuminate\Http\Request))
#37 F:\Projects\DFS\draftmatch\public\index.php(53): Illuminate\Foundation\Http\Kernel->handle(Object(Illuminate\Http\Request))
#38 F:\Projects\DFS\draftmatch\server.php(21): require_once('F:\\Projects\\DFS...')
#39 {main}  
[2018-06-12 18:19:38] local.ERROR: Symfony\Component\Debug\Exception\FatalThrowableError: Parse error: syntax error, unexpected '}' in F:\Projects\DFS\draftmatch\app\Http\Controllers\HomeController.php:57
Stack trace:
#0 F:\Projects\DFS\draftmatch\vendor\composer\ClassLoader.php(322): Composer\Autoload\includeFile('F:\\Projects\\DFS...')
#1 [internal function]: Composer\Autoload\ClassLoader->loadClass('App\\Http\\Contro...')
#2 [internal function]: spl_autoload_call('App\\Http\\Contro...')
#3 F:\Projects\DFS\draftmatch\vendor\laravel\framework\src\Illuminate\Container\Container.php(729): ReflectionClass->__construct('App\\Http\\Contro...')
#4 F:\Projects\DFS\draftmatch\vendor\laravel\framework\src\Illuminate\Container\Container.php(608): Illuminate\Container\Container->build('App\\Http\\Contro...')
#5 F:\Projects\DFS\draftmatch\vendor\laravel\framework\src\Illuminate\Container\Container.php(575): Illuminate\Container\Container->resolve('App\\Http\\Contro...')
#6 F:\Projects\DFS\draftmatch\vendor\laravel\framework\src\Illuminate\Foundation\Application.php(728): Illuminate\Container\Container->make('App\\Http\\Contro...')
#7 F:\Projects\DFS\draftmatch\vendor\laravel\framework\src\Illuminate\Routing\Route.php(217): Illuminate\Foundation\Application->make('App\\Http\\Contro...')
#8 F:\Projects\DFS\draftmatch\vendor\laravel\framework\src\Illuminate\Routing\Route.php(747): Illuminate\Routing\Route->getController()
#9 F:\Projects\DFS\draftmatch\vendor\laravel\framework\src\Illuminate\Routing\Route.php(708): Illuminate\Routing\Route->controllerMiddleware()
#10 F:\Projects\DFS\draftmatch\vendor\laravel\framework\src\Illuminate\Routing\Router.php(585): Illuminate\Routing\Route->gatherMiddleware()
#11 F:\Projects\DFS\draftmatch\vendor\laravel\framework\src\Illuminate\Routing\Router.php(565): Illuminate\Routing\Router->gatherRouteMiddleware(Object(Illuminate\Routing\Route))
#12 F:\Projects\DFS\draftmatch\vendor\laravel\framework\src\Illuminate\Routing\Router.php(533): Illuminate\Routing\Router->runRouteWithinStack(Object(Illuminate\Routing\Route), Object(Illuminate\Http\Request))
#13 F:\Projects\DFS\draftmatch\vendor\laravel\framework\src\Illuminate\Routing\Router.php(511): Illuminate\Routing\Router->dispatchToRoute(Object(Illuminate\Http\Request))
#14 F:\Projects\DFS\draftmatch\vendor\laravel\framework\src\Illuminate\Foundation\Http\Kernel.php(176): Illuminate\Routing\Router->dispatch(Object(Illuminate\Http\Request))
#15 F:\Projects\DFS\draftmatch\vendor\laravel\framework\src\Illuminate\Routing\Pipeline.php(30): Illuminate\Foundation\Http\Kernel->Illuminate\Foundation\Http\{closure}(Object(Illuminate\Http\Request))
#16 F:\Projects\DFS\draftmatch\app\Http\Middleware\Cors.php(27): Illuminate\Routing\Pipeline->Illuminate\Routing\{closure}(Object(Illuminate\Http\Request))
#17 F:\Projects\DFS\draftmatch\vendor\laravel\framework\src\Illuminate\Pipeline\Pipeline.php(148): App\Http\Middleware\Cors->handle(Object(Illuminate\Http\Request), Object(Closure))
#18 F:\Projects\DFS\draftmatch\vendor\laravel\framework\src\Illuminate\Routing\Pipeline.php(53): Illuminate\Pipeline\Pipeline->Illuminate\Pipeline\{closure}(Object(Illuminate\Http\Request))
#19 F:\Projects\DFS\draftmatch\app\Http\Middleware\HttpsProtocol.php(29): Illuminate\Routing\Pipeline->Illuminate\Routing\{closure}(Object(Illuminate\Http\Request))
#20 F:\Projects\DFS\draftmatch\vendor\laravel\framework\src\Illuminate\Pipeline\Pipeline.php(148): App\Http\Middleware\HttpsProtocol->handle(Object(Illuminate\Http\Request), Object(Closure))
#21 F:\Projects\DFS\draftmatch\vendor\laravel\framework\src\Illuminate\Routing\Pipeline.php(53): Illuminate\Pipeline\Pipeline->Illuminate\Pipeline\{closure}(Object(Illuminate\Http\Request))
#22 F:\Projects\DFS\draftmatch\vendor\laravel\framework\src\Illuminate\Foundation\Http\Middleware\TransformsRequest.php(30): Illuminate\Routing\Pipeline->Illuminate\Routing\{closure}(Object(Illuminate\Http\Request))
#23 F:\Projects\DFS\draftmatch\vendor\laravel\framework\src\Illuminate\Pipeline\Pipeline.php(148): Illuminate\Foundation\Http\Middleware\TransformsRequest->handle(Object(Illuminate\Http\Request), Object(Closure))
#24 F:\Projects\DFS\draftmatch\vendor\laravel\framework\src\Illuminate\Routing\Pipeline.php(53): Illuminate\Pipeline\Pipeline->Illuminate\Pipeline\{closure}(Object(Illuminate\Http\Request))
#25 F:\Projects\DFS\draftmatch\vendor\laravel\framework\src\Illuminate\Foundation\Http\Middleware\TransformsRequest.php(30): Illuminate\Routing\Pipeline->Illuminate\Routing\{closure}(Object(Illuminate\Http\Request))
#26 F:\Projects\DFS\draftmatch\vendor\laravel\framework\src\Illuminate\Pipeline\Pipeline.php(148): Illuminate\Foundation\Http\Middleware\TransformsRequest->handle(Object(Illuminate\Http\Request), Object(Closure))
#27 F:\Projects\DFS\draftmatch\vendor\laravel\framework\src\Illuminate\Routing\Pipeline.php(53): Illuminate\Pipeline\Pipeline->Illuminate\Pipeline\{closure}(Object(Illuminate\Http\Request))
#28 F:\Projects\DFS\draftmatch\vendor\laravel\framework\src\Illuminate\Foundation\Http\Middleware\ValidatePostSize.php(27): Illuminate\Routing\Pipeline->Illuminate\Routing\{closure}(Object(Illuminate\Http\Request))
#29 F:\Projects\DFS\draftmatch\vendor\laravel\framework\src\Illuminate\Pipeline\Pipeline.php(148): Illuminate\Foundation\Http\Middleware\ValidatePostSize->handle(Object(Illuminate\Http\Request), Object(Closure))
#30 F:\Projects\DFS\draftmatch\vendor\laravel\framework\src\Illuminate\Routing\Pipeline.php(53): Illuminate\Pipeline\Pipeline->Illuminate\Pipeline\{closure}(Object(Illuminate\Http\Request))
#31 F:\Projects\DFS\draftmatch\vendor\laravel\framework\src\Illuminate\Foundation\Http\Middleware\CheckForMaintenanceMode.php(46): Illuminate\Routing\Pipeline->Illuminate\Routing\{closure}(Object(Illuminate\Http\Request))
#32 F:\Projects\DFS\draftmatch\vendor\laravel\framework\src\Illuminate\Pipeline\Pipeline.php(148): Illuminate\Foundation\Http\Middleware\CheckForMaintenanceMode->handle(Object(Illuminate\Http\Request), Object(Closure))
#33 F:\Projects\DFS\draftmatch\vendor\laravel\framework\src\Illuminate\Routing\Pipeline.php(53): Illuminate\Pipeline\Pipeline->Illuminate\Pipeline\{closure}(Object(Illuminate\Http\Request))
#34 F:\Projects\DFS\draftmatch\vendor\laravel\framework\src\Illuminate\Pipeline\Pipeline.php(102): Illuminate\Routing\Pipeline->Illuminate\Routing\{closure}(Object(Illuminate\Http\Request))
#35 F:\Projects\DFS\draftmatch\vendor\laravel\framework\src\Illuminate\Foundation\Http\Kernel.php(151): Illuminate\Pipeline\Pipeline->then(Object(Closure))
#36 F:\Projects\DFS\draftmatch\vendor\laravel\framework\src\Illuminate\Foundation\Http\Kernel.php(116): Illuminate\Foundation\Http\Kernel->sendRequestThroughRouter(Object(Illuminate\Http\Request))
#37 F:\Projects\DFS\draftmatch\public\index.php(53): Illuminate\Foundation\Http\Kernel->handle(Object(Illuminate\Http\Request))
#38 F:\Projects\DFS\draftmatch\server.php(21): require_once('F:\\Projects\\DFS...')
#39 {main}  
[2018-06-12 18:38:33] local.INFO: SCHEDULING for day Tuesday DATE : 2018-06-12 14:38:33  
[2018-06-12 18:38:33] local.INFO: SCHEDULING for day Tuesday DATE : 2018-06-12 14:38:33  
[2018-06-12 18:38:36] local.INFO: SCHEDULING for day Tuesday DATE : 2018-06-12 14:38:36  
[2018-06-12 18:39:13] local.ERROR: Symfony\Component\Debug\Exception\FatalThrowableError: Class 'App\Http\Controllers\ContestStatusConsts' not found in F:\Projects\DFS\draftmatch\app\Http\Controllers\HomeController.php:42
Stack trace:
#0 F:\Projects\DFS\draftmatch\vendor\laravel\framework\src\Illuminate\Database\Eloquent\Builder.php(503): App\Http\Controllers\HomeController->App\Http\Controllers\{closure}(Object(Illuminate\Database\Eloquent\Relations\HasMany))
#1 F:\Projects\DFS\draftmatch\vendor\laravel\framework\src\Illuminate\Database\Eloquent\Builder.php(479): Illuminate\Database\Eloquent\Builder->eagerLoadRelation(Array, 'contests', Object(Closure))
#2 F:\Projects\DFS\draftmatch\vendor\laravel\framework\src\Illuminate\Database\Eloquent\Builder.php(447): Illuminate\Database\Eloquent\Builder->eagerLoadRelations(Array)
#3 F:\Projects\DFS\draftmatch\app\Http\Controllers\HomeController.php(61): Illuminate\Database\Eloquent\Builder->get()
#4 [internal function]: App\Http\Controllers\HomeController->test()
#5 F:\Projects\DFS\draftmatch\vendor\laravel\framework\src\Illuminate\Routing\Controller.php(55): call_user_func_array(Array, Array)
#6 F:\Projects\DFS\draftmatch\vendor\laravel\framework\src\Illuminate\Routing\ControllerDispatcher.php(44): Illuminate\Routing\Controller->callAction('test', Array)
#7 F:\Projects\DFS\draftmatch\vendor\laravel\framework\src\Illuminate\Routing\Route.php(203): Illuminate\Routing\ControllerDispatcher->dispatch(Object(Illuminate\Routing\Route), Object(App\Http\Controllers\HomeController), 'test')
#8 F:\Projects\DFS\draftmatch\vendor\laravel\framework\src\Illuminate\Routing\Route.php(160): Illuminate\Routing\Route->runController()
#9 F:\Projects\DFS\draftmatch\vendor\laravel\framework\src\Illuminate\Routing\Router.php(572): Illuminate\Routing\Route->run()
#10 F:\Projects\DFS\draftmatch\vendor\laravel\framework\src\Illuminate\Routing\Pipeline.php(30): Illuminate\Routing\Router->Illuminate\Routing\{closure}(Object(Illuminate\Http\Request))
#11 F:\Projects\DFS\draftmatch\vendor\laravel\framework\src\Illuminate\Routing\Middleware\SubstituteBindings.php(41): Illuminate\Routing\Pipeline->Illuminate\Routing\{closure}(Object(Illuminate\Http\Request))
#12 F:\Projects\DFS\draftmatch\vendor\laravel\framework\src\Illuminate\Pipeline\Pipeline.php(148): Illuminate\Routing\Middleware\SubstituteBindings->handle(Object(Illuminate\Http\Request), Object(Closure))
#13 F:\Projects\DFS\draftmatch\vendor\laravel\framework\src\Illuminate\Routing\Pipeline.php(53): Illuminate\Pipeline\Pipeline->Illuminate\Pipeline\{closure}(Object(Illuminate\Http\Request))
#14 F:\Projects\DFS\draftmatch\vendor\laravel\framework\src\Illuminate\Routing\Middleware\ThrottleRequests.php(49): Illuminate\Routing\Pipeline->Illuminate\Routing\{closure}(Object(Illuminate\Http\Request))
#15 F:\Projects\DFS\draftmatch\vendor\laravel\framework\src\Illuminate\Pipeline\Pipeline.php(148): Illuminate\Routing\Middleware\ThrottleRequests->handle(Object(Illuminate\Http\Request), Object(Closure), '60', '1')
#16 F:\Projects\DFS\draftmatch\vendor\laravel\framework\src\Illuminate\Routing\Pipeline.php(53): Illuminate\Pipeline\Pipeline->Illuminate\Pipeline\{closure}(Object(Illuminate\Http\Request))
#17 F:\Projects\DFS\draftmatch\vendor\laravel\framework\src\Illuminate\Pipeline\Pipeline.php(102): Illuminate\Routing\Pipeline->Illuminate\Routing\{closure}(Object(Illuminate\Http\Request))
#18 F:\Projects\DFS\draftmatch\vendor\laravel\framework\src\Illuminate\Routing\Router.php(574): Illuminate\Pipeline\Pipeline->then(Object(Closure))
#19 F:\Projects\DFS\draftmatch\vendor\laravel\framework\src\Illuminate\Routing\Router.php(533): Illuminate\Routing\Router->runRouteWithinStack(Object(Illuminate\Routing\Route), Object(Illuminate\Http\Request))
#20 F:\Projects\DFS\draftmatch\vendor\laravel\framework\src\Illuminate\Routing\Router.php(511): Illuminate\Routing\Router->dispatchToRoute(Object(Illuminate\Http\Request))
#21 F:\Projects\DFS\draftmatch\vendor\laravel\framework\src\Illuminate\Foundation\Http\Kernel.php(176): Illuminate\Routing\Router->dispatch(Object(Illuminate\Http\Request))
#22 F:\Projects\DFS\draftmatch\vendor\laravel\framework\src\Illuminate\Routing\Pipeline.php(30): Illuminate\Foundation\Http\Kernel->Illuminate\Foundation\Http\{closure}(Object(Illuminate\Http\Request))
#23 F:\Projects\DFS\draftmatch\app\Http\Middleware\Cors.php(27): Illuminate\Routing\Pipeline->Illuminate\Routing\{closure}(Object(Illuminate\Http\Request))
#24 F:\Projects\DFS\draftmatch\vendor\laravel\framework\src\Illuminate\Pipeline\Pipeline.php(148): App\Http\Middleware\Cors->handle(Object(Illuminate\Http\Request), Object(Closure))
#25 F:\Projects\DFS\draftmatch\vendor\laravel\framework\src\Illuminate\Routing\Pipeline.php(53): Illuminate\Pipeline\Pipeline->Illuminate\Pipeline\{closure}(Object(Illuminate\Http\Request))
#26 F:\Projects\DFS\draftmatch\app\Http\Middleware\HttpsProtocol.php(29): Illuminate\Routing\Pipeline->Illuminate\Routing\{closure}(Object(Illuminate\Http\Request))
#27 F:\Projects\DFS\draftmatch\vendor\laravel\framework\src\Illuminate\Pipeline\Pipeline.php(148): App\Http\Middleware\HttpsProtocol->handle(Object(Illuminate\Http\Request), Object(Closure))
#28 F:\Projects\DFS\draftmatch\vendor\laravel\framework\src\Illuminate\Routing\Pipeline.php(53): Illuminate\Pipeline\Pipeline->Illuminate\Pipeline\{closure}(Object(Illuminate\Http\Request))
#29 F:\Projects\DFS\draftmatch\vendor\laravel\framework\src\Illuminate\Foundation\Http\Middleware\TransformsRequest.php(30): Illuminate\Routing\Pipeline->Illuminate\Routing\{closure}(Object(Illuminate\Http\Request))
#30 F:\Projects\DFS\draftmatch\vendor\laravel\framework\src\Illuminate\Pipeline\Pipeline.php(148): Illuminate\Foundation\Http\Middleware\TransformsRequest->handle(Object(Illuminate\Http\Request), Object(Closure))
#31 F:\Projects\DFS\draftmatch\vendor\laravel\framework\src\Illuminate\Routing\Pipeline.php(53): Illuminate\Pipeline\Pipeline->Illuminate\Pipeline\{closure}(Object(Illuminate\Http\Request))
#32 F:\Projects\DFS\draftmatch\vendor\laravel\framework\src\Illuminate\Foundation\Http\Middleware\TransformsRequest.php(30): Illuminate\Routing\Pipeline->Illuminate\Routing\{closure}(Object(Illuminate\Http\Request))
#33 F:\Projects\DFS\draftmatch\vendor\laravel\framework\src\Illuminate\Pipeline\Pipeline.php(148): Illuminate\Foundation\Http\Middleware\TransformsRequest->handle(Object(Illuminate\Http\Request), Object(Closure))
#34 F:\Projects\DFS\draftmatch\vendor\laravel\framework\src\Illuminate\Routing\Pipeline.php(53): Illuminate\Pipeline\Pipeline->Illuminate\Pipeline\{closure}(Object(Illuminate\Http\Request))
#35 F:\Projects\DFS\draftmatch\vendor\laravel\framework\src\Illuminate\Foundation\Http\Middleware\ValidatePostSize.php(27): Illuminate\Routing\Pipeline->Illuminate\Routing\{closure}(Object(Illuminate\Http\Request))
#36 F:\Projects\DFS\draftmatch\vendor\laravel\framework\src\Illuminate\Pipeline\Pipeline.php(148): Illuminate\Foundation\Http\Middleware\ValidatePostSize->handle(Object(Illuminate\Http\Request), Object(Closure))
#37 F:\Projects\DFS\draftmatch\vendor\laravel\framework\src\Illuminate\Routing\Pipeline.php(53): Illuminate\Pipeline\Pipeline->Illuminate\Pipeline\{closure}(Object(Illuminate\Http\Request))
#38 F:\Projects\DFS\draftmatch\vendor\laravel\framework\src\Illuminate\Foundation\Http\Middleware\CheckForMaintenanceMode.php(46): Illuminate\Routing\Pipeline->Illuminate\Routing\{closure}(Object(Illuminate\Http\Request))
#39 F:\Projects\DFS\draftmatch\vendor\laravel\framework\src\Illuminate\Pipeline\Pipeline.php(148): Illuminate\Foundation\Http\Middleware\CheckForMaintenanceMode->handle(Object(Illuminate\Http\Request), Object(Closure))
#40 F:\Projects\DFS\draftmatch\vendor\laravel\framework\src\Illuminate\Routing\Pipeline.php(53): Illuminate\Pipeline\Pipeline->Illuminate\Pipeline\{closure}(Object(Illuminate\Http\Request))
#41 F:\Projects\DFS\draftmatch\vendor\laravel\framework\src\Illuminate\Pipeline\Pipeline.php(102): Illuminate\Routing\Pipeline->Illuminate\Routing\{closure}(Object(Illuminate\Http\Request))
#42 F:\Projects\DFS\draftmatch\vendor\laravel\framework\src\Illuminate\Foundation\Http\Kernel.php(151): Illuminate\Pipeline\Pipeline->then(Object(Closure))
#43 F:\Projects\DFS\draftmatch\vendor\laravel\framework\src\Illuminate\Foundation\Http\Kernel.php(116): Illuminate\Foundation\Http\Kernel->sendRequestThroughRouter(Object(Illuminate\Http\Request))
#44 F:\Projects\DFS\draftmatch\public\index.php(53): Illuminate\Foundation\Http\Kernel->handle(Object(Illuminate\Http\Request))
#45 F:\Projects\DFS\draftmatch\server.php(21): require_once('F:\\Projects\\DFS...')
#46 {main}  
[2018-06-12 18:42:35] local.INFO: Trying to get user matchups for user 32  
[2018-06-12 18:42:36] local.INFO: Successfully retrieved user matchups for user32  
[2018-06-12 18:45:03] local.INFO: Trying to get user matchups for user 32  
[2018-06-12 18:45:03] local.INFO: Successfully retrieved user matchups for user32  
[2018-06-12 18:45:03] local.INFO: Rate {"id":"1","rate":"0.000148"}  
[2018-06-12 18:45:26] local.INFO: array (
  0 => 'The selected status is invalid.',
)  
[2018-06-12 18:55:01] local.ERROR: ErrorException: Array to string conversion in F:\Projects\DFS\draftmatch\app\Contest.php:324
Stack trace:
#0 F:\Projects\DFS\draftmatch\app\Contest.php(324): Illuminate\Foundation\Bootstrap\HandleExceptions->handleError(8, 'Array to string...', 'F:\\Projects\\DFS...', 324, Array)
#1 F:\Projects\DFS\draftmatch\app\Http\Controllers\Api\v1\ContestsController.php(683): App\Contest::getEnterMatchupContests(32, NULL)
#2 [internal function]: App\Http\Controllers\Api\v1\ContestsController->getContests(Object(Illuminate\Http\Request))
#3 F:\Projects\DFS\draftmatch\vendor\laravel\framework\src\Illuminate\Routing\Controller.php(55): call_user_func_array(Array, Array)
#4 F:\Projects\DFS\draftmatch\vendor\laravel\framework\src\Illuminate\Routing\ControllerDispatcher.php(44): Illuminate\Routing\Controller->callAction('getContests', Array)
#5 F:\Projects\DFS\draftmatch\vendor\laravel\framework\src\Illuminate\Routing\Route.php(203): Illuminate\Routing\ControllerDispatcher->dispatch(Object(Illuminate\Routing\Route), Object(App\Http\Controllers\Api\v1\ContestsController), 'getContests')
#6 F:\Projects\DFS\draftmatch\vendor\laravel\framework\src\Illuminate\Routing\Route.php(160): Illuminate\Routing\Route->runController()
#7 F:\Projects\DFS\draftmatch\vendor\laravel\framework\src\Illuminate\Routing\Router.php(572): Illuminate\Routing\Route->run()
#8 F:\Projects\DFS\draftmatch\vendor\laravel\framework\src\Illuminate\Routing\Pipeline.php(30): Illuminate\Routing\Router->Illuminate\Routing\{closure}(Object(Illuminate\Http\Request))
#9 F:\Projects\DFS\draftmatch\app\Http\Middleware\VerifyJWTToken.php(91): Illuminate\Routing\Pipeline->Illuminate\Routing\{closure}(Object(Illuminate\Http\Request))
#10 F:\Projects\DFS\draftmatch\vendor\laravel\framework\src\Illuminate\Pipeline\Pipeline.php(148): App\Http\Middleware\VerifyJWTToken->handle(Object(Illuminate\Http\Request), Object(Closure))
#11 F:\Projects\DFS\draftmatch\vendor\laravel\framework\src\Illuminate\Routing\Pipeline.php(53): Illuminate\Pipeline\Pipeline->Illuminate\Pipeline\{closure}(Object(Illuminate\Http\Request))
#12 F:\Projects\DFS\draftmatch\app\Http\Middleware\Cors.php(27): Illuminate\Routing\Pipeline->Illuminate\Routing\{closure}(Object(Illuminate\Http\Request))
#13 F:\Projects\DFS\draftmatch\vendor\laravel\framework\src\Illuminate\Pipeline\Pipeline.php(148): App\Http\Middleware\Cors->handle(Object(Illuminate\Http\Request), Object(Closure))
#14 F:\Projects\DFS\draftmatch\vendor\laravel\framework\src\Illuminate\Routing\Pipeline.php(53): Illuminate\Pipeline\Pipeline->Illuminate\Pipeline\{closure}(Object(Illuminate\Http\Request))
#15 F:\Projects\DFS\draftmatch\vendor\laravel\framework\src\Illuminate\Routing\Middleware\SubstituteBindings.php(41): Illuminate\Routing\Pipeline->Illuminate\Routing\{closure}(Object(Illuminate\Http\Request))
#16 F:\Projects\DFS\draftmatch\vendor\laravel\framework\src\Illuminate\Pipeline\Pipeline.php(148): Illuminate\Routing\Middleware\SubstituteBindings->handle(Object(Illuminate\Http\Request), Object(Closure))
#17 F:\Projects\DFS\draftmatch\vendor\laravel\framework\src\Illuminate\Routing\Pipeline.php(53): Illuminate\Pipeline\Pipeline->Illuminate\Pipeline\{closure}(Object(Illuminate\Http\Request))
#18 F:\Projects\DFS\draftmatch\vendor\laravel\framework\src\Illuminate\Routing\Middleware\ThrottleRequests.php(49): Illuminate\Routing\Pipeline->Illuminate\Routing\{closure}(Object(Illuminate\Http\Request))
#19 F:\Projects\DFS\draftmatch\vendor\laravel\framework\src\Illuminate\Pipeline\Pipeline.php(148): Illuminate\Routing\Middleware\ThrottleRequests->handle(Object(Illuminate\Http\Request), Object(Closure), '60', '1')
#20 F:\Projects\DFS\draftmatch\vendor\laravel\framework\src\Illuminate\Routing\Pipeline.php(53): Illuminate\Pipeline\Pipeline->Illuminate\Pipeline\{closure}(Object(Illuminate\Http\Request))
#21 F:\Projects\DFS\draftmatch\vendor\laravel\framework\src\Illuminate\Pipeline\Pipeline.php(102): Illuminate\Routing\Pipeline->Illuminate\Routing\{closure}(Object(Illuminate\Http\Request))
#22 F:\Projects\DFS\draftmatch\vendor\laravel\framework\src\Illuminate\Routing\Router.php(574): Illuminate\Pipeline\Pipeline->then(Object(Closure))
#23 F:\Projects\DFS\draftmatch\vendor\laravel\framework\src\Illuminate\Routing\Router.php(533): Illuminate\Routing\Router->runRouteWithinStack(Object(Illuminate\Routing\Route), Object(Illuminate\Http\Request))
#24 F:\Projects\DFS\draftmatch\vendor\laravel\framework\src\Illuminate\Routing\Router.php(511): Illuminate\Routing\Router->dispatchToRoute(Object(Illuminate\Http\Request))
#25 F:\Projects\DFS\draftmatch\vendor\laravel\framework\src\Illuminate\Foundation\Http\Kernel.php(176): Illuminate\Routing\Router->dispatch(Object(Illuminate\Http\Request))
#26 F:\Projects\DFS\draftmatch\vendor\laravel\framework\src\Illuminate\Routing\Pipeline.php(30): Illuminate\Foundation\Http\Kernel->Illuminate\Foundation\Http\{closure}(Object(Illuminate\Http\Request))
#27 F:\Projects\DFS\draftmatch\app\Http\Middleware\Cors.php(27): Illuminate\Routing\Pipeline->Illuminate\Routing\{closure}(Object(Illuminate\Http\Request))
#28 F:\Projects\DFS\draftmatch\vendor\laravel\framework\src\Illuminate\Pipeline\Pipeline.php(148): App\Http\Middleware\Cors->handle(Object(Illuminate\Http\Request), Object(Closure))
#29 F:\Projects\DFS\draftmatch\vendor\laravel\framework\src\Illuminate\Routing\Pipeline.php(53): Illuminate\Pipeline\Pipeline->Illuminate\Pipeline\{closure}(Object(Illuminate\Http\Request))
#30 F:\Projects\DFS\draftmatch\app\Http\Middleware\HttpsProtocol.php(29): Illuminate\Routing\Pipeline->Illuminate\Routing\{closure}(Object(Illuminate\Http\Request))
#31 F:\Projects\DFS\draftmatch\vendor\laravel\framework\src\Illuminate\Pipeline\Pipeline.php(148): App\Http\Middleware\HttpsProtocol->handle(Object(Illuminate\Http\Request), Object(Closure))
#32 F:\Projects\DFS\draftmatch\vendor\laravel\framework\src\Illuminate\Routing\Pipeline.php(53): Illuminate\Pipeline\Pipeline->Illuminate\Pipeline\{closure}(Object(Illuminate\Http\Request))
#33 F:\Projects\DFS\draftmatch\vendor\laravel\framework\src\Illuminate\Foundation\Http\Middleware\TransformsRequest.php(30): Illuminate\Routing\Pipeline->Illuminate\Routing\{closure}(Object(Illuminate\Http\Request))
#34 F:\Projects\DFS\draftmatch\vendor\laravel\framework\src\Illuminate\Pipeline\Pipeline.php(148): Illuminate\Foundation\Http\Middleware\TransformsRequest->handle(Object(Illuminate\Http\Request), Object(Closure))
#35 F:\Projects\DFS\draftmatch\vendor\laravel\framework\src\Illuminate\Routing\Pipeline.php(53): Illuminate\Pipeline\Pipeline->Illuminate\Pipeline\{closure}(Object(Illuminate\Http\Request))
#36 F:\Projects\DFS\draftmatch\vendor\laravel\framework\src\Illuminate\Foundation\Http\Middleware\TransformsRequest.php(30): Illuminate\Routing\Pipeline->Illuminate\Routing\{closure}(Object(Illuminate\Http\Request))
#37 F:\Projects\DFS\draftmatch\vendor\laravel\framework\src\Illuminate\Pipeline\Pipeline.php(148): Illuminate\Foundation\Http\Middleware\TransformsRequest->handle(Object(Illuminate\Http\Request), Object(Closure))
#38 F:\Projects\DFS\draftmatch\vendor\laravel\framework\src\Illuminate\Routing\Pipeline.php(53): Illuminate\Pipeline\Pipeline->Illuminate\Pipeline\{closure}(Object(Illuminate\Http\Request))
#39 F:\Projects\DFS\draftmatch\vendor\laravel\framework\src\Illuminate\Foundation\Http\Middleware\ValidatePostSize.php(27): Illuminate\Routing\Pipeline->Illuminate\Routing\{closure}(Object(Illuminate\Http\Request))
#40 F:\Projects\DFS\draftmatch\vendor\laravel\framework\src\Illuminate\Pipeline\Pipeline.php(148): Illuminate\Foundation\Http\Middleware\ValidatePostSize->handle(Object(Illuminate\Http\Request), Object(Closure))
#41 F:\Projects\DFS\draftmatch\vendor\laravel\framework\src\Illuminate\Routing\Pipeline.php(53): Illuminate\Pipeline\Pipeline->Illuminate\Pipeline\{closure}(Object(Illuminate\Http\Request))
#42 F:\Projects\DFS\draftmatch\vendor\laravel\framework\src\Illuminate\Foundation\Http\Middleware\CheckForMaintenanceMode.php(46): Illuminate\Routing\Pipeline->Illuminate\Routing\{closure}(Object(Illuminate\Http\Request))
#43 F:\Projects\DFS\draftmatch\vendor\laravel\framework\src\Illuminate\Pipeline\Pipeline.php(148): Illuminate\Foundation\Http\Middleware\CheckForMaintenanceMode->handle(Object(Illuminate\Http\Request), Object(Closure))
#44 F:\Projects\DFS\draftmatch\vendor\laravel\framework\src\Illuminate\Routing\Pipeline.php(53): Illuminate\Pipeline\Pipeline->Illuminate\Pipeline\{closure}(Object(Illuminate\Http\Request))
#45 F:\Projects\DFS\draftmatch\vendor\laravel\framework\src\Illuminate\Pipeline\Pipeline.php(102): Illuminate\Routing\Pipeline->Illuminate\Routing\{closure}(Object(Illuminate\Http\Request))
#46 F:\Projects\DFS\draftmatch\vendor\laravel\framework\src\Illuminate\Foundation\Http\Kernel.php(151): Illuminate\Pipeline\Pipeline->then(Object(Closure))
#47 F:\Projects\DFS\draftmatch\vendor\laravel\framework\src\Illuminate\Foundation\Http\Kernel.php(116): Illuminate\Foundation\Http\Kernel->sendRequestThroughRouter(Object(Illuminate\Http\Request))
#48 F:\Projects\DFS\draftmatch\public\index.php(53): Illuminate\Foundation\Http\Kernel->handle(Object(Illuminate\Http\Request))
#49 F:\Projects\DFS\draftmatch\server.php(21): require_once('F:\\Projects\\DFS...')
#50 {main}  
[2018-06-12 18:56:05] local.ERROR: Symfony\Component\Debug\Exception\FatalThrowableError: Call to undefined function App\alert() in F:\Projects\DFS\draftmatch\app\Contest.php:324
Stack trace:
#0 F:\Projects\DFS\draftmatch\app\Http\Controllers\Api\v1\ContestsController.php(683): App\Contest::getEnterMatchupContests(32, NULL)
#1 [internal function]: App\Http\Controllers\Api\v1\ContestsController->getContests(Object(Illuminate\Http\Request))
#2 F:\Projects\DFS\draftmatch\vendor\laravel\framework\src\Illuminate\Routing\Controller.php(55): call_user_func_array(Array, Array)
#3 F:\Projects\DFS\draftmatch\vendor\laravel\framework\src\Illuminate\Routing\ControllerDispatcher.php(44): Illuminate\Routing\Controller->callAction('getContests', Array)
#4 F:\Projects\DFS\draftmatch\vendor\laravel\framework\src\Illuminate\Routing\Route.php(203): Illuminate\Routing\ControllerDispatcher->dispatch(Object(Illuminate\Routing\Route), Object(App\Http\Controllers\Api\v1\ContestsController), 'getContests')
#5 F:\Projects\DFS\draftmatch\vendor\laravel\framework\src\Illuminate\Routing\Route.php(160): Illuminate\Routing\Route->runController()
#6 F:\Projects\DFS\draftmatch\vendor\laravel\framework\src\Illuminate\Routing\Router.php(572): Illuminate\Routing\Route->run()
#7 F:\Projects\DFS\draftmatch\vendor\laravel\framework\src\Illuminate\Routing\Pipeline.php(30): Illuminate\Routing\Router->Illuminate\Routing\{closure}(Object(Illuminate\Http\Request))
#8 F:\Projects\DFS\draftmatch\app\Http\Middleware\VerifyJWTToken.php(91): Illuminate\Routing\Pipeline->Illuminate\Routing\{closure}(Object(Illuminate\Http\Request))
#9 F:\Projects\DFS\draftmatch\vendor\laravel\framework\src\Illuminate\Pipeline\Pipeline.php(148): App\Http\Middleware\VerifyJWTToken->handle(Object(Illuminate\Http\Request), Object(Closure))
#10 F:\Projects\DFS\draftmatch\vendor\laravel\framework\src\Illuminate\Routing\Pipeline.php(53): Illuminate\Pipeline\Pipeline->Illuminate\Pipeline\{closure}(Object(Illuminate\Http\Request))
#11 F:\Projects\DFS\draftmatch\app\Http\Middleware\Cors.php(27): Illuminate\Routing\Pipeline->Illuminate\Routing\{closure}(Object(Illuminate\Http\Request))
#12 F:\Projects\DFS\draftmatch\vendor\laravel\framework\src\Illuminate\Pipeline\Pipeline.php(148): App\Http\Middleware\Cors->handle(Object(Illuminate\Http\Request), Object(Closure))
#13 F:\Projects\DFS\draftmatch\vendor\laravel\framework\src\Illuminate\Routing\Pipeline.php(53): Illuminate\Pipeline\Pipeline->Illuminate\Pipeline\{closure}(Object(Illuminate\Http\Request))
#14 F:\Projects\DFS\draftmatch\vendor\laravel\framework\src\Illuminate\Routing\Middleware\SubstituteBindings.php(41): Illuminate\Routing\Pipeline->Illuminate\Routing\{closure}(Object(Illuminate\Http\Request))
#15 F:\Projects\DFS\draftmatch\vendor\laravel\framework\src\Illuminate\Pipeline\Pipeline.php(148): Illuminate\Routing\Middleware\SubstituteBindings->handle(Object(Illuminate\Http\Request), Object(Closure))
#16 F:\Projects\DFS\draftmatch\vendor\laravel\framework\src\Illuminate\Routing\Pipeline.php(53): Illuminate\Pipeline\Pipeline->Illuminate\Pipeline\{closure}(Object(Illuminate\Http\Request))
#17 F:\Projects\DFS\draftmatch\vendor\laravel\framework\src\Illuminate\Routing\Middleware\ThrottleRequests.php(49): Illuminate\Routing\Pipeline->Illuminate\Routing\{closure}(Object(Illuminate\Http\Request))
#18 F:\Projects\DFS\draftmatch\vendor\laravel\framework\src\Illuminate\Pipeline\Pipeline.php(148): Illuminate\Routing\Middleware\ThrottleRequests->handle(Object(Illuminate\Http\Request), Object(Closure), '60', '1')
#19 F:\Projects\DFS\draftmatch\vendor\laravel\framework\src\Illuminate\Routing\Pipeline.php(53): Illuminate\Pipeline\Pipeline->Illuminate\Pipeline\{closure}(Object(Illuminate\Http\Request))
#20 F:\Projects\DFS\draftmatch\vendor\laravel\framework\src\Illuminate\Pipeline\Pipeline.php(102): Illuminate\Routing\Pipeline->Illuminate\Routing\{closure}(Object(Illuminate\Http\Request))
#21 F:\Projects\DFS\draftmatch\vendor\laravel\framework\src\Illuminate\Routing\Router.php(574): Illuminate\Pipeline\Pipeline->then(Object(Closure))
#22 F:\Projects\DFS\draftmatch\vendor\laravel\framework\src\Illuminate\Routing\Router.php(533): Illuminate\Routing\Router->runRouteWithinStack(Object(Illuminate\Routing\Route), Object(Illuminate\Http\Request))
#23 F:\Projects\DFS\draftmatch\vendor\laravel\framework\src\Illuminate\Routing\Router.php(511): Illuminate\Routing\Router->dispatchToRoute(Object(Illuminate\Http\Request))
#24 F:\Projects\DFS\draftmatch\vendor\laravel\framework\src\Illuminate\Foundation\Http\Kernel.php(176): Illuminate\Routing\Router->dispatch(Object(Illuminate\Http\Request))
#25 F:\Projects\DFS\draftmatch\vendor\laravel\framework\src\Illuminate\Routing\Pipeline.php(30): Illuminate\Foundation\Http\Kernel->Illuminate\Foundation\Http\{closure}(Object(Illuminate\Http\Request))
#26 F:\Projects\DFS\draftmatch\app\Http\Middleware\Cors.php(27): Illuminate\Routing\Pipeline->Illuminate\Routing\{closure}(Object(Illuminate\Http\Request))
#27 F:\Projects\DFS\draftmatch\vendor\laravel\framework\src\Illuminate\Pipeline\Pipeline.php(148): App\Http\Middleware\Cors->handle(Object(Illuminate\Http\Request), Object(Closure))
#28 F:\Projects\DFS\draftmatch\vendor\laravel\framework\src\Illuminate\Routing\Pipeline.php(53): Illuminate\Pipeline\Pipeline->Illuminate\Pipeline\{closure}(Object(Illuminate\Http\Request))
#29 F:\Projects\DFS\draftmatch\app\Http\Middleware\HttpsProtocol.php(29): Illuminate\Routing\Pipeline->Illuminate\Routing\{closure}(Object(Illuminate\Http\Request))
#30 F:\Projects\DFS\draftmatch\vendor\laravel\framework\src\Illuminate\Pipeline\Pipeline.php(148): App\Http\Middleware\HttpsProtocol->handle(Object(Illuminate\Http\Request), Object(Closure))
#31 F:\Projects\DFS\draftmatch\vendor\laravel\framework\src\Illuminate\Routing\Pipeline.php(53): Illuminate\Pipeline\Pipeline->Illuminate\Pipeline\{closure}(Object(Illuminate\Http\Request))
#32 F:\Projects\DFS\draftmatch\vendor\laravel\framework\src\Illuminate\Foundation\Http\Middleware\TransformsRequest.php(30): Illuminate\Routing\Pipeline->Illuminate\Routing\{closure}(Object(Illuminate\Http\Request))
#33 F:\Projects\DFS\draftmatch\vendor\laravel\framework\src\Illuminate\Pipeline\Pipeline.php(148): Illuminate\Foundation\Http\Middleware\TransformsRequest->handle(Object(Illuminate\Http\Request), Object(Closure))
#34 F:\Projects\DFS\draftmatch\vendor\laravel\framework\src\Illuminate\Routing\Pipeline.php(53): Illuminate\Pipeline\Pipeline->Illuminate\Pipeline\{closure}(Object(Illuminate\Http\Request))
#35 F:\Projects\DFS\draftmatch\vendor\laravel\framework\src\Illuminate\Foundation\Http\Middleware\TransformsRequest.php(30): Illuminate\Routing\Pipeline->Illuminate\Routing\{closure}(Object(Illuminate\Http\Request))
#36 F:\Projects\DFS\draftmatch\vendor\laravel\framework\src\Illuminate\Pipeline\Pipeline.php(148): Illuminate\Foundation\Http\Middleware\TransformsRequest->handle(Object(Illuminate\Http\Request), Object(Closure))
#37 F:\Projects\DFS\draftmatch\vendor\laravel\framework\src\Illuminate\Routing\Pipeline.php(53): Illuminate\Pipeline\Pipeline->Illuminate\Pipeline\{closure}(Object(Illuminate\Http\Request))
#38 F:\Projects\DFS\draftmatch\vendor\laravel\framework\src\Illuminate\Foundation\Http\Middleware\ValidatePostSize.php(27): Illuminate\Routing\Pipeline->Illuminate\Routing\{closure}(Object(Illuminate\Http\Request))
#39 F:\Projects\DFS\draftmatch\vendor\laravel\framework\src\Illuminate\Pipeline\Pipeline.php(148): Illuminate\Foundation\Http\Middleware\ValidatePostSize->handle(Object(Illuminate\Http\Request), Object(Closure))
#40 F:\Projects\DFS\draftmatch\vendor\laravel\framework\src\Illuminate\Routing\Pipeline.php(53): Illuminate\Pipeline\Pipeline->Illuminate\Pipeline\{closure}(Object(Illuminate\Http\Request))
#41 F:\Projects\DFS\draftmatch\vendor\laravel\framework\src\Illuminate\Foundation\Http\Middleware\CheckForMaintenanceMode.php(46): Illuminate\Routing\Pipeline->Illuminate\Routing\{closure}(Object(Illuminate\Http\Request))
#42 F:\Projects\DFS\draftmatch\vendor\laravel\framework\src\Illuminate\Pipeline\Pipeline.php(148): Illuminate\Foundation\Http\Middleware\CheckForMaintenanceMode->handle(Object(Illuminate\Http\Request), Object(Closure))
#43 F:\Projects\DFS\draftmatch\vendor\laravel\framework\src\Illuminate\Routing\Pipeline.php(53): Illuminate\Pipeline\Pipeline->Illuminate\Pipeline\{closure}(Object(Illuminate\Http\Request))
#44 F:\Projects\DFS\draftmatch\vendor\laravel\framework\src\Illuminate\Pipeline\Pipeline.php(102): Illuminate\Routing\Pipeline->Illuminate\Routing\{closure}(Object(Illuminate\Http\Request))
#45 F:\Projects\DFS\draftmatch\vendor\laravel\framework\src\Illuminate\Foundation\Http\Kernel.php(151): Illuminate\Pipeline\Pipeline->then(Object(Closure))
#46 F:\Projects\DFS\draftmatch\vendor\laravel\framework\src\Illuminate\Foundation\Http\Kernel.php(116): Illuminate\Foundation\Http\Kernel->sendRequestThroughRouter(Object(Illuminate\Http\Request))
#47 F:\Projects\DFS\draftmatch\public\index.php(53): Illuminate\Foundation\Http\Kernel->handle(Object(Illuminate\Http\Request))
#48 F:\Projects\DFS\draftmatch\server.php(21): require_once('F:\\Projects\\DFS...')
#49 {main}  
[2018-06-12 19:21:19] local.INFO: Trying to get user matchups for user 32  
[2018-06-12 19:21:19] local.INFO: Successfully retrieved user matchups for user32  
[2018-06-12 19:21:19] local.INFO: Rate {"id":"1","rate":"0.000148"}  
[2018-06-12 19:21:25] local.INFO: Retrieving live contests for user 32  
[2018-06-12 19:21:25] local.INFO: Successfully retrieved live matchups for user32  
[2018-06-12 19:21:25] local.INFO: Rate {"id":"1","rate":"0.000148"}  
[2018-06-12 19:21:33] local.INFO: Retrieving live contests for user 32  
[2018-06-12 19:21:33] local.INFO: Successfully retrieved live matchups for user32  
[2018-06-12 19:21:33] local.INFO: Rate {"id":"1","rate":"0.000148"}  
