[2018-08-02 15:59:01] local.INFO: SCHEDULING for day Thursday DATE : 2018-08-02 11:59:01  
[2018-08-02 15:59:01] local.INFO: Check invoices ...  
[2018-08-02 15:59:01] local.INFO: No pending invoices  
[2018-08-02 15:59:01] local.INFO: Checking invoices. Found 0  
[2018-08-02 15:59:03] local.INFO: Finished with updating invoices  
[2018-08-02 15:59:03] local.INFO: Check digital check ...  
[2018-08-02 15:59:03] local.INFO: Checking checks. Found 22  
[2018-08-02 16:00:01] local.INFO: SCHEDULING for day Thursday DATE : 2018-08-02 12:00:01  
[2018-08-02 16:00:01] local.INFO: Update exchange ...  
[2018-08-02 16:00:02] local.INFO: Check invoices ...  
[2018-08-02 16:00:02] local.INFO: No pending invoices  
[2018-08-02 16:00:02] local.INFO: Checking invoices. Found 0  
[2018-08-02 16:00:05] local.INFO: Finished with updating invoices  
[2018-08-02 16:00:05] local.INFO: Check digital check ...  
[2018-08-02 16:00:05] local.INFO: Checking checks. Found 22  
[2018-08-02 16:00:09] local.INFO: Checking conditions for update::info everyFiveMinutes  
[2018-08-02 16:00:09] local.INFO: Condition is true for update:info everyFiveMinutes  
[2018-08-02 16:00:09] local.INFO: SCHEDULING for day Thursday DATE : 2018-08-02 12:00:09  
[2018-08-02 16:00:09] local.INFO: Updating data ...  
[2018-08-02 16:00:09] local.INFO: Updating live games results => 2018-08-02 12:00:09  
[2018-08-02 16:00:09] local.INFO: DATE : 2018-08-02 12:00:09  
[2018-08-02 16:00:09] local.INFO: Updated 0 games to LIVE status  
[2018-08-02 16:00:09] local.INFO: Updating live players results => 2018-08-02 12:00:09  
[2018-08-02 16:00:09] local.INFO: Updated  live players  
[2018-08-02 16:00:09] local.INFO: Update finished players 2018-08-02 12:00:09  
[2018-08-02 16:00:09] local.INFO: Updated 0 finished players  
[2018-08-02 16:00:09] local.INFO: Updating slates status => 2018-08-02 12:00:09  
[2018-08-02 16:00:09] local.INFO: Updated active slates to LIVE status of  0 slates successfully.  
[2018-08-02 16:00:09] local.INFO: Updated slate to HISTORY status  0 slates successfully.  
[2018-08-02 16:00:09] local.INFO: Successfully updated 0 slates  
[2018-08-02 16:00:09] local.INFO: Updating contests  2018-08-02 12:00:09  
[2018-08-02 16:00:09] local.INFO: Updated 0 to CANCELLED status  
[2018-08-02 16:00:09] local.INFO: Updated 0 contests to HISTORY status  
[2018-08-02 16:00:09] local.INFO: Updated 0 contests to LIVE status  
[2018-08-02 16:00:09] local.INFO: Updating ENDED contests  2018-08-02 12:00:09  
[2018-08-02 16:00:09] local.INFO: Updated 0 contests results  
[2018-08-02 16:00:09] local.INFO: Updating LIVE contests  2018-08-02 12:00:09  
[2018-08-02 16:00:09] local.INFO: Updated 0 contests results  
[2018-08-02 16:00:09] local.INFO: Updating ENDED contests  2018-08-02 12:00:09  
[2018-08-02 16:00:09] local.INFO: Updated 0 contests results  
[2018-08-02 16:00:09] local.INFO: Checking condition for timeframe:update hourly ...  
[2018-08-02 16:00:09] local.INFO: Condition for timeframe:update hourly for day condition is false  
[2018-08-02 16:00:09] local.INFO: Checking conditions for games:update everyFiveMinutes  
[2018-08-02 16:00:09] local.INFO: Retrieving games in progress for games:update command everyFiveMinutes  
[2018-08-02 16:00:09] local.INFO: Retrieved games in progress for games:update command everyFiveMinutes[]  
[2018-08-02 16:00:09] local.INFO: Condition for games:update everyFiveMinutes is false  
[2018-08-02 16:00:09] local.INFO: Checking condition for playerInfo:update hourly   
[2018-08-02 16:00:09] local.INFO: Condition for playerInfo:update hourly for day condition is true  
[2018-08-02 16:00:10] local.INFO: SCHEDULING for day Thursday DATE : 2018-08-02 12:00:10  
[2018-08-02 16:00:10] local.INFO: Executing command playerInfo:update  
[2018-08-02 16:00:10] local.INFO: Pulling player info ...  
[2018-08-02 16:00:10] local.INFO: Retrieving data from url https://api.fantasydata.net/v3/nfl/stats/JSON/DailyFantasyPlayers/2017-09-20  
[2018-08-02 16:00:14] local.INFO: Successfully retrieved data from url https://api.fantasydata.net/v3/nfl/stats/JSON/DailyFantasyPlayers/2017-09-20  
[2018-08-02 16:00:14] local.INFO: fPlayer counts: 793  
[2018-08-02 16:00:15] local.INFO: Successfully updated player info  
[2018-08-02 16:00:15] local.INFO: Executed command playerInfo:update successfully  
[2018-08-02 16:00:15] local.INFO: Checking condition for playerStats:update hourly  
[2018-08-02 16:00:15] local.INFO: Checking condition for liveStats:update everyThirtyMinutes  
[2018-08-02 16:00:15] local.INFO: Condition for liveStats:update everyThirtyMinutes day condition is Tuesday  
[2018-08-02 16:00:15] local.INFO: Condition liveStats:update everyFiveMinutes retrieving games in progress  
[2018-08-02 16:00:15] local.INFO: Condition liveStats:update everyFiveMinutes received games in progress  
[2018-08-02 16:01:01] local.INFO: SCHEDULING for day Thursday DATE : 2018-08-02 12:01:01  
[2018-08-02 16:01:01] local.INFO: Check invoices ...  
[2018-08-02 16:01:01] local.INFO: No pending invoices  
[2018-08-02 16:01:01] local.INFO: Checking invoices. Found 0  
[2018-08-02 16:01:02] local.INFO: Finished with updating invoices  
[2018-08-02 16:01:02] local.INFO: Check digital check ...  
[2018-08-02 16:01:02] local.INFO: Checking checks. Found 22  
[2018-08-02 16:02:01] local.INFO: SCHEDULING for day Thursday DATE : 2018-08-02 12:02:01  
[2018-08-02 16:02:01] local.INFO: Check invoices ...  
[2018-08-02 16:02:01] local.INFO: No pending invoices  
[2018-08-02 16:02:01] local.INFO: Checking invoices. Found 0  
[2018-08-02 16:02:02] local.INFO: Finished with updating invoices  
[2018-08-02 16:02:02] local.INFO: Check digital check ...  
[2018-08-02 16:02:02] local.INFO: Checking checks. Found 22  
[2018-08-02 16:03:01] local.INFO: SCHEDULING for day Thursday DATE : 2018-08-02 12:03:01  
[2018-08-02 16:03:01] local.INFO: Check invoices ...  
[2018-08-02 16:03:01] local.INFO: No pending invoices  
[2018-08-02 16:03:01] local.INFO: Checking invoices. Found 0  
[2018-08-02 16:03:04] local.INFO: Finished with updating invoices  
[2018-08-02 16:03:04] local.INFO: Check digital check ...  
[2018-08-02 16:03:04] local.INFO: Checking checks. Found 22  
[2018-08-02 16:04:02] local.INFO: SCHEDULING for day Thursday DATE : 2018-08-02 12:04:02  
[2018-08-02 16:04:02] local.INFO: Check invoices ...  
[2018-08-02 16:04:02] local.INFO: No pending invoices  
[2018-08-02 16:04:02] local.INFO: Checking invoices. Found 0  
[2018-08-02 16:04:04] local.INFO: Finished with updating invoices  
[2018-08-02 16:04:04] local.INFO: Check digital check ...  
[2018-08-02 16:04:04] local.INFO: Checking checks. Found 22  
[2018-08-02 16:05:01] local.INFO: SCHEDULING for day Thursday DATE : 2018-08-02 12:05:01  
[2018-08-02 16:05:01] local.INFO: Check invoices ...  
[2018-08-02 16:05:01] local.INFO: No pending invoices  
[2018-08-02 16:05:01] local.INFO: Checking invoices. Found 0  
[2018-08-02 16:05:03] local.INFO: Finished with updating invoices  
[2018-08-02 16:05:03] local.INFO: Check digital check ...  
[2018-08-02 16:05:03] local.INFO: Checking checks. Found 22  
[2018-08-02 16:05:06] local.INFO: Checking conditions for update::info everyFiveMinutes  
[2018-08-02 16:05:06] local.INFO: Condition is true for update:info everyFiveMinutes  
[2018-08-02 16:05:06] local.INFO: SCHEDULING for day Thursday DATE : 2018-08-02 12:05:06  
[2018-08-02 16:05:06] local.INFO: Updating data ...  
[2018-08-02 16:05:06] local.INFO: Updating live games results => 2018-08-02 12:05:06  
[2018-08-02 16:05:06] local.INFO: DATE : 2018-08-02 12:05:06  
[2018-08-02 16:05:06] local.INFO: Updated 0 games to LIVE status  
[2018-08-02 16:05:06] local.INFO: Updating live players results => 2018-08-02 12:05:06  
[2018-08-02 16:05:07] local.INFO: Updated  live players  
[2018-08-02 16:05:07] local.INFO: Update finished players 2018-08-02 12:05:07  
[2018-08-02 16:05:07] local.INFO: Updated 0 finished players  
[2018-08-02 16:05:07] local.INFO: Updating slates status => 2018-08-02 12:05:07  
[2018-08-02 16:05:07] local.INFO: Updated active slates to LIVE status of  0 slates successfully.  
[2018-08-02 16:05:07] local.INFO: Updated slate to HISTORY status  0 slates successfully.  
[2018-08-02 16:05:07] local.INFO: Successfully updated 0 slates  
[2018-08-02 16:05:07] local.INFO: Updating contests  2018-08-02 12:05:07  
[2018-08-02 16:05:07] local.INFO: Updated 0 to CANCELLED status  
[2018-08-02 16:05:07] local.INFO: Updated 0 contests to HISTORY status  
[2018-08-02 16:05:07] local.INFO: Updated 0 contests to LIVE status  
[2018-08-02 16:05:07] local.INFO: Updating ENDED contests  2018-08-02 12:05:07  
[2018-08-02 16:05:07] local.INFO: Updated 0 contests results  
[2018-08-02 16:05:07] local.INFO: Updating LIVE contests  2018-08-02 12:05:07  
[2018-08-02 16:05:07] local.INFO: Updated 0 contests results  
[2018-08-02 16:05:07] local.INFO: Updating ENDED contests  2018-08-02 12:05:07  
[2018-08-02 16:05:07] local.INFO: Updated 0 contests results  
[2018-08-02 16:05:07] local.INFO: Checking conditions for games:update everyFiveMinutes  
[2018-08-02 16:05:07] local.INFO: Retrieving games in progress for games:update command everyFiveMinutes  
[2018-08-02 16:05:07] local.INFO: Retrieved games in progress for games:update command everyFiveMinutes[]  
[2018-08-02 16:05:07] local.INFO: Condition for games:update everyFiveMinutes is false  
[2018-08-02 16:06:01] local.INFO: SCHEDULING for day Thursday DATE : 2018-08-02 12:06:01  
[2018-08-02 16:06:01] local.INFO: Check invoices ...  
[2018-08-02 16:06:01] local.INFO: No pending invoices  
[2018-08-02 16:06:01] local.INFO: Checking invoices. Found 0  
[2018-08-02 16:06:02] local.INFO: Finished with updating invoices  
[2018-08-02 16:06:02] local.INFO: Check digital check ...  
[2018-08-02 16:06:02] local.INFO: Checking checks. Found 22  
[2018-08-02 16:07:01] local.INFO: SCHEDULING for day Thursday DATE : 2018-08-02 12:07:01  
[2018-08-02 16:07:01] local.INFO: Check invoices ...  
[2018-08-02 16:07:01] local.INFO: No pending invoices  
[2018-08-02 16:07:01] local.INFO: Checking invoices. Found 0  
[2018-08-02 16:07:03] local.INFO: Finished with updating invoices  
[2018-08-02 16:07:03] local.INFO: Check digital check ...  
[2018-08-02 16:07:03] local.INFO: Checking checks. Found 22  
[2018-08-02 16:08:01] local.INFO: SCHEDULING for day Thursday DATE : 2018-08-02 12:08:01  
[2018-08-02 16:08:02] local.INFO: Check invoices ...  
[2018-08-02 16:08:02] local.INFO: No pending invoices  
[2018-08-02 16:08:02] local.INFO: Checking invoices. Found 0  
[2018-08-02 16:08:04] local.INFO: Finished with updating invoices  
[2018-08-02 16:08:04] local.INFO: Check digital check ...  
[2018-08-02 16:08:04] local.INFO: Checking checks. Found 22  
[2018-08-02 16:09:01] local.INFO: SCHEDULING for day Thursday DATE : 2018-08-02 12:09:01  
[2018-08-02 16:09:01] local.INFO: Check invoices ...  
[2018-08-02 16:09:01] local.INFO: No pending invoices  
[2018-08-02 16:09:01] local.INFO: Checking invoices. Found 0  
[2018-08-02 16:09:03] local.INFO: Finished with updating invoices  
[2018-08-02 16:09:03] local.INFO: Check digital check ...  
[2018-08-02 16:09:03] local.INFO: Checking checks. Found 22  
[2018-08-02 16:10:01] local.INFO: SCHEDULING for day Thursday DATE : 2018-08-02 12:10:01  
[2018-08-02 16:10:01] local.INFO: Update exchange ...  
[2018-08-02 16:10:03] local.INFO: Check invoices ...  
[2018-08-02 16:10:03] local.INFO: No pending invoices  
[2018-08-02 16:10:03] local.INFO: Checking invoices. Found 0  
[2018-08-02 16:10:04] local.INFO: Finished with updating invoices  
[2018-08-02 16:10:04] local.INFO: Check digital check ...  
[2018-08-02 16:10:04] local.INFO: Checking checks. Found 22  
[2018-08-02 16:10:06] local.INFO: Checking conditions for update::info everyFiveMinutes  
[2018-08-02 16:10:06] local.INFO: Condition is true for update:info everyFiveMinutes  
[2018-08-02 16:10:06] local.INFO: SCHEDULING for day Thursday DATE : 2018-08-02 12:10:06  
[2018-08-02 16:10:07] local.INFO: Updating data ...  
[2018-08-02 16:10:07] local.INFO: Updating live games results => 2018-08-02 12:10:07  
[2018-08-02 16:10:07] local.INFO: DATE : 2018-08-02 12:10:07  
[2018-08-02 16:10:07] local.INFO: Updated 0 games to LIVE status  
[2018-08-02 16:10:07] local.INFO: Updating live players results => 2018-08-02 12:10:07  
[2018-08-02 16:10:07] local.INFO: Updated  live players  
[2018-08-02 16:10:07] local.INFO: Update finished players 2018-08-02 12:10:07  
[2018-08-02 16:10:07] local.INFO: Updated 0 finished players  
[2018-08-02 16:10:07] local.INFO: Updating slates status => 2018-08-02 12:10:07  
[2018-08-02 16:10:07] local.INFO: Updated active slates to LIVE status of  0 slates successfully.  
[2018-08-02 16:10:07] local.INFO: Updated slate to HISTORY status  0 slates successfully.  
[2018-08-02 16:10:07] local.INFO: Successfully updated 0 slates  
[2018-08-02 16:10:07] local.INFO: Updating contests  2018-08-02 12:10:07  
[2018-08-02 16:10:07] local.INFO: Updated 0 to CANCELLED status  
[2018-08-02 16:10:07] local.INFO: Updated 0 contests to HISTORY status  
[2018-08-02 16:10:07] local.INFO: Updated 0 contests to LIVE status  
[2018-08-02 16:10:07] local.INFO: Updating ENDED contests  2018-08-02 12:10:07  
[2018-08-02 16:10:07] local.INFO: Updated 0 contests results  
[2018-08-02 16:10:07] local.INFO: Updating LIVE contests  2018-08-02 12:10:07  
[2018-08-02 16:10:07] local.INFO: Updated 0 contests results  
[2018-08-02 16:10:07] local.INFO: Updating ENDED contests  2018-08-02 12:10:07  
[2018-08-02 16:10:07] local.INFO: Updated 0 contests results  
[2018-08-02 16:10:07] local.INFO: Checking conditions for games:update everyFiveMinutes  
[2018-08-02 16:10:07] local.INFO: Retrieving games in progress for games:update command everyFiveMinutes  
[2018-08-02 16:10:07] local.INFO: Retrieved games in progress for games:update command everyFiveMinutes[]  
[2018-08-02 16:10:07] local.INFO: Condition for games:update everyFiveMinutes is false  
[2018-08-02 16:11:01] local.INFO: SCHEDULING for day Thursday DATE : 2018-08-02 12:11:01  
[2018-08-02 16:11:01] local.INFO: Check invoices ...  
[2018-08-02 16:11:01] local.INFO: No pending invoices  
[2018-08-02 16:11:01] local.INFO: Checking invoices. Found 0  
[2018-08-02 16:11:02] local.INFO: Finished with updating invoices  
[2018-08-02 16:11:02] local.INFO: Check digital check ...  
[2018-08-02 16:11:02] local.INFO: Checking checks. Found 22  
[2018-08-02 16:11:04] local.INFO: Checking conditions for update::info hourly  
[2018-08-02 16:11:04] local.INFO: Condition is false for update:info hourly  
[2018-08-02 16:12:03] local.INFO: SCHEDULING for day Thursday DATE : 2018-08-02 12:12:03  
[2018-08-02 16:12:03] local.INFO: Check invoices ...  
[2018-08-02 16:12:03] local.INFO: No pending invoices  
[2018-08-02 16:12:03] local.INFO: Checking invoices. Found 0  
[2018-08-02 16:12:04] local.INFO: Finished with updating invoices  
[2018-08-02 16:12:04] local.INFO: Check digital check ...  
[2018-08-02 16:12:04] local.INFO: Checking checks. Found 22  
[2018-08-02 16:13:03] local.INFO: SCHEDULING for day Thursday DATE : 2018-08-02 12:13:03  
[2018-08-02 16:13:03] local.INFO: Check invoices ...  
[2018-08-02 16:13:04] local.INFO: No pending invoices  
[2018-08-02 16:13:04] local.INFO: Checking invoices. Found 0  
[2018-08-02 16:13:05] local.INFO: Finished with updating invoices  
[2018-08-02 16:13:05] local.INFO: Check digital check ...  
[2018-08-02 16:13:05] local.INFO: Checking checks. Found 22  
[2018-08-02 16:14:02] local.INFO: SCHEDULING for day Thursday DATE : 2018-08-02 12:14:02  
[2018-08-02 16:14:02] local.INFO: Check invoices ...  
[2018-08-02 16:14:02] local.INFO: No pending invoices  
[2018-08-02 16:14:02] local.INFO: Checking invoices. Found 0  
[2018-08-02 16:14:03] local.INFO: Finished with updating invoices  
[2018-08-02 16:14:03] local.INFO: Check digital check ...  
[2018-08-02 16:14:03] local.INFO: Checking checks. Found 22  
[2018-08-02 16:15:02] local.INFO: SCHEDULING for day Thursday DATE : 2018-08-02 12:15:02  
[2018-08-02 16:15:02] local.INFO: Check invoices ...  
[2018-08-02 16:15:02] local.INFO: No pending invoices  
[2018-08-02 16:15:02] local.INFO: Checking invoices. Found 0  
[2018-08-02 16:15:03] local.INFO: Finished with updating invoices  
[2018-08-02 16:15:03] local.INFO: Check digital check ...  
[2018-08-02 16:15:03] local.INFO: Checking checks. Found 22  
[2018-08-02 16:15:05] local.INFO: Checking conditions for update::info everyFiveMinutes  
[2018-08-02 16:15:05] local.INFO: Condition is true for update:info everyFiveMinutes  
[2018-08-02 16:15:06] local.INFO: SCHEDULING for day Thursday DATE : 2018-08-02 12:15:06  
[2018-08-02 16:15:06] local.INFO: Updating data ...  
[2018-08-02 16:15:06] local.INFO: Updating live games results => 2018-08-02 12:15:06  
[2018-08-02 16:15:06] local.INFO: DATE : 2018-08-02 12:15:06  
[2018-08-02 16:15:06] local.INFO: Updated 0 games to LIVE status  
[2018-08-02 16:15:06] local.INFO: Updating live players results => 2018-08-02 12:15:06  
[2018-08-02 16:15:06] local.INFO: Updated  live players  
[2018-08-02 16:15:06] local.INFO: Update finished players 2018-08-02 12:15:06  
[2018-08-02 16:15:06] local.INFO: Updated 0 finished players  
[2018-08-02 16:15:06] local.INFO: Updating slates status => 2018-08-02 12:15:06  
[2018-08-02 16:15:06] local.INFO: Updated active slates to LIVE status of  0 slates successfully.  
[2018-08-02 16:15:06] local.INFO: Updated slate to HISTORY status  0 slates successfully.  
[2018-08-02 16:15:06] local.INFO: Successfully updated 0 slates  
[2018-08-02 16:15:06] local.INFO: Updating contests  2018-08-02 12:15:06  
[2018-08-02 16:15:06] local.INFO: Updated 0 to CANCELLED status  
[2018-08-02 16:15:06] local.INFO: Updated 0 contests to HISTORY status  
[2018-08-02 16:15:06] local.INFO: Updated 0 contests to LIVE status  
[2018-08-02 16:15:06] local.INFO: Updating ENDED contests  2018-08-02 12:15:06  
[2018-08-02 16:15:06] local.INFO: Updated 0 contests results  
[2018-08-02 16:15:06] local.INFO: Updating LIVE contests  2018-08-02 12:15:06  
[2018-08-02 16:15:06] local.INFO: Updated 0 contests results  
[2018-08-02 16:15:06] local.INFO: Updating ENDED contests  2018-08-02 12:15:06  
[2018-08-02 16:15:06] local.INFO: Updated 0 contests results  
[2018-08-02 16:15:06] local.INFO: Checking conditions for games:update everyFiveMinutes  
[2018-08-02 16:15:06] local.INFO: Retrieving games in progress for games:update command everyFiveMinutes  
[2018-08-02 16:15:06] local.INFO: Retrieved games in progress for games:update command everyFiveMinutes[]  
[2018-08-02 16:15:06] local.INFO: Condition for games:update everyFiveMinutes is false  
[2018-08-02 16:16:01] local.INFO: SCHEDULING for day Thursday DATE : 2018-08-02 12:16:01  
[2018-08-02 16:16:01] local.INFO: Check invoices ...  
[2018-08-02 16:16:01] local.INFO: No pending invoices  
[2018-08-02 16:16:01] local.INFO: Checking invoices. Found 0  
[2018-08-02 16:16:03] local.INFO: Finished with updating invoices  
[2018-08-02 16:16:03] local.INFO: Check digital check ...  
[2018-08-02 16:16:03] local.INFO: Checking checks. Found 22  
[2018-08-02 16:17:01] local.INFO: SCHEDULING for day Thursday DATE : 2018-08-02 12:17:01  
[2018-08-02 16:17:01] local.INFO: Check invoices ...  
[2018-08-02 16:17:01] local.INFO: No pending invoices  
[2018-08-02 16:17:01] local.INFO: Checking invoices. Found 0  
[2018-08-02 16:17:03] local.INFO: Finished with updating invoices  
[2018-08-02 16:17:03] local.INFO: Check digital check ...  
[2018-08-02 16:17:03] local.INFO: Checking checks. Found 22  
[2018-08-02 16:18:01] local.INFO: SCHEDULING for day Thursday DATE : 2018-08-02 12:18:01  
[2018-08-02 16:18:02] local.INFO: Check invoices ...  
[2018-08-02 16:18:02] local.INFO: No pending invoices  
[2018-08-02 16:18:02] local.INFO: Checking invoices. Found 0  
[2018-08-02 16:18:04] local.INFO: Finished with updating invoices  
[2018-08-02 16:18:04] local.INFO: Check digital check ...  
[2018-08-02 16:18:04] local.INFO: Checking checks. Found 22  
[2018-08-02 16:19:01] local.INFO: SCHEDULING for day Thursday DATE : 2018-08-02 12:19:01  
[2018-08-02 16:19:01] local.INFO: Check invoices ...  
[2018-08-02 16:19:01] local.INFO: No pending invoices  
[2018-08-02 16:19:01] local.INFO: Checking invoices. Found 0  
[2018-08-02 16:19:03] local.INFO: Finished with updating invoices  
[2018-08-02 16:19:03] local.INFO: Check digital check ...  
[2018-08-02 16:19:03] local.INFO: Checking checks. Found 22  
[2018-08-02 16:20:02] local.INFO: SCHEDULING for day Thursday DATE : 2018-08-02 12:20:02  
[2018-08-02 16:20:02] local.INFO: Update exchange ...  
[2018-08-02 16:20:04] local.INFO: Check invoices ...  
[2018-08-02 16:20:04] local.INFO: No pending invoices  
[2018-08-02 16:20:04] local.INFO: Checking invoices. Found 0  
[2018-08-02 16:20:05] local.INFO: Finished with updating invoices  
[2018-08-02 16:20:05] local.INFO: Check digital check ...  
[2018-08-02 16:20:05] local.INFO: Checking checks. Found 22  
[2018-08-02 16:20:07] local.INFO: Checking conditions for update::info everyFiveMinutes  
[2018-08-02 16:20:07] local.INFO: Condition is true for update:info everyFiveMinutes  
[2018-08-02 16:20:08] local.INFO: SCHEDULING for day Thursday DATE : 2018-08-02 12:20:08  
[2018-08-02 16:20:08] local.INFO: Updating data ...  
[2018-08-02 16:20:08] local.INFO: Updating live games results => 2018-08-02 12:20:08  
[2018-08-02 16:20:08] local.INFO: DATE : 2018-08-02 12:20:08  
[2018-08-02 16:20:08] local.INFO: Updated 0 games to LIVE status  
[2018-08-02 16:20:08] local.INFO: Updating live players results => 2018-08-02 12:20:08  
[2018-08-02 16:20:08] local.INFO: Updated  live players  
[2018-08-02 16:20:08] local.INFO: Update finished players 2018-08-02 12:20:08  
[2018-08-02 16:20:08] local.INFO: Updated 0 finished players  
[2018-08-02 16:20:08] local.INFO: Updating slates status => 2018-08-02 12:20:08  
[2018-08-02 16:20:08] local.INFO: Updated active slates to LIVE status of  0 slates successfully.  
[2018-08-02 16:20:08] local.INFO: Updated slate to HISTORY status  0 slates successfully.  
[2018-08-02 16:20:08] local.INFO: Successfully updated 0 slates  
[2018-08-02 16:20:08] local.INFO: Updating contests  2018-08-02 12:20:08  
[2018-08-02 16:20:08] local.INFO: Updated 0 to CANCELLED status  
[2018-08-02 16:20:08] local.INFO: Updated 0 contests to HISTORY status  
[2018-08-02 16:20:08] local.INFO: Updated 0 contests to LIVE status  
[2018-08-02 16:20:08] local.INFO: Updating ENDED contests  2018-08-02 12:20:08  
[2018-08-02 16:20:08] local.INFO: Updated 0 contests results  
[2018-08-02 16:20:08] local.INFO: Updating LIVE contests  2018-08-02 12:20:08  
[2018-08-02 16:20:08] local.INFO: Updated 0 contests results  
[2018-08-02 16:20:08] local.INFO: Updating ENDED contests  2018-08-02 12:20:08  
[2018-08-02 16:20:08] local.INFO: Updated 0 contests results  
[2018-08-02 16:20:08] local.INFO: Checking conditions for games:update everyFiveMinutes  
[2018-08-02 16:20:08] local.INFO: Retrieving games in progress for games:update command everyFiveMinutes  
[2018-08-02 16:20:08] local.INFO: Retrieved games in progress for games:update command everyFiveMinutes[]  
[2018-08-02 16:20:08] local.INFO: Condition for games:update everyFiveMinutes is false  
[2018-08-02 16:21:01] local.INFO: SCHEDULING for day Thursday DATE : 2018-08-02 12:21:01  
[2018-08-02 16:21:01] local.INFO: Check invoices ...  
[2018-08-02 16:21:01] local.INFO: No pending invoices  
[2018-08-02 16:21:01] local.INFO: Checking invoices. Found 0  
[2018-08-02 16:21:03] local.INFO: Finished with updating invoices  
[2018-08-02 16:21:03] local.INFO: Check digital check ...  
[2018-08-02 16:21:03] local.INFO: Checking checks. Found 22  
[2018-08-02 16:22:01] local.INFO: SCHEDULING for day Thursday DATE : 2018-08-02 12:22:01  
[2018-08-02 16:22:01] local.INFO: Check invoices ...  
[2018-08-02 16:22:01] local.INFO: No pending invoices  
[2018-08-02 16:22:01] local.INFO: Checking invoices. Found 0  
[2018-08-02 16:22:03] local.INFO: Finished with updating invoices  
[2018-08-02 16:22:03] local.INFO: Check digital check ...  
[2018-08-02 16:22:03] local.INFO: Checking checks. Found 22  
[2018-08-02 16:23:01] local.INFO: SCHEDULING for day Thursday DATE : 2018-08-02 12:23:01  
[2018-08-02 16:23:01] local.INFO: Check invoices ...  
[2018-08-02 16:23:01] local.INFO: No pending invoices  
[2018-08-02 16:23:01] local.INFO: Checking invoices. Found 0  
[2018-08-02 16:23:03] local.INFO: Finished with updating invoices  
[2018-08-02 16:23:03] local.INFO: Check digital check ...  
[2018-08-02 16:23:03] local.INFO: Checking checks. Found 22  
[2018-08-02 16:24:02] local.INFO: SCHEDULING for day Thursday DATE : 2018-08-02 12:24:02  
[2018-08-02 16:24:03] local.INFO: Check invoices ...  
[2018-08-02 16:24:03] local.INFO: No pending invoices  
[2018-08-02 16:24:03] local.INFO: Checking invoices. Found 0  
[2018-08-02 16:24:04] local.INFO: Finished with updating invoices  
[2018-08-02 16:24:04] local.INFO: Check digital check ...  
[2018-08-02 16:24:04] local.INFO: Checking checks. Found 22  
[2018-08-02 16:25:01] local.INFO: SCHEDULING for day Thursday DATE : 2018-08-02 12:25:01  
[2018-08-02 16:25:02] local.INFO: Check invoices ...  
[2018-08-02 16:25:02] local.INFO: No pending invoices  
[2018-08-02 16:25:02] local.INFO: Checking invoices. Found 0  
[2018-08-02 16:25:03] local.INFO: Finished with updating invoices  
[2018-08-02 16:25:03] local.INFO: Check digital check ...  
[2018-08-02 16:25:03] local.INFO: Checking checks. Found 22  
[2018-08-02 16:25:05] local.INFO: Checking conditions for update::info everyFiveMinutes  
[2018-08-02 16:25:05] local.INFO: Condition is true for update:info everyFiveMinutes  
[2018-08-02 16:25:06] local.INFO: SCHEDULING for day Thursday DATE : 2018-08-02 12:25:06  
[2018-08-02 16:25:06] local.INFO: Updating data ...  
[2018-08-02 16:25:06] local.INFO: Updating live games results => 2018-08-02 12:25:06  
[2018-08-02 16:25:06] local.INFO: DATE : 2018-08-02 12:25:06  
[2018-08-02 16:25:06] local.INFO: Updated 0 games to LIVE status  
[2018-08-02 16:25:06] local.INFO: Updating live players results => 2018-08-02 12:25:06  
[2018-08-02 16:25:06] local.INFO: Updated  live players  
[2018-08-02 16:25:06] local.INFO: Update finished players 2018-08-02 12:25:06  
[2018-08-02 16:25:06] local.INFO: Updated 0 finished players  
[2018-08-02 16:25:06] local.INFO: Updating slates status => 2018-08-02 12:25:06  
[2018-08-02 16:25:06] local.INFO: Updated active slates to LIVE status of  0 slates successfully.  
[2018-08-02 16:25:06] local.INFO: Updated slate to HISTORY status  0 slates successfully.  
[2018-08-02 16:25:06] local.INFO: Successfully updated 0 slates  
[2018-08-02 16:25:06] local.INFO: Updating contests  2018-08-02 12:25:06  
[2018-08-02 16:25:06] local.INFO: Updated 0 to CANCELLED status  
[2018-08-02 16:25:06] local.INFO: Updated 0 contests to HISTORY status  
[2018-08-02 16:25:06] local.INFO: Updated 0 contests to LIVE status  
[2018-08-02 16:25:06] local.INFO: Updating ENDED contests  2018-08-02 12:25:06  
[2018-08-02 16:25:06] local.INFO: Updated 0 contests results  
[2018-08-02 16:25:06] local.INFO: Updating LIVE contests  2018-08-02 12:25:06  
[2018-08-02 16:25:06] local.INFO: Updated 0 contests results  
[2018-08-02 16:25:06] local.INFO: Updating ENDED contests  2018-08-02 12:25:06  
[2018-08-02 16:25:06] local.INFO: Updated 0 contests results  
[2018-08-02 16:25:06] local.INFO: Checking conditions for games:update everyFiveMinutes  
[2018-08-02 16:25:06] local.INFO: Retrieving games in progress for games:update command everyFiveMinutes  
[2018-08-02 16:25:06] local.INFO: Retrieved games in progress for games:update command everyFiveMinutes[]  
[2018-08-02 16:25:06] local.INFO: Condition for games:update everyFiveMinutes is false  
[2018-08-02 16:26:01] local.INFO: SCHEDULING for day Thursday DATE : 2018-08-02 12:26:01  
[2018-08-02 16:26:01] local.INFO: Check invoices ...  
[2018-08-02 16:26:01] local.INFO: No pending invoices  
[2018-08-02 16:26:01] local.INFO: Checking invoices. Found 0  
[2018-08-02 16:26:03] local.INFO: Finished with updating invoices  
[2018-08-02 16:26:03] local.INFO: Check digital check ...  
[2018-08-02 16:26:03] local.INFO: Checking checks. Found 22  
[2018-08-02 16:27:01] local.INFO: SCHEDULING for day Thursday DATE : 2018-08-02 12:27:01  
[2018-08-02 16:27:01] local.INFO: Check invoices ...  
[2018-08-02 16:27:01] local.INFO: No pending invoices  
[2018-08-02 16:27:01] local.INFO: Checking invoices. Found 0  
[2018-08-02 16:27:04] local.INFO: Finished with updating invoices  
[2018-08-02 16:27:04] local.INFO: Check digital check ...  
[2018-08-02 16:27:04] local.INFO: Checking checks. Found 22  
[2018-08-02 16:28:01] local.INFO: SCHEDULING for day Thursday DATE : 2018-08-02 12:28:01  
[2018-08-02 16:28:01] local.INFO: Check invoices ...  
[2018-08-02 16:28:01] local.INFO: No pending invoices  
[2018-08-02 16:28:01] local.INFO: Checking invoices. Found 0  
[2018-08-02 16:28:03] local.INFO: Finished with updating invoices  
[2018-08-02 16:28:03] local.INFO: Check digital check ...  
[2018-08-02 16:28:03] local.INFO: Checking checks. Found 22  
[2018-08-02 16:29:01] local.INFO: SCHEDULING for day Thursday DATE : 2018-08-02 12:29:01  
[2018-08-02 16:29:01] local.INFO: Check invoices ...  
[2018-08-02 16:29:01] local.INFO: No pending invoices  
[2018-08-02 16:29:01] local.INFO: Checking invoices. Found 0  
[2018-08-02 16:29:03] local.INFO: Finished with updating invoices  
[2018-08-02 16:29:03] local.INFO: Check digital check ...  
[2018-08-02 16:29:03] local.INFO: Checking checks. Found 22  
[2018-08-02 16:30:01] local.INFO: SCHEDULING for day Thursday DATE : 2018-08-02 12:30:01  
[2018-08-02 16:30:01] local.INFO: Update exchange ...  
[2018-08-02 16:30:02] local.INFO: Check invoices ...  
[2018-08-02 16:30:02] local.INFO: No pending invoices  
[2018-08-02 16:30:02] local.INFO: Checking invoices. Found 0  
[2018-08-02 16:30:04] local.INFO: Finished with updating invoices  
[2018-08-02 16:30:04] local.INFO: Check digital check ...  
[2018-08-02 16:30:04] local.INFO: Checking checks. Found 22  
[2018-08-02 16:30:06] local.INFO: Checking conditions for update::info everyFiveMinutes  
[2018-08-02 16:30:06] local.INFO: Condition is true for update:info everyFiveMinutes  
[2018-08-02 16:30:06] local.INFO: SCHEDULING for day Thursday DATE : 2018-08-02 12:30:06  
[2018-08-02 16:30:06] local.INFO: Updating data ...  
[2018-08-02 16:30:06] local.INFO: Updating live games results => 2018-08-02 12:30:06  
[2018-08-02 16:30:06] local.INFO: DATE : 2018-08-02 12:30:06  
[2018-08-02 16:30:06] local.INFO: Updated 0 games to LIVE status  
[2018-08-02 16:30:06] local.INFO: Updating live players results => 2018-08-02 12:30:06  
[2018-08-02 16:30:06] local.INFO: Updated  live players  
[2018-08-02 16:30:06] local.INFO: Update finished players 2018-08-02 12:30:06  
[2018-08-02 16:30:06] local.INFO: Updated 0 finished players  
[2018-08-02 16:30:06] local.INFO: Updating slates status => 2018-08-02 12:30:06  
[2018-08-02 16:30:06] local.INFO: Updated active slates to LIVE status of  0 slates successfully.  
[2018-08-02 16:30:06] local.INFO: Updated slate to HISTORY status  0 slates successfully.  
[2018-08-02 16:30:06] local.INFO: Successfully updated 0 slates  
[2018-08-02 16:30:06] local.INFO: Updating contests  2018-08-02 12:30:06  
[2018-08-02 16:30:06] local.INFO: Updated 0 to CANCELLED status  
[2018-08-02 16:30:06] local.INFO: Updated 0 contests to HISTORY status  
[2018-08-02 16:30:06] local.INFO: Updated 0 contests to LIVE status  
[2018-08-02 16:30:06] local.INFO: Updating ENDED contests  2018-08-02 12:30:06  
[2018-08-02 16:30:06] local.INFO: Updated 0 contests results  
[2018-08-02 16:30:06] local.INFO: Updating LIVE contests  2018-08-02 12:30:06  
[2018-08-02 16:30:06] local.INFO: Updated 0 contests results  
[2018-08-02 16:30:06] local.INFO: Updating ENDED contests  2018-08-02 12:30:06  
[2018-08-02 16:30:06] local.INFO: Updated 0 contests results  
[2018-08-02 16:30:06] local.INFO: Checking conditions for games:update everyFiveMinutes  
[2018-08-02 16:30:06] local.INFO: Retrieving games in progress for games:update command everyFiveMinutes  
[2018-08-02 16:30:06] local.INFO: Retrieved games in progress for games:update command everyFiveMinutes[]  
[2018-08-02 16:30:06] local.INFO: Condition for games:update everyFiveMinutes is false  
[2018-08-02 16:30:06] local.INFO: Checking condition for liveStats:update everyThirtyMinutes  
[2018-08-02 16:30:06] local.INFO: Condition for liveStats:update everyThirtyMinutes day condition is Tuesday  
[2018-08-02 16:30:06] local.INFO: Condition liveStats:update everyFiveMinutes retrieving games in progress  
[2018-08-02 16:30:06] local.INFO: Condition liveStats:update everyFiveMinutes received games in progress  
