[2018-07-20 17:10:01] local.INFO: SCHEDULING for day Friday DATE : 2018-07-20 13:10:01  
[2018-07-20 17:10:01] local.INFO: Update exchange ...  
[2018-07-20 17:10:04] local.INFO: Check invoices ...  
[2018-07-20 17:10:04] local.INFO: No pending invoices  
[2018-07-20 17:10:04] local.INFO: Checking invoices. Found 0  
[2018-07-20 17:10:06] local.INFO: Finished with updating invoices  
[2018-07-20 17:10:06] local.INFO: Check digital check ...  
[2018-07-20 17:10:06] local.INFO: Checking checks. Found 21  
[2018-07-20 17:10:07] local.INFO: Checking conditions for update::info everyFiveMinutes  
[2018-07-20 17:10:07] local.INFO: Checking conditions for games:update everyFiveMinutes  
[2018-07-20 17:10:07] local.INFO: Retrieving games in progress for games:update command everyFiveMinutes  
[2018-07-20 17:10:07] local.INFO: Retrieved games in progress for games:update command everyFiveMinutes[]  
[2018-07-20 17:10:07] local.INFO: Condition for games:update everyFiveMinutes is false  
[2018-07-20 17:11:02] local.INFO: SCHEDULING for day Friday DATE : 2018-07-20 13:11:02  
[2018-07-20 17:11:02] local.INFO: Check invoices ...  
[2018-07-20 17:11:02] local.INFO: No pending invoices  
[2018-07-20 17:11:02] local.INFO: Checking invoices. Found 0  
[2018-07-20 17:11:06] local.INFO: Finished with updating invoices  
[2018-07-20 17:11:06] local.INFO: Check digital check ...  
[2018-07-20 17:11:06] local.INFO: Checking checks. Found 21  
[2018-07-20 17:11:08] local.INFO: Checking conditions for update::info hourly  
[2018-07-20 17:11:08] local.INFO: Condition is true for update:info hourly  
[2018-07-20 17:11:08] local.INFO: SCHEDULING for day Friday DATE : 2018-07-20 13:11:08  
[2018-07-20 17:11:08] local.INFO: Updating data ...  
[2018-07-20 17:11:08] local.INFO: Updating live games results => 2018-07-20 13:11:08  
[2018-07-20 17:11:08] local.INFO: DATE : 2018-07-20 13:11:08  
[2018-07-20 17:11:08] local.INFO: Updated 0 games to LIVE status  
[2018-07-20 17:11:08] local.INFO: Updating live players results => 2018-07-20 13:11:08  
[2018-07-20 17:11:08] local.INFO: Updated  live players  
[2018-07-20 17:11:08] local.INFO: Update finished players 2018-07-20 13:11:08  
[2018-07-20 17:11:08] local.INFO: Updated 0 finished players  
[2018-07-20 17:11:08] local.INFO: Updating slates status => 2018-07-20 13:11:08  
[2018-07-20 17:11:08] local.INFO: Updated active slates to LIVE status of  0 slates successfully.  
[2018-07-20 17:11:08] local.INFO: Updated slate to HISTORY status  0 slates successfully.  
[2018-07-20 17:11:08] local.INFO: Successfully updated 0 slates  
[2018-07-20 17:11:08] local.INFO: Updating contests  2018-07-20 13:11:08  
[2018-07-20 17:11:08] local.INFO: Updated 0 to CANCELLED status  
[2018-07-20 17:11:08] local.INFO: Updated 0 contests to HISTORY status  
[2018-07-20 17:11:08] local.INFO: Updated 0 contests to LIVE status  
[2018-07-20 17:11:08] local.INFO: Updating ENDED contests  2018-07-20 13:11:08  
[2018-07-20 17:11:08] local.INFO: Updated 0 contests results  
[2018-07-20 17:11:08] local.INFO: Updating LIVE contests  2018-07-20 13:11:08  
[2018-07-20 17:11:08] local.INFO: Updated 0 contests results  
[2018-07-20 17:11:08] local.INFO: Updating ENDED contests  2018-07-20 13:11:08  
[2018-07-20 17:11:08] local.INFO: Updated 0 contests results  
[2018-07-20 17:12:02] local.INFO: SCHEDULING for day Friday DATE : 2018-07-20 13:12:02  
[2018-07-20 17:12:02] local.INFO: Check invoices ...  
[2018-07-20 17:12:02] local.INFO: No pending invoices  
[2018-07-20 17:12:02] local.INFO: Checking invoices. Found 0  
[2018-07-20 17:12:07] local.INFO: Finished with updating invoices  
[2018-07-20 17:12:07] local.INFO: Check digital check ...  
[2018-07-20 17:12:07] local.INFO: Checking checks. Found 21  
[2018-07-20 17:13:02] local.INFO: SCHEDULING for day Friday DATE : 2018-07-20 13:13:02  
[2018-07-20 17:13:02] local.INFO: Check invoices ...  
[2018-07-20 17:13:02] local.INFO: No pending invoices  
[2018-07-20 17:13:02] local.INFO: Checking invoices. Found 0  
[2018-07-20 17:13:07] local.INFO: Finished with updating invoices  
[2018-07-20 17:13:07] local.INFO: Check digital check ...  
[2018-07-20 17:13:07] local.INFO: Checking checks. Found 21  
[2018-07-20 17:14:02] local.INFO: SCHEDULING for day Friday DATE : 2018-07-20 13:14:02  
[2018-07-20 17:14:02] local.INFO: Check invoices ...  
[2018-07-20 17:14:02] local.INFO: No pending invoices  
[2018-07-20 17:14:02] local.INFO: Checking invoices. Found 0  
[2018-07-20 17:14:18] local.INFO: Finished with updating invoices  
[2018-07-20 17:14:18] local.INFO: Check digital check ...  
[2018-07-20 17:14:18] local.INFO: Checking checks. Found 21  
[2018-07-20 17:15:02] local.INFO: SCHEDULING for day Friday DATE : 2018-07-20 13:15:02  
[2018-07-20 17:15:02] local.INFO: Check invoices ...  
[2018-07-20 17:15:02] local.INFO: No pending invoices  
[2018-07-20 17:15:02] local.INFO: Checking invoices. Found 0  
[2018-07-20 17:15:03] local.INFO: Finished with updating invoices  
[2018-07-20 17:15:03] local.INFO: Check digital check ...  
[2018-07-20 17:15:03] local.INFO: Checking checks. Found 21  
[2018-07-20 17:15:05] local.INFO: Checking conditions for update::info everyFiveMinutes  
[2018-07-20 17:15:05] local.INFO: Checking conditions for games:update everyFiveMinutes  
[2018-07-20 17:15:05] local.INFO: Retrieving games in progress for games:update command everyFiveMinutes  
[2018-07-20 17:15:05] local.INFO: Retrieved games in progress for games:update command everyFiveMinutes[]  
[2018-07-20 17:15:05] local.INFO: Condition for games:update everyFiveMinutes is false  
[2018-07-20 17:16:01] local.INFO: SCHEDULING for day Friday DATE : 2018-07-20 13:16:01  
[2018-07-20 17:16:01] local.INFO: Check invoices ...  
[2018-07-20 17:16:01] local.INFO: No pending invoices  
[2018-07-20 17:16:01] local.INFO: Checking invoices. Found 0  
[2018-07-20 17:16:04] local.INFO: Finished with updating invoices  
[2018-07-20 17:16:04] local.INFO: Check digital check ...  
[2018-07-20 17:16:04] local.INFO: Checking checks. Found 21  
[2018-07-20 17:17:02] local.INFO: SCHEDULING for day Friday DATE : 2018-07-20 13:17:02  
[2018-07-20 17:17:02] local.INFO: Check invoices ...  
[2018-07-20 17:17:02] local.INFO: No pending invoices  
[2018-07-20 17:17:02] local.INFO: Checking invoices. Found 0  
[2018-07-20 17:17:24] local.INFO: Finished with updating invoices  
[2018-07-20 17:17:24] local.INFO: Check digital check ...  
[2018-07-20 17:17:24] local.INFO: Checking checks. Found 21  
[2018-07-20 17:18:01] local.INFO: SCHEDULING for day Friday DATE : 2018-07-20 13:18:01  
[2018-07-20 17:18:02] local.INFO: Check invoices ...  
[2018-07-20 17:18:02] local.INFO: No pending invoices  
[2018-07-20 17:18:02] local.INFO: Checking invoices. Found 0  
[2018-07-20 17:18:07] local.INFO: Finished with updating invoices  
[2018-07-20 17:18:07] local.INFO: Check digital check ...  
[2018-07-20 17:18:07] local.INFO: Checking checks. Found 21  
[2018-07-20 17:19:01] local.INFO: SCHEDULING for day Friday DATE : 2018-07-20 13:19:01  
[2018-07-20 17:19:01] local.INFO: Check invoices ...  
[2018-07-20 17:19:01] local.INFO: No pending invoices  
[2018-07-20 17:19:01] local.INFO: Checking invoices. Found 0  
[2018-07-20 17:19:05] local.INFO: Finished with updating invoices  
[2018-07-20 17:19:05] local.INFO: Check digital check ...  
[2018-07-20 17:19:05] local.INFO: Checking checks. Found 21  
[2018-07-20 17:20:01] local.INFO: SCHEDULING for day Friday DATE : 2018-07-20 13:20:01  
[2018-07-20 17:20:01] local.INFO: Update exchange ...  
[2018-07-20 17:20:03] local.INFO: Check invoices ...  
[2018-07-20 17:20:03] local.INFO: No pending invoices  
[2018-07-20 17:20:03] local.INFO: Checking invoices. Found 0  
[2018-07-20 17:20:05] local.INFO: Finished with updating invoices  
[2018-07-20 17:20:05] local.INFO: Check digital check ...  
[2018-07-20 17:20:05] local.INFO: Checking checks. Found 21  
[2018-07-20 17:20:07] local.INFO: Checking conditions for update::info everyFiveMinutes  
[2018-07-20 17:20:07] local.INFO: Checking conditions for games:update everyFiveMinutes  
[2018-07-20 17:20:07] local.INFO: Retrieving games in progress for games:update command everyFiveMinutes  
[2018-07-20 17:20:07] local.INFO: Retrieved games in progress for games:update command everyFiveMinutes[]  
[2018-07-20 17:20:07] local.INFO: Condition for games:update everyFiveMinutes is false  
[2018-07-20 17:21:01] local.INFO: SCHEDULING for day Friday DATE : 2018-07-20 13:21:01  
[2018-07-20 17:21:01] local.INFO: Check invoices ...  
[2018-07-20 17:21:01] local.INFO: No pending invoices  
[2018-07-20 17:21:01] local.INFO: Checking invoices. Found 0  
[2018-07-20 17:21:04] local.INFO: Finished with updating invoices  
[2018-07-20 17:21:04] local.INFO: Check digital check ...  
[2018-07-20 17:21:04] local.INFO: Checking checks. Found 21  
[2018-07-20 17:22:01] local.INFO: SCHEDULING for day Friday DATE : 2018-07-20 13:22:01  
[2018-07-20 17:22:01] local.INFO: Check invoices ...  
[2018-07-20 17:22:01] local.INFO: No pending invoices  
[2018-07-20 17:22:01] local.INFO: Checking invoices. Found 0  
[2018-07-20 17:22:04] local.INFO: Finished with updating invoices  
[2018-07-20 17:22:04] local.INFO: Check digital check ...  
[2018-07-20 17:22:04] local.INFO: Checking checks. Found 21  
[2018-07-20 17:23:01] local.INFO: SCHEDULING for day Friday DATE : 2018-07-20 13:23:01  
[2018-07-20 17:23:01] local.INFO: Check invoices ...  
[2018-07-20 17:23:01] local.INFO: No pending invoices  
[2018-07-20 17:23:01] local.INFO: Checking invoices. Found 0  
[2018-07-20 17:23:03] local.INFO: SCHEDULING for day Friday DATE : 2018-07-20 13:23:03  
[2018-07-20 17:23:05] local.INFO: Finished with updating invoices  
[2018-07-20 17:23:05] local.INFO: Check digital check ...  
[2018-07-20 17:23:05] local.INFO: Checking checks. Found 21  
[2018-07-20 17:24:01] local.INFO: SCHEDULING for day Friday DATE : 2018-07-20 13:24:01  
[2018-07-20 17:24:01] local.INFO: Check invoices ...  
[2018-07-20 17:24:01] local.INFO: No pending invoices  
[2018-07-20 17:24:01] local.INFO: Checking invoices. Found 0  
[2018-07-20 17:24:06] local.INFO: Finished with updating invoices  
[2018-07-20 17:24:06] local.INFO: Check digital check ...  
[2018-07-20 17:24:06] local.INFO: Checking checks. Found 21  
[2018-07-20 17:25:02] local.INFO: SCHEDULING for day Friday DATE : 2018-07-20 13:25:02  
[2018-07-20 17:25:02] local.INFO: Check invoices ...  
[2018-07-20 17:25:03] local.INFO: No pending invoices  
[2018-07-20 17:25:03] local.INFO: Checking invoices. Found 0  
[2018-07-20 17:25:10] local.INFO: Finished with updating invoices  
[2018-07-20 17:25:10] local.INFO: Check digital check ...  
[2018-07-20 17:25:10] local.INFO: Checking checks. Found 21  
[2018-07-20 17:25:11] local.INFO: Checking conditions for update::info everyFiveMinutes  
[2018-07-20 17:25:11] local.INFO: Checking conditions for games:update everyFiveMinutes  
[2018-07-20 17:25:11] local.INFO: Retrieving games in progress for games:update command everyFiveMinutes  
[2018-07-20 17:25:11] local.INFO: Retrieved games in progress for games:update command everyFiveMinutes[]  
[2018-07-20 17:25:11] local.INFO: Condition for games:update everyFiveMinutes is false  
[2018-07-20 17:26:02] local.INFO: SCHEDULING for day Friday DATE : 2018-07-20 13:26:02  
[2018-07-20 17:26:02] local.INFO: Check invoices ...  
[2018-07-20 17:26:02] local.INFO: No pending invoices  
[2018-07-20 17:26:02] local.INFO: Checking invoices. Found 0  
[2018-07-20 17:26:05] local.INFO: Finished with updating invoices  
[2018-07-20 17:26:05] local.INFO: Check digital check ...  
[2018-07-20 17:26:05] local.INFO: Checking checks. Found 21  
[2018-07-20 17:27:02] local.INFO: SCHEDULING for day Friday DATE : 2018-07-20 13:27:02  
[2018-07-20 17:27:02] local.INFO: Check invoices ...  
[2018-07-20 17:27:02] local.INFO: No pending invoices  
[2018-07-20 17:27:02] local.INFO: Checking invoices. Found 0  
[2018-07-20 17:27:07] local.INFO: Finished with updating invoices  
[2018-07-20 17:27:07] local.INFO: Check digital check ...  
[2018-07-20 17:27:07] local.INFO: Checking checks. Found 21  
[2018-07-20 17:28:01] local.INFO: SCHEDULING for day Friday DATE : 2018-07-20 13:28:01  
[2018-07-20 17:28:01] local.INFO: Check invoices ...  
[2018-07-20 17:28:01] local.INFO: No pending invoices  
[2018-07-20 17:28:01] local.INFO: Checking invoices. Found 0  
[2018-07-20 17:28:06] local.INFO: Finished with updating invoices  
[2018-07-20 17:28:06] local.INFO: Check digital check ...  
[2018-07-20 17:28:06] local.INFO: Checking checks. Found 21  
[2018-07-20 17:29:01] local.INFO: SCHEDULING for day Friday DATE : 2018-07-20 13:29:01  
[2018-07-20 17:29:01] local.INFO: Check invoices ...  
[2018-07-20 17:29:01] local.INFO: No pending invoices  
[2018-07-20 17:29:01] local.INFO: Checking invoices. Found 0  
[2018-07-20 17:29:04] local.INFO: Finished with updating invoices  
[2018-07-20 17:29:04] local.INFO: Check digital check ...  
[2018-07-20 17:29:04] local.INFO: Checking checks. Found 21  
[2018-07-20 17:30:02] local.INFO: SCHEDULING for day Friday DATE : 2018-07-20 13:30:02  
[2018-07-20 17:30:02] local.INFO: Update exchange ...  
[2018-07-20 17:30:12] local.INFO: Check invoices ...  
[2018-07-20 17:30:12] local.INFO: No pending invoices  
[2018-07-20 17:30:12] local.INFO: Checking invoices. Found 0  
[2018-07-20 17:30:18] local.INFO: Finished with updating invoices  
[2018-07-20 17:30:18] local.INFO: Check digital check ...  
[2018-07-20 17:30:18] local.INFO: Checking checks. Found 21  
[2018-07-20 17:30:19] local.INFO: Checking conditions for update::info everyFiveMinutes  
[2018-07-20 17:30:19] local.INFO: Checking conditions for games:update everyFiveMinutes  
[2018-07-20 17:30:19] local.INFO: Retrieving games in progress for games:update command everyFiveMinutes  
[2018-07-20 17:30:19] local.INFO: Retrieved games in progress for games:update command everyFiveMinutes[]  
[2018-07-20 17:30:19] local.INFO: Condition for games:update everyFiveMinutes is false  
[2018-07-20 17:30:19] local.INFO: Checking condition for liveStats:update everyThirtyMinutes  
[2018-07-20 17:31:01] local.INFO: SCHEDULING for day Friday DATE : 2018-07-20 13:31:01  
[2018-07-20 17:31:01] local.INFO: Check invoices ...  
[2018-07-20 17:31:01] local.INFO: No pending invoices  
[2018-07-20 17:31:01] local.INFO: Checking invoices. Found 0  
[2018-07-20 17:31:04] local.INFO: Finished with updating invoices  
[2018-07-20 17:31:04] local.INFO: Check digital check ...  
[2018-07-20 17:31:04] local.INFO: Checking checks. Found 21  
[2018-07-20 17:32:01] local.INFO: SCHEDULING for day Friday DATE : 2018-07-20 13:32:01  
[2018-07-20 17:32:01] local.INFO: Check invoices ...  
[2018-07-20 17:32:01] local.INFO: No pending invoices  
[2018-07-20 17:32:01] local.INFO: Checking invoices. Found 0  
[2018-07-20 17:32:05] local.INFO: Finished with updating invoices  
[2018-07-20 17:32:05] local.INFO: Check digital check ...  
[2018-07-20 17:32:05] local.INFO: Checking checks. Found 21  
[2018-07-20 17:33:01] local.INFO: SCHEDULING for day Friday DATE : 2018-07-20 13:33:01  
[2018-07-20 17:33:02] local.INFO: Check invoices ...  
[2018-07-20 17:33:02] local.INFO: No pending invoices  
[2018-07-20 17:33:02] local.INFO: Checking invoices. Found 0  
[2018-07-20 17:33:05] local.INFO: Finished with updating invoices  
[2018-07-20 17:33:05] local.INFO: Check digital check ...  
[2018-07-20 17:33:05] local.INFO: Checking checks. Found 21  
[2018-07-20 17:34:02] local.INFO: SCHEDULING for day Friday DATE : 2018-07-20 13:34:02  
[2018-07-20 17:34:02] local.INFO: Check invoices ...  
[2018-07-20 17:34:02] local.INFO: No pending invoices  
[2018-07-20 17:34:02] local.INFO: Checking invoices. Found 0  
[2018-07-20 17:34:08] local.INFO: Finished with updating invoices  
[2018-07-20 17:34:08] local.INFO: Check digital check ...  
[2018-07-20 17:34:08] local.INFO: Checking checks. Found 21  
[2018-07-20 17:35:01] local.INFO: SCHEDULING for day Friday DATE : 2018-07-20 13:35:01  
[2018-07-20 17:35:01] local.INFO: Check invoices ...  
[2018-07-20 17:35:01] local.INFO: No pending invoices  
[2018-07-20 17:35:01] local.INFO: Checking invoices. Found 0  
[2018-07-20 17:35:04] local.INFO: Finished with updating invoices  
[2018-07-20 17:35:04] local.INFO: Check digital check ...  
[2018-07-20 17:35:04] local.INFO: Checking checks. Found 21  
[2018-07-20 17:35:05] local.INFO: Checking conditions for update::info everyFiveMinutes  
[2018-07-20 17:35:05] local.INFO: Checking conditions for games:update everyFiveMinutes  
[2018-07-20 17:35:05] local.INFO: Retrieving games in progress for games:update command everyFiveMinutes  
[2018-07-20 17:35:05] local.INFO: Retrieved games in progress for games:update command everyFiveMinutes[]  
[2018-07-20 17:35:05] local.INFO: Condition for games:update everyFiveMinutes is false  
[2018-07-20 17:36:02] local.INFO: SCHEDULING for day Friday DATE : 2018-07-20 13:36:02  
[2018-07-20 17:36:02] local.INFO: Check invoices ...  
[2018-07-20 17:36:02] local.INFO: No pending invoices  
[2018-07-20 17:36:02] local.INFO: Checking invoices. Found 0  
[2018-07-20 17:36:04] local.INFO: Finished with updating invoices  
[2018-07-20 17:36:04] local.INFO: Check digital check ...  
[2018-07-20 17:36:04] local.INFO: Checking checks. Found 21  
[2018-07-20 17:37:01] local.INFO: SCHEDULING for day Friday DATE : 2018-07-20 13:37:01  
[2018-07-20 17:37:01] local.INFO: Check invoices ...  
[2018-07-20 17:37:01] local.INFO: No pending invoices  
[2018-07-20 17:37:01] local.INFO: Checking invoices. Found 0  
[2018-07-20 17:37:04] local.INFO: Finished with updating invoices  
[2018-07-20 17:37:04] local.INFO: Check digital check ...  
[2018-07-20 17:37:04] local.INFO: Checking checks. Found 21  
[2018-07-20 17:38:01] local.INFO: SCHEDULING for day Friday DATE : 2018-07-20 13:38:01  
[2018-07-20 17:38:02] local.INFO: Check invoices ...  
[2018-07-20 17:38:02] local.INFO: No pending invoices  
[2018-07-20 17:38:02] local.INFO: Checking invoices. Found 0  
[2018-07-20 17:38:06] local.INFO: Finished with updating invoices  
[2018-07-20 17:38:06] local.INFO: Check digital check ...  
[2018-07-20 17:38:06] local.INFO: Checking checks. Found 21  
[2018-07-20 17:39:01] local.INFO: SCHEDULING for day Friday DATE : 2018-07-20 13:39:01  
[2018-07-20 17:39:01] local.INFO: Check invoices ...  
[2018-07-20 17:39:01] local.INFO: No pending invoices  
[2018-07-20 17:39:01] local.INFO: Checking invoices. Found 0  
[2018-07-20 17:39:12] local.INFO: Finished with updating invoices  
[2018-07-20 17:39:12] local.INFO: Check digital check ...  
[2018-07-20 17:39:12] local.INFO: Checking checks. Found 21  
[2018-07-20 17:40:01] local.INFO: SCHEDULING for day Friday DATE : 2018-07-20 13:40:01  
[2018-07-20 17:40:01] local.INFO: Update exchange ...  
[2018-07-20 17:40:04] local.INFO: Check invoices ...  
[2018-07-20 17:40:04] local.INFO: No pending invoices  
[2018-07-20 17:40:04] local.INFO: Checking invoices. Found 0  
[2018-07-20 17:40:09] local.INFO: Finished with updating invoices  
[2018-07-20 17:40:09] local.INFO: Check digital check ...  
[2018-07-20 17:40:09] local.INFO: Checking checks. Found 21  
[2018-07-20 17:40:10] local.INFO: Checking conditions for update::info everyFiveMinutes  
[2018-07-20 17:40:10] local.INFO: Checking conditions for games:update everyFiveMinutes  
[2018-07-20 17:40:10] local.INFO: Retrieving games in progress for games:update command everyFiveMinutes  
[2018-07-20 17:40:10] local.INFO: Retrieved games in progress for games:update command everyFiveMinutes[]  
[2018-07-20 17:40:10] local.INFO: Condition for games:update everyFiveMinutes is false  
[2018-07-20 17:41:01] local.INFO: SCHEDULING for day Friday DATE : 2018-07-20 13:41:01  
[2018-07-20 17:41:01] local.INFO: Check invoices ...  
[2018-07-20 17:41:01] local.INFO: No pending invoices  
[2018-07-20 17:41:01] local.INFO: Checking invoices. Found 0  
[2018-07-20 17:41:03] local.INFO: Finished with updating invoices  
[2018-07-20 17:41:03] local.INFO: Check digital check ...  
[2018-07-20 17:41:03] local.INFO: Checking checks. Found 21  
[2018-07-20 17:42:01] local.INFO: SCHEDULING for day Friday DATE : 2018-07-20 13:42:01  
[2018-07-20 17:42:01] local.INFO: Check invoices ...  
[2018-07-20 17:42:02] local.INFO: No pending invoices  
[2018-07-20 17:42:02] local.INFO: Checking invoices. Found 0  
[2018-07-20 17:42:04] local.INFO: Finished with updating invoices  
[2018-07-20 17:42:04] local.INFO: Check digital check ...  
[2018-07-20 17:42:04] local.INFO: Checking checks. Found 21  
[2018-07-20 17:43:02] local.INFO: SCHEDULING for day Friday DATE : 2018-07-20 13:43:02  
[2018-07-20 17:43:02] local.INFO: Check invoices ...  
[2018-07-20 17:43:02] local.INFO: No pending invoices  
[2018-07-20 17:43:02] local.INFO: Checking invoices. Found 0  
[2018-07-20 17:43:05] local.INFO: Finished with updating invoices  
[2018-07-20 17:43:05] local.INFO: Check digital check ...  
[2018-07-20 17:43:05] local.INFO: Checking checks. Found 21  
[2018-07-20 17:44:01] local.INFO: SCHEDULING for day Friday DATE : 2018-07-20 13:44:01  
[2018-07-20 17:44:01] local.INFO: Check invoices ...  
[2018-07-20 17:44:01] local.INFO: No pending invoices  
[2018-07-20 17:44:01] local.INFO: Checking invoices. Found 0  
[2018-07-20 17:44:06] local.INFO: Finished with updating invoices  
[2018-07-20 17:44:06] local.INFO: Check digital check ...  
[2018-07-20 17:44:06] local.INFO: Checking checks. Found 21  
[2018-07-20 17:45:01] local.INFO: SCHEDULING for day Friday DATE : 2018-07-20 13:45:01  
[2018-07-20 17:45:01] local.INFO: Check invoices ...  
[2018-07-20 17:45:01] local.INFO: No pending invoices  
[2018-07-20 17:45:01] local.INFO: Checking invoices. Found 0  
[2018-07-20 17:45:06] local.INFO: Finished with updating invoices  
[2018-07-20 17:45:06] local.INFO: Check digital check ...  
[2018-07-20 17:45:06] local.INFO: Checking checks. Found 21  
[2018-07-20 17:45:07] local.INFO: Checking conditions for update::info everyFiveMinutes  
[2018-07-20 17:45:07] local.INFO: Checking conditions for games:update everyFiveMinutes  
[2018-07-20 17:45:07] local.INFO: Retrieving games in progress for games:update command everyFiveMinutes  
[2018-07-20 17:45:07] local.INFO: Retrieved games in progress for games:update command everyFiveMinutes[]  
[2018-07-20 17:45:07] local.INFO: Condition for games:update everyFiveMinutes is false  
[2018-07-20 17:46:01] local.INFO: SCHEDULING for day Friday DATE : 2018-07-20 13:46:01  
[2018-07-20 17:46:01] local.INFO: Check invoices ...  
[2018-07-20 17:46:01] local.INFO: No pending invoices  
[2018-07-20 17:46:01] local.INFO: Checking invoices. Found 0  
[2018-07-20 17:46:04] local.INFO: Finished with updating invoices  
[2018-07-20 17:46:04] local.INFO: Check digital check ...  
[2018-07-20 17:46:04] local.INFO: Checking checks. Found 21  
[2018-07-20 17:47:01] local.INFO: SCHEDULING for day Friday DATE : 2018-07-20 13:47:01  
[2018-07-20 17:47:01] local.INFO: Check invoices ...  
[2018-07-20 17:47:02] local.INFO: No pending invoices  
[2018-07-20 17:47:02] local.INFO: Checking invoices. Found 0  
[2018-07-20 17:47:04] local.INFO: Finished with updating invoices  
[2018-07-20 17:47:04] local.INFO: Check digital check ...  
[2018-07-20 17:47:04] local.INFO: Checking checks. Found 21  
[2018-07-20 17:48:01] local.INFO: SCHEDULING for day Friday DATE : 2018-07-20 13:48:01  
[2018-07-20 17:48:02] local.INFO: Check invoices ...  
[2018-07-20 17:48:02] local.INFO: No pending invoices  
[2018-07-20 17:48:02] local.INFO: Checking invoices. Found 0  
[2018-07-20 17:48:03] local.INFO: Finished with updating invoices  
[2018-07-20 17:48:03] local.INFO: Check digital check ...  
[2018-07-20 17:48:03] local.INFO: Checking checks. Found 21  
[2018-07-20 17:49:01] local.INFO: SCHEDULING for day Friday DATE : 2018-07-20 13:49:01  
[2018-07-20 17:49:02] local.INFO: Check invoices ...  
[2018-07-20 17:49:02] local.INFO: No pending invoices  
[2018-07-20 17:49:02] local.INFO: Checking invoices. Found 0  
[2018-07-20 17:49:04] local.INFO: Finished with updating invoices  
[2018-07-20 17:49:04] local.INFO: Check digital check ...  
[2018-07-20 17:49:04] local.INFO: Checking checks. Found 21  
[2018-07-20 17:50:02] local.INFO: SCHEDULING for day Friday DATE : 2018-07-20 13:50:02  
[2018-07-20 17:50:02] local.INFO: Update exchange ...  
[2018-07-20 17:50:05] local.INFO: Check invoices ...  
[2018-07-20 17:50:05] local.INFO: No pending invoices  
[2018-07-20 17:50:05] local.INFO: Checking invoices. Found 0  
[2018-07-20 17:50:10] local.INFO: Finished with updating invoices  
[2018-07-20 17:50:10] local.INFO: Check digital check ...  
[2018-07-20 17:50:10] local.INFO: Checking checks. Found 21  
[2018-07-20 17:50:11] local.INFO: Checking conditions for update::info everyFiveMinutes  
[2018-07-20 17:50:11] local.INFO: Checking conditions for games:update everyFiveMinutes  
[2018-07-20 17:50:11] local.INFO: Retrieving games in progress for games:update command everyFiveMinutes  
[2018-07-20 17:50:11] local.INFO: Retrieved games in progress for games:update command everyFiveMinutes[]  
[2018-07-20 17:50:11] local.INFO: Condition for games:update everyFiveMinutes is false  
[2018-07-20 17:51:01] local.INFO: SCHEDULING for day Friday DATE : 2018-07-20 13:51:01  
[2018-07-20 17:51:01] local.INFO: Check invoices ...  
[2018-07-20 17:51:01] local.INFO: No pending invoices  
[2018-07-20 17:51:01] local.INFO: Checking invoices. Found 0  
[2018-07-20 17:51:06] local.INFO: Finished with updating invoices  
[2018-07-20 17:51:06] local.INFO: Check digital check ...  
[2018-07-20 17:51:06] local.INFO: Checking checks. Found 21  
[2018-07-20 17:52:02] local.INFO: SCHEDULING for day Friday DATE : 2018-07-20 13:52:02  
[2018-07-20 17:52:02] local.INFO: Check invoices ...  
[2018-07-20 17:52:02] local.INFO: No pending invoices  
[2018-07-20 17:52:02] local.INFO: Checking invoices. Found 0  
[2018-07-20 17:52:04] local.INFO: Finished with updating invoices  
[2018-07-20 17:52:04] local.INFO: Check digital check ...  
[2018-07-20 17:52:04] local.INFO: Checking checks. Found 21  
[2018-07-20 17:53:01] local.INFO: SCHEDULING for day Friday DATE : 2018-07-20 13:53:01  
[2018-07-20 17:53:02] local.INFO: Check invoices ...  
[2018-07-20 17:53:02] local.INFO: No pending invoices  
[2018-07-20 17:53:02] local.INFO: Checking invoices. Found 0  
[2018-07-20 17:53:03] local.INFO: Finished with updating invoices  
[2018-07-20 17:53:03] local.INFO: Check digital check ...  
[2018-07-20 17:53:03] local.INFO: Checking checks. Found 21  
[2018-07-20 17:53:45] local.INFO: Getting info about slates ...  
[2018-07-20 17:53:45] local.INFO: Retrieving available slates ...  
[2018-07-20 17:53:45] local.INFO: Successfully retrieved available slates ...  
[2018-07-20 17:54:01] local.INFO: SCHEDULING for day Friday DATE : 2018-07-20 13:54:01  
[2018-07-20 17:54:01] local.INFO: Check invoices ...  
[2018-07-20 17:54:01] local.INFO: No pending invoices  
[2018-07-20 17:54:01] local.INFO: Checking invoices. Found 0  
[2018-07-20 17:54:03] local.INFO: Finished with updating invoices  
[2018-07-20 17:54:03] local.INFO: Check digital check ...  
[2018-07-20 17:54:03] local.INFO: Checking checks. Found 21  
[2018-07-20 17:55:01] local.INFO: SCHEDULING for day Friday DATE : 2018-07-20 13:55:01  
[2018-07-20 17:55:01] local.INFO: Check invoices ...  
[2018-07-20 17:55:01] local.INFO: No pending invoices  
[2018-07-20 17:55:01] local.INFO: Checking invoices. Found 0  
[2018-07-20 17:55:03] local.INFO: Finished with updating invoices  
[2018-07-20 17:55:03] local.INFO: Check digital check ...  
[2018-07-20 17:55:03] local.INFO: Checking checks. Found 21  
[2018-07-20 17:55:04] local.INFO: Checking conditions for update::info everyFiveMinutes  
[2018-07-20 17:55:04] local.INFO: Checking conditions for games:update everyFiveMinutes  
[2018-07-20 17:55:04] local.INFO: Retrieving games in progress for games:update command everyFiveMinutes  
[2018-07-20 17:55:04] local.INFO: Retrieved games in progress for games:update command everyFiveMinutes[]  
[2018-07-20 17:55:04] local.INFO: Condition for games:update everyFiveMinutes is false  
[2018-07-20 17:56:02] local.INFO: SCHEDULING for day Friday DATE : 2018-07-20 13:56:02  
[2018-07-20 17:56:02] local.INFO: Check invoices ...  
[2018-07-20 17:56:02] local.INFO: No pending invoices  
[2018-07-20 17:56:02] local.INFO: Checking invoices. Found 0  
[2018-07-20 17:56:03] local.INFO: Finished with updating invoices  
[2018-07-20 17:56:03] local.INFO: Check digital check ...  
[2018-07-20 17:56:03] local.INFO: Checking checks. Found 21  
[2018-07-20 17:57:01] local.INFO: SCHEDULING for day Friday DATE : 2018-07-20 13:57:01  
[2018-07-20 17:57:01] local.INFO: Check invoices ...  
[2018-07-20 17:57:01] local.INFO: No pending invoices  
[2018-07-20 17:57:01] local.INFO: Checking invoices. Found 0  
[2018-07-20 17:57:03] local.INFO: Finished with updating invoices  
[2018-07-20 17:57:03] local.INFO: Check digital check ...  
[2018-07-20 17:57:03] local.INFO: Checking checks. Found 21  
[2018-07-20 17:58:02] local.INFO: SCHEDULING for day Friday DATE : 2018-07-20 13:58:02  
[2018-07-20 17:58:02] local.INFO: Check invoices ...  
[2018-07-20 17:58:02] local.INFO: No pending invoices  
[2018-07-20 17:58:02] local.INFO: Checking invoices. Found 0  
[2018-07-20 17:58:04] local.INFO: Finished with updating invoices  
[2018-07-20 17:58:04] local.INFO: Check digital check ...  
[2018-07-20 17:58:04] local.INFO: Checking checks. Found 21  
[2018-07-20 17:59:01] local.INFO: SCHEDULING for day Friday DATE : 2018-07-20 13:59:01  
[2018-07-20 17:59:01] local.INFO: Check invoices ...  
[2018-07-20 17:59:01] local.INFO: No pending invoices  
[2018-07-20 17:59:01] local.INFO: Checking invoices. Found 0  
[2018-07-20 17:59:05] local.INFO: Finished with updating invoices  
[2018-07-20 17:59:05] local.INFO: Check digital check ...  
[2018-07-20 17:59:05] local.INFO: Checking checks. Found 21  
[2018-07-20 18:00:01] local.INFO: SCHEDULING for day Friday DATE : 2018-07-20 14:00:01  
[2018-07-20 18:00:01] local.INFO: Update exchange ...  
[2018-07-20 18:00:08] local.INFO: Check invoices ...  
[2018-07-20 18:00:08] local.INFO: No pending invoices  
[2018-07-20 18:00:08] local.INFO: Checking invoices. Found 0  
[2018-07-20 18:00:09] local.INFO: Finished with updating invoices  
[2018-07-20 18:00:09] local.INFO: Check digital check ...  
[2018-07-20 18:00:09] local.INFO: Checking checks. Found 21  
[2018-07-20 18:00:10] local.INFO: Checking conditions for update::info everyFiveMinutes  
[2018-07-20 18:00:10] local.INFO: Checking condition for timeframe:update hourly ...  
[2018-07-20 18:00:10] local.INFO: Condition for timeframe:update hourly for day condition is false  
[2018-07-20 18:00:10] local.INFO: Checking conditions for games:update everyFiveMinutes  
[2018-07-20 18:00:10] local.INFO: Retrieving games in progress for games:update command everyFiveMinutes  
[2018-07-20 18:00:10] local.INFO: Retrieved games in progress for games:update command everyFiveMinutes[]  
[2018-07-20 18:00:10] local.INFO: Condition for games:update everyFiveMinutes is false  
[2018-07-20 18:00:10] local.INFO: Checking condition for playerInfo:update hourly   
[2018-07-20 18:00:10] local.INFO: Condition for playerInfo:update hourly is false  
[2018-07-20 18:00:10] local.INFO: Checking condition for playerStats:update hourly  
[2018-07-20 18:00:10] local.INFO: Checking condition for liveStats:update everyThirtyMinutes  
[2018-07-20 18:01:01] local.INFO: SCHEDULING for day Friday DATE : 2018-07-20 14:01:01  
[2018-07-20 18:01:01] local.INFO: Check invoices ...  
[2018-07-20 18:01:01] local.INFO: No pending invoices  
[2018-07-20 18:01:01] local.INFO: Checking invoices. Found 0  
[2018-07-20 18:01:06] local.INFO: Finished with updating invoices  
[2018-07-20 18:01:06] local.INFO: Check digital check ...  
[2018-07-20 18:01:06] local.INFO: Checking checks. Found 21  
[2018-07-20 18:02:01] local.INFO: SCHEDULING for day Friday DATE : 2018-07-20 14:02:01  
[2018-07-20 18:02:01] local.INFO: Check invoices ...  
[2018-07-20 18:02:01] local.INFO: No pending invoices  
[2018-07-20 18:02:01] local.INFO: Checking invoices. Found 0  
[2018-07-20 18:02:05] local.INFO: Finished with updating invoices  
[2018-07-20 18:02:05] local.INFO: Check digital check ...  
[2018-07-20 18:02:05] local.INFO: Checking checks. Found 21  
[2018-07-20 18:03:01] local.INFO: SCHEDULING for day Friday DATE : 2018-07-20 14:03:01  
[2018-07-20 18:03:01] local.INFO: Check invoices ...  
[2018-07-20 18:03:01] local.INFO: No pending invoices  
[2018-07-20 18:03:01] local.INFO: Checking invoices. Found 0  
[2018-07-20 18:03:05] local.INFO: Finished with updating invoices  
[2018-07-20 18:03:05] local.INFO: Check digital check ...  
[2018-07-20 18:03:05] local.INFO: Checking checks. Found 21  
[2018-07-20 18:04:01] local.INFO: SCHEDULING for day Friday DATE : 2018-07-20 14:04:01  
[2018-07-20 18:04:01] local.INFO: Check invoices ...  
[2018-07-20 18:04:01] local.INFO: No pending invoices  
[2018-07-20 18:04:01] local.INFO: Checking invoices. Found 0  
[2018-07-20 18:04:03] local.INFO: Finished with updating invoices  
[2018-07-20 18:04:03] local.INFO: Check digital check ...  
[2018-07-20 18:04:03] local.INFO: Checking checks. Found 21  
[2018-07-20 18:05:01] local.INFO: SCHEDULING for day Friday DATE : 2018-07-20 14:05:01  
[2018-07-20 18:05:01] local.INFO: Check invoices ...  
[2018-07-20 18:05:01] local.INFO: No pending invoices  
[2018-07-20 18:05:01] local.INFO: Checking invoices. Found 0  
[2018-07-20 18:05:02] local.INFO: Finished with updating invoices  
[2018-07-20 18:05:02] local.INFO: Check digital check ...  
[2018-07-20 18:05:02] local.INFO: Checking checks. Found 21  
[2018-07-20 18:05:03] local.INFO: Checking conditions for update::info everyFiveMinutes  
[2018-07-20 18:05:03] local.INFO: Checking conditions for games:update everyFiveMinutes  
[2018-07-20 18:05:03] local.INFO: Retrieving games in progress for games:update command everyFiveMinutes  
[2018-07-20 18:05:03] local.INFO: Retrieved games in progress for games:update command everyFiveMinutes[]  
[2018-07-20 18:05:03] local.INFO: Condition for games:update everyFiveMinutes is false  
[2018-07-20 18:06:02] local.INFO: SCHEDULING for day Friday DATE : 2018-07-20 14:06:02  
[2018-07-20 18:06:02] local.INFO: Check invoices ...  
[2018-07-20 18:06:02] local.INFO: No pending invoices  
[2018-07-20 18:06:02] local.INFO: Checking invoices. Found 0  
[2018-07-20 18:06:03] local.INFO: Finished with updating invoices  
[2018-07-20 18:06:03] local.INFO: Check digital check ...  
[2018-07-20 18:06:03] local.INFO: Checking checks. Found 21  
[2018-07-20 18:07:01] local.INFO: SCHEDULING for day Friday DATE : 2018-07-20 14:07:01  
[2018-07-20 18:07:01] local.INFO: Check invoices ...  
[2018-07-20 18:07:01] local.INFO: No pending invoices  
[2018-07-20 18:07:01] local.INFO: Checking invoices. Found 0  
[2018-07-20 18:07:03] local.INFO: Finished with updating invoices  
[2018-07-20 18:07:03] local.INFO: Check digital check ...  
[2018-07-20 18:07:03] local.INFO: Checking checks. Found 21  
[2018-07-20 18:08:01] local.INFO: SCHEDULING for day Friday DATE : 2018-07-20 14:08:01  
[2018-07-20 18:08:01] local.INFO: Check invoices ...  
[2018-07-20 18:08:01] local.INFO: No pending invoices  
[2018-07-20 18:08:01] local.INFO: Checking invoices. Found 0  
[2018-07-20 18:08:06] local.INFO: Finished with updating invoices  
[2018-07-20 18:08:06] local.INFO: Check digital check ...  
[2018-07-20 18:08:06] local.INFO: Checking checks. Found 21  
[2018-07-20 18:09:01] local.INFO: SCHEDULING for day Friday DATE : 2018-07-20 14:09:01  
[2018-07-20 18:09:01] local.INFO: Check invoices ...  
[2018-07-20 18:09:01] local.INFO: No pending invoices  
[2018-07-20 18:09:01] local.INFO: Checking invoices. Found 0  
[2018-07-20 18:09:03] local.INFO: Finished with updating invoices  
[2018-07-20 18:09:03] local.INFO: Check digital check ...  
[2018-07-20 18:09:03] local.INFO: Checking checks. Found 21  
[2018-07-20 18:10:02] local.INFO: SCHEDULING for day Friday DATE : 2018-07-20 14:10:02  
[2018-07-20 18:10:02] local.INFO: Update exchange ...  
[2018-07-20 18:10:03] local.INFO: Check invoices ...  
[2018-07-20 18:10:03] local.INFO: No pending invoices  
[2018-07-20 18:10:03] local.INFO: Checking invoices. Found 0  
[2018-07-20 18:10:05] local.INFO: Finished with updating invoices  
[2018-07-20 18:10:05] local.INFO: Check digital check ...  
[2018-07-20 18:10:05] local.INFO: Checking checks. Found 21  
[2018-07-20 18:10:07] local.INFO: Checking conditions for update::info everyFiveMinutes  
[2018-07-20 18:10:07] local.INFO: Checking conditions for games:update everyFiveMinutes  
[2018-07-20 18:10:07] local.INFO: Retrieving games in progress for games:update command everyFiveMinutes  
[2018-07-20 18:10:07] local.INFO: Retrieved games in progress for games:update command everyFiveMinutes[]  
[2018-07-20 18:10:07] local.INFO: Condition for games:update everyFiveMinutes is false  
[2018-07-20 18:11:01] local.INFO: SCHEDULING for day Friday DATE : 2018-07-20 14:11:01  
[2018-07-20 18:11:01] local.INFO: Check invoices ...  
[2018-07-20 18:11:01] local.INFO: No pending invoices  
[2018-07-20 18:11:01] local.INFO: Checking invoices. Found 0  
[2018-07-20 18:11:03] local.INFO: Finished with updating invoices  
[2018-07-20 18:11:03] local.INFO: Check digital check ...  
[2018-07-20 18:11:03] local.INFO: Checking checks. Found 21  
[2018-07-20 18:11:04] local.INFO: Checking conditions for update::info hourly  
[2018-07-20 18:11:04] local.INFO: Condition is true for update:info hourly  
[2018-07-20 18:11:05] local.INFO: SCHEDULING for day Friday DATE : 2018-07-20 14:11:05  
[2018-07-20 18:11:05] local.INFO: Updating data ...  
[2018-07-20 18:11:05] local.INFO: Updating live games results => 2018-07-20 14:11:05  
[2018-07-20 18:11:05] local.INFO: DATE : 2018-07-20 14:11:05  
[2018-07-20 18:11:05] local.INFO: Updated 0 games to LIVE status  
[2018-07-20 18:11:05] local.INFO: Updating live players results => 2018-07-20 14:11:05  
[2018-07-20 18:11:05] local.INFO: Updated  live players  
[2018-07-20 18:11:05] local.INFO: Update finished players 2018-07-20 14:11:05  
[2018-07-20 18:11:05] local.INFO: Updated 0 finished players  
[2018-07-20 18:11:05] local.INFO: Updating slates status => 2018-07-20 14:11:05  
[2018-07-20 18:11:05] local.INFO: Updated active slates to LIVE status of  0 slates successfully.  
[2018-07-20 18:11:05] local.INFO: Updated slate to HISTORY status  0 slates successfully.  
[2018-07-20 18:11:05] local.INFO: Successfully updated 0 slates  
[2018-07-20 18:11:05] local.INFO: Updating contests  2018-07-20 14:11:05  
[2018-07-20 18:11:05] local.INFO: Updated 0 to CANCELLED status  
[2018-07-20 18:11:05] local.INFO: Updated 0 contests to HISTORY status  
[2018-07-20 18:11:05] local.INFO: Updated 0 contests to LIVE status  
[2018-07-20 18:11:05] local.INFO: Updating ENDED contests  2018-07-20 14:11:05  
[2018-07-20 18:11:05] local.INFO: Updated 0 contests results  
[2018-07-20 18:11:05] local.INFO: Updating LIVE contests  2018-07-20 14:11:05  
[2018-07-20 18:11:05] local.INFO: Updated 0 contests results  
[2018-07-20 18:11:05] local.INFO: Updating ENDED contests  2018-07-20 14:11:05  
[2018-07-20 18:11:05] local.INFO: Updated 0 contests results  
[2018-07-20 18:12:01] local.INFO: SCHEDULING for day Friday DATE : 2018-07-20 14:12:01  
[2018-07-20 18:12:01] local.INFO: Check invoices ...  
[2018-07-20 18:12:01] local.INFO: No pending invoices  
[2018-07-20 18:12:01] local.INFO: Checking invoices. Found 0  
[2018-07-20 18:12:02] local.INFO: Finished with updating invoices  
[2018-07-20 18:12:02] local.INFO: Check digital check ...  
[2018-07-20 18:12:02] local.INFO: Checking checks. Found 21  
[2018-07-20 18:13:02] local.INFO: SCHEDULING for day Friday DATE : 2018-07-20 14:13:02  
[2018-07-20 18:13:02] local.INFO: Check invoices ...  
[2018-07-20 18:13:02] local.INFO: No pending invoices  
[2018-07-20 18:13:02] local.INFO: Checking invoices. Found 0  
[2018-07-20 18:13:04] local.INFO: Finished with updating invoices  
[2018-07-20 18:13:04] local.INFO: Check digital check ...  
[2018-07-20 18:13:04] local.INFO: Checking checks. Found 21  
[2018-07-20 18:14:01] local.INFO: SCHEDULING for day Friday DATE : 2018-07-20 14:14:01  
[2018-07-20 18:14:01] local.INFO: Check invoices ...  
[2018-07-20 18:14:01] local.INFO: No pending invoices  
[2018-07-20 18:14:01] local.INFO: Checking invoices. Found 0  
[2018-07-20 18:14:03] local.INFO: Finished with updating invoices  
[2018-07-20 18:14:03] local.INFO: Check digital check ...  
[2018-07-20 18:14:03] local.INFO: Checking checks. Found 21  
[2018-07-20 18:15:02] local.INFO: SCHEDULING for day Friday DATE : 2018-07-20 14:15:02  
[2018-07-20 18:15:02] local.INFO: Check invoices ...  
[2018-07-20 18:15:02] local.INFO: No pending invoices  
[2018-07-20 18:15:02] local.INFO: Checking invoices. Found 0  
[2018-07-20 18:15:04] local.INFO: Finished with updating invoices  
[2018-07-20 18:15:04] local.INFO: Check digital check ...  
[2018-07-20 18:15:04] local.INFO: Checking checks. Found 21  
[2018-07-20 18:15:05] local.INFO: Checking conditions for update::info everyFiveMinutes  
[2018-07-20 18:15:05] local.INFO: Checking conditions for games:update everyFiveMinutes  
[2018-07-20 18:15:05] local.INFO: Retrieving games in progress for games:update command everyFiveMinutes  
[2018-07-20 18:15:05] local.INFO: Retrieved games in progress for games:update command everyFiveMinutes[]  
[2018-07-20 18:15:05] local.INFO: Condition for games:update everyFiveMinutes is false  
[2018-07-20 18:16:01] local.INFO: SCHEDULING for day Friday DATE : 2018-07-20 14:16:01  
[2018-07-20 18:16:01] local.INFO: Check invoices ...  
[2018-07-20 18:16:01] local.INFO: No pending invoices  
[2018-07-20 18:16:01] local.INFO: Checking invoices. Found 0  
[2018-07-20 18:16:03] local.INFO: Finished with updating invoices  
[2018-07-20 18:16:03] local.INFO: Check digital check ...  
[2018-07-20 18:16:03] local.INFO: Checking checks. Found 21  
[2018-07-20 18:17:02] local.INFO: SCHEDULING for day Friday DATE : 2018-07-20 14:17:02  
[2018-07-20 18:17:02] local.INFO: Check invoices ...  
[2018-07-20 18:17:02] local.INFO: No pending invoices  
[2018-07-20 18:17:02] local.INFO: Checking invoices. Found 0  
[2018-07-20 18:17:05] local.INFO: Finished with updating invoices  
[2018-07-20 18:17:05] local.INFO: Check digital check ...  
[2018-07-20 18:17:05] local.INFO: Checking checks. Found 21  
[2018-07-20 18:18:01] local.INFO: SCHEDULING for day Friday DATE : 2018-07-20 14:18:01  
[2018-07-20 18:18:01] local.INFO: Check invoices ...  
[2018-07-20 18:18:01] local.INFO: No pending invoices  
[2018-07-20 18:18:01] local.INFO: Checking invoices. Found 0  
[2018-07-20 18:18:02] local.INFO: Finished with updating invoices  
[2018-07-20 18:18:02] local.INFO: Check digital check ...  
[2018-07-20 18:18:02] local.INFO: Checking checks. Found 21  
[2018-07-20 18:19:01] local.INFO: SCHEDULING for day Friday DATE : 2018-07-20 14:19:01  
[2018-07-20 18:19:01] local.INFO: Check invoices ...  
[2018-07-20 18:19:01] local.INFO: No pending invoices  
[2018-07-20 18:19:01] local.INFO: Checking invoices. Found 0  
[2018-07-20 18:19:03] local.INFO: Finished with updating invoices  
[2018-07-20 18:19:03] local.INFO: Check digital check ...  
[2018-07-20 18:19:03] local.INFO: Checking checks. Found 21  
[2018-07-20 18:20:01] local.INFO: SCHEDULING for day Friday DATE : 2018-07-20 14:20:01  
[2018-07-20 18:20:01] local.INFO: Update exchange ...  
[2018-07-20 18:20:05] local.INFO: Check invoices ...  
[2018-07-20 18:20:05] local.INFO: No pending invoices  
[2018-07-20 18:20:05] local.INFO: Checking invoices. Found 0  
[2018-07-20 18:20:06] local.INFO: Finished with updating invoices  
[2018-07-20 18:20:06] local.INFO: Check digital check ...  
[2018-07-20 18:20:06] local.INFO: Checking checks. Found 21  
[2018-07-20 18:20:07] local.INFO: Checking conditions for update::info everyFiveMinutes  
[2018-07-20 18:20:07] local.INFO: Checking conditions for games:update everyFiveMinutes  
[2018-07-20 18:20:07] local.INFO: Retrieving games in progress for games:update command everyFiveMinutes  
[2018-07-20 18:20:07] local.INFO: Retrieved games in progress for games:update command everyFiveMinutes[]  
[2018-07-20 18:20:07] local.INFO: Condition for games:update everyFiveMinutes is false  
[2018-07-20 18:21:02] local.INFO: SCHEDULING for day Friday DATE : 2018-07-20 14:21:02  
[2018-07-20 18:21:02] local.INFO: Check invoices ...  
[2018-07-20 18:21:02] local.INFO: No pending invoices  
[2018-07-20 18:21:02] local.INFO: Checking invoices. Found 0  
[2018-07-20 18:21:04] local.INFO: Finished with updating invoices  
[2018-07-20 18:21:04] local.INFO: Check digital check ...  
[2018-07-20 18:21:04] local.INFO: Checking checks. Found 21  
[2018-07-20 18:22:01] local.INFO: SCHEDULING for day Friday DATE : 2018-07-20 14:22:01  
[2018-07-20 18:22:01] local.INFO: Check invoices ...  
[2018-07-20 18:22:01] local.INFO: No pending invoices  
[2018-07-20 18:22:01] local.INFO: Checking invoices. Found 0  
[2018-07-20 18:22:04] local.INFO: Finished with updating invoices  
[2018-07-20 18:22:04] local.INFO: Check digital check ...  
[2018-07-20 18:22:04] local.INFO: Checking checks. Found 21  
[2018-07-20 18:23:01] local.INFO: SCHEDULING for day Friday DATE : 2018-07-20 14:23:01  
[2018-07-20 18:23:01] local.INFO: Check invoices ...  
[2018-07-20 18:23:01] local.INFO: No pending invoices  
[2018-07-20 18:23:01] local.INFO: Checking invoices. Found 0  
[2018-07-20 18:23:02] local.INFO: Finished with updating invoices  
[2018-07-20 18:23:02] local.INFO: Check digital check ...  
[2018-07-20 18:23:02] local.INFO: Checking checks. Found 21  
[2018-07-20 18:24:01] local.INFO: SCHEDULING for day Friday DATE : 2018-07-20 14:24:01  
[2018-07-20 18:24:01] local.INFO: Check invoices ...  
[2018-07-20 18:24:01] local.INFO: No pending invoices  
[2018-07-20 18:24:01] local.INFO: Checking invoices. Found 0  
[2018-07-20 18:24:02] local.INFO: Finished with updating invoices  
[2018-07-20 18:24:02] local.INFO: Check digital check ...  
[2018-07-20 18:24:02] local.INFO: Checking checks. Found 21  
[2018-07-20 18:25:01] local.INFO: SCHEDULING for day Friday DATE : 2018-07-20 14:25:01  
[2018-07-20 18:25:01] local.INFO: Check invoices ...  
[2018-07-20 18:25:01] local.INFO: No pending invoices  
[2018-07-20 18:25:01] local.INFO: Checking invoices. Found 0  
[2018-07-20 18:25:03] local.INFO: Finished with updating invoices  
[2018-07-20 18:25:03] local.INFO: Check digital check ...  
[2018-07-20 18:25:03] local.INFO: Checking checks. Found 21  
[2018-07-20 18:25:04] local.INFO: Checking conditions for update::info everyFiveMinutes  
[2018-07-20 18:25:04] local.INFO: Checking conditions for games:update everyFiveMinutes  
[2018-07-20 18:25:04] local.INFO: Retrieving games in progress for games:update command everyFiveMinutes  
[2018-07-20 18:25:04] local.INFO: Retrieved games in progress for games:update command everyFiveMinutes[]  
[2018-07-20 18:25:04] local.INFO: Condition for games:update everyFiveMinutes is false  
[2018-07-20 18:26:01] local.INFO: SCHEDULING for day Friday DATE : 2018-07-20 14:26:01  
[2018-07-20 18:26:02] local.INFO: Check invoices ...  
[2018-07-20 18:26:02] local.INFO: No pending invoices  
[2018-07-20 18:26:02] local.INFO: Checking invoices. Found 0  
[2018-07-20 18:26:04] local.INFO: Finished with updating invoices  
[2018-07-20 18:26:04] local.INFO: Check digital check ...  
[2018-07-20 18:26:04] local.INFO: Checking checks. Found 21  
[2018-07-20 18:27:02] local.INFO: SCHEDULING for day Friday DATE : 2018-07-20 14:27:02  
[2018-07-20 18:27:02] local.INFO: Check invoices ...  
[2018-07-20 18:27:02] local.INFO: No pending invoices  
[2018-07-20 18:27:02] local.INFO: Checking invoices. Found 0  
[2018-07-20 18:27:05] local.INFO: Finished with updating invoices  
[2018-07-20 18:27:05] local.INFO: Check digital check ...  
[2018-07-20 18:27:05] local.INFO: Checking checks. Found 21  
[2018-07-20 18:28:01] local.INFO: SCHEDULING for day Friday DATE : 2018-07-20 14:28:01  
[2018-07-20 18:28:01] local.INFO: Check invoices ...  
[2018-07-20 18:28:01] local.INFO: No pending invoices  
[2018-07-20 18:28:01] local.INFO: Checking invoices. Found 0  
[2018-07-20 18:28:03] local.INFO: Finished with updating invoices  
[2018-07-20 18:28:03] local.INFO: Check digital check ...  
[2018-07-20 18:28:03] local.INFO: Checking checks. Found 21  
[2018-07-20 18:29:01] local.INFO: SCHEDULING for day Friday DATE : 2018-07-20 14:29:01  
[2018-07-20 18:29:01] local.INFO: Check invoices ...  
[2018-07-20 18:29:01] local.INFO: No pending invoices  
[2018-07-20 18:29:01] local.INFO: Checking invoices. Found 0  
[2018-07-20 18:29:03] local.INFO: Finished with updating invoices  
[2018-07-20 18:29:03] local.INFO: Check digital check ...  
[2018-07-20 18:29:03] local.INFO: Checking checks. Found 21  
[2018-07-20 18:30:01] local.INFO: SCHEDULING for day Friday DATE : 2018-07-20 14:30:01  
[2018-07-20 18:30:01] local.INFO: Update exchange ...  
[2018-07-20 18:30:02] local.INFO: Check invoices ...  
[2018-07-20 18:30:02] local.INFO: No pending invoices  
[2018-07-20 18:30:02] local.INFO: Checking invoices. Found 0  
[2018-07-20 18:30:03] local.INFO: Finished with updating invoices  
[2018-07-20 18:30:03] local.INFO: Check digital check ...  
[2018-07-20 18:30:03] local.INFO: Checking checks. Found 21  
[2018-07-20 18:30:04] local.INFO: Checking conditions for update::info everyFiveMinutes  
[2018-07-20 18:30:04] local.INFO: Checking conditions for games:update everyFiveMinutes  
[2018-07-20 18:30:04] local.INFO: Retrieving games in progress for games:update command everyFiveMinutes  
[2018-07-20 18:30:04] local.INFO: Retrieved games in progress for games:update command everyFiveMinutes[]  
[2018-07-20 18:30:04] local.INFO: Condition for games:update everyFiveMinutes is false  
[2018-07-20 18:30:04] local.INFO: Checking condition for liveStats:update everyThirtyMinutes  
[2018-07-20 18:31:01] local.INFO: SCHEDULING for day Friday DATE : 2018-07-20 14:31:01  
[2018-07-20 18:31:02] local.INFO: Check invoices ...  
[2018-07-20 18:31:02] local.INFO: No pending invoices  
[2018-07-20 18:31:02] local.INFO: Checking invoices. Found 0  
[2018-07-20 18:31:04] local.INFO: Finished with updating invoices  
[2018-07-20 18:31:04] local.INFO: Check digital check ...  
[2018-07-20 18:31:04] local.INFO: Checking checks. Found 21  
[2018-07-20 18:32:01] local.INFO: SCHEDULING for day Friday DATE : 2018-07-20 14:32:01  
[2018-07-20 18:32:01] local.INFO: Check invoices ...  
[2018-07-20 18:32:01] local.INFO: No pending invoices  
[2018-07-20 18:32:01] local.INFO: Checking invoices. Found 0  
[2018-07-20 18:32:02] local.INFO: Finished with updating invoices  
[2018-07-20 18:32:02] local.INFO: Check digital check ...  
[2018-07-20 18:32:02] local.INFO: Checking checks. Found 21  
[2018-07-20 18:33:01] local.INFO: SCHEDULING for day Friday DATE : 2018-07-20 14:33:01  
[2018-07-20 18:33:01] local.INFO: Check invoices ...  
[2018-07-20 18:33:01] local.INFO: No pending invoices  
[2018-07-20 18:33:01] local.INFO: Checking invoices. Found 0  
[2018-07-20 18:33:02] local.INFO: Finished with updating invoices  
[2018-07-20 18:33:02] local.INFO: Check digital check ...  
[2018-07-20 18:33:02] local.INFO: Checking checks. Found 21  
[2018-07-20 18:34:01] local.INFO: SCHEDULING for day Friday DATE : 2018-07-20 14:34:01  
[2018-07-20 18:34:01] local.INFO: Check invoices ...  
[2018-07-20 18:34:01] local.INFO: No pending invoices  
[2018-07-20 18:34:01] local.INFO: Checking invoices. Found 0  
[2018-07-20 18:34:03] local.INFO: Finished with updating invoices  
[2018-07-20 18:34:03] local.INFO: Check digital check ...  
[2018-07-20 18:34:03] local.INFO: Checking checks. Found 21  
[2018-07-20 18:35:01] local.INFO: SCHEDULING for day Friday DATE : 2018-07-20 14:35:01  
[2018-07-20 18:35:02] local.INFO: Check invoices ...  
[2018-07-20 18:35:02] local.INFO: No pending invoices  
[2018-07-20 18:35:02] local.INFO: Checking invoices. Found 0  
[2018-07-20 18:35:04] local.INFO: Finished with updating invoices  
[2018-07-20 18:35:04] local.INFO: Check digital check ...  
[2018-07-20 18:35:04] local.INFO: Checking checks. Found 21  
[2018-07-20 18:35:05] local.INFO: Checking conditions for update::info everyFiveMinutes  
[2018-07-20 18:35:05] local.INFO: Checking conditions for games:update everyFiveMinutes  
[2018-07-20 18:35:05] local.INFO: Retrieving games in progress for games:update command everyFiveMinutes  
[2018-07-20 18:35:05] local.INFO: Retrieved games in progress for games:update command everyFiveMinutes[]  
[2018-07-20 18:35:05] local.INFO: Condition for games:update everyFiveMinutes is false  
[2018-07-20 18:36:01] local.INFO: SCHEDULING for day Friday DATE : 2018-07-20 14:36:01  
[2018-07-20 18:36:01] local.INFO: Check invoices ...  
[2018-07-20 18:36:01] local.INFO: No pending invoices  
[2018-07-20 18:36:01] local.INFO: Checking invoices. Found 0  
[2018-07-20 18:36:03] local.INFO: Finished with updating invoices  
[2018-07-20 18:36:03] local.INFO: Check digital check ...  
[2018-07-20 18:36:03] local.INFO: Checking checks. Found 21  
[2018-07-20 18:37:01] local.INFO: SCHEDULING for day Friday DATE : 2018-07-20 14:37:01  
[2018-07-20 18:37:01] local.INFO: Check invoices ...  
[2018-07-20 18:37:01] local.INFO: No pending invoices  
[2018-07-20 18:37:01] local.INFO: Checking invoices. Found 0  
[2018-07-20 18:37:03] local.INFO: Finished with updating invoices  
[2018-07-20 18:37:03] local.INFO: Check digital check ...  
[2018-07-20 18:37:03] local.INFO: Checking checks. Found 21  
[2018-07-20 18:38:01] local.INFO: SCHEDULING for day Friday DATE : 2018-07-20 14:38:01  
[2018-07-20 18:38:01] local.INFO: Check invoices ...  
[2018-07-20 18:38:01] local.INFO: No pending invoices  
[2018-07-20 18:38:01] local.INFO: Checking invoices. Found 0  
[2018-07-20 18:38:03] local.INFO: Finished with updating invoices  
[2018-07-20 18:38:03] local.INFO: Check digital check ...  
[2018-07-20 18:38:03] local.INFO: Checking checks. Found 21  
[2018-07-20 18:39:01] local.INFO: SCHEDULING for day Friday DATE : 2018-07-20 14:39:01  
[2018-07-20 18:39:01] local.INFO: Check invoices ...  
[2018-07-20 18:39:01] local.INFO: No pending invoices  
[2018-07-20 18:39:01] local.INFO: Checking invoices. Found 0  
[2018-07-20 18:39:03] local.INFO: Finished with updating invoices  
[2018-07-20 18:39:03] local.INFO: Check digital check ...  
[2018-07-20 18:39:03] local.INFO: Checking checks. Found 21  
[2018-07-20 18:40:01] local.INFO: SCHEDULING for day Friday DATE : 2018-07-20 14:40:01  
[2018-07-20 18:40:01] local.INFO: Update exchange ...  
[2018-07-20 18:40:02] local.INFO: Check invoices ...  
[2018-07-20 18:40:02] local.INFO: No pending invoices  
[2018-07-20 18:40:02] local.INFO: Checking invoices. Found 0  
[2018-07-20 18:40:04] local.INFO: Finished with updating invoices  
[2018-07-20 18:40:04] local.INFO: Check digital check ...  
[2018-07-20 18:40:04] local.INFO: Checking checks. Found 21  
[2018-07-20 18:40:05] local.INFO: Checking conditions for update::info everyFiveMinutes  
[2018-07-20 18:40:05] local.INFO: Checking conditions for games:update everyFiveMinutes  
[2018-07-20 18:40:05] local.INFO: Retrieving games in progress for games:update command everyFiveMinutes  
[2018-07-20 18:40:05] local.INFO: Retrieved games in progress for games:update command everyFiveMinutes[]  
[2018-07-20 18:40:05] local.INFO: Condition for games:update everyFiveMinutes is false  
[2018-07-20 18:41:01] local.INFO: SCHEDULING for day Friday DATE : 2018-07-20 14:41:01  
[2018-07-20 18:41:01] local.INFO: Check invoices ...  
[2018-07-20 18:41:01] local.INFO: No pending invoices  
[2018-07-20 18:41:01] local.INFO: Checking invoices. Found 0  
[2018-07-20 18:41:03] local.INFO: Finished with updating invoices  
[2018-07-20 18:41:03] local.INFO: Check digital check ...  
[2018-07-20 18:41:03] local.INFO: Checking checks. Found 21  
[2018-07-20 18:42:01] local.INFO: SCHEDULING for day Friday DATE : 2018-07-20 14:42:01  
[2018-07-20 18:42:01] local.INFO: Check invoices ...  
[2018-07-20 18:42:01] local.INFO: No pending invoices  
[2018-07-20 18:42:01] local.INFO: Checking invoices. Found 0  
[2018-07-20 18:42:02] local.INFO: Finished with updating invoices  
[2018-07-20 18:42:02] local.INFO: Check digital check ...  
[2018-07-20 18:42:02] local.INFO: Checking checks. Found 21  
[2018-07-20 18:42:49] local.INFO: SCHEDULING for day Friday DATE : 2018-07-20 14:42:49  
[2018-07-20 18:43:01] local.INFO: SCHEDULING for day Friday DATE : 2018-07-20 14:43:01  
[2018-07-20 18:43:01] local.INFO: Check invoices ...  
[2018-07-20 18:43:01] local.INFO: No pending invoices  
[2018-07-20 18:43:01] local.INFO: Checking invoices. Found 0  
[2018-07-20 18:43:02] local.INFO: Finished with updating invoices  
[2018-07-20 18:43:02] local.INFO: Check digital check ...  
[2018-07-20 18:43:02] local.INFO: Checking checks. Found 21  
[2018-07-20 18:44:01] local.INFO: SCHEDULING for day Friday DATE : 2018-07-20 14:44:01  
[2018-07-20 18:44:02] local.INFO: Check invoices ...  
[2018-07-20 18:44:02] local.INFO: No pending invoices  
[2018-07-20 18:44:02] local.INFO: Checking invoices. Found 0  
[2018-07-20 18:44:03] local.INFO: Finished with updating invoices  
[2018-07-20 18:44:03] local.INFO: Check digital check ...  
[2018-07-20 18:44:03] local.INFO: Checking checks. Found 21  
[2018-07-20 18:45:01] local.INFO: SCHEDULING for day Friday DATE : 2018-07-20 14:45:01  
[2018-07-20 18:45:01] local.INFO: Check invoices ...  
[2018-07-20 18:45:01] local.INFO: No pending invoices  
[2018-07-20 18:45:01] local.INFO: Checking invoices. Found 0  
[2018-07-20 18:45:03] local.INFO: Finished with updating invoices  
[2018-07-20 18:45:03] local.INFO: Check digital check ...  
[2018-07-20 18:45:03] local.INFO: Checking checks. Found 21  
[2018-07-20 18:45:04] local.INFO: Checking conditions for update::info everyFiveMinutes  
[2018-07-20 18:45:04] local.INFO: Checking conditions for games:update everyFiveMinutes  
[2018-07-20 18:45:04] local.INFO: Retrieving games in progress for games:update command everyFiveMinutes  
[2018-07-20 18:45:04] local.INFO: Retrieved games in progress for games:update command everyFiveMinutes[]  
[2018-07-20 18:45:04] local.INFO: Condition for games:update everyFiveMinutes is false  
[2018-07-20 18:46:01] local.INFO: SCHEDULING for day Friday DATE : 2018-07-20 14:46:01  
[2018-07-20 18:46:01] local.INFO: Check invoices ...  
[2018-07-20 18:46:01] local.INFO: No pending invoices  
[2018-07-20 18:46:01] local.INFO: Checking invoices. Found 0  
[2018-07-20 18:46:02] local.INFO: Finished with updating invoices  
[2018-07-20 18:46:02] local.INFO: Check digital check ...  
[2018-07-20 18:46:02] local.INFO: Checking checks. Found 21  
