[2018-07-04 18:19:02] local.INFO: SCHEDULING for day Wednesday DATE : 2018-07-04 14:19:02  
[2018-07-04 18:19:03] local.INFO: Check invoices ...  
[2018-07-04 18:19:03] local.INFO: No pending invoices  
[2018-07-04 18:19:03] local.INFO: Checking invoices. Found 0  
[2018-07-04 18:19:03] local.INFO: Finished with updating invoices  
[2018-07-04 18:20:01] local.INFO: SCHEDULING for day Wednesday DATE : 2018-07-04 14:20:01  
[2018-07-04 18:20:01] local.INFO: Update exchange ...  
[2018-07-04 18:20:03] local.INFO: Check invoices ...  
[2018-07-04 18:20:03] local.INFO: No pending invoices  
[2018-07-04 18:20:03] local.INFO: Checking invoices. Found 0  
[2018-07-04 18:20:03] local.INFO: Finished with updating invoices  
[2018-07-04 18:20:03] local.INFO: Checking conditions for update::info everyFiveMinutes  
[2018-07-04 18:20:03] local.INFO: Checking conditions for games:update everyFiveMinutes  
[2018-07-04 18:20:03] local.INFO: Condition for games:update everyFiveMinuets for day condition is false Wednesday  
[2018-07-04 18:21:02] local.INFO: SCHEDULING for day Wednesday DATE : 2018-07-04 14:21:02  
[2018-07-04 18:21:02] local.INFO: Check invoices ...  
[2018-07-04 18:21:02] local.INFO: No pending invoices  
[2018-07-04 18:21:02] local.INFO: Checking invoices. Found 0  
[2018-07-04 18:21:03] local.INFO: Finished with updating invoices  
[2018-07-04 18:22:02] local.INFO: SCHEDULING for day Wednesday DATE : 2018-07-04 14:22:02  
[2018-07-04 18:22:03] local.INFO: Check invoices ...  
[2018-07-04 18:22:03] local.INFO: No pending invoices  
[2018-07-04 18:22:03] local.INFO: Checking invoices. Found 0  
[2018-07-04 18:22:04] local.INFO: Finished with updating invoices  
[2018-07-04 18:23:01] local.INFO: SCHEDULING for day Wednesday DATE : 2018-07-04 14:23:01  
[2018-07-04 18:23:02] local.INFO: Check invoices ...  
[2018-07-04 18:23:02] local.INFO: No pending invoices  
[2018-07-04 18:23:02] local.INFO: Checking invoices. Found 0  
[2018-07-04 18:23:03] local.INFO: Finished with updating invoices  
[2018-07-04 18:24:01] local.INFO: SCHEDULING for day Wednesday DATE : 2018-07-04 14:24:01  
[2018-07-04 18:24:01] local.INFO: Check invoices ...  
[2018-07-04 18:24:01] local.INFO: No pending invoices  
[2018-07-04 18:24:01] local.INFO: Checking invoices. Found 0  
[2018-07-04 18:24:02] local.INFO: Finished with updating invoices  
[2018-07-04 18:25:02] local.INFO: SCHEDULING for day Wednesday DATE : 2018-07-04 14:25:02  
[2018-07-04 18:25:02] local.INFO: Check invoices ...  
[2018-07-04 18:25:02] local.INFO: No pending invoices  
[2018-07-04 18:25:02] local.INFO: Checking invoices. Found 0  
[2018-07-04 18:25:03] local.INFO: Finished with updating invoices  
[2018-07-04 18:25:03] local.INFO: Checking conditions for update::info everyFiveMinutes  
[2018-07-04 18:25:03] local.INFO: Checking conditions for games:update everyFiveMinutes  
[2018-07-04 18:25:03] local.INFO: Condition for games:update everyFiveMinuets for day condition is false Wednesday  
[2018-07-04 18:26:02] local.INFO: SCHEDULING for day Wednesday DATE : 2018-07-04 14:26:02  
[2018-07-04 18:26:03] local.INFO: Check invoices ...  
[2018-07-04 18:26:03] local.INFO: No pending invoices  
[2018-07-04 18:26:03] local.INFO: Checking invoices. Found 0  
[2018-07-04 18:26:03] local.INFO: Finished with updating invoices  
[2018-07-04 18:27:01] local.INFO: SCHEDULING for day Wednesday DATE : 2018-07-04 14:27:01  
[2018-07-04 18:27:02] local.INFO: Check invoices ...  
[2018-07-04 18:27:02] local.INFO: No pending invoices  
[2018-07-04 18:27:02] local.INFO: Checking invoices. Found 0  
[2018-07-04 18:27:02] local.INFO: Finished with updating invoices  
[2018-07-04 18:28:01] local.INFO: SCHEDULING for day Wednesday DATE : 2018-07-04 14:28:01  
[2018-07-04 18:28:01] local.INFO: Check invoices ...  
[2018-07-04 18:28:01] local.INFO: No pending invoices  
[2018-07-04 18:28:01] local.INFO: Checking invoices. Found 0  
[2018-07-04 18:28:02] local.INFO: Finished with updating invoices  
[2018-07-04 18:29:01] local.INFO: SCHEDULING for day Wednesday DATE : 2018-07-04 14:29:01  
[2018-07-04 18:29:01] local.INFO: Check invoices ...  
[2018-07-04 18:29:01] local.INFO: No pending invoices  
[2018-07-04 18:29:01] local.INFO: Checking invoices. Found 0  
[2018-07-04 18:29:02] local.INFO: Finished with updating invoices  
[2018-07-04 18:30:01] local.INFO: SCHEDULING for day Wednesday DATE : 2018-07-04 14:30:01  
[2018-07-04 18:30:02] local.INFO: Update exchange ...  
[2018-07-04 18:30:03] local.INFO: Check invoices ...  
[2018-07-04 18:30:03] local.INFO: No pending invoices  
[2018-07-04 18:30:03] local.INFO: Checking invoices. Found 0  
[2018-07-04 18:30:04] local.INFO: Finished with updating invoices  
[2018-07-04 18:30:04] local.INFO: Checking conditions for update::info everyFiveMinutes  
[2018-07-04 18:30:04] local.INFO: Checking conditions for games:update everyFiveMinutes  
[2018-07-04 18:30:04] local.INFO: Condition for games:update everyFiveMinuets for day condition is false Wednesday  
[2018-07-04 18:30:04] local.INFO: Checking condition for liveStats:update everyThirtyMinutes  
[2018-07-04 18:31:01] local.INFO: SCHEDULING for day Wednesday DATE : 2018-07-04 14:31:01  
[2018-07-04 18:31:01] local.INFO: Check invoices ...  
[2018-07-04 18:31:01] local.INFO: No pending invoices  
[2018-07-04 18:31:01] local.INFO: Checking invoices. Found 0  
[2018-07-04 18:31:02] local.INFO: Finished with updating invoices  
[2018-07-04 18:32:01] local.INFO: SCHEDULING for day Wednesday DATE : 2018-07-04 14:32:01  
[2018-07-04 18:32:01] local.INFO: Check invoices ...  
[2018-07-04 18:32:01] local.INFO: No pending invoices  
[2018-07-04 18:32:01] local.INFO: Checking invoices. Found 0  
[2018-07-04 18:32:02] local.INFO: Finished with updating invoices  
[2018-07-04 18:33:01] local.INFO: SCHEDULING for day Wednesday DATE : 2018-07-04 14:33:01  
[2018-07-04 18:33:01] local.INFO: Check invoices ...  
[2018-07-04 18:33:01] local.INFO: No pending invoices  
[2018-07-04 18:33:01] local.INFO: Checking invoices. Found 0  
[2018-07-04 18:33:02] local.INFO: Finished with updating invoices  
[2018-07-04 18:34:01] local.INFO: SCHEDULING for day Wednesday DATE : 2018-07-04 14:34:01  
[2018-07-04 18:34:01] local.INFO: Check invoices ...  
[2018-07-04 18:34:01] local.INFO: No pending invoices  
[2018-07-04 18:34:01] local.INFO: Checking invoices. Found 0  
[2018-07-04 18:34:02] local.INFO: Finished with updating invoices  
[2018-07-04 18:35:01] local.INFO: SCHEDULING for day Wednesday DATE : 2018-07-04 14:35:01  
[2018-07-04 18:35:01] local.INFO: Check invoices ...  
[2018-07-04 18:35:01] local.INFO: No pending invoices  
[2018-07-04 18:35:01] local.INFO: Checking invoices. Found 0  
[2018-07-04 18:35:02] local.INFO: Finished with updating invoices  
[2018-07-04 18:35:02] local.INFO: Checking conditions for update::info everyFiveMinutes  
[2018-07-04 18:35:02] local.INFO: Checking conditions for games:update everyFiveMinutes  
[2018-07-04 18:35:02] local.INFO: Condition for games:update everyFiveMinuets for day condition is false Wednesday  
[2018-07-04 18:36:01] local.INFO: SCHEDULING for day Wednesday DATE : 2018-07-04 14:36:01  
[2018-07-04 18:36:01] local.INFO: Check invoices ...  
[2018-07-04 18:36:01] local.INFO: No pending invoices  
[2018-07-04 18:36:01] local.INFO: Checking invoices. Found 0  
[2018-07-04 18:36:02] local.INFO: Finished with updating invoices  
[2018-07-04 18:37:01] local.INFO: SCHEDULING for day Wednesday DATE : 2018-07-04 14:37:01  
[2018-07-04 18:37:01] local.INFO: Check invoices ...  
[2018-07-04 18:37:01] local.INFO: No pending invoices  
[2018-07-04 18:37:01] local.INFO: Checking invoices. Found 0  
[2018-07-04 18:37:02] local.INFO: Finished with updating invoices  
[2018-07-04 18:38:01] local.INFO: SCHEDULING for day Wednesday DATE : 2018-07-04 14:38:01  
[2018-07-04 18:38:01] local.INFO: Check invoices ...  
[2018-07-04 18:38:01] local.INFO: No pending invoices  
[2018-07-04 18:38:01] local.INFO: Checking invoices. Found 0  
[2018-07-04 18:38:01] local.INFO: Finished with updating invoices  
[2018-07-04 18:39:01] local.INFO: SCHEDULING for day Wednesday DATE : 2018-07-04 14:39:01  
[2018-07-04 18:39:01] local.INFO: Check invoices ...  
[2018-07-04 18:39:01] local.INFO: No pending invoices  
[2018-07-04 18:39:01] local.INFO: Checking invoices. Found 0  
[2018-07-04 18:39:02] local.INFO: Finished with updating invoices  
