[2018-07-30 10:38:01] local.INFO: SCHEDULING for day Monday DATE : 2018-07-30 06:38:01  
[2018-07-30 10:38:01] local.INFO: Check invoices ...  
[2018-07-30 10:38:01] local.INFO: No pending invoices  
[2018-07-30 10:38:01] local.INFO: Checking invoices. Found 0  
[2018-07-30 10:38:01] local.INFO: Finished with updating invoices  
[2018-07-30 10:38:01] local.INFO: Check digital check ...  
[2018-07-30 10:38:01] local.INFO: Checking checks. Found 22  
[2018-07-30 10:39:01] local.INFO: SCHEDULING for day Monday DATE : 2018-07-30 06:39:01  
[2018-07-30 10:39:01] local.INFO: Check invoices ...  
[2018-07-30 10:39:01] local.INFO: No pending invoices  
[2018-07-30 10:39:01] local.INFO: Checking invoices. Found 0  
[2018-07-30 10:39:01] local.INFO: Finished with updating invoices  
[2018-07-30 10:39:01] local.INFO: Check digital check ...  
[2018-07-30 10:39:01] local.INFO: Checking checks. Found 22  
[2018-07-30 10:39:46] local.INFO: ************************  
[2018-07-30 10:39:46] local.INFO: array (
  'title' => NULL,
  'description' => NULL,
  'category' => '3',
  'color' => '#808080',
  'sections' => '[{"id":1,"sectionTitle":"dasd","sectionSubTitle":"ada","sectionDescription":"AdAA"}]',
  'coverImage' => 
  Illuminate\Http\UploadedFile::__set_state(array(
     'test' => false,
     'originalName' => 'Screenshot from 2018-07-23 12-58-14.png',
     'mimeType' => 'image/png',
     'size' => 525767,
     'error' => 0,
     'hashName' => NULL,
  )),
  'images' => 
  array (
    0 => 
    Illuminate\Http\UploadedFile::__set_state(array(
       'test' => false,
       'originalName' => '1',
       'mimeType' => 'image/png',
       'size' => 525767,
       'error' => 0,
       'hashName' => NULL,
    )),
  ),
)  
[2018-07-30 10:39:46] local.INFO: #########################  
[2018-07-30 10:39:46] local.ERROR: Symfony\Component\Debug\Exception\FatalThrowableError: Parse error: syntax error, unexpected '}', expecting ',' or ';' in /home/osboxes/Documents/projects/draftmatch/app/Http/HttpMessage.php:168
Stack trace:
#0 /home/osboxes/Documents/projects/draftmatch/vendor/composer/ClassLoader.php(322): Composer\Autoload\includeFile('/home/osboxes/D...')
#1 [internal function]: Composer\Autoload\ClassLoader->loadClass('App\\Http\\HttpMe...')
#2 /home/osboxes/Documents/projects/draftmatch/app/Http/Controllers/Api/v1/PostsController.php(314): spl_autoload_call('App\\Http\\HttpMe...')
#3 [internal function]: App\Http\Controllers\Api\v1\PostsController->store(Object(Illuminate\Http\Request))
#4 /home/osboxes/Documents/projects/draftmatch/vendor/laravel/framework/src/Illuminate/Routing/Controller.php(55): call_user_func_array(Array, Array)
#5 /home/osboxes/Documents/projects/draftmatch/vendor/laravel/framework/src/Illuminate/Routing/ControllerDispatcher.php(44): Illuminate\Routing\Controller->callAction('store', Array)
#6 /home/osboxes/Documents/projects/draftmatch/vendor/laravel/framework/src/Illuminate/Routing/Route.php(203): Illuminate\Routing\ControllerDispatcher->dispatch(Object(Illuminate\Routing\Route), Object(App\Http\Controllers\Api\v1\PostsController), 'store')
#7 /home/osboxes/Documents/projects/draftmatch/vendor/laravel/framework/src/Illuminate/Routing/Route.php(160): Illuminate\Routing\Route->runController()
#8 /home/osboxes/Documents/projects/draftmatch/vendor/laravel/framework/src/Illuminate/Routing/Router.php(572): Illuminate\Routing\Route->run()
#9 /home/osboxes/Documents/projects/draftmatch/vendor/laravel/framework/src/Illuminate/Routing/Pipeline.php(30): Illuminate\Routing\Router->Illuminate\Routing\{closure}(Object(Illuminate\Http\Request))
#10 /home/osboxes/Documents/projects/draftmatch/app/Http/Middleware/VerifyJWTToken.php(91): Illuminate\Routing\Pipeline->Illuminate\Routing\{closure}(Object(Illuminate\Http\Request))
#11 /home/osboxes/Documents/projects/draftmatch/vendor/laravel/framework/src/Illuminate/Pipeline/Pipeline.php(148): App\Http\Middleware\VerifyJWTToken->handle(Object(Illuminate\Http\Request), Object(Closure))
#12 /home/osboxes/Documents/projects/draftmatch/vendor/laravel/framework/src/Illuminate/Routing/Pipeline.php(53): Illuminate\Pipeline\Pipeline->Illuminate\Pipeline\{closure}(Object(Illuminate\Http\Request))
#13 /home/osboxes/Documents/projects/draftmatch/app/Http/Middleware/Cors.php(27): Illuminate\Routing\Pipeline->Illuminate\Routing\{closure}(Object(Illuminate\Http\Request))
#14 /home/osboxes/Documents/projects/draftmatch/vendor/laravel/framework/src/Illuminate/Pipeline/Pipeline.php(148): App\Http\Middleware\Cors->handle(Object(Illuminate\Http\Request), Object(Closure))
#15 /home/osboxes/Documents/projects/draftmatch/vendor/laravel/framework/src/Illuminate/Routing/Pipeline.php(53): Illuminate\Pipeline\Pipeline->Illuminate\Pipeline\{closure}(Object(Illuminate\Http\Request))
#16 /home/osboxes/Documents/projects/draftmatch/vendor/laravel/framework/src/Illuminate/Routing/Middleware/SubstituteBindings.php(41): Illuminate\Routing\Pipeline->Illuminate\Routing\{closure}(Object(Illuminate\Http\Request))
#17 /home/osboxes/Documents/projects/draftmatch/vendor/laravel/framework/src/Illuminate/Pipeline/Pipeline.php(148): Illuminate\Routing\Middleware\SubstituteBindings->handle(Object(Illuminate\Http\Request), Object(Closure))
#18 /home/osboxes/Documents/projects/draftmatch/vendor/laravel/framework/src/Illuminate/Routing/Pipeline.php(53): Illuminate\Pipeline\Pipeline->Illuminate\Pipeline\{closure}(Object(Illuminate\Http\Request))
#19 /home/osboxes/Documents/projects/draftmatch/vendor/laravel/framework/src/Illuminate/Routing/Middleware/ThrottleRequests.php(49): Illuminate\Routing\Pipeline->Illuminate\Routing\{closure}(Object(Illuminate\Http\Request))
#20 /home/osboxes/Documents/projects/draftmatch/vendor/laravel/framework/src/Illuminate/Pipeline/Pipeline.php(148): Illuminate\Routing\Middleware\ThrottleRequests->handle(Object(Illuminate\Http\Request), Object(Closure), '60', '1')
#21 /home/osboxes/Documents/projects/draftmatch/vendor/laravel/framework/src/Illuminate/Routing/Pipeline.php(53): Illuminate\Pipeline\Pipeline->Illuminate\Pipeline\{closure}(Object(Illuminate\Http\Request))
#22 /home/osboxes/Documents/projects/draftmatch/vendor/laravel/framework/src/Illuminate/Pipeline/Pipeline.php(102): Illuminate\Routing\Pipeline->Illuminate\Routing\{closure}(Object(Illuminate\Http\Request))
#23 /home/osboxes/Documents/projects/draftmatch/vendor/laravel/framework/src/Illuminate/Routing/Router.php(574): Illuminate\Pipeline\Pipeline->then(Object(Closure))
#24 /home/osboxes/Documents/projects/draftmatch/vendor/laravel/framework/src/Illuminate/Routing/Router.php(533): Illuminate\Routing\Router->runRouteWithinStack(Object(Illuminate\Routing\Route), Object(Illuminate\Http\Request))
#25 /home/osboxes/Documents/projects/draftmatch/vendor/laravel/framework/src/Illuminate/Routing/Router.php(511): Illuminate\Routing\Router->dispatchToRoute(Object(Illuminate\Http\Request))
#26 /home/osboxes/Documents/projects/draftmatch/vendor/laravel/framework/src/Illuminate/Foundation/Http/Kernel.php(176): Illuminate\Routing\Router->dispatch(Object(Illuminate\Http\Request))
#27 /home/osboxes/Documents/projects/draftmatch/vendor/laravel/framework/src/Illuminate/Routing/Pipeline.php(30): Illuminate\Foundation\Http\Kernel->Illuminate\Foundation\Http\{closure}(Object(Illuminate\Http\Request))
#28 /home/osboxes/Documents/projects/draftmatch/app/Http/Middleware/Cors.php(27): Illuminate\Routing\Pipeline->Illuminate\Routing\{closure}(Object(Illuminate\Http\Request))
#29 /home/osboxes/Documents/projects/draftmatch/vendor/laravel/framework/src/Illuminate/Pipeline/Pipeline.php(148): App\Http\Middleware\Cors->handle(Object(Illuminate\Http\Request), Object(Closure))
#30 /home/osboxes/Documents/projects/draftmatch/vendor/laravel/framework/src/Illuminate/Routing/Pipeline.php(53): Illuminate\Pipeline\Pipeline->Illuminate\Pipeline\{closure}(Object(Illuminate\Http\Request))
#31 /home/osboxes/Documents/projects/draftmatch/app/Http/Middleware/HttpsProtocol.php(29): Illuminate\Routing\Pipeline->Illuminate\Routing\{closure}(Object(Illuminate\Http\Request))
#32 /home/osboxes/Documents/projects/draftmatch/vendor/laravel/framework/src/Illuminate/Pipeline/Pipeline.php(148): App\Http\Middleware\HttpsProtocol->handle(Object(Illuminate\Http\Request), Object(Closure))
#33 /home/osboxes/Documents/projects/draftmatch/vendor/laravel/framework/src/Illuminate/Routing/Pipeline.php(53): Illuminate\Pipeline\Pipeline->Illuminate\Pipeline\{closure}(Object(Illuminate\Http\Request))
#34 /home/osboxes/Documents/projects/draftmatch/vendor/laravel/framework/src/Illuminate/Foundation/Http/Middleware/TransformsRequest.php(30): Illuminate\Routing\Pipeline->Illuminate\Routing\{closure}(Object(Illuminate\Http\Request))
#35 /home/osboxes/Documents/projects/draftmatch/vendor/laravel/framework/src/Illuminate/Pipeline/Pipeline.php(148): Illuminate\Foundation\Http\Middleware\TransformsRequest->handle(Object(Illuminate\Http\Request), Object(Closure))
#36 /home/osboxes/Documents/projects/draftmatch/vendor/laravel/framework/src/Illuminate/Routing/Pipeline.php(53): Illuminate\Pipeline\Pipeline->Illuminate\Pipeline\{closure}(Object(Illuminate\Http\Request))
#37 /home/osboxes/Documents/projects/draftmatch/vendor/laravel/framework/src/Illuminate/Foundation/Http/Middleware/TransformsRequest.php(30): Illuminate\Routing\Pipeline->Illuminate\Routing\{closure}(Object(Illuminate\Http\Request))
#38 /home/osboxes/Documents/projects/draftmatch/vendor/laravel/framework/src/Illuminate/Pipeline/Pipeline.php(148): Illuminate\Foundation\Http\Middleware\TransformsRequest->handle(Object(Illuminate\Http\Request), Object(Closure))
#39 /home/osboxes/Documents/projects/draftmatch/vendor/laravel/framework/src/Illuminate/Routing/Pipeline.php(53): Illuminate\Pipeline\Pipeline->Illuminate\Pipeline\{closure}(Object(Illuminate\Http\Request))
#40 /home/osboxes/Documents/projects/draftmatch/vendor/laravel/framework/src/Illuminate/Foundation/Http/Middleware/ValidatePostSize.php(27): Illuminate\Routing\Pipeline->Illuminate\Routing\{closure}(Object(Illuminate\Http\Request))
#41 /home/osboxes/Documents/projects/draftmatch/vendor/laravel/framework/src/Illuminate/Pipeline/Pipeline.php(148): Illuminate\Foundation\Http\Middleware\ValidatePostSize->handle(Object(Illuminate\Http\Request), Object(Closure))
#42 /home/osboxes/Documents/projects/draftmatch/vendor/laravel/framework/src/Illuminate/Routing/Pipeline.php(53): Illuminate\Pipeline\Pipeline->Illuminate\Pipeline\{closure}(Object(Illuminate\Http\Request))
#43 /home/osboxes/Documents/projects/draftmatch/vendor/laravel/framework/src/Illuminate/Foundation/Http/Middleware/CheckForMaintenanceMode.php(46): Illuminate\Routing\Pipeline->Illuminate\Routing\{closure}(Object(Illuminate\Http\Request))
#44 /home/osboxes/Documents/projects/draftmatch/vendor/laravel/framework/src/Illuminate/Pipeline/Pipeline.php(148): Illuminate\Foundation\Http\Middleware\CheckForMaintenanceMode->handle(Object(Illuminate\Http\Request), Object(Closure))
#45 /home/osboxes/Documents/projects/draftmatch/vendor/laravel/framework/src/Illuminate/Routing/Pipeline.php(53): Illuminate\Pipeline\Pipeline->Illuminate\Pipeline\{closure}(Object(Illuminate\Http\Request))
#46 /home/osboxes/Documents/projects/draftmatch/vendor/laravel/framework/src/Illuminate/Pipeline/Pipeline.php(102): Illuminate\Routing\Pipeline->Illuminate\Routing\{closure}(Object(Illuminate\Http\Request))
#47 /home/osboxes/Documents/projects/draftmatch/vendor/laravel/framework/src/Illuminate/Foundation/Http/Kernel.php(151): Illuminate\Pipeline\Pipeline->then(Object(Closure))
#48 /home/osboxes/Documents/projects/draftmatch/vendor/laravel/framework/src/Illuminate/Foundation/Http/Kernel.php(116): Illuminate\Foundation\Http\Kernel->sendRequestThroughRouter(Object(Illuminate\Http\Request))
#49 /home/osboxes/Documents/projects/draftmatch/public/index.php(53): Illuminate\Foundation\Http\Kernel->handle(Object(Illuminate\Http\Request))
#50 /home/osboxes/Documents/projects/draftmatch/server.php(21): require_once('/home/osboxes/D...')
#51 {main}  
[2018-07-30 10:39:57] local.INFO: ************************  
[2018-07-30 10:39:57] local.INFO: array (
  'title' => NULL,
  'description' => NULL,
  'category' => '3',
  'color' => '#808080',
  'sections' => '[{"id":1,"sectionTitle":"dasd","sectionSubTitle":"ada","sectionDescription":"AdAA"}]',
  'coverImage' => 
  Illuminate\Http\UploadedFile::__set_state(array(
     'test' => false,
     'originalName' => 'Screenshot from 2018-07-23 12-58-14.png',
     'mimeType' => 'image/png',
     'size' => 525767,
     'error' => 0,
     'hashName' => NULL,
  )),
  'images' => 
  array (
    0 => 
    Illuminate\Http\UploadedFile::__set_state(array(
       'test' => false,
       'originalName' => '1',
       'mimeType' => 'image/png',
       'size' => 525767,
       'error' => 0,
       'hashName' => NULL,
    )),
  ),
)  
[2018-07-30 10:39:57] local.INFO: #########################  
[2018-07-30 10:39:57] local.ERROR: Symfony\Component\Debug\Exception\FatalThrowableError: Parse error: syntax error, unexpected '}', expecting ',' or ';' in /home/osboxes/Documents/projects/draftmatch/app/Http/HttpMessage.php:168
Stack trace:
#0 /home/osboxes/Documents/projects/draftmatch/vendor/composer/ClassLoader.php(322): Composer\Autoload\includeFile('/home/osboxes/D...')
#1 [internal function]: Composer\Autoload\ClassLoader->loadClass('App\\Http\\HttpMe...')
#2 /home/osboxes/Documents/projects/draftmatch/app/Http/Controllers/Api/v1/PostsController.php(314): spl_autoload_call('App\\Http\\HttpMe...')
#3 [internal function]: App\Http\Controllers\Api\v1\PostsController->store(Object(Illuminate\Http\Request))
#4 /home/osboxes/Documents/projects/draftmatch/vendor/laravel/framework/src/Illuminate/Routing/Controller.php(55): call_user_func_array(Array, Array)
#5 /home/osboxes/Documents/projects/draftmatch/vendor/laravel/framework/src/Illuminate/Routing/ControllerDispatcher.php(44): Illuminate\Routing\Controller->callAction('store', Array)
#6 /home/osboxes/Documents/projects/draftmatch/vendor/laravel/framework/src/Illuminate/Routing/Route.php(203): Illuminate\Routing\ControllerDispatcher->dispatch(Object(Illuminate\Routing\Route), Object(App\Http\Controllers\Api\v1\PostsController), 'store')
#7 /home/osboxes/Documents/projects/draftmatch/vendor/laravel/framework/src/Illuminate/Routing/Route.php(160): Illuminate\Routing\Route->runController()
#8 /home/osboxes/Documents/projects/draftmatch/vendor/laravel/framework/src/Illuminate/Routing/Router.php(572): Illuminate\Routing\Route->run()
#9 /home/osboxes/Documents/projects/draftmatch/vendor/laravel/framework/src/Illuminate/Routing/Pipeline.php(30): Illuminate\Routing\Router->Illuminate\Routing\{closure}(Object(Illuminate\Http\Request))
#10 /home/osboxes/Documents/projects/draftmatch/app/Http/Middleware/VerifyJWTToken.php(91): Illuminate\Routing\Pipeline->Illuminate\Routing\{closure}(Object(Illuminate\Http\Request))
#11 /home/osboxes/Documents/projects/draftmatch/vendor/laravel/framework/src/Illuminate/Pipeline/Pipeline.php(148): App\Http\Middleware\VerifyJWTToken->handle(Object(Illuminate\Http\Request), Object(Closure))
#12 /home/osboxes/Documents/projects/draftmatch/vendor/laravel/framework/src/Illuminate/Routing/Pipeline.php(53): Illuminate\Pipeline\Pipeline->Illuminate\Pipeline\{closure}(Object(Illuminate\Http\Request))
#13 /home/osboxes/Documents/projects/draftmatch/app/Http/Middleware/Cors.php(27): Illuminate\Routing\Pipeline->Illuminate\Routing\{closure}(Object(Illuminate\Http\Request))
#14 /home/osboxes/Documents/projects/draftmatch/vendor/laravel/framework/src/Illuminate/Pipeline/Pipeline.php(148): App\Http\Middleware\Cors->handle(Object(Illuminate\Http\Request), Object(Closure))
#15 /home/osboxes/Documents/projects/draftmatch/vendor/laravel/framework/src/Illuminate/Routing/Pipeline.php(53): Illuminate\Pipeline\Pipeline->Illuminate\Pipeline\{closure}(Object(Illuminate\Http\Request))
#16 /home/osboxes/Documents/projects/draftmatch/vendor/laravel/framework/src/Illuminate/Routing/Middleware/SubstituteBindings.php(41): Illuminate\Routing\Pipeline->Illuminate\Routing\{closure}(Object(Illuminate\Http\Request))
#17 /home/osboxes/Documents/projects/draftmatch/vendor/laravel/framework/src/Illuminate/Pipeline/Pipeline.php(148): Illuminate\Routing\Middleware\SubstituteBindings->handle(Object(Illuminate\Http\Request), Object(Closure))
#18 /home/osboxes/Documents/projects/draftmatch/vendor/laravel/framework/src/Illuminate/Routing/Pipeline.php(53): Illuminate\Pipeline\Pipeline->Illuminate\Pipeline\{closure}(Object(Illuminate\Http\Request))
#19 /home/osboxes/Documents/projects/draftmatch/vendor/laravel/framework/src/Illuminate/Routing/Middleware/ThrottleRequests.php(49): Illuminate\Routing\Pipeline->Illuminate\Routing\{closure}(Object(Illuminate\Http\Request))
#20 /home/osboxes/Documents/projects/draftmatch/vendor/laravel/framework/src/Illuminate/Pipeline/Pipeline.php(148): Illuminate\Routing\Middleware\ThrottleRequests->handle(Object(Illuminate\Http\Request), Object(Closure), '60', '1')
#21 /home/osboxes/Documents/projects/draftmatch/vendor/laravel/framework/src/Illuminate/Routing/Pipeline.php(53): Illuminate\Pipeline\Pipeline->Illuminate\Pipeline\{closure}(Object(Illuminate\Http\Request))
#22 /home/osboxes/Documents/projects/draftmatch/vendor/laravel/framework/src/Illuminate/Pipeline/Pipeline.php(102): Illuminate\Routing\Pipeline->Illuminate\Routing\{closure}(Object(Illuminate\Http\Request))
#23 /home/osboxes/Documents/projects/draftmatch/vendor/laravel/framework/src/Illuminate/Routing/Router.php(574): Illuminate\Pipeline\Pipeline->then(Object(Closure))
#24 /home/osboxes/Documents/projects/draftmatch/vendor/laravel/framework/src/Illuminate/Routing/Router.php(533): Illuminate\Routing\Router->runRouteWithinStack(Object(Illuminate\Routing\Route), Object(Illuminate\Http\Request))
#25 /home/osboxes/Documents/projects/draftmatch/vendor/laravel/framework/src/Illuminate/Routing/Router.php(511): Illuminate\Routing\Router->dispatchToRoute(Object(Illuminate\Http\Request))
#26 /home/osboxes/Documents/projects/draftmatch/vendor/laravel/framework/src/Illuminate/Foundation/Http/Kernel.php(176): Illuminate\Routing\Router->dispatch(Object(Illuminate\Http\Request))
#27 /home/osboxes/Documents/projects/draftmatch/vendor/laravel/framework/src/Illuminate/Routing/Pipeline.php(30): Illuminate\Foundation\Http\Kernel->Illuminate\Foundation\Http\{closure}(Object(Illuminate\Http\Request))
#28 /home/osboxes/Documents/projects/draftmatch/app/Http/Middleware/Cors.php(27): Illuminate\Routing\Pipeline->Illuminate\Routing\{closure}(Object(Illuminate\Http\Request))
#29 /home/osboxes/Documents/projects/draftmatch/vendor/laravel/framework/src/Illuminate/Pipeline/Pipeline.php(148): App\Http\Middleware\Cors->handle(Object(Illuminate\Http\Request), Object(Closure))
#30 /home/osboxes/Documents/projects/draftmatch/vendor/laravel/framework/src/Illuminate/Routing/Pipeline.php(53): Illuminate\Pipeline\Pipeline->Illuminate\Pipeline\{closure}(Object(Illuminate\Http\Request))
#31 /home/osboxes/Documents/projects/draftmatch/app/Http/Middleware/HttpsProtocol.php(29): Illuminate\Routing\Pipeline->Illuminate\Routing\{closure}(Object(Illuminate\Http\Request))
#32 /home/osboxes/Documents/projects/draftmatch/vendor/laravel/framework/src/Illuminate/Pipeline/Pipeline.php(148): App\Http\Middleware\HttpsProtocol->handle(Object(Illuminate\Http\Request), Object(Closure))
#33 /home/osboxes/Documents/projects/draftmatch/vendor/laravel/framework/src/Illuminate/Routing/Pipeline.php(53): Illuminate\Pipeline\Pipeline->Illuminate\Pipeline\{closure}(Object(Illuminate\Http\Request))
#34 /home/osboxes/Documents/projects/draftmatch/vendor/laravel/framework/src/Illuminate/Foundation/Http/Middleware/TransformsRequest.php(30): Illuminate\Routing\Pipeline->Illuminate\Routing\{closure}(Object(Illuminate\Http\Request))
#35 /home/osboxes/Documents/projects/draftmatch/vendor/laravel/framework/src/Illuminate/Pipeline/Pipeline.php(148): Illuminate\Foundation\Http\Middleware\TransformsRequest->handle(Object(Illuminate\Http\Request), Object(Closure))
#36 /home/osboxes/Documents/projects/draftmatch/vendor/laravel/framework/src/Illuminate/Routing/Pipeline.php(53): Illuminate\Pipeline\Pipeline->Illuminate\Pipeline\{closure}(Object(Illuminate\Http\Request))
#37 /home/osboxes/Documents/projects/draftmatch/vendor/laravel/framework/src/Illuminate/Foundation/Http/Middleware/TransformsRequest.php(30): Illuminate\Routing\Pipeline->Illuminate\Routing\{closure}(Object(Illuminate\Http\Request))
#38 /home/osboxes/Documents/projects/draftmatch/vendor/laravel/framework/src/Illuminate/Pipeline/Pipeline.php(148): Illuminate\Foundation\Http\Middleware\TransformsRequest->handle(Object(Illuminate\Http\Request), Object(Closure))
#39 /home/osboxes/Documents/projects/draftmatch/vendor/laravel/framework/src/Illuminate/Routing/Pipeline.php(53): Illuminate\Pipeline\Pipeline->Illuminate\Pipeline\{closure}(Object(Illuminate\Http\Request))
#40 /home/osboxes/Documents/projects/draftmatch/vendor/laravel/framework/src/Illuminate/Foundation/Http/Middleware/ValidatePostSize.php(27): Illuminate\Routing\Pipeline->Illuminate\Routing\{closure}(Object(Illuminate\Http\Request))
#41 /home/osboxes/Documents/projects/draftmatch/vendor/laravel/framework/src/Illuminate/Pipeline/Pipeline.php(148): Illuminate\Foundation\Http\Middleware\ValidatePostSize->handle(Object(Illuminate\Http\Request), Object(Closure))
#42 /home/osboxes/Documents/projects/draftmatch/vendor/laravel/framework/src/Illuminate/Routing/Pipeline.php(53): Illuminate\Pipeline\Pipeline->Illuminate\Pipeline\{closure}(Object(Illuminate\Http\Request))
#43 /home/osboxes/Documents/projects/draftmatch/vendor/laravel/framework/src/Illuminate/Foundation/Http/Middleware/CheckForMaintenanceMode.php(46): Illuminate\Routing\Pipeline->Illuminate\Routing\{closure}(Object(Illuminate\Http\Request))
#44 /home/osboxes/Documents/projects/draftmatch/vendor/laravel/framework/src/Illuminate/Pipeline/Pipeline.php(148): Illuminate\Foundation\Http\Middleware\CheckForMaintenanceMode->handle(Object(Illuminate\Http\Request), Object(Closure))
#45 /home/osboxes/Documents/projects/draftmatch/vendor/laravel/framework/src/Illuminate/Routing/Pipeline.php(53): Illuminate\Pipeline\Pipeline->Illuminate\Pipeline\{closure}(Object(Illuminate\Http\Request))
#46 /home/osboxes/Documents/projects/draftmatch/vendor/laravel/framework/src/Illuminate/Pipeline/Pipeline.php(102): Illuminate\Routing\Pipeline->Illuminate\Routing\{closure}(Object(Illuminate\Http\Request))
#47 /home/osboxes/Documents/projects/draftmatch/vendor/laravel/framework/src/Illuminate/Foundation/Http/Kernel.php(151): Illuminate\Pipeline\Pipeline->then(Object(Closure))
#48 /home/osboxes/Documents/projects/draftmatch/vendor/laravel/framework/src/Illuminate/Foundation/Http/Kernel.php(116): Illuminate\Foundation\Http\Kernel->sendRequestThroughRouter(Object(Illuminate\Http\Request))
#49 /home/osboxes/Documents/projects/draftmatch/public/index.php(53): Illuminate\Foundation\Http\Kernel->handle(Object(Illuminate\Http\Request))
#50 /home/osboxes/Documents/projects/draftmatch/server.php(21): require_once('/home/osboxes/D...')
#51 {main}  
[2018-07-30 10:40:01] local.INFO: SCHEDULING for day Monday DATE : 2018-07-30 06:40:01  
[2018-07-30 10:40:01] local.INFO: Update exchange ...  
[2018-07-30 10:40:01] local.INFO: Check invoices ...  
[2018-07-30 10:40:01] local.INFO: No pending invoices  
[2018-07-30 10:40:01] local.INFO: Checking invoices. Found 0  
[2018-07-30 10:40:02] local.INFO: Finished with updating invoices  
[2018-07-30 10:40:02] local.INFO: Check digital check ...  
[2018-07-30 10:40:02] local.INFO: Checking checks. Found 22  
[2018-07-30 10:40:03] local.INFO: Checking conditions for update::info everyFiveMinutes  
[2018-07-30 10:40:03] local.INFO: Condition is true for update:info everyFiveMinutes  
[2018-07-30 10:40:03] local.INFO: SCHEDULING for day Monday DATE : 2018-07-30 06:40:03  
[2018-07-30 10:40:04] local.INFO: Updating data ...  
[2018-07-30 10:40:04] local.INFO: Updating live games results => 2018-07-30 06:40:04  
[2018-07-30 10:40:04] local.INFO: DATE : 2018-07-30 06:40:04  
[2018-07-30 10:40:04] local.INFO: Updated 0 games to LIVE status  
[2018-07-30 10:40:04] local.INFO: Updating live players results => 2018-07-30 06:40:04  
[2018-07-30 10:40:04] local.INFO: Updated  live players  
[2018-07-30 10:40:04] local.INFO: Update finished players 2018-07-30 06:40:04  
[2018-07-30 10:40:04] local.INFO: Updated 0 finished players  
[2018-07-30 10:40:04] local.INFO: Updating slates status => 2018-07-30 06:40:04  
[2018-07-30 10:40:04] local.INFO: Updated active slates to LIVE status of  0 slates successfully.  
[2018-07-30 10:40:04] local.INFO: Updated slate to HISTORY status  0 slates successfully.  
[2018-07-30 10:40:04] local.INFO: Successfully updated 0 slates  
[2018-07-30 10:40:04] local.INFO: Updating contests  2018-07-30 06:40:04  
[2018-07-30 10:40:04] local.INFO: Updated 0 to CANCELLED status  
[2018-07-30 10:40:04] local.INFO: Updated 0 contests to HISTORY status  
[2018-07-30 10:40:04] local.INFO: Updated 0 contests to LIVE status  
[2018-07-30 10:40:04] local.INFO: Updating ENDED contests  2018-07-30 06:40:04  
[2018-07-30 10:40:04] local.INFO: Updated 0 contests results  
[2018-07-30 10:40:04] local.INFO: Updating LIVE contests  2018-07-30 06:40:04  
[2018-07-30 10:40:04] local.INFO: Updated 0 contests results  
[2018-07-30 10:40:04] local.INFO: Updating ENDED contests  2018-07-30 06:40:04  
[2018-07-30 10:40:04] local.INFO: Updated 0 contests results  
[2018-07-30 10:40:04] local.INFO: Checking conditions for games:update everyFiveMinutes  
[2018-07-30 10:40:04] local.INFO: Retrieving games in progress for games:update command everyFiveMinutes  
[2018-07-30 10:40:04] local.INFO: Retrieved games in progress for games:update command everyFiveMinutes[]  
[2018-07-30 10:40:04] local.INFO: Condition for games:update everyFiveMinutes is false  
[2018-07-30 10:40:17] local.INFO: ************************  
[2018-07-30 10:40:17] local.INFO: array (
  'title' => NULL,
  'description' => NULL,
  'category' => '3',
  'color' => '#808080',
  'sections' => '[{"id":1,"sectionTitle":"dasd","sectionSubTitle":"ada","sectionDescription":"AdAA"}]',
  'coverImage' => 
  Illuminate\Http\UploadedFile::__set_state(array(
     'test' => false,
     'originalName' => 'Screenshot from 2018-07-23 12-58-14.png',
     'mimeType' => 'image/png',
     'size' => 525767,
     'error' => 0,
     'hashName' => NULL,
  )),
  'images' => 
  array (
    0 => 
    Illuminate\Http\UploadedFile::__set_state(array(
       'test' => false,
       'originalName' => '1',
       'mimeType' => 'image/png',
       'size' => 525767,
       'error' => 0,
       'hashName' => NULL,
    )),
  ),
)  
[2018-07-30 10:40:17] local.INFO: #########################  
[2018-07-30 10:40:17] local.INFO: array (
  0 => 'The title field is required.',
  1 => 'The description field is required.',
)  
[2018-07-30 10:40:21] local.INFO: ************************  
[2018-07-30 10:40:21] local.INFO: array (
  'title' => NULL,
  'description' => NULL,
  'category' => '3',
  'color' => '#808080',
  'sections' => '[{"id":1,"sectionTitle":"dasd","sectionSubTitle":"ada","sectionDescription":"AdAA"}]',
  'coverImage' => 
  Illuminate\Http\UploadedFile::__set_state(array(
     'test' => false,
     'originalName' => 'Screenshot from 2018-07-23 12-58-14.png',
     'mimeType' => 'image/png',
     'size' => 525767,
     'error' => 0,
     'hashName' => NULL,
  )),
  'images' => 
  array (
    0 => 
    Illuminate\Http\UploadedFile::__set_state(array(
       'test' => false,
       'originalName' => '1',
       'mimeType' => 'image/png',
       'size' => 525767,
       'error' => 0,
       'hashName' => NULL,
    )),
  ),
)  
[2018-07-30 10:40:21] local.INFO: #########################  
[2018-07-30 10:40:21] local.INFO: array (
  0 => 'The title field is required.',
  1 => 'The description field is required.',
)  
[2018-07-30 10:40:27] local.INFO: ************************  
[2018-07-30 10:40:27] local.INFO: array (
  'title' => NULL,
  'description' => NULL,
  'category' => '3',
  'color' => '#808080',
  'sections' => '[{"id":1,"sectionTitle":"dasd","sectionSubTitle":"ada","sectionDescription":"AdAA"}]',
  'coverImage' => 
  Illuminate\Http\UploadedFile::__set_state(array(
     'test' => false,
     'originalName' => 'Screenshot from 2018-07-23 12-58-14.png',
     'mimeType' => 'image/png',
     'size' => 525767,
     'error' => 0,
     'hashName' => NULL,
  )),
  'images' => 
  array (
    0 => 
    Illuminate\Http\UploadedFile::__set_state(array(
       'test' => false,
       'originalName' => '1',
       'mimeType' => 'image/png',
       'size' => 525767,
       'error' => 0,
       'hashName' => NULL,
    )),
  ),
)  
[2018-07-30 10:40:27] local.INFO: #########################  
[2018-07-30 10:40:27] local.INFO: array (
  0 => 'The title field is required.',
  1 => 'The description field is required.',
)  
[2018-07-30 10:40:48] local.INFO: ************************  
[2018-07-30 10:40:48] local.INFO: array (
  'coverImage' => 'undefined',
  'title' => 'sdfa',
  'description' => 'asdfsaf',
  'category' => '3',
  'color' => '#808080',
  'sections' => '[{"id":1,"sectionTitle":"dasd","sectionSubTitle":"ada","sectionDescription":"AdAA"}]',
  'images' => 
  array (
    0 => 
    Illuminate\Http\UploadedFile::__set_state(array(
       'test' => false,
       'originalName' => '1',
       'mimeType' => 'image/png',
       'size' => 525767,
       'error' => 0,
       'hashName' => NULL,
    )),
  ),
)  
[2018-07-30 10:40:48] local.INFO: #########################  
[2018-07-30 10:40:48] local.ERROR: ErrorException: Undefined variable: coverImage in /home/osboxes/Documents/projects/draftmatch/app/Http/Controllers/Api/v1/PostsController.php:345
Stack trace:
#0 /home/osboxes/Documents/projects/draftmatch/app/Http/Controllers/Api/v1/PostsController.php(345): Illuminate\Foundation\Bootstrap\HandleExceptions->handleError(8, 'Undefined varia...', '/home/osboxes/D...', 345, Array)
#1 [internal function]: App\Http\Controllers\Api\v1\PostsController->store(Object(Illuminate\Http\Request))
#2 /home/osboxes/Documents/projects/draftmatch/vendor/laravel/framework/src/Illuminate/Routing/Controller.php(55): call_user_func_array(Array, Array)
#3 /home/osboxes/Documents/projects/draftmatch/vendor/laravel/framework/src/Illuminate/Routing/ControllerDispatcher.php(44): Illuminate\Routing\Controller->callAction('store', Array)
#4 /home/osboxes/Documents/projects/draftmatch/vendor/laravel/framework/src/Illuminate/Routing/Route.php(203): Illuminate\Routing\ControllerDispatcher->dispatch(Object(Illuminate\Routing\Route), Object(App\Http\Controllers\Api\v1\PostsController), 'store')
#5 /home/osboxes/Documents/projects/draftmatch/vendor/laravel/framework/src/Illuminate/Routing/Route.php(160): Illuminate\Routing\Route->runController()
#6 /home/osboxes/Documents/projects/draftmatch/vendor/laravel/framework/src/Illuminate/Routing/Router.php(572): Illuminate\Routing\Route->run()
#7 /home/osboxes/Documents/projects/draftmatch/vendor/laravel/framework/src/Illuminate/Routing/Pipeline.php(30): Illuminate\Routing\Router->Illuminate\Routing\{closure}(Object(Illuminate\Http\Request))
#8 /home/osboxes/Documents/projects/draftmatch/app/Http/Middleware/VerifyJWTToken.php(91): Illuminate\Routing\Pipeline->Illuminate\Routing\{closure}(Object(Illuminate\Http\Request))
#9 /home/osboxes/Documents/projects/draftmatch/vendor/laravel/framework/src/Illuminate/Pipeline/Pipeline.php(148): App\Http\Middleware\VerifyJWTToken->handle(Object(Illuminate\Http\Request), Object(Closure))
#10 /home/osboxes/Documents/projects/draftmatch/vendor/laravel/framework/src/Illuminate/Routing/Pipeline.php(53): Illuminate\Pipeline\Pipeline->Illuminate\Pipeline\{closure}(Object(Illuminate\Http\Request))
#11 /home/osboxes/Documents/projects/draftmatch/app/Http/Middleware/Cors.php(27): Illuminate\Routing\Pipeline->Illuminate\Routing\{closure}(Object(Illuminate\Http\Request))
#12 /home/osboxes/Documents/projects/draftmatch/vendor/laravel/framework/src/Illuminate/Pipeline/Pipeline.php(148): App\Http\Middleware\Cors->handle(Object(Illuminate\Http\Request), Object(Closure))
#13 /home/osboxes/Documents/projects/draftmatch/vendor/laravel/framework/src/Illuminate/Routing/Pipeline.php(53): Illuminate\Pipeline\Pipeline->Illuminate\Pipeline\{closure}(Object(Illuminate\Http\Request))
#14 /home/osboxes/Documents/projects/draftmatch/vendor/laravel/framework/src/Illuminate/Routing/Middleware/SubstituteBindings.php(41): Illuminate\Routing\Pipeline->Illuminate\Routing\{closure}(Object(Illuminate\Http\Request))
#15 /home/osboxes/Documents/projects/draftmatch/vendor/laravel/framework/src/Illuminate/Pipeline/Pipeline.php(148): Illuminate\Routing\Middleware\SubstituteBindings->handle(Object(Illuminate\Http\Request), Object(Closure))
#16 /home/osboxes/Documents/projects/draftmatch/vendor/laravel/framework/src/Illuminate/Routing/Pipeline.php(53): Illuminate\Pipeline\Pipeline->Illuminate\Pipeline\{closure}(Object(Illuminate\Http\Request))
#17 /home/osboxes/Documents/projects/draftmatch/vendor/laravel/framework/src/Illuminate/Routing/Middleware/ThrottleRequests.php(49): Illuminate\Routing\Pipeline->Illuminate\Routing\{closure}(Object(Illuminate\Http\Request))
#18 /home/osboxes/Documents/projects/draftmatch/vendor/laravel/framework/src/Illuminate/Pipeline/Pipeline.php(148): Illuminate\Routing\Middleware\ThrottleRequests->handle(Object(Illuminate\Http\Request), Object(Closure), '60', '1')
#19 /home/osboxes/Documents/projects/draftmatch/vendor/laravel/framework/src/Illuminate/Routing/Pipeline.php(53): Illuminate\Pipeline\Pipeline->Illuminate\Pipeline\{closure}(Object(Illuminate\Http\Request))
#20 /home/osboxes/Documents/projects/draftmatch/vendor/laravel/framework/src/Illuminate/Pipeline/Pipeline.php(102): Illuminate\Routing\Pipeline->Illuminate\Routing\{closure}(Object(Illuminate\Http\Request))
#21 /home/osboxes/Documents/projects/draftmatch/vendor/laravel/framework/src/Illuminate/Routing/Router.php(574): Illuminate\Pipeline\Pipeline->then(Object(Closure))
#22 /home/osboxes/Documents/projects/draftmatch/vendor/laravel/framework/src/Illuminate/Routing/Router.php(533): Illuminate\Routing\Router->runRouteWithinStack(Object(Illuminate\Routing\Route), Object(Illuminate\Http\Request))
#23 /home/osboxes/Documents/projects/draftmatch/vendor/laravel/framework/src/Illuminate/Routing/Router.php(511): Illuminate\Routing\Router->dispatchToRoute(Object(Illuminate\Http\Request))
#24 /home/osboxes/Documents/projects/draftmatch/vendor/laravel/framework/src/Illuminate/Foundation/Http/Kernel.php(176): Illuminate\Routing\Router->dispatch(Object(Illuminate\Http\Request))
#25 /home/osboxes/Documents/projects/draftmatch/vendor/laravel/framework/src/Illuminate/Routing/Pipeline.php(30): Illuminate\Foundation\Http\Kernel->Illuminate\Foundation\Http\{closure}(Object(Illuminate\Http\Request))
#26 /home/osboxes/Documents/projects/draftmatch/app/Http/Middleware/Cors.php(27): Illuminate\Routing\Pipeline->Illuminate\Routing\{closure}(Object(Illuminate\Http\Request))
#27 /home/osboxes/Documents/projects/draftmatch/vendor/laravel/framework/src/Illuminate/Pipeline/Pipeline.php(148): App\Http\Middleware\Cors->handle(Object(Illuminate\Http\Request), Object(Closure))
#28 /home/osboxes/Documents/projects/draftmatch/vendor/laravel/framework/src/Illuminate/Routing/Pipeline.php(53): Illuminate\Pipeline\Pipeline->Illuminate\Pipeline\{closure}(Object(Illuminate\Http\Request))
#29 /home/osboxes/Documents/projects/draftmatch/app/Http/Middleware/HttpsProtocol.php(29): Illuminate\Routing\Pipeline->Illuminate\Routing\{closure}(Object(Illuminate\Http\Request))
#30 /home/osboxes/Documents/projects/draftmatch/vendor/laravel/framework/src/Illuminate/Pipeline/Pipeline.php(148): App\Http\Middleware\HttpsProtocol->handle(Object(Illuminate\Http\Request), Object(Closure))
#31 /home/osboxes/Documents/projects/draftmatch/vendor/laravel/framework/src/Illuminate/Routing/Pipeline.php(53): Illuminate\Pipeline\Pipeline->Illuminate\Pipeline\{closure}(Object(Illuminate\Http\Request))
#32 /home/osboxes/Documents/projects/draftmatch/vendor/laravel/framework/src/Illuminate/Foundation/Http/Middleware/TransformsRequest.php(30): Illuminate\Routing\Pipeline->Illuminate\Routing\{closure}(Object(Illuminate\Http\Request))
#33 /home/osboxes/Documents/projects/draftmatch/vendor/laravel/framework/src/Illuminate/Pipeline/Pipeline.php(148): Illuminate\Foundation\Http\Middleware\TransformsRequest->handle(Object(Illuminate\Http\Request), Object(Closure))
#34 /home/osboxes/Documents/projects/draftmatch/vendor/laravel/framework/src/Illuminate/Routing/Pipeline.php(53): Illuminate\Pipeline\Pipeline->Illuminate\Pipeline\{closure}(Object(Illuminate\Http\Request))
#35 /home/osboxes/Documents/projects/draftmatch/vendor/laravel/framework/src/Illuminate/Foundation/Http/Middleware/TransformsRequest.php(30): Illuminate\Routing\Pipeline->Illuminate\Routing\{closure}(Object(Illuminate\Http\Request))
#36 /home/osboxes/Documents/projects/draftmatch/vendor/laravel/framework/src/Illuminate/Pipeline/Pipeline.php(148): Illuminate\Foundation\Http\Middleware\TransformsRequest->handle(Object(Illuminate\Http\Request), Object(Closure))
#37 /home/osboxes/Documents/projects/draftmatch/vendor/laravel/framework/src/Illuminate/Routing/Pipeline.php(53): Illuminate\Pipeline\Pipeline->Illuminate\Pipeline\{closure}(Object(Illuminate\Http\Request))
#38 /home/osboxes/Documents/projects/draftmatch/vendor/laravel/framework/src/Illuminate/Foundation/Http/Middleware/ValidatePostSize.php(27): Illuminate\Routing\Pipeline->Illuminate\Routing\{closure}(Object(Illuminate\Http\Request))
#39 /home/osboxes/Documents/projects/draftmatch/vendor/laravel/framework/src/Illuminate/Pipeline/Pipeline.php(148): Illuminate\Foundation\Http\Middleware\ValidatePostSize->handle(Object(Illuminate\Http\Request), Object(Closure))
#40 /home/osboxes/Documents/projects/draftmatch/vendor/laravel/framework/src/Illuminate/Routing/Pipeline.php(53): Illuminate\Pipeline\Pipeline->Illuminate\Pipeline\{closure}(Object(Illuminate\Http\Request))
#41 /home/osboxes/Documents/projects/draftmatch/vendor/laravel/framework/src/Illuminate/Foundation/Http/Middleware/CheckForMaintenanceMode.php(46): Illuminate\Routing\Pipeline->Illuminate\Routing\{closure}(Object(Illuminate\Http\Request))
#42 /home/osboxes/Documents/projects/draftmatch/vendor/laravel/framework/src/Illuminate/Pipeline/Pipeline.php(148): Illuminate\Foundation\Http\Middleware\CheckForMaintenanceMode->handle(Object(Illuminate\Http\Request), Object(Closure))
#43 /home/osboxes/Documents/projects/draftmatch/vendor/laravel/framework/src/Illuminate/Routing/Pipeline.php(53): Illuminate\Pipeline\Pipeline->Illuminate\Pipeline\{closure}(Object(Illuminate\Http\Request))
#44 /home/osboxes/Documents/projects/draftmatch/vendor/laravel/framework/src/Illuminate/Pipeline/Pipeline.php(102): Illuminate\Routing\Pipeline->Illuminate\Routing\{closure}(Object(Illuminate\Http\Request))
#45 /home/osboxes/Documents/projects/draftmatch/vendor/laravel/framework/src/Illuminate/Foundation/Http/Kernel.php(151): Illuminate\Pipeline\Pipeline->then(Object(Closure))
#46 /home/osboxes/Documents/projects/draftmatch/vendor/laravel/framework/src/Illuminate/Foundation/Http/Kernel.php(116): Illuminate\Foundation\Http\Kernel->sendRequestThroughRouter(Object(Illuminate\Http\Request))
#47 /home/osboxes/Documents/projects/draftmatch/public/index.php(53): Illuminate\Foundation\Http\Kernel->handle(Object(Illuminate\Http\Request))
#48 /home/osboxes/Documents/projects/draftmatch/server.php(21): require_once('/home/osboxes/D...')
#49 {main}  
[2018-07-30 10:41:01] local.INFO: SCHEDULING for day Monday DATE : 2018-07-30 06:41:01  
[2018-07-30 10:41:01] local.INFO: Check invoices ...  
[2018-07-30 10:41:01] local.INFO: No pending invoices  
[2018-07-30 10:41:01] local.INFO: Checking invoices. Found 0  
[2018-07-30 10:41:01] local.INFO: Finished with updating invoices  
[2018-07-30 10:41:01] local.INFO: Check digital check ...  
[2018-07-30 10:41:01] local.INFO: Checking checks. Found 22  
[2018-07-30 10:41:24] local.INFO: ************************  
[2018-07-30 10:41:24] local.INFO: array (
  'title' => 'sdfa',
  'description' => 'asdfsaf',
  'category' => '3',
  'color' => '#808080',
  'sections' => '[{"id":1,"sectionTitle":"dasd","sectionSubTitle":"ada","sectionDescription":"AdAA"}]',
  'coverImage' => 
  Illuminate\Http\UploadedFile::__set_state(array(
     'test' => false,
     'originalName' => 'Screenshot from 2018-07-23 12-58-14.png',
     'mimeType' => 'image/png',
     'size' => 525767,
     'error' => 0,
     'hashName' => NULL,
  )),
  'images' => 
  array (
    0 => 
    Illuminate\Http\UploadedFile::__set_state(array(
       'test' => false,
       'originalName' => '1',
       'mimeType' => 'image/png',
       'size' => 525767,
       'error' => 0,
       'hashName' => NULL,
    )),
  ),
)  
[2018-07-30 10:41:24] local.INFO: #########################  
[2018-07-30 10:41:24] local.INFO: ************************  
[2018-07-30 10:41:24] local.INFO: 1  
[2018-07-30 10:41:24] local.INFO: #########################  
[2018-07-30 10:41:24] local.INFO:   
[2018-07-30 10:41:24] local.INFO: Updating live sub player stats ...1532947284image of section1.png  
[2018-07-30 10:41:24] local.INFO: #########################subURL  
[2018-07-30 10:41:24] local.INFO: http://localhost:8000/blogImages/1532947284image of section1.png  
[2018-07-30 10:41:24] local.INFO: sections[{"id":1,"sectionTitle":"dasd","sectionSubTitle":"ada","sectionDescription":"AdAA"}]  
[2018-07-30 10:41:54] local.INFO: ************************  
[2018-07-30 10:41:54] local.INFO: array (
  'title' => 'sdfa',
  'description' => 'asdfsaf',
  'category' => '3',
  'color' => '#808080',
  'sections' => '[{"id":1,"sectionTitle":"dasd","sectionSubTitle":"ada","sectionDescription":"AdAA"},{"id":2,"sectionTitle":"rferf","sectionSubTitle":"sadfasd","sectionDescription":"safasaf"}]',
  'coverImage' => 
  Illuminate\Http\UploadedFile::__set_state(array(
     'test' => false,
     'originalName' => 'Screenshot from 2018-07-23 12-58-14.png',
     'mimeType' => 'image/png',
     'size' => 525767,
     'error' => 0,
     'hashName' => NULL,
  )),
  'images' => 
  array (
    0 => 
    Illuminate\Http\UploadedFile::__set_state(array(
       'test' => false,
       'originalName' => '1',
       'mimeType' => 'image/png',
       'size' => 525767,
       'error' => 0,
       'hashName' => NULL,
    )),
    1 => 
    Illuminate\Http\UploadedFile::__set_state(array(
       'test' => false,
       'originalName' => '2',
       'mimeType' => 'image/png',
       'size' => 525767,
       'error' => 0,
       'hashName' => NULL,
    )),
  ),
)  
[2018-07-30 10:41:54] local.INFO: #########################  
[2018-07-30 10:41:54] local.INFO: ************************  
[2018-07-30 10:41:54] local.INFO: 1  
[2018-07-30 10:41:54] local.INFO: #########################  
[2018-07-30 10:41:54] local.INFO:   
[2018-07-30 10:41:54] local.INFO: Updating live sub player stats ...1532947314image of section1.png  
[2018-07-30 10:41:54] local.INFO: #########################subURL  
[2018-07-30 10:41:54] local.INFO: http://localhost:8000/blogImages/1532947314image of section1.png  
[2018-07-30 10:41:54] local.INFO: ************************  
[2018-07-30 10:41:54] local.INFO: 2  
[2018-07-30 10:41:54] local.INFO: #########################  
[2018-07-30 10:41:54] local.INFO:   
[2018-07-30 10:41:54] local.INFO: Updating live sub player stats ...1532947314image of section2.png  
[2018-07-30 10:41:54] local.INFO: #########################subURL  
[2018-07-30 10:41:54] local.INFO: http://localhost:8000/blogImages/1532947314image of section2.png  
[2018-07-30 10:41:54] local.INFO: sections[{"id":1,"sectionTitle":"dasd","sectionSubTitle":"ada","sectionDescription":"AdAA"},{"id":2,"sectionTitle":"rferf","sectionSubTitle":"sadfasd","sectionDescription":"safasaf"}]  
[2018-07-30 10:42:01] local.INFO: SCHEDULING for day Monday DATE : 2018-07-30 06:42:01  
[2018-07-30 10:42:01] local.INFO: Check invoices ...  
[2018-07-30 10:42:01] local.INFO: No pending invoices  
[2018-07-30 10:42:01] local.INFO: Checking invoices. Found 0  
[2018-07-30 10:42:02] local.INFO: Finished with updating invoices  
[2018-07-30 10:42:02] local.INFO: Check digital check ...  
[2018-07-30 10:42:02] local.INFO: Checking checks. Found 22  
[2018-07-30 10:43:01] local.INFO: SCHEDULING for day Monday DATE : 2018-07-30 06:43:01  
[2018-07-30 10:43:01] local.INFO: Check invoices ...  
[2018-07-30 10:43:01] local.INFO: No pending invoices  
[2018-07-30 10:43:01] local.INFO: Checking invoices. Found 0  
[2018-07-30 10:43:02] local.INFO: Finished with updating invoices  
[2018-07-30 10:43:02] local.INFO: Check digital check ...  
[2018-07-30 10:43:02] local.INFO: Checking checks. Found 22  
[2018-07-30 10:44:02] local.INFO: SCHEDULING for day Monday DATE : 2018-07-30 06:44:02  
[2018-07-30 10:44:02] local.INFO: Check invoices ...  
[2018-07-30 10:44:02] local.INFO: No pending invoices  
[2018-07-30 10:44:02] local.INFO: Checking invoices. Found 0  
[2018-07-30 10:44:03] local.INFO: Finished with updating invoices  
[2018-07-30 10:44:03] local.INFO: Check digital check ...  
[2018-07-30 10:44:03] local.INFO: Checking checks. Found 22  
