[2018-06-20 08:11:38] local.INFO: SCHEDULING for day Monday DATE : 2017-06-12 07:31:19  
[2018-06-20 08:19:46] local.ERROR: Symfony\Component\Debug\Exception\FatalThrowableError: Parse error: syntax error, unexpected ''Admin\fake\FakeDataController' (T_CONSTANT_ENCAPSED_STRING), expecting ',' or ')' in F:\Projects\DFS\draftmatch\routes\api.php:76
Stack trace:
#0 F:\Projects\DFS\draftmatch\vendor\laravel\framework\src\Illuminate\Routing\Router.php(283): Illuminate\Routing\Router->loadRoutes('F:\\Projects\\DFS...')
#1 F:\Projects\DFS\draftmatch\vendor\laravel\framework\src\Illuminate\Routing\RouteRegistrar.php(104): Illuminate\Routing\Router->group(Array, 'F:\\Projects\\DFS...')
#2 F:\Projects\DFS\draftmatch\app\Providers\RouteServiceProvider.php(71): Illuminate\Routing\RouteRegistrar->group('F:\\Projects\\DFS...')
#3 F:\Projects\DFS\draftmatch\app\Providers\RouteServiceProvider.php(38): App\Providers\RouteServiceProvider->mapApiRoutes()
#4 [internal function]: App\Providers\RouteServiceProvider->map()
#5 F:\Projects\DFS\draftmatch\vendor\laravel\framework\src\Illuminate\Container\BoundMethod.php(29): call_user_func_array(Array, Array)
#6 F:\Projects\DFS\draftmatch\vendor\laravel\framework\src\Illuminate\Container\BoundMethod.php(87): Illuminate\Container\BoundMethod::Illuminate\Container\{closure}()
#7 F:\Projects\DFS\draftmatch\vendor\laravel\framework\src\Illuminate\Container\BoundMethod.php(31): Illuminate\Container\BoundMethod::callBoundMethod(Object(Illuminate\Foundation\Application), Array, Object(Closure))
#8 F:\Projects\DFS\draftmatch\vendor\laravel\framework\src\Illuminate\Container\Container.php(539): Illuminate\Container\BoundMethod::call(Object(Illuminate\Foundation\Application), Array, Array, NULL)
#9 F:\Projects\DFS\draftmatch\vendor\laravel\framework\src\Illuminate\Foundation\Support\Providers\RouteServiceProvider.php(74): Illuminate\Container\Container->call(Array)
#10 F:\Projects\DFS\draftmatch\vendor\laravel\framework\src\Illuminate\Foundation\Support\Providers\RouteServiceProvider.php(33): Illuminate\Foundation\Support\Providers\RouteServiceProvider->loadRoutes()
#11 F:\Projects\DFS\draftmatch\app\Providers\RouteServiceProvider.php(28): Illuminate\Foundation\Support\Providers\RouteServiceProvider->boot()
#12 [internal function]: App\Providers\RouteServiceProvider->boot()
#13 F:\Projects\DFS\draftmatch\vendor\laravel\framework\src\Illuminate\Container\BoundMethod.php(29): call_user_func_array(Array, Array)
#14 F:\Projects\DFS\draftmatch\vendor\laravel\framework\src\Illuminate\Container\BoundMethod.php(87): Illuminate\Container\BoundMethod::Illuminate\Container\{closure}()
#15 F:\Projects\DFS\draftmatch\vendor\laravel\framework\src\Illuminate\Container\BoundMethod.php(31): Illuminate\Container\BoundMethod::callBoundMethod(Object(Illuminate\Foundation\Application), Array, Object(Closure))
#16 F:\Projects\DFS\draftmatch\vendor\laravel\framework\src\Illuminate\Container\Container.php(539): Illuminate\Container\BoundMethod::call(Object(Illuminate\Foundation\Application), Array, Array, NULL)
#17 F:\Projects\DFS\draftmatch\vendor\laravel\framework\src\Illuminate\Foundation\Application.php(788): Illuminate\Container\Container->call(Array)
#18 F:\Projects\DFS\draftmatch\vendor\laravel\framework\src\Illuminate\Foundation\Application.php(771): Illuminate\Foundation\Application->bootProvider(Object(App\Providers\RouteServiceProvider))
#19 [internal function]: Illuminate\Foundation\Application->Illuminate\Foundation\{closure}(Object(App\Providers\RouteServiceProvider), 17)
#20 F:\Projects\DFS\draftmatch\vendor\laravel\framework\src\Illuminate\Foundation\Application.php(772): array_walk(Array, Object(Closure))
#21 F:\Projects\DFS\draftmatch\vendor\laravel\framework\src\Illuminate\Foundation\Bootstrap\BootProviders.php(17): Illuminate\Foundation\Application->boot()
#22 F:\Projects\DFS\draftmatch\vendor\laravel\framework\src\Illuminate\Foundation\Application.php(208): Illuminate\Foundation\Bootstrap\BootProviders->bootstrap(Object(Illuminate\Foundation\Application))
#23 F:\Projects\DFS\draftmatch\vendor\laravel\framework\src\Illuminate\Foundation\Http\Kernel.php(162): Illuminate\Foundation\Application->bootstrapWith(Array)
#24 F:\Projects\DFS\draftmatch\vendor\laravel\framework\src\Illuminate\Foundation\Http\Kernel.php(146): Illuminate\Foundation\Http\Kernel->bootstrap()
#25 F:\Projects\DFS\draftmatch\vendor\laravel\framework\src\Illuminate\Foundation\Http\Kernel.php(116): Illuminate\Foundation\Http\Kernel->sendRequestThroughRouter(Object(Illuminate\Http\Request))
#26 F:\Projects\DFS\draftmatch\public\index.php(53): Illuminate\Foundation\Http\Kernel->handle(Object(Illuminate\Http\Request))
#27 F:\Projects\DFS\draftmatch\server.php(21): require_once('F:\\Projects\\DFS...')
#28 {main}  
[2018-06-20 08:22:19] local.ERROR: Symfony\Component\Debug\Exception\FatalThrowableError: Parse error: syntax error, unexpected end of file in F:\Projects\DFS\draftmatch\routes\api.php:78
Stack trace:
#0 F:\Projects\DFS\draftmatch\vendor\laravel\framework\src\Illuminate\Routing\Router.php(283): Illuminate\Routing\Router->loadRoutes('F:\\Projects\\DFS...')
#1 F:\Projects\DFS\draftmatch\vendor\laravel\framework\src\Illuminate\Routing\RouteRegistrar.php(104): Illuminate\Routing\Router->group(Array, 'F:\\Projects\\DFS...')
#2 F:\Projects\DFS\draftmatch\app\Providers\RouteServiceProvider.php(71): Illuminate\Routing\RouteRegistrar->group('F:\\Projects\\DFS...')
#3 F:\Projects\DFS\draftmatch\app\Providers\RouteServiceProvider.php(38): App\Providers\RouteServiceProvider->mapApiRoutes()
#4 [internal function]: App\Providers\RouteServiceProvider->map()
#5 F:\Projects\DFS\draftmatch\vendor\laravel\framework\src\Illuminate\Container\BoundMethod.php(29): call_user_func_array(Array, Array)
#6 F:\Projects\DFS\draftmatch\vendor\laravel\framework\src\Illuminate\Container\BoundMethod.php(87): Illuminate\Container\BoundMethod::Illuminate\Container\{closure}()
#7 F:\Projects\DFS\draftmatch\vendor\laravel\framework\src\Illuminate\Container\BoundMethod.php(31): Illuminate\Container\BoundMethod::callBoundMethod(Object(Illuminate\Foundation\Application), Array, Object(Closure))
#8 F:\Projects\DFS\draftmatch\vendor\laravel\framework\src\Illuminate\Container\Container.php(539): Illuminate\Container\BoundMethod::call(Object(Illuminate\Foundation\Application), Array, Array, NULL)
#9 F:\Projects\DFS\draftmatch\vendor\laravel\framework\src\Illuminate\Foundation\Support\Providers\RouteServiceProvider.php(74): Illuminate\Container\Container->call(Array)
#10 F:\Projects\DFS\draftmatch\vendor\laravel\framework\src\Illuminate\Foundation\Support\Providers\RouteServiceProvider.php(33): Illuminate\Foundation\Support\Providers\RouteServiceProvider->loadRoutes()
#11 F:\Projects\DFS\draftmatch\app\Providers\RouteServiceProvider.php(28): Illuminate\Foundation\Support\Providers\RouteServiceProvider->boot()
#12 [internal function]: App\Providers\RouteServiceProvider->boot()
#13 F:\Projects\DFS\draftmatch\vendor\laravel\framework\src\Illuminate\Container\BoundMethod.php(29): call_user_func_array(Array, Array)
#14 F:\Projects\DFS\draftmatch\vendor\laravel\framework\src\Illuminate\Container\BoundMethod.php(87): Illuminate\Container\BoundMethod::Illuminate\Container\{closure}()
#15 F:\Projects\DFS\draftmatch\vendor\laravel\framework\src\Illuminate\Container\BoundMethod.php(31): Illuminate\Container\BoundMethod::callBoundMethod(Object(Illuminate\Foundation\Application), Array, Object(Closure))
#16 F:\Projects\DFS\draftmatch\vendor\laravel\framework\src\Illuminate\Container\Container.php(539): Illuminate\Container\BoundMethod::call(Object(Illuminate\Foundation\Application), Array, Array, NULL)
#17 F:\Projects\DFS\draftmatch\vendor\laravel\framework\src\Illuminate\Foundation\Application.php(788): Illuminate\Container\Container->call(Array)
#18 F:\Projects\DFS\draftmatch\vendor\laravel\framework\src\Illuminate\Foundation\Application.php(771): Illuminate\Foundation\Application->bootProvider(Object(App\Providers\RouteServiceProvider))
#19 [internal function]: Illuminate\Foundation\Application->Illuminate\Foundation\{closure}(Object(App\Providers\RouteServiceProvider), 17)
#20 F:\Projects\DFS\draftmatch\vendor\laravel\framework\src\Illuminate\Foundation\Application.php(772): array_walk(Array, Object(Closure))
#21 F:\Projects\DFS\draftmatch\vendor\laravel\framework\src\Illuminate\Foundation\Bootstrap\BootProviders.php(17): Illuminate\Foundation\Application->boot()
#22 F:\Projects\DFS\draftmatch\vendor\laravel\framework\src\Illuminate\Foundation\Application.php(208): Illuminate\Foundation\Bootstrap\BootProviders->bootstrap(Object(Illuminate\Foundation\Application))
#23 F:\Projects\DFS\draftmatch\vendor\laravel\framework\src\Illuminate\Foundation\Http\Kernel.php(162): Illuminate\Foundation\Application->bootstrapWith(Array)
#24 F:\Projects\DFS\draftmatch\vendor\laravel\framework\src\Illuminate\Foundation\Http\Kernel.php(146): Illuminate\Foundation\Http\Kernel->bootstrap()
#25 F:\Projects\DFS\draftmatch\vendor\laravel\framework\src\Illuminate\Foundation\Http\Kernel.php(116): Illuminate\Foundation\Http\Kernel->sendRequestThroughRouter(Object(Illuminate\Http\Request))
#26 F:\Projects\DFS\draftmatch\public\index.php(53): Illuminate\Foundation\Http\Kernel->handle(Object(Illuminate\Http\Request))
#27 F:\Projects\DFS\draftmatch\server.php(21): require_once('F:\\Projects\\DFS...')
#28 {main}  
[2018-06-20 08:31:37] local.ERROR: Symfony\Component\Debug\Exception\FatalThrowableError: Parse error: syntax error, unexpected '{' in F:\Projects\DFS\draftmatch\app\Http\Controllers\Admin\fake\FakeDataController.php:34
Stack trace:
#0 F:\Projects\DFS\draftmatch\vendor\composer\ClassLoader.php(322): Composer\Autoload\includeFile('F:\\Projects\\DFS...')
#1 [internal function]: Composer\Autoload\ClassLoader->loadClass('App\\Http\\Contro...')
#2 [internal function]: spl_autoload_call('App\\Http\\Contro...')
#3 F:\Projects\DFS\draftmatch\vendor\laravel\framework\src\Illuminate\Container\Container.php(729): ReflectionClass->__construct('App\\Http\\Contro...')
#4 F:\Projects\DFS\draftmatch\vendor\laravel\framework\src\Illuminate\Container\Container.php(608): Illuminate\Container\Container->build('App\\Http\\Contro...')
#5 F:\Projects\DFS\draftmatch\vendor\laravel\framework\src\Illuminate\Container\Container.php(575): Illuminate\Container\Container->resolve('App\\Http\\Contro...')
#6 F:\Projects\DFS\draftmatch\vendor\laravel\framework\src\Illuminate\Foundation\Application.php(728): Illuminate\Container\Container->make('App\\Http\\Contro...')
#7 F:\Projects\DFS\draftmatch\vendor\laravel\framework\src\Illuminate\Routing\Route.php(217): Illuminate\Foundation\Application->make('App\\Http\\Contro...')
#8 F:\Projects\DFS\draftmatch\vendor\laravel\framework\src\Illuminate\Routing\Route.php(747): Illuminate\Routing\Route->getController()
#9 F:\Projects\DFS\draftmatch\vendor\laravel\framework\src\Illuminate\Routing\Route.php(708): Illuminate\Routing\Route->controllerMiddleware()
#10 F:\Projects\DFS\draftmatch\vendor\laravel\framework\src\Illuminate\Routing\Router.php(585): Illuminate\Routing\Route->gatherMiddleware()
#11 F:\Projects\DFS\draftmatch\vendor\laravel\framework\src\Illuminate\Routing\Router.php(565): Illuminate\Routing\Router->gatherRouteMiddleware(Object(Illuminate\Routing\Route))
#12 F:\Projects\DFS\draftmatch\vendor\laravel\framework\src\Illuminate\Routing\Router.php(533): Illuminate\Routing\Router->runRouteWithinStack(Object(Illuminate\Routing\Route), Object(Illuminate\Http\Request))
#13 F:\Projects\DFS\draftmatch\vendor\laravel\framework\src\Illuminate\Routing\Router.php(511): Illuminate\Routing\Router->dispatchToRoute(Object(Illuminate\Http\Request))
#14 F:\Projects\DFS\draftmatch\vendor\laravel\framework\src\Illuminate\Foundation\Http\Kernel.php(176): Illuminate\Routing\Router->dispatch(Object(Illuminate\Http\Request))
#15 F:\Projects\DFS\draftmatch\vendor\laravel\framework\src\Illuminate\Routing\Pipeline.php(30): Illuminate\Foundation\Http\Kernel->Illuminate\Foundation\Http\{closure}(Object(Illuminate\Http\Request))
#16 F:\Projects\DFS\draftmatch\app\Http\Middleware\Cors.php(27): Illuminate\Routing\Pipeline->Illuminate\Routing\{closure}(Object(Illuminate\Http\Request))
#17 F:\Projects\DFS\draftmatch\vendor\laravel\framework\src\Illuminate\Pipeline\Pipeline.php(148): App\Http\Middleware\Cors->handle(Object(Illuminate\Http\Request), Object(Closure))
#18 F:\Projects\DFS\draftmatch\vendor\laravel\framework\src\Illuminate\Routing\Pipeline.php(53): Illuminate\Pipeline\Pipeline->Illuminate\Pipeline\{closure}(Object(Illuminate\Http\Request))
#19 F:\Projects\DFS\draftmatch\app\Http\Middleware\HttpsProtocol.php(29): Illuminate\Routing\Pipeline->Illuminate\Routing\{closure}(Object(Illuminate\Http\Request))
#20 F:\Projects\DFS\draftmatch\vendor\laravel\framework\src\Illuminate\Pipeline\Pipeline.php(148): App\Http\Middleware\HttpsProtocol->handle(Object(Illuminate\Http\Request), Object(Closure))
#21 F:\Projects\DFS\draftmatch\vendor\laravel\framework\src\Illuminate\Routing\Pipeline.php(53): Illuminate\Pipeline\Pipeline->Illuminate\Pipeline\{closure}(Object(Illuminate\Http\Request))
#22 F:\Projects\DFS\draftmatch\vendor\laravel\framework\src\Illuminate\Foundation\Http\Middleware\TransformsRequest.php(30): Illuminate\Routing\Pipeline->Illuminate\Routing\{closure}(Object(Illuminate\Http\Request))
#23 F:\Projects\DFS\draftmatch\vendor\laravel\framework\src\Illuminate\Pipeline\Pipeline.php(148): Illuminate\Foundation\Http\Middleware\TransformsRequest->handle(Object(Illuminate\Http\Request), Object(Closure))
#24 F:\Projects\DFS\draftmatch\vendor\laravel\framework\src\Illuminate\Routing\Pipeline.php(53): Illuminate\Pipeline\Pipeline->Illuminate\Pipeline\{closure}(Object(Illuminate\Http\Request))
#25 F:\Projects\DFS\draftmatch\vendor\laravel\framework\src\Illuminate\Foundation\Http\Middleware\TransformsRequest.php(30): Illuminate\Routing\Pipeline->Illuminate\Routing\{closure}(Object(Illuminate\Http\Request))
#26 F:\Projects\DFS\draftmatch\vendor\laravel\framework\src\Illuminate\Pipeline\Pipeline.php(148): Illuminate\Foundation\Http\Middleware\TransformsRequest->handle(Object(Illuminate\Http\Request), Object(Closure))
#27 F:\Projects\DFS\draftmatch\vendor\laravel\framework\src\Illuminate\Routing\Pipeline.php(53): Illuminate\Pipeline\Pipeline->Illuminate\Pipeline\{closure}(Object(Illuminate\Http\Request))
#28 F:\Projects\DFS\draftmatch\vendor\laravel\framework\src\Illuminate\Foundation\Http\Middleware\ValidatePostSize.php(27): Illuminate\Routing\Pipeline->Illuminate\Routing\{closure}(Object(Illuminate\Http\Request))
#29 F:\Projects\DFS\draftmatch\vendor\laravel\framework\src\Illuminate\Pipeline\Pipeline.php(148): Illuminate\Foundation\Http\Middleware\ValidatePostSize->handle(Object(Illuminate\Http\Request), Object(Closure))
#30 F:\Projects\DFS\draftmatch\vendor\laravel\framework\src\Illuminate\Routing\Pipeline.php(53): Illuminate\Pipeline\Pipeline->Illuminate\Pipeline\{closure}(Object(Illuminate\Http\Request))
#31 F:\Projects\DFS\draftmatch\vendor\laravel\framework\src\Illuminate\Foundation\Http\Middleware\CheckForMaintenanceMode.php(46): Illuminate\Routing\Pipeline->Illuminate\Routing\{closure}(Object(Illuminate\Http\Request))
#32 F:\Projects\DFS\draftmatch\vendor\laravel\framework\src\Illuminate\Pipeline\Pipeline.php(148): Illuminate\Foundation\Http\Middleware\CheckForMaintenanceMode->handle(Object(Illuminate\Http\Request), Object(Closure))
#33 F:\Projects\DFS\draftmatch\vendor\laravel\framework\src\Illuminate\Routing\Pipeline.php(53): Illuminate\Pipeline\Pipeline->Illuminate\Pipeline\{closure}(Object(Illuminate\Http\Request))
#34 F:\Projects\DFS\draftmatch\vendor\laravel\framework\src\Illuminate\Pipeline\Pipeline.php(102): Illuminate\Routing\Pipeline->Illuminate\Routing\{closure}(Object(Illuminate\Http\Request))
#35 F:\Projects\DFS\draftmatch\vendor\laravel\framework\src\Illuminate\Foundation\Http\Kernel.php(151): Illuminate\Pipeline\Pipeline->then(Object(Closure))
#36 F:\Projects\DFS\draftmatch\vendor\laravel\framework\src\Illuminate\Foundation\Http\Kernel.php(116): Illuminate\Foundation\Http\Kernel->sendRequestThroughRouter(Object(Illuminate\Http\Request))
#37 F:\Projects\DFS\draftmatch\public\index.php(53): Illuminate\Foundation\Http\Kernel->handle(Object(Illuminate\Http\Request))
#38 F:\Projects\DFS\draftmatch\server.php(21): require_once('F:\\Projects\\DFS...')
#39 {main}  
[2018-06-20 08:34:11] local.ERROR: Symfony\Component\Debug\Exception\FatalThrowableError: Parse error: syntax error, unexpected '{' in F:\Projects\DFS\draftmatch\app\Http\Controllers\Admin\fake\FakeDataController.php:34
Stack trace:
#0 F:\Projects\DFS\draftmatch\vendor\composer\ClassLoader.php(322): Composer\Autoload\includeFile('F:\\Projects\\DFS...')
#1 [internal function]: Composer\Autoload\ClassLoader->loadClass('App\\Http\\Contro...')
#2 [internal function]: spl_autoload_call('App\\Http\\Contro...')
#3 F:\Projects\DFS\draftmatch\vendor\laravel\framework\src\Illuminate\Container\Container.php(729): ReflectionClass->__construct('App\\Http\\Contro...')
#4 F:\Projects\DFS\draftmatch\vendor\laravel\framework\src\Illuminate\Container\Container.php(608): Illuminate\Container\Container->build('App\\Http\\Contro...')
#5 F:\Projects\DFS\draftmatch\vendor\laravel\framework\src\Illuminate\Container\Container.php(575): Illuminate\Container\Container->resolve('App\\Http\\Contro...')
#6 F:\Projects\DFS\draftmatch\vendor\laravel\framework\src\Illuminate\Foundation\Application.php(728): Illuminate\Container\Container->make('App\\Http\\Contro...')
#7 F:\Projects\DFS\draftmatch\vendor\laravel\framework\src\Illuminate\Routing\Route.php(217): Illuminate\Foundation\Application->make('App\\Http\\Contro...')
#8 F:\Projects\DFS\draftmatch\vendor\laravel\framework\src\Illuminate\Routing\Route.php(747): Illuminate\Routing\Route->getController()
#9 F:\Projects\DFS\draftmatch\vendor\laravel\framework\src\Illuminate\Routing\Route.php(708): Illuminate\Routing\Route->controllerMiddleware()
#10 F:\Projects\DFS\draftmatch\vendor\laravel\framework\src\Illuminate\Routing\Router.php(585): Illuminate\Routing\Route->gatherMiddleware()
#11 F:\Projects\DFS\draftmatch\vendor\laravel\framework\src\Illuminate\Routing\Router.php(565): Illuminate\Routing\Router->gatherRouteMiddleware(Object(Illuminate\Routing\Route))
#12 F:\Projects\DFS\draftmatch\vendor\laravel\framework\src\Illuminate\Routing\Router.php(533): Illuminate\Routing\Router->runRouteWithinStack(Object(Illuminate\Routing\Route), Object(Illuminate\Http\Request))
#13 F:\Projects\DFS\draftmatch\vendor\laravel\framework\src\Illuminate\Routing\Router.php(511): Illuminate\Routing\Router->dispatchToRoute(Object(Illuminate\Http\Request))
#14 F:\Projects\DFS\draftmatch\vendor\laravel\framework\src\Illuminate\Foundation\Http\Kernel.php(176): Illuminate\Routing\Router->dispatch(Object(Illuminate\Http\Request))
#15 F:\Projects\DFS\draftmatch\vendor\laravel\framework\src\Illuminate\Routing\Pipeline.php(30): Illuminate\Foundation\Http\Kernel->Illuminate\Foundation\Http\{closure}(Object(Illuminate\Http\Request))
#16 F:\Projects\DFS\draftmatch\app\Http\Middleware\Cors.php(27): Illuminate\Routing\Pipeline->Illuminate\Routing\{closure}(Object(Illuminate\Http\Request))
#17 F:\Projects\DFS\draftmatch\vendor\laravel\framework\src\Illuminate\Pipeline\Pipeline.php(148): App\Http\Middleware\Cors->handle(Object(Illuminate\Http\Request), Object(Closure))
#18 F:\Projects\DFS\draftmatch\vendor\laravel\framework\src\Illuminate\Routing\Pipeline.php(53): Illuminate\Pipeline\Pipeline->Illuminate\Pipeline\{closure}(Object(Illuminate\Http\Request))
#19 F:\Projects\DFS\draftmatch\app\Http\Middleware\HttpsProtocol.php(29): Illuminate\Routing\Pipeline->Illuminate\Routing\{closure}(Object(Illuminate\Http\Request))
#20 F:\Projects\DFS\draftmatch\vendor\laravel\framework\src\Illuminate\Pipeline\Pipeline.php(148): App\Http\Middleware\HttpsProtocol->handle(Object(Illuminate\Http\Request), Object(Closure))
#21 F:\Projects\DFS\draftmatch\vendor\laravel\framework\src\Illuminate\Routing\Pipeline.php(53): Illuminate\Pipeline\Pipeline->Illuminate\Pipeline\{closure}(Object(Illuminate\Http\Request))
#22 F:\Projects\DFS\draftmatch\vendor\laravel\framework\src\Illuminate\Foundation\Http\Middleware\TransformsRequest.php(30): Illuminate\Routing\Pipeline->Illuminate\Routing\{closure}(Object(Illuminate\Http\Request))
#23 F:\Projects\DFS\draftmatch\vendor\laravel\framework\src\Illuminate\Pipeline\Pipeline.php(148): Illuminate\Foundation\Http\Middleware\TransformsRequest->handle(Object(Illuminate\Http\Request), Object(Closure))
#24 F:\Projects\DFS\draftmatch\vendor\laravel\framework\src\Illuminate\Routing\Pipeline.php(53): Illuminate\Pipeline\Pipeline->Illuminate\Pipeline\{closure}(Object(Illuminate\Http\Request))
#25 F:\Projects\DFS\draftmatch\vendor\laravel\framework\src\Illuminate\Foundation\Http\Middleware\TransformsRequest.php(30): Illuminate\Routing\Pipeline->Illuminate\Routing\{closure}(Object(Illuminate\Http\Request))
#26 F:\Projects\DFS\draftmatch\vendor\laravel\framework\src\Illuminate\Pipeline\Pipeline.php(148): Illuminate\Foundation\Http\Middleware\TransformsRequest->handle(Object(Illuminate\Http\Request), Object(Closure))
#27 F:\Projects\DFS\draftmatch\vendor\laravel\framework\src\Illuminate\Routing\Pipeline.php(53): Illuminate\Pipeline\Pipeline->Illuminate\Pipeline\{closure}(Object(Illuminate\Http\Request))
#28 F:\Projects\DFS\draftmatch\vendor\laravel\framework\src\Illuminate\Foundation\Http\Middleware\ValidatePostSize.php(27): Illuminate\Routing\Pipeline->Illuminate\Routing\{closure}(Object(Illuminate\Http\Request))
#29 F:\Projects\DFS\draftmatch\vendor\laravel\framework\src\Illuminate\Pipeline\Pipeline.php(148): Illuminate\Foundation\Http\Middleware\ValidatePostSize->handle(Object(Illuminate\Http\Request), Object(Closure))
#30 F:\Projects\DFS\draftmatch\vendor\laravel\framework\src\Illuminate\Routing\Pipeline.php(53): Illuminate\Pipeline\Pipeline->Illuminate\Pipeline\{closure}(Object(Illuminate\Http\Request))
#31 F:\Projects\DFS\draftmatch\vendor\laravel\framework\src\Illuminate\Foundation\Http\Middleware\CheckForMaintenanceMode.php(46): Illuminate\Routing\Pipeline->Illuminate\Routing\{closure}(Object(Illuminate\Http\Request))
#32 F:\Projects\DFS\draftmatch\vendor\laravel\framework\src\Illuminate\Pipeline\Pipeline.php(148): Illuminate\Foundation\Http\Middleware\CheckForMaintenanceMode->handle(Object(Illuminate\Http\Request), Object(Closure))
#33 F:\Projects\DFS\draftmatch\vendor\laravel\framework\src\Illuminate\Routing\Pipeline.php(53): Illuminate\Pipeline\Pipeline->Illuminate\Pipeline\{closure}(Object(Illuminate\Http\Request))
#34 F:\Projects\DFS\draftmatch\vendor\laravel\framework\src\Illuminate\Pipeline\Pipeline.php(102): Illuminate\Routing\Pipeline->Illuminate\Routing\{closure}(Object(Illuminate\Http\Request))
#35 F:\Projects\DFS\draftmatch\vendor\laravel\framework\src\Illuminate\Foundation\Http\Kernel.php(151): Illuminate\Pipeline\Pipeline->then(Object(Closure))
#36 F:\Projects\DFS\draftmatch\vendor\laravel\framework\src\Illuminate\Foundation\Http\Kernel.php(116): Illuminate\Foundation\Http\Kernel->sendRequestThroughRouter(Object(Illuminate\Http\Request))
#37 F:\Projects\DFS\draftmatch\public\index.php(53): Illuminate\Foundation\Http\Kernel->handle(Object(Illuminate\Http\Request))
#38 F:\Projects\DFS\draftmatch\server.php(21): require_once('F:\\Projects\\DFS...')
#39 {main}  
[2018-06-20 08:35:03] local.ERROR: Symfony\Component\Debug\Exception\FatalThrowableError: Parse error: syntax error, unexpected '{' in F:\Projects\DFS\draftmatch\app\Http\Controllers\Admin\fake\FakeDataController.php:34
Stack trace:
#0 F:\Projects\DFS\draftmatch\vendor\composer\ClassLoader.php(322): Composer\Autoload\includeFile('F:\\Projects\\DFS...')
#1 [internal function]: Composer\Autoload\ClassLoader->loadClass('App\\Http\\Contro...')
#2 [internal function]: spl_autoload_call('App\\Http\\Contro...')
#3 F:\Projects\DFS\draftmatch\vendor\laravel\framework\src\Illuminate\Container\Container.php(729): ReflectionClass->__construct('App\\Http\\Contro...')
#4 F:\Projects\DFS\draftmatch\vendor\laravel\framework\src\Illuminate\Container\Container.php(608): Illuminate\Container\Container->build('App\\Http\\Contro...')
#5 F:\Projects\DFS\draftmatch\vendor\laravel\framework\src\Illuminate\Container\Container.php(575): Illuminate\Container\Container->resolve('App\\Http\\Contro...')
#6 F:\Projects\DFS\draftmatch\vendor\laravel\framework\src\Illuminate\Foundation\Application.php(728): Illuminate\Container\Container->make('App\\Http\\Contro...')
#7 F:\Projects\DFS\draftmatch\vendor\laravel\framework\src\Illuminate\Routing\Route.php(217): Illuminate\Foundation\Application->make('App\\Http\\Contro...')
#8 F:\Projects\DFS\draftmatch\vendor\laravel\framework\src\Illuminate\Routing\Route.php(747): Illuminate\Routing\Route->getController()
#9 F:\Projects\DFS\draftmatch\vendor\laravel\framework\src\Illuminate\Routing\Route.php(708): Illuminate\Routing\Route->controllerMiddleware()
#10 F:\Projects\DFS\draftmatch\vendor\laravel\framework\src\Illuminate\Routing\Router.php(585): Illuminate\Routing\Route->gatherMiddleware()
#11 F:\Projects\DFS\draftmatch\vendor\laravel\framework\src\Illuminate\Routing\Router.php(565): Illuminate\Routing\Router->gatherRouteMiddleware(Object(Illuminate\Routing\Route))
#12 F:\Projects\DFS\draftmatch\vendor\laravel\framework\src\Illuminate\Routing\Router.php(533): Illuminate\Routing\Router->runRouteWithinStack(Object(Illuminate\Routing\Route), Object(Illuminate\Http\Request))
#13 F:\Projects\DFS\draftmatch\vendor\laravel\framework\src\Illuminate\Routing\Router.php(511): Illuminate\Routing\Router->dispatchToRoute(Object(Illuminate\Http\Request))
#14 F:\Projects\DFS\draftmatch\vendor\laravel\framework\src\Illuminate\Foundation\Http\Kernel.php(176): Illuminate\Routing\Router->dispatch(Object(Illuminate\Http\Request))
#15 F:\Projects\DFS\draftmatch\vendor\laravel\framework\src\Illuminate\Routing\Pipeline.php(30): Illuminate\Foundation\Http\Kernel->Illuminate\Foundation\Http\{closure}(Object(Illuminate\Http\Request))
#16 F:\Projects\DFS\draftmatch\app\Http\Middleware\Cors.php(27): Illuminate\Routing\Pipeline->Illuminate\Routing\{closure}(Object(Illuminate\Http\Request))
#17 F:\Projects\DFS\draftmatch\vendor\laravel\framework\src\Illuminate\Pipeline\Pipeline.php(148): App\Http\Middleware\Cors->handle(Object(Illuminate\Http\Request), Object(Closure))
#18 F:\Projects\DFS\draftmatch\vendor\laravel\framework\src\Illuminate\Routing\Pipeline.php(53): Illuminate\Pipeline\Pipeline->Illuminate\Pipeline\{closure}(Object(Illuminate\Http\Request))
#19 F:\Projects\DFS\draftmatch\app\Http\Middleware\HttpsProtocol.php(29): Illuminate\Routing\Pipeline->Illuminate\Routing\{closure}(Object(Illuminate\Http\Request))
#20 F:\Projects\DFS\draftmatch\vendor\laravel\framework\src\Illuminate\Pipeline\Pipeline.php(148): App\Http\Middleware\HttpsProtocol->handle(Object(Illuminate\Http\Request), Object(Closure))
#21 F:\Projects\DFS\draftmatch\vendor\laravel\framework\src\Illuminate\Routing\Pipeline.php(53): Illuminate\Pipeline\Pipeline->Illuminate\Pipeline\{closure}(Object(Illuminate\Http\Request))
#22 F:\Projects\DFS\draftmatch\vendor\laravel\framework\src\Illuminate\Foundation\Http\Middleware\TransformsRequest.php(30): Illuminate\Routing\Pipeline->Illuminate\Routing\{closure}(Object(Illuminate\Http\Request))
#23 F:\Projects\DFS\draftmatch\vendor\laravel\framework\src\Illuminate\Pipeline\Pipeline.php(148): Illuminate\Foundation\Http\Middleware\TransformsRequest->handle(Object(Illuminate\Http\Request), Object(Closure))
#24 F:\Projects\DFS\draftmatch\vendor\laravel\framework\src\Illuminate\Routing\Pipeline.php(53): Illuminate\Pipeline\Pipeline->Illuminate\Pipeline\{closure}(Object(Illuminate\Http\Request))
#25 F:\Projects\DFS\draftmatch\vendor\laravel\framework\src\Illuminate\Foundation\Http\Middleware\TransformsRequest.php(30): Illuminate\Routing\Pipeline->Illuminate\Routing\{closure}(Object(Illuminate\Http\Request))
#26 F:\Projects\DFS\draftmatch\vendor\laravel\framework\src\Illuminate\Pipeline\Pipeline.php(148): Illuminate\Foundation\Http\Middleware\TransformsRequest->handle(Object(Illuminate\Http\Request), Object(Closure))
#27 F:\Projects\DFS\draftmatch\vendor\laravel\framework\src\Illuminate\Routing\Pipeline.php(53): Illuminate\Pipeline\Pipeline->Illuminate\Pipeline\{closure}(Object(Illuminate\Http\Request))
#28 F:\Projects\DFS\draftmatch\vendor\laravel\framework\src\Illuminate\Foundation\Http\Middleware\ValidatePostSize.php(27): Illuminate\Routing\Pipeline->Illuminate\Routing\{closure}(Object(Illuminate\Http\Request))
#29 F:\Projects\DFS\draftmatch\vendor\laravel\framework\src\Illuminate\Pipeline\Pipeline.php(148): Illuminate\Foundation\Http\Middleware\ValidatePostSize->handle(Object(Illuminate\Http\Request), Object(Closure))
#30 F:\Projects\DFS\draftmatch\vendor\laravel\framework\src\Illuminate\Routing\Pipeline.php(53): Illuminate\Pipeline\Pipeline->Illuminate\Pipeline\{closure}(Object(Illuminate\Http\Request))
#31 F:\Projects\DFS\draftmatch\vendor\laravel\framework\src\Illuminate\Foundation\Http\Middleware\CheckForMaintenanceMode.php(46): Illuminate\Routing\Pipeline->Illuminate\Routing\{closure}(Object(Illuminate\Http\Request))
#32 F:\Projects\DFS\draftmatch\vendor\laravel\framework\src\Illuminate\Pipeline\Pipeline.php(148): Illuminate\Foundation\Http\Middleware\CheckForMaintenanceMode->handle(Object(Illuminate\Http\Request), Object(Closure))
#33 F:\Projects\DFS\draftmatch\vendor\laravel\framework\src\Illuminate\Routing\Pipeline.php(53): Illuminate\Pipeline\Pipeline->Illuminate\Pipeline\{closure}(Object(Illuminate\Http\Request))
#34 F:\Projects\DFS\draftmatch\vendor\laravel\framework\src\Illuminate\Pipeline\Pipeline.php(102): Illuminate\Routing\Pipeline->Illuminate\Routing\{closure}(Object(Illuminate\Http\Request))
#35 F:\Projects\DFS\draftmatch\vendor\laravel\framework\src\Illuminate\Foundation\Http\Kernel.php(151): Illuminate\Pipeline\Pipeline->then(Object(Closure))
#36 F:\Projects\DFS\draftmatch\vendor\laravel\framework\src\Illuminate\Foundation\Http\Kernel.php(116): Illuminate\Foundation\Http\Kernel->sendRequestThroughRouter(Object(Illuminate\Http\Request))
#37 F:\Projects\DFS\draftmatch\public\index.php(53): Illuminate\Foundation\Http\Kernel->handle(Object(Illuminate\Http\Request))
#38 F:\Projects\DFS\draftmatch\server.php(21): require_once('F:\\Projects\\DFS...')
#39 {main}  
[2018-06-20 08:36:00] local.ERROR: Symfony\Component\Debug\Exception\FatalThrowableError: Parse error: syntax error, unexpected '{' in F:\Projects\DFS\draftmatch\app\Http\Controllers\Admin\fake\FakeDataController.php:34
Stack trace:
#0 F:\Projects\DFS\draftmatch\vendor\composer\ClassLoader.php(322): Composer\Autoload\includeFile('F:\\Projects\\DFS...')
#1 [internal function]: Composer\Autoload\ClassLoader->loadClass('App\\Http\\Contro...')
#2 [internal function]: spl_autoload_call('App\\Http\\Contro...')
#3 F:\Projects\DFS\draftmatch\vendor\laravel\framework\src\Illuminate\Container\Container.php(729): ReflectionClass->__construct('App\\Http\\Contro...')
#4 F:\Projects\DFS\draftmatch\vendor\laravel\framework\src\Illuminate\Container\Container.php(608): Illuminate\Container\Container->build('App\\Http\\Contro...')
#5 F:\Projects\DFS\draftmatch\vendor\laravel\framework\src\Illuminate\Container\Container.php(575): Illuminate\Container\Container->resolve('App\\Http\\Contro...')
#6 F:\Projects\DFS\draftmatch\vendor\laravel\framework\src\Illuminate\Foundation\Application.php(728): Illuminate\Container\Container->make('App\\Http\\Contro...')
#7 F:\Projects\DFS\draftmatch\vendor\laravel\framework\src\Illuminate\Routing\Route.php(217): Illuminate\Foundation\Application->make('App\\Http\\Contro...')
#8 F:\Projects\DFS\draftmatch\vendor\laravel\framework\src\Illuminate\Routing\Route.php(747): Illuminate\Routing\Route->getController()
#9 F:\Projects\DFS\draftmatch\vendor\laravel\framework\src\Illuminate\Routing\Route.php(708): Illuminate\Routing\Route->controllerMiddleware()
#10 F:\Projects\DFS\draftmatch\vendor\laravel\framework\src\Illuminate\Routing\Router.php(585): Illuminate\Routing\Route->gatherMiddleware()
#11 F:\Projects\DFS\draftmatch\vendor\laravel\framework\src\Illuminate\Routing\Router.php(565): Illuminate\Routing\Router->gatherRouteMiddleware(Object(Illuminate\Routing\Route))
#12 F:\Projects\DFS\draftmatch\vendor\laravel\framework\src\Illuminate\Routing\Router.php(533): Illuminate\Routing\Router->runRouteWithinStack(Object(Illuminate\Routing\Route), Object(Illuminate\Http\Request))
#13 F:\Projects\DFS\draftmatch\vendor\laravel\framework\src\Illuminate\Routing\Router.php(511): Illuminate\Routing\Router->dispatchToRoute(Object(Illuminate\Http\Request))
#14 F:\Projects\DFS\draftmatch\vendor\laravel\framework\src\Illuminate\Foundation\Http\Kernel.php(176): Illuminate\Routing\Router->dispatch(Object(Illuminate\Http\Request))
#15 F:\Projects\DFS\draftmatch\vendor\laravel\framework\src\Illuminate\Routing\Pipeline.php(30): Illuminate\Foundation\Http\Kernel->Illuminate\Foundation\Http\{closure}(Object(Illuminate\Http\Request))
#16 F:\Projects\DFS\draftmatch\app\Http\Middleware\Cors.php(27): Illuminate\Routing\Pipeline->Illuminate\Routing\{closure}(Object(Illuminate\Http\Request))
#17 F:\Projects\DFS\draftmatch\vendor\laravel\framework\src\Illuminate\Pipeline\Pipeline.php(148): App\Http\Middleware\Cors->handle(Object(Illuminate\Http\Request), Object(Closure))
#18 F:\Projects\DFS\draftmatch\vendor\laravel\framework\src\Illuminate\Routing\Pipeline.php(53): Illuminate\Pipeline\Pipeline->Illuminate\Pipeline\{closure}(Object(Illuminate\Http\Request))
#19 F:\Projects\DFS\draftmatch\app\Http\Middleware\HttpsProtocol.php(29): Illuminate\Routing\Pipeline->Illuminate\Routing\{closure}(Object(Illuminate\Http\Request))
#20 F:\Projects\DFS\draftmatch\vendor\laravel\framework\src\Illuminate\Pipeline\Pipeline.php(148): App\Http\Middleware\HttpsProtocol->handle(Object(Illuminate\Http\Request), Object(Closure))
#21 F:\Projects\DFS\draftmatch\vendor\laravel\framework\src\Illuminate\Routing\Pipeline.php(53): Illuminate\Pipeline\Pipeline->Illuminate\Pipeline\{closure}(Object(Illuminate\Http\Request))
#22 F:\Projects\DFS\draftmatch\vendor\laravel\framework\src\Illuminate\Foundation\Http\Middleware\TransformsRequest.php(30): Illuminate\Routing\Pipeline->Illuminate\Routing\{closure}(Object(Illuminate\Http\Request))
#23 F:\Projects\DFS\draftmatch\vendor\laravel\framework\src\Illuminate\Pipeline\Pipeline.php(148): Illuminate\Foundation\Http\Middleware\TransformsRequest->handle(Object(Illuminate\Http\Request), Object(Closure))
#24 F:\Projects\DFS\draftmatch\vendor\laravel\framework\src\Illuminate\Routing\Pipeline.php(53): Illuminate\Pipeline\Pipeline->Illuminate\Pipeline\{closure}(Object(Illuminate\Http\Request))
#25 F:\Projects\DFS\draftmatch\vendor\laravel\framework\src\Illuminate\Foundation\Http\Middleware\TransformsRequest.php(30): Illuminate\Routing\Pipeline->Illuminate\Routing\{closure}(Object(Illuminate\Http\Request))
#26 F:\Projects\DFS\draftmatch\vendor\laravel\framework\src\Illuminate\Pipeline\Pipeline.php(148): Illuminate\Foundation\Http\Middleware\TransformsRequest->handle(Object(Illuminate\Http\Request), Object(Closure))
#27 F:\Projects\DFS\draftmatch\vendor\laravel\framework\src\Illuminate\Routing\Pipeline.php(53): Illuminate\Pipeline\Pipeline->Illuminate\Pipeline\{closure}(Object(Illuminate\Http\Request))
#28 F:\Projects\DFS\draftmatch\vendor\laravel\framework\src\Illuminate\Foundation\Http\Middleware\ValidatePostSize.php(27): Illuminate\Routing\Pipeline->Illuminate\Routing\{closure}(Object(Illuminate\Http\Request))
#29 F:\Projects\DFS\draftmatch\vendor\laravel\framework\src\Illuminate\Pipeline\Pipeline.php(148): Illuminate\Foundation\Http\Middleware\ValidatePostSize->handle(Object(Illuminate\Http\Request), Object(Closure))
#30 F:\Projects\DFS\draftmatch\vendor\laravel\framework\src\Illuminate\Routing\Pipeline.php(53): Illuminate\Pipeline\Pipeline->Illuminate\Pipeline\{closure}(Object(Illuminate\Http\Request))
#31 F:\Projects\DFS\draftmatch\vendor\laravel\framework\src\Illuminate\Foundation\Http\Middleware\CheckForMaintenanceMode.php(46): Illuminate\Routing\Pipeline->Illuminate\Routing\{closure}(Object(Illuminate\Http\Request))
#32 F:\Projects\DFS\draftmatch\vendor\laravel\framework\src\Illuminate\Pipeline\Pipeline.php(148): Illuminate\Foundation\Http\Middleware\CheckForMaintenanceMode->handle(Object(Illuminate\Http\Request), Object(Closure))
#33 F:\Projects\DFS\draftmatch\vendor\laravel\framework\src\Illuminate\Routing\Pipeline.php(53): Illuminate\Pipeline\Pipeline->Illuminate\Pipeline\{closure}(Object(Illuminate\Http\Request))
#34 F:\Projects\DFS\draftmatch\vendor\laravel\framework\src\Illuminate\Pipeline\Pipeline.php(102): Illuminate\Routing\Pipeline->Illuminate\Routing\{closure}(Object(Illuminate\Http\Request))
#35 F:\Projects\DFS\draftmatch\vendor\laravel\framework\src\Illuminate\Foundation\Http\Kernel.php(151): Illuminate\Pipeline\Pipeline->then(Object(Closure))
#36 F:\Projects\DFS\draftmatch\vendor\laravel\framework\src\Illuminate\Foundation\Http\Kernel.php(116): Illuminate\Foundation\Http\Kernel->sendRequestThroughRouter(Object(Illuminate\Http\Request))
#37 F:\Projects\DFS\draftmatch\public\index.php(53): Illuminate\Foundation\Http\Kernel->handle(Object(Illuminate\Http\Request))
#38 F:\Projects\DFS\draftmatch\server.php(21): require_once('F:\\Projects\\DFS...')
#39 {main}  
[2018-06-20 08:36:53] local.ERROR: Symfony\Component\Debug\Exception\FatalThrowableError: Parse error: syntax error, unexpected '{' in F:\Projects\DFS\draftmatch\app\Http\Controllers\Admin\fake\FakeDataController.php:34
Stack trace:
#0 F:\Projects\DFS\draftmatch\vendor\composer\ClassLoader.php(322): Composer\Autoload\includeFile('F:\\Projects\\DFS...')
#1 [internal function]: Composer\Autoload\ClassLoader->loadClass('App\\Http\\Contro...')
#2 [internal function]: spl_autoload_call('App\\Http\\Contro...')
#3 F:\Projects\DFS\draftmatch\vendor\laravel\framework\src\Illuminate\Container\Container.php(729): ReflectionClass->__construct('App\\Http\\Contro...')
#4 F:\Projects\DFS\draftmatch\vendor\laravel\framework\src\Illuminate\Container\Container.php(608): Illuminate\Container\Container->build('App\\Http\\Contro...')
#5 F:\Projects\DFS\draftmatch\vendor\laravel\framework\src\Illuminate\Container\Container.php(575): Illuminate\Container\Container->resolve('App\\Http\\Contro...')
#6 F:\Projects\DFS\draftmatch\vendor\laravel\framework\src\Illuminate\Foundation\Application.php(728): Illuminate\Container\Container->make('App\\Http\\Contro...')
#7 F:\Projects\DFS\draftmatch\vendor\laravel\framework\src\Illuminate\Routing\Route.php(217): Illuminate\Foundation\Application->make('App\\Http\\Contro...')
#8 F:\Projects\DFS\draftmatch\vendor\laravel\framework\src\Illuminate\Routing\Route.php(747): Illuminate\Routing\Route->getController()
#9 F:\Projects\DFS\draftmatch\vendor\laravel\framework\src\Illuminate\Routing\Route.php(708): Illuminate\Routing\Route->controllerMiddleware()
#10 F:\Projects\DFS\draftmatch\vendor\laravel\framework\src\Illuminate\Routing\Router.php(585): Illuminate\Routing\Route->gatherMiddleware()
#11 F:\Projects\DFS\draftmatch\vendor\laravel\framework\src\Illuminate\Routing\Router.php(565): Illuminate\Routing\Router->gatherRouteMiddleware(Object(Illuminate\Routing\Route))
#12 F:\Projects\DFS\draftmatch\vendor\laravel\framework\src\Illuminate\Routing\Router.php(533): Illuminate\Routing\Router->runRouteWithinStack(Object(Illuminate\Routing\Route), Object(Illuminate\Http\Request))
#13 F:\Projects\DFS\draftmatch\vendor\laravel\framework\src\Illuminate\Routing\Router.php(511): Illuminate\Routing\Router->dispatchToRoute(Object(Illuminate\Http\Request))
#14 F:\Projects\DFS\draftmatch\vendor\laravel\framework\src\Illuminate\Foundation\Http\Kernel.php(176): Illuminate\Routing\Router->dispatch(Object(Illuminate\Http\Request))
#15 F:\Projects\DFS\draftmatch\vendor\laravel\framework\src\Illuminate\Routing\Pipeline.php(30): Illuminate\Foundation\Http\Kernel->Illuminate\Foundation\Http\{closure}(Object(Illuminate\Http\Request))
#16 F:\Projects\DFS\draftmatch\app\Http\Middleware\Cors.php(27): Illuminate\Routing\Pipeline->Illuminate\Routing\{closure}(Object(Illuminate\Http\Request))
#17 F:\Projects\DFS\draftmatch\vendor\laravel\framework\src\Illuminate\Pipeline\Pipeline.php(148): App\Http\Middleware\Cors->handle(Object(Illuminate\Http\Request), Object(Closure))
#18 F:\Projects\DFS\draftmatch\vendor\laravel\framework\src\Illuminate\Routing\Pipeline.php(53): Illuminate\Pipeline\Pipeline->Illuminate\Pipeline\{closure}(Object(Illuminate\Http\Request))
#19 F:\Projects\DFS\draftmatch\app\Http\Middleware\HttpsProtocol.php(29): Illuminate\Routing\Pipeline->Illuminate\Routing\{closure}(Object(Illuminate\Http\Request))
#20 F:\Projects\DFS\draftmatch\vendor\laravel\framework\src\Illuminate\Pipeline\Pipeline.php(148): App\Http\Middleware\HttpsProtocol->handle(Object(Illuminate\Http\Request), Object(Closure))
#21 F:\Projects\DFS\draftmatch\vendor\laravel\framework\src\Illuminate\Routing\Pipeline.php(53): Illuminate\Pipeline\Pipeline->Illuminate\Pipeline\{closure}(Object(Illuminate\Http\Request))
#22 F:\Projects\DFS\draftmatch\vendor\laravel\framework\src\Illuminate\Foundation\Http\Middleware\TransformsRequest.php(30): Illuminate\Routing\Pipeline->Illuminate\Routing\{closure}(Object(Illuminate\Http\Request))
#23 F:\Projects\DFS\draftmatch\vendor\laravel\framework\src\Illuminate\Pipeline\Pipeline.php(148): Illuminate\Foundation\Http\Middleware\TransformsRequest->handle(Object(Illuminate\Http\Request), Object(Closure))
#24 F:\Projects\DFS\draftmatch\vendor\laravel\framework\src\Illuminate\Routing\Pipeline.php(53): Illuminate\Pipeline\Pipeline->Illuminate\Pipeline\{closure}(Object(Illuminate\Http\Request))
#25 F:\Projects\DFS\draftmatch\vendor\laravel\framework\src\Illuminate\Foundation\Http\Middleware\TransformsRequest.php(30): Illuminate\Routing\Pipeline->Illuminate\Routing\{closure}(Object(Illuminate\Http\Request))
#26 F:\Projects\DFS\draftmatch\vendor\laravel\framework\src\Illuminate\Pipeline\Pipeline.php(148): Illuminate\Foundation\Http\Middleware\TransformsRequest->handle(Object(Illuminate\Http\Request), Object(Closure))
#27 F:\Projects\DFS\draftmatch\vendor\laravel\framework\src\Illuminate\Routing\Pipeline.php(53): Illuminate\Pipeline\Pipeline->Illuminate\Pipeline\{closure}(Object(Illuminate\Http\Request))
#28 F:\Projects\DFS\draftmatch\vendor\laravel\framework\src\Illuminate\Foundation\Http\Middleware\ValidatePostSize.php(27): Illuminate\Routing\Pipeline->Illuminate\Routing\{closure}(Object(Illuminate\Http\Request))
#29 F:\Projects\DFS\draftmatch\vendor\laravel\framework\src\Illuminate\Pipeline\Pipeline.php(148): Illuminate\Foundation\Http\Middleware\ValidatePostSize->handle(Object(Illuminate\Http\Request), Object(Closure))
#30 F:\Projects\DFS\draftmatch\vendor\laravel\framework\src\Illuminate\Routing\Pipeline.php(53): Illuminate\Pipeline\Pipeline->Illuminate\Pipeline\{closure}(Object(Illuminate\Http\Request))
#31 F:\Projects\DFS\draftmatch\vendor\laravel\framework\src\Illuminate\Foundation\Http\Middleware\CheckForMaintenanceMode.php(46): Illuminate\Routing\Pipeline->Illuminate\Routing\{closure}(Object(Illuminate\Http\Request))
#32 F:\Projects\DFS\draftmatch\vendor\laravel\framework\src\Illuminate\Pipeline\Pipeline.php(148): Illuminate\Foundation\Http\Middleware\CheckForMaintenanceMode->handle(Object(Illuminate\Http\Request), Object(Closure))
#33 F:\Projects\DFS\draftmatch\vendor\laravel\framework\src\Illuminate\Routing\Pipeline.php(53): Illuminate\Pipeline\Pipeline->Illuminate\Pipeline\{closure}(Object(Illuminate\Http\Request))
#34 F:\Projects\DFS\draftmatch\vendor\laravel\framework\src\Illuminate\Pipeline\Pipeline.php(102): Illuminate\Routing\Pipeline->Illuminate\Routing\{closure}(Object(Illuminate\Http\Request))
#35 F:\Projects\DFS\draftmatch\vendor\laravel\framework\src\Illuminate\Foundation\Http\Kernel.php(151): Illuminate\Pipeline\Pipeline->then(Object(Closure))
#36 F:\Projects\DFS\draftmatch\vendor\laravel\framework\src\Illuminate\Foundation\Http\Kernel.php(116): Illuminate\Foundation\Http\Kernel->sendRequestThroughRouter(Object(Illuminate\Http\Request))
#37 F:\Projects\DFS\draftmatch\public\index.php(53): Illuminate\Foundation\Http\Kernel->handle(Object(Illuminate\Http\Request))
#38 F:\Projects\DFS\draftmatch\server.php(21): require_once('F:\\Projects\\DFS...')
#39 {main}  
[2018-06-20 10:31:37] local.ERROR: Symfony\Component\Debug\Exception\FatalThrowableError: Parse error: syntax error, unexpected '{', expecting ')' in F:\Projects\DFS\draftmatch\app\Http\Controllers\Admin\fake\FakeDataController.php:64
Stack trace:
#0 F:\Projects\DFS\draftmatch\vendor\composer\ClassLoader.php(322): Composer\Autoload\includeFile('F:\\Projects\\DFS...')
#1 [internal function]: Composer\Autoload\ClassLoader->loadClass('App\\Http\\Contro...')
#2 [internal function]: spl_autoload_call('App\\Http\\Contro...')
#3 F:\Projects\DFS\draftmatch\vendor\laravel\framework\src\Illuminate\Container\Container.php(729): ReflectionClass->__construct('App\\Http\\Contro...')
#4 F:\Projects\DFS\draftmatch\vendor\laravel\framework\src\Illuminate\Container\Container.php(608): Illuminate\Container\Container->build('App\\Http\\Contro...')
#5 F:\Projects\DFS\draftmatch\vendor\laravel\framework\src\Illuminate\Container\Container.php(575): Illuminate\Container\Container->resolve('App\\Http\\Contro...')
#6 F:\Projects\DFS\draftmatch\vendor\laravel\framework\src\Illuminate\Foundation\Application.php(728): Illuminate\Container\Container->make('App\\Http\\Contro...')
#7 F:\Projects\DFS\draftmatch\vendor\laravel\framework\src\Illuminate\Routing\Route.php(217): Illuminate\Foundation\Application->make('App\\Http\\Contro...')
#8 F:\Projects\DFS\draftmatch\vendor\laravel\framework\src\Illuminate\Routing\Route.php(747): Illuminate\Routing\Route->getController()
#9 F:\Projects\DFS\draftmatch\vendor\laravel\framework\src\Illuminate\Routing\Route.php(708): Illuminate\Routing\Route->controllerMiddleware()
#10 F:\Projects\DFS\draftmatch\vendor\laravel\framework\src\Illuminate\Routing\Router.php(585): Illuminate\Routing\Route->gatherMiddleware()
#11 F:\Projects\DFS\draftmatch\vendor\laravel\framework\src\Illuminate\Routing\Router.php(565): Illuminate\Routing\Router->gatherRouteMiddleware(Object(Illuminate\Routing\Route))
#12 F:\Projects\DFS\draftmatch\vendor\laravel\framework\src\Illuminate\Routing\Router.php(533): Illuminate\Routing\Router->runRouteWithinStack(Object(Illuminate\Routing\Route), Object(Illuminate\Http\Request))
#13 F:\Projects\DFS\draftmatch\vendor\laravel\framework\src\Illuminate\Routing\Router.php(511): Illuminate\Routing\Router->dispatchToRoute(Object(Illuminate\Http\Request))
#14 F:\Projects\DFS\draftmatch\vendor\laravel\framework\src\Illuminate\Foundation\Http\Kernel.php(176): Illuminate\Routing\Router->dispatch(Object(Illuminate\Http\Request))
#15 F:\Projects\DFS\draftmatch\vendor\laravel\framework\src\Illuminate\Routing\Pipeline.php(30): Illuminate\Foundation\Http\Kernel->Illuminate\Foundation\Http\{closure}(Object(Illuminate\Http\Request))
#16 F:\Projects\DFS\draftmatch\app\Http\Middleware\Cors.php(27): Illuminate\Routing\Pipeline->Illuminate\Routing\{closure}(Object(Illuminate\Http\Request))
#17 F:\Projects\DFS\draftmatch\vendor\laravel\framework\src\Illuminate\Pipeline\Pipeline.php(148): App\Http\Middleware\Cors->handle(Object(Illuminate\Http\Request), Object(Closure))
#18 F:\Projects\DFS\draftmatch\vendor\laravel\framework\src\Illuminate\Routing\Pipeline.php(53): Illuminate\Pipeline\Pipeline->Illuminate\Pipeline\{closure}(Object(Illuminate\Http\Request))
#19 F:\Projects\DFS\draftmatch\app\Http\Middleware\HttpsProtocol.php(29): Illuminate\Routing\Pipeline->Illuminate\Routing\{closure}(Object(Illuminate\Http\Request))
#20 F:\Projects\DFS\draftmatch\vendor\laravel\framework\src\Illuminate\Pipeline\Pipeline.php(148): App\Http\Middleware\HttpsProtocol->handle(Object(Illuminate\Http\Request), Object(Closure))
#21 F:\Projects\DFS\draftmatch\vendor\laravel\framework\src\Illuminate\Routing\Pipeline.php(53): Illuminate\Pipeline\Pipeline->Illuminate\Pipeline\{closure}(Object(Illuminate\Http\Request))
#22 F:\Projects\DFS\draftmatch\vendor\laravel\framework\src\Illuminate\Foundation\Http\Middleware\TransformsRequest.php(30): Illuminate\Routing\Pipeline->Illuminate\Routing\{closure}(Object(Illuminate\Http\Request))
#23 F:\Projects\DFS\draftmatch\vendor\laravel\framework\src\Illuminate\Pipeline\Pipeline.php(148): Illuminate\Foundation\Http\Middleware\TransformsRequest->handle(Object(Illuminate\Http\Request), Object(Closure))
#24 F:\Projects\DFS\draftmatch\vendor\laravel\framework\src\Illuminate\Routing\Pipeline.php(53): Illuminate\Pipeline\Pipeline->Illuminate\Pipeline\{closure}(Object(Illuminate\Http\Request))
#25 F:\Projects\DFS\draftmatch\vendor\laravel\framework\src\Illuminate\Foundation\Http\Middleware\TransformsRequest.php(30): Illuminate\Routing\Pipeline->Illuminate\Routing\{closure}(Object(Illuminate\Http\Request))
#26 F:\Projects\DFS\draftmatch\vendor\laravel\framework\src\Illuminate\Pipeline\Pipeline.php(148): Illuminate\Foundation\Http\Middleware\TransformsRequest->handle(Object(Illuminate\Http\Request), Object(Closure))
#27 F:\Projects\DFS\draftmatch\vendor\laravel\framework\src\Illuminate\Routing\Pipeline.php(53): Illuminate\Pipeline\Pipeline->Illuminate\Pipeline\{closure}(Object(Illuminate\Http\Request))
#28 F:\Projects\DFS\draftmatch\vendor\laravel\framework\src\Illuminate\Foundation\Http\Middleware\ValidatePostSize.php(27): Illuminate\Routing\Pipeline->Illuminate\Routing\{closure}(Object(Illuminate\Http\Request))
#29 F:\Projects\DFS\draftmatch\vendor\laravel\framework\src\Illuminate\Pipeline\Pipeline.php(148): Illuminate\Foundation\Http\Middleware\ValidatePostSize->handle(Object(Illuminate\Http\Request), Object(Closure))
#30 F:\Projects\DFS\draftmatch\vendor\laravel\framework\src\Illuminate\Routing\Pipeline.php(53): Illuminate\Pipeline\Pipeline->Illuminate\Pipeline\{closure}(Object(Illuminate\Http\Request))
#31 F:\Projects\DFS\draftmatch\vendor\laravel\framework\src\Illuminate\Foundation\Http\Middleware\CheckForMaintenanceMode.php(46): Illuminate\Routing\Pipeline->Illuminate\Routing\{closure}(Object(Illuminate\Http\Request))
#32 F:\Projects\DFS\draftmatch\vendor\laravel\framework\src\Illuminate\Pipeline\Pipeline.php(148): Illuminate\Foundation\Http\Middleware\CheckForMaintenanceMode->handle(Object(Illuminate\Http\Request), Object(Closure))
#33 F:\Projects\DFS\draftmatch\vendor\laravel\framework\src\Illuminate\Routing\Pipeline.php(53): Illuminate\Pipeline\Pipeline->Illuminate\Pipeline\{closure}(Object(Illuminate\Http\Request))
#34 F:\Projects\DFS\draftmatch\vendor\laravel\framework\src\Illuminate\Pipeline\Pipeline.php(102): Illuminate\Routing\Pipeline->Illuminate\Routing\{closure}(Object(Illuminate\Http\Request))
#35 F:\Projects\DFS\draftmatch\vendor\laravel\framework\src\Illuminate\Foundation\Http\Kernel.php(151): Illuminate\Pipeline\Pipeline->then(Object(Closure))
#36 F:\Projects\DFS\draftmatch\vendor\laravel\framework\src\Illuminate\Foundation\Http\Kernel.php(116): Illuminate\Foundation\Http\Kernel->sendRequestThroughRouter(Object(Illuminate\Http\Request))
#37 F:\Projects\DFS\draftmatch\public\index.php(53): Illuminate\Foundation\Http\Kernel->handle(Object(Illuminate\Http\Request))
#38 F:\Projects\DFS\draftmatch\server.php(21): require_once('F:\\Projects\\DFS...')
#39 {main}  
[2018-06-20 10:35:24] local.ERROR: Symfony\Component\Debug\Exception\FatalThrowableError: Parse error: syntax error, unexpected '{', expecting ')' in F:\Projects\DFS\draftmatch\app\Http\Controllers\Admin\fake\FakeDataController.php:64
Stack trace:
#0 F:\Projects\DFS\draftmatch\vendor\composer\ClassLoader.php(322): Composer\Autoload\includeFile('F:\\Projects\\DFS...')
#1 [internal function]: Composer\Autoload\ClassLoader->loadClass('App\\Http\\Contro...')
#2 [internal function]: spl_autoload_call('App\\Http\\Contro...')
#3 F:\Projects\DFS\draftmatch\vendor\laravel\framework\src\Illuminate\Container\Container.php(729): ReflectionClass->__construct('App\\Http\\Contro...')
#4 F:\Projects\DFS\draftmatch\vendor\laravel\framework\src\Illuminate\Container\Container.php(608): Illuminate\Container\Container->build('App\\Http\\Contro...')
#5 F:\Projects\DFS\draftmatch\vendor\laravel\framework\src\Illuminate\Container\Container.php(575): Illuminate\Container\Container->resolve('App\\Http\\Contro...')
#6 F:\Projects\DFS\draftmatch\vendor\laravel\framework\src\Illuminate\Foundation\Application.php(728): Illuminate\Container\Container->make('App\\Http\\Contro...')
#7 F:\Projects\DFS\draftmatch\vendor\laravel\framework\src\Illuminate\Routing\Route.php(217): Illuminate\Foundation\Application->make('App\\Http\\Contro...')
#8 F:\Projects\DFS\draftmatch\vendor\laravel\framework\src\Illuminate\Routing\Route.php(747): Illuminate\Routing\Route->getController()
#9 F:\Projects\DFS\draftmatch\vendor\laravel\framework\src\Illuminate\Routing\Route.php(708): Illuminate\Routing\Route->controllerMiddleware()
#10 F:\Projects\DFS\draftmatch\vendor\laravel\framework\src\Illuminate\Routing\Router.php(585): Illuminate\Routing\Route->gatherMiddleware()
#11 F:\Projects\DFS\draftmatch\vendor\laravel\framework\src\Illuminate\Routing\Router.php(565): Illuminate\Routing\Router->gatherRouteMiddleware(Object(Illuminate\Routing\Route))
#12 F:\Projects\DFS\draftmatch\vendor\laravel\framework\src\Illuminate\Routing\Router.php(533): Illuminate\Routing\Router->runRouteWithinStack(Object(Illuminate\Routing\Route), Object(Illuminate\Http\Request))
#13 F:\Projects\DFS\draftmatch\vendor\laravel\framework\src\Illuminate\Routing\Router.php(511): Illuminate\Routing\Router->dispatchToRoute(Object(Illuminate\Http\Request))
#14 F:\Projects\DFS\draftmatch\vendor\laravel\framework\src\Illuminate\Foundation\Http\Kernel.php(176): Illuminate\Routing\Router->dispatch(Object(Illuminate\Http\Request))
#15 F:\Projects\DFS\draftmatch\vendor\laravel\framework\src\Illuminate\Routing\Pipeline.php(30): Illuminate\Foundation\Http\Kernel->Illuminate\Foundation\Http\{closure}(Object(Illuminate\Http\Request))
#16 F:\Projects\DFS\draftmatch\app\Http\Middleware\Cors.php(27): Illuminate\Routing\Pipeline->Illuminate\Routing\{closure}(Object(Illuminate\Http\Request))
#17 F:\Projects\DFS\draftmatch\vendor\laravel\framework\src\Illuminate\Pipeline\Pipeline.php(148): App\Http\Middleware\Cors->handle(Object(Illuminate\Http\Request), Object(Closure))
#18 F:\Projects\DFS\draftmatch\vendor\laravel\framework\src\Illuminate\Routing\Pipeline.php(53): Illuminate\Pipeline\Pipeline->Illuminate\Pipeline\{closure}(Object(Illuminate\Http\Request))
#19 F:\Projects\DFS\draftmatch\app\Http\Middleware\HttpsProtocol.php(29): Illuminate\Routing\Pipeline->Illuminate\Routing\{closure}(Object(Illuminate\Http\Request))
#20 F:\Projects\DFS\draftmatch\vendor\laravel\framework\src\Illuminate\Pipeline\Pipeline.php(148): App\Http\Middleware\HttpsProtocol->handle(Object(Illuminate\Http\Request), Object(Closure))
#21 F:\Projects\DFS\draftmatch\vendor\laravel\framework\src\Illuminate\Routing\Pipeline.php(53): Illuminate\Pipeline\Pipeline->Illuminate\Pipeline\{closure}(Object(Illuminate\Http\Request))
#22 F:\Projects\DFS\draftmatch\vendor\laravel\framework\src\Illuminate\Foundation\Http\Middleware\TransformsRequest.php(30): Illuminate\Routing\Pipeline->Illuminate\Routing\{closure}(Object(Illuminate\Http\Request))
#23 F:\Projects\DFS\draftmatch\vendor\laravel\framework\src\Illuminate\Pipeline\Pipeline.php(148): Illuminate\Foundation\Http\Middleware\TransformsRequest->handle(Object(Illuminate\Http\Request), Object(Closure))
#24 F:\Projects\DFS\draftmatch\vendor\laravel\framework\src\Illuminate\Routing\Pipeline.php(53): Illuminate\Pipeline\Pipeline->Illuminate\Pipeline\{closure}(Object(Illuminate\Http\Request))
#25 F:\Projects\DFS\draftmatch\vendor\laravel\framework\src\Illuminate\Foundation\Http\Middleware\TransformsRequest.php(30): Illuminate\Routing\Pipeline->Illuminate\Routing\{closure}(Object(Illuminate\Http\Request))
#26 F:\Projects\DFS\draftmatch\vendor\laravel\framework\src\Illuminate\Pipeline\Pipeline.php(148): Illuminate\Foundation\Http\Middleware\TransformsRequest->handle(Object(Illuminate\Http\Request), Object(Closure))
#27 F:\Projects\DFS\draftmatch\vendor\laravel\framework\src\Illuminate\Routing\Pipeline.php(53): Illuminate\Pipeline\Pipeline->Illuminate\Pipeline\{closure}(Object(Illuminate\Http\Request))
#28 F:\Projects\DFS\draftmatch\vendor\laravel\framework\src\Illuminate\Foundation\Http\Middleware\ValidatePostSize.php(27): Illuminate\Routing\Pipeline->Illuminate\Routing\{closure}(Object(Illuminate\Http\Request))
#29 F:\Projects\DFS\draftmatch\vendor\laravel\framework\src\Illuminate\Pipeline\Pipeline.php(148): Illuminate\Foundation\Http\Middleware\ValidatePostSize->handle(Object(Illuminate\Http\Request), Object(Closure))
#30 F:\Projects\DFS\draftmatch\vendor\laravel\framework\src\Illuminate\Routing\Pipeline.php(53): Illuminate\Pipeline\Pipeline->Illuminate\Pipeline\{closure}(Object(Illuminate\Http\Request))
#31 F:\Projects\DFS\draftmatch\vendor\laravel\framework\src\Illuminate\Foundation\Http\Middleware\CheckForMaintenanceMode.php(46): Illuminate\Routing\Pipeline->Illuminate\Routing\{closure}(Object(Illuminate\Http\Request))
#32 F:\Projects\DFS\draftmatch\vendor\laravel\framework\src\Illuminate\Pipeline\Pipeline.php(148): Illuminate\Foundation\Http\Middleware\CheckForMaintenanceMode->handle(Object(Illuminate\Http\Request), Object(Closure))
#33 F:\Projects\DFS\draftmatch\vendor\laravel\framework\src\Illuminate\Routing\Pipeline.php(53): Illuminate\Pipeline\Pipeline->Illuminate\Pipeline\{closure}(Object(Illuminate\Http\Request))
#34 F:\Projects\DFS\draftmatch\vendor\laravel\framework\src\Illuminate\Pipeline\Pipeline.php(102): Illuminate\Routing\Pipeline->Illuminate\Routing\{closure}(Object(Illuminate\Http\Request))
#35 F:\Projects\DFS\draftmatch\vendor\laravel\framework\src\Illuminate\Foundation\Http\Kernel.php(151): Illuminate\Pipeline\Pipeline->then(Object(Closure))
#36 F:\Projects\DFS\draftmatch\vendor\laravel\framework\src\Illuminate\Foundation\Http\Kernel.php(116): Illuminate\Foundation\Http\Kernel->sendRequestThroughRouter(Object(Illuminate\Http\Request))
#37 F:\Projects\DFS\draftmatch\public\index.php(53): Illuminate\Foundation\Http\Kernel->handle(Object(Illuminate\Http\Request))
#38 F:\Projects\DFS\draftmatch\server.php(21): require_once('F:\\Projects\\DFS...')
#39 {main}  
[2018-06-20 10:38:21] local.ERROR: Symfony\Component\Debug\Exception\FatalThrowableError: Parse error: syntax error, unexpected '[', expecting '{' in F:\Projects\DFS\draftmatch\app\Http\Controllers\Admin\fake\FakeDataController.php:21
Stack trace:
#0 F:\Projects\DFS\draftmatch\vendor\composer\ClassLoader.php(322): Composer\Autoload\includeFile('F:\\Projects\\DFS...')
#1 [internal function]: Composer\Autoload\ClassLoader->loadClass('App\\Http\\Contro...')
#2 [internal function]: spl_autoload_call('App\\Http\\Contro...')
#3 F:\Projects\DFS\draftmatch\vendor\laravel\framework\src\Illuminate\Container\Container.php(729): ReflectionClass->__construct('App\\Http\\Contro...')
#4 F:\Projects\DFS\draftmatch\vendor\laravel\framework\src\Illuminate\Container\Container.php(608): Illuminate\Container\Container->build('App\\Http\\Contro...')
#5 F:\Projects\DFS\draftmatch\vendor\laravel\framework\src\Illuminate\Container\Container.php(575): Illuminate\Container\Container->resolve('App\\Http\\Contro...')
#6 F:\Projects\DFS\draftmatch\vendor\laravel\framework\src\Illuminate\Foundation\Application.php(728): Illuminate\Container\Container->make('App\\Http\\Contro...')
#7 F:\Projects\DFS\draftmatch\vendor\laravel\framework\src\Illuminate\Routing\Route.php(217): Illuminate\Foundation\Application->make('App\\Http\\Contro...')
#8 F:\Projects\DFS\draftmatch\vendor\laravel\framework\src\Illuminate\Routing\Route.php(747): Illuminate\Routing\Route->getController()
#9 F:\Projects\DFS\draftmatch\vendor\laravel\framework\src\Illuminate\Routing\Route.php(708): Illuminate\Routing\Route->controllerMiddleware()
#10 F:\Projects\DFS\draftmatch\vendor\laravel\framework\src\Illuminate\Routing\Router.php(585): Illuminate\Routing\Route->gatherMiddleware()
#11 F:\Projects\DFS\draftmatch\vendor\laravel\framework\src\Illuminate\Routing\Router.php(565): Illuminate\Routing\Router->gatherRouteMiddleware(Object(Illuminate\Routing\Route))
#12 F:\Projects\DFS\draftmatch\vendor\laravel\framework\src\Illuminate\Routing\Router.php(533): Illuminate\Routing\Router->runRouteWithinStack(Object(Illuminate\Routing\Route), Object(Illuminate\Http\Request))
#13 F:\Projects\DFS\draftmatch\vendor\laravel\framework\src\Illuminate\Routing\Router.php(511): Illuminate\Routing\Router->dispatchToRoute(Object(Illuminate\Http\Request))
#14 F:\Projects\DFS\draftmatch\vendor\laravel\framework\src\Illuminate\Foundation\Http\Kernel.php(176): Illuminate\Routing\Router->dispatch(Object(Illuminate\Http\Request))
#15 F:\Projects\DFS\draftmatch\vendor\laravel\framework\src\Illuminate\Routing\Pipeline.php(30): Illuminate\Foundation\Http\Kernel->Illuminate\Foundation\Http\{closure}(Object(Illuminate\Http\Request))
#16 F:\Projects\DFS\draftmatch\app\Http\Middleware\Cors.php(27): Illuminate\Routing\Pipeline->Illuminate\Routing\{closure}(Object(Illuminate\Http\Request))
#17 F:\Projects\DFS\draftmatch\vendor\laravel\framework\src\Illuminate\Pipeline\Pipeline.php(148): App\Http\Middleware\Cors->handle(Object(Illuminate\Http\Request), Object(Closure))
#18 F:\Projects\DFS\draftmatch\vendor\laravel\framework\src\Illuminate\Routing\Pipeline.php(53): Illuminate\Pipeline\Pipeline->Illuminate\Pipeline\{closure}(Object(Illuminate\Http\Request))
#19 F:\Projects\DFS\draftmatch\app\Http\Middleware\HttpsProtocol.php(29): Illuminate\Routing\Pipeline->Illuminate\Routing\{closure}(Object(Illuminate\Http\Request))
#20 F:\Projects\DFS\draftmatch\vendor\laravel\framework\src\Illuminate\Pipeline\Pipeline.php(148): App\Http\Middleware\HttpsProtocol->handle(Object(Illuminate\Http\Request), Object(Closure))
#21 F:\Projects\DFS\draftmatch\vendor\laravel\framework\src\Illuminate\Routing\Pipeline.php(53): Illuminate\Pipeline\Pipeline->Illuminate\Pipeline\{closure}(Object(Illuminate\Http\Request))
#22 F:\Projects\DFS\draftmatch\vendor\laravel\framework\src\Illuminate\Foundation\Http\Middleware\TransformsRequest.php(30): Illuminate\Routing\Pipeline->Illuminate\Routing\{closure}(Object(Illuminate\Http\Request))
#23 F:\Projects\DFS\draftmatch\vendor\laravel\framework\src\Illuminate\Pipeline\Pipeline.php(148): Illuminate\Foundation\Http\Middleware\TransformsRequest->handle(Object(Illuminate\Http\Request), Object(Closure))
#24 F:\Projects\DFS\draftmatch\vendor\laravel\framework\src\Illuminate\Routing\Pipeline.php(53): Illuminate\Pipeline\Pipeline->Illuminate\Pipeline\{closure}(Object(Illuminate\Http\Request))
#25 F:\Projects\DFS\draftmatch\vendor\laravel\framework\src\Illuminate\Foundation\Http\Middleware\TransformsRequest.php(30): Illuminate\Routing\Pipeline->Illuminate\Routing\{closure}(Object(Illuminate\Http\Request))
#26 F:\Projects\DFS\draftmatch\vendor\laravel\framework\src\Illuminate\Pipeline\Pipeline.php(148): Illuminate\Foundation\Http\Middleware\TransformsRequest->handle(Object(Illuminate\Http\Request), Object(Closure))
#27 F:\Projects\DFS\draftmatch\vendor\laravel\framework\src\Illuminate\Routing\Pipeline.php(53): Illuminate\Pipeline\Pipeline->Illuminate\Pipeline\{closure}(Object(Illuminate\Http\Request))
#28 F:\Projects\DFS\draftmatch\vendor\laravel\framework\src\Illuminate\Foundation\Http\Middleware\ValidatePostSize.php(27): Illuminate\Routing\Pipeline->Illuminate\Routing\{closure}(Object(Illuminate\Http\Request))
#29 F:\Projects\DFS\draftmatch\vendor\laravel\framework\src\Illuminate\Pipeline\Pipeline.php(148): Illuminate\Foundation\Http\Middleware\ValidatePostSize->handle(Object(Illuminate\Http\Request), Object(Closure))
#30 F:\Projects\DFS\draftmatch\vendor\laravel\framework\src\Illuminate\Routing\Pipeline.php(53): Illuminate\Pipeline\Pipeline->Illuminate\Pipeline\{closure}(Object(Illuminate\Http\Request))
#31 F:\Projects\DFS\draftmatch\vendor\laravel\framework\src\Illuminate\Foundation\Http\Middleware\CheckForMaintenanceMode.php(46): Illuminate\Routing\Pipeline->Illuminate\Routing\{closure}(Object(Illuminate\Http\Request))
#32 F:\Projects\DFS\draftmatch\vendor\laravel\framework\src\Illuminate\Pipeline\Pipeline.php(148): Illuminate\Foundation\Http\Middleware\CheckForMaintenanceMode->handle(Object(Illuminate\Http\Request), Object(Closure))
#33 F:\Projects\DFS\draftmatch\vendor\laravel\framework\src\Illuminate\Routing\Pipeline.php(53): Illuminate\Pipeline\Pipeline->Illuminate\Pipeline\{closure}(Object(Illuminate\Http\Request))
#34 F:\Projects\DFS\draftmatch\vendor\laravel\framework\src\Illuminate\Pipeline\Pipeline.php(102): Illuminate\Routing\Pipeline->Illuminate\Routing\{closure}(Object(Illuminate\Http\Request))
#35 F:\Projects\DFS\draftmatch\vendor\laravel\framework\src\Illuminate\Foundation\Http\Kernel.php(151): Illuminate\Pipeline\Pipeline->then(Object(Closure))
#36 F:\Projects\DFS\draftmatch\vendor\laravel\framework\src\Illuminate\Foundation\Http\Kernel.php(116): Illuminate\Foundation\Http\Kernel->sendRequestThroughRouter(Object(Illuminate\Http\Request))
#37 F:\Projects\DFS\draftmatch\public\index.php(53): Illuminate\Foundation\Http\Kernel->handle(Object(Illuminate\Http\Request))
#38 F:\Projects\DFS\draftmatch\server.php(21): require_once('F:\\Projects\\DFS...')
#39 {main}  
[2018-06-20 10:40:58] local.ERROR: Symfony\Component\Debug\Exception\FatalThrowableError: Parse error: syntax error, unexpected 'array' (T_ARRAY), expecting '{' in F:\Projects\DFS\draftmatch\app\Http\Controllers\Admin\fake\FakeDataController.php:21
Stack trace:
#0 F:\Projects\DFS\draftmatch\vendor\composer\ClassLoader.php(322): Composer\Autoload\includeFile('F:\\Projects\\DFS...')
#1 [internal function]: Composer\Autoload\ClassLoader->loadClass('App\\Http\\Contro...')
#2 [internal function]: spl_autoload_call('App\\Http\\Contro...')
#3 F:\Projects\DFS\draftmatch\vendor\laravel\framework\src\Illuminate\Container\Container.php(729): ReflectionClass->__construct('App\\Http\\Contro...')
#4 F:\Projects\DFS\draftmatch\vendor\laravel\framework\src\Illuminate\Container\Container.php(608): Illuminate\Container\Container->build('App\\Http\\Contro...')
#5 F:\Projects\DFS\draftmatch\vendor\laravel\framework\src\Illuminate\Container\Container.php(575): Illuminate\Container\Container->resolve('App\\Http\\Contro...')
#6 F:\Projects\DFS\draftmatch\vendor\laravel\framework\src\Illuminate\Foundation\Application.php(728): Illuminate\Container\Container->make('App\\Http\\Contro...')
#7 F:\Projects\DFS\draftmatch\vendor\laravel\framework\src\Illuminate\Routing\Route.php(217): Illuminate\Foundation\Application->make('App\\Http\\Contro...')
#8 F:\Projects\DFS\draftmatch\vendor\laravel\framework\src\Illuminate\Routing\Route.php(747): Illuminate\Routing\Route->getController()
#9 F:\Projects\DFS\draftmatch\vendor\laravel\framework\src\Illuminate\Routing\Route.php(708): Illuminate\Routing\Route->controllerMiddleware()
#10 F:\Projects\DFS\draftmatch\vendor\laravel\framework\src\Illuminate\Routing\Router.php(585): Illuminate\Routing\Route->gatherMiddleware()
#11 F:\Projects\DFS\draftmatch\vendor\laravel\framework\src\Illuminate\Routing\Router.php(565): Illuminate\Routing\Router->gatherRouteMiddleware(Object(Illuminate\Routing\Route))
#12 F:\Projects\DFS\draftmatch\vendor\laravel\framework\src\Illuminate\Routing\Router.php(533): Illuminate\Routing\Router->runRouteWithinStack(Object(Illuminate\Routing\Route), Object(Illuminate\Http\Request))
#13 F:\Projects\DFS\draftmatch\vendor\laravel\framework\src\Illuminate\Routing\Router.php(511): Illuminate\Routing\Router->dispatchToRoute(Object(Illuminate\Http\Request))
#14 F:\Projects\DFS\draftmatch\vendor\laravel\framework\src\Illuminate\Foundation\Http\Kernel.php(176): Illuminate\Routing\Router->dispatch(Object(Illuminate\Http\Request))
#15 F:\Projects\DFS\draftmatch\vendor\laravel\framework\src\Illuminate\Routing\Pipeline.php(30): Illuminate\Foundation\Http\Kernel->Illuminate\Foundation\Http\{closure}(Object(Illuminate\Http\Request))
#16 F:\Projects\DFS\draftmatch\app\Http\Middleware\Cors.php(27): Illuminate\Routing\Pipeline->Illuminate\Routing\{closure}(Object(Illuminate\Http\Request))
#17 F:\Projects\DFS\draftmatch\vendor\laravel\framework\src\Illuminate\Pipeline\Pipeline.php(148): App\Http\Middleware\Cors->handle(Object(Illuminate\Http\Request), Object(Closure))
#18 F:\Projects\DFS\draftmatch\vendor\laravel\framework\src\Illuminate\Routing\Pipeline.php(53): Illuminate\Pipeline\Pipeline->Illuminate\Pipeline\{closure}(Object(Illuminate\Http\Request))
#19 F:\Projects\DFS\draftmatch\app\Http\Middleware\HttpsProtocol.php(29): Illuminate\Routing\Pipeline->Illuminate\Routing\{closure}(Object(Illuminate\Http\Request))
#20 F:\Projects\DFS\draftmatch\vendor\laravel\framework\src\Illuminate\Pipeline\Pipeline.php(148): App\Http\Middleware\HttpsProtocol->handle(Object(Illuminate\Http\Request), Object(Closure))
#21 F:\Projects\DFS\draftmatch\vendor\laravel\framework\src\Illuminate\Routing\Pipeline.php(53): Illuminate\Pipeline\Pipeline->Illuminate\Pipeline\{closure}(Object(Illuminate\Http\Request))
#22 F:\Projects\DFS\draftmatch\vendor\laravel\framework\src\Illuminate\Foundation\Http\Middleware\TransformsRequest.php(30): Illuminate\Routing\Pipeline->Illuminate\Routing\{closure}(Object(Illuminate\Http\Request))
#23 F:\Projects\DFS\draftmatch\vendor\laravel\framework\src\Illuminate\Pipeline\Pipeline.php(148): Illuminate\Foundation\Http\Middleware\TransformsRequest->handle(Object(Illuminate\Http\Request), Object(Closure))
#24 F:\Projects\DFS\draftmatch\vendor\laravel\framework\src\Illuminate\Routing\Pipeline.php(53): Illuminate\Pipeline\Pipeline->Illuminate\Pipeline\{closure}(Object(Illuminate\Http\Request))
#25 F:\Projects\DFS\draftmatch\vendor\laravel\framework\src\Illuminate\Foundation\Http\Middleware\TransformsRequest.php(30): Illuminate\Routing\Pipeline->Illuminate\Routing\{closure}(Object(Illuminate\Http\Request))
#26 F:\Projects\DFS\draftmatch\vendor\laravel\framework\src\Illuminate\Pipeline\Pipeline.php(148): Illuminate\Foundation\Http\Middleware\TransformsRequest->handle(Object(Illuminate\Http\Request), Object(Closure))
#27 F:\Projects\DFS\draftmatch\vendor\laravel\framework\src\Illuminate\Routing\Pipeline.php(53): Illuminate\Pipeline\Pipeline->Illuminate\Pipeline\{closure}(Object(Illuminate\Http\Request))
#28 F:\Projects\DFS\draftmatch\vendor\laravel\framework\src\Illuminate\Foundation\Http\Middleware\ValidatePostSize.php(27): Illuminate\Routing\Pipeline->Illuminate\Routing\{closure}(Object(Illuminate\Http\Request))
#29 F:\Projects\DFS\draftmatch\vendor\laravel\framework\src\Illuminate\Pipeline\Pipeline.php(148): Illuminate\Foundation\Http\Middleware\ValidatePostSize->handle(Object(Illuminate\Http\Request), Object(Closure))
#30 F:\Projects\DFS\draftmatch\vendor\laravel\framework\src\Illuminate\Routing\Pipeline.php(53): Illuminate\Pipeline\Pipeline->Illuminate\Pipeline\{closure}(Object(Illuminate\Http\Request))
#31 F:\Projects\DFS\draftmatch\vendor\laravel\framework\src\Illuminate\Foundation\Http\Middleware\CheckForMaintenanceMode.php(46): Illuminate\Routing\Pipeline->Illuminate\Routing\{closure}(Object(Illuminate\Http\Request))
#32 F:\Projects\DFS\draftmatch\vendor\laravel\framework\src\Illuminate\Pipeline\Pipeline.php(148): Illuminate\Foundation\Http\Middleware\CheckForMaintenanceMode->handle(Object(Illuminate\Http\Request), Object(Closure))
#33 F:\Projects\DFS\draftmatch\vendor\laravel\framework\src\Illuminate\Routing\Pipeline.php(53): Illuminate\Pipeline\Pipeline->Illuminate\Pipeline\{closure}(Object(Illuminate\Http\Request))
#34 F:\Projects\DFS\draftmatch\vendor\laravel\framework\src\Illuminate\Pipeline\Pipeline.php(102): Illuminate\Routing\Pipeline->Illuminate\Routing\{closure}(Object(Illuminate\Http\Request))
#35 F:\Projects\DFS\draftmatch\vendor\laravel\framework\src\Illuminate\Foundation\Http\Kernel.php(151): Illuminate\Pipeline\Pipeline->then(Object(Closure))
#36 F:\Projects\DFS\draftmatch\vendor\laravel\framework\src\Illuminate\Foundation\Http\Kernel.php(116): Illuminate\Foundation\Http\Kernel->sendRequestThroughRouter(Object(Illuminate\Http\Request))
#37 F:\Projects\DFS\draftmatch\public\index.php(53): Illuminate\Foundation\Http\Kernel->handle(Object(Illuminate\Http\Request))
#38 F:\Projects\DFS\draftmatch\server.php(21): require_once('F:\\Projects\\DFS...')
#39 {main}  
[2018-06-20 15:47:05] local.INFO: SCHEDULING for day Wednesday DATE : 2018-06-20 11:47:05  
[2018-06-20 15:50:03] local.INFO: SCHEDULING for day Wednesday DATE : 2018-06-20 11:50:03  
[2018-06-20 15:50:04] local.ERROR: Symfony\Component\Debug\Exception\FatalThrowableError: Class 'App\Console\Commands\FakeConsts' not found in F:\Projects\DFS\draftmatch\app\Console\Commands\FoxSportsScraper.php:86
Stack trace:
#0 F:\Projects\DFS\draftmatch\app\Console\Commands\FoxSportsScraper.php(183): App\Console\Commands\FoxSportsScraper->getSchedule('2018', '5', '1', true)
#1 [internal function]: App\Console\Commands\FoxSportsScraper->handle()
#2 F:\Projects\DFS\draftmatch\vendor\laravel\framework\src\Illuminate\Container\BoundMethod.php(29): call_user_func_array(Array, Array)
#3 F:\Projects\DFS\draftmatch\vendor\laravel\framework\src\Illuminate\Container\BoundMethod.php(87): Illuminate\Container\BoundMethod::Illuminate\Container\{closure}()
#4 F:\Projects\DFS\draftmatch\vendor\laravel\framework\src\Illuminate\Container\BoundMethod.php(31): Illuminate\Container\BoundMethod::callBoundMethod(Object(Illuminate\Foundation\Application), Array, Object(Closure))
#5 F:\Projects\DFS\draftmatch\vendor\laravel\framework\src\Illuminate\Container\Container.php(539): Illuminate\Container\BoundMethod::call(Object(Illuminate\Foundation\Application), Array, Array, NULL)
#6 F:\Projects\DFS\draftmatch\vendor\laravel\framework\src\Illuminate\Console\Command.php(182): Illuminate\Container\Container->call(Array)
#7 F:\Projects\DFS\draftmatch\vendor\symfony\console\Command\Command.php(252): Illuminate\Console\Command->execute(Object(Symfony\Component\Console\Input\ArgvInput), Object(Illuminate\Console\OutputStyle))
#8 F:\Projects\DFS\draftmatch\vendor\laravel\framework\src\Illuminate\Console\Command.php(167): Symfony\Component\Console\Command\Command->run(Object(Symfony\Component\Console\Input\ArgvInput), Object(Illuminate\Console\OutputStyle))
#9 F:\Projects\DFS\draftmatch\vendor\symfony\console\Application.php(946): Illuminate\Console\Command->run(Object(Symfony\Component\Console\Input\ArgvInput), Object(Symfony\Component\Console\Output\ConsoleOutput))
#10 F:\Projects\DFS\draftmatch\vendor\symfony\console\Application.php(248): Symfony\Component\Console\Application->doRunCommand(Object(App\Console\Commands\FoxSportsScraper), Object(Symfony\Component\Console\Input\ArgvInput), Object(Symfony\Component\Console\Output\ConsoleOutput))
#11 F:\Projects\DFS\draftmatch\vendor\symfony\console\Application.php(148): Symfony\Component\Console\Application->doRun(Object(Symfony\Component\Console\Input\ArgvInput), Object(Symfony\Component\Console\Output\ConsoleOutput))
#12 F:\Projects\DFS\draftmatch\vendor\laravel\framework\src\Illuminate\Foundation\Console\Kernel.php(122): Symfony\Component\Console\Application->run(Object(Symfony\Component\Console\Input\ArgvInput), Object(Symfony\Component\Console\Output\ConsoleOutput))
#13 F:\Projects\DFS\draftmatch\artisan(35): Illuminate\Foundation\Console\Kernel->handle(Object(Symfony\Component\Console\Input\ArgvInput), Object(Symfony\Component\Console\Output\ConsoleOutput))
#14 {main}  
[2018-06-20 15:52:12] local.INFO: SCHEDULING for day Wednesday DATE : 2018-06-20 11:52:12  
[2018-06-20 15:54:23] local.INFO: SCHEDULING for day Wednesday DATE : 2018-06-20 11:54:23  
[2018-06-20 15:54:29] local.INFO: SCHEDULING for day Wednesday DATE : 2018-06-20 11:54:29  
[2018-06-20 16:07:51] local.INFO: SCHEDULING for day Wednesday DATE : 2018-06-20 12:07:51  
[2018-06-20 16:07:56] local.INFO: SCHEDULING for day Wednesday DATE : 2018-06-20 12:07:56  
[2018-06-20 16:08:59] local.INFO: SCHEDULING for day Wednesday DATE : 2018-06-20 12:08:59  
[2018-06-20 16:09:03] local.INFO: SCHEDULING for day Wednesday DATE : 2018-06-20 12:09:03  
[2018-06-20 16:09:16] local.INFO: SCHEDULING for day Wednesday DATE : 2018-06-20 12:09:16  
[2018-06-20 16:09:16] local.INFO: SCHEDULING for day Wednesday DATE : 2018-06-20 12:09:16  
[2018-06-20 16:09:22] local.INFO: SCHEDULING for day Wednesday DATE : 2018-06-20 12:09:22  
[2018-06-20 16:09:25] local.INFO: SCHEDULING for day Wednesday DATE : 2018-06-20 12:09:25  
[2018-06-20 16:11:11] local.INFO: SCHEDULING for day Wednesday DATE : 2018-06-20 12:11:11  
[2018-06-20 16:11:15] local.INFO: SCHEDULING for day Wednesday DATE : 2018-06-20 12:11:15  
[2018-06-20 16:12:50] local.INFO: SCHEDULING for day Wednesday DATE : 2018-06-20 12:12:50  
[2018-06-20 16:12:54] local.INFO: SCHEDULING for day Wednesday DATE : 2018-06-20 12:12:54  
[2018-06-20 16:13:21] local.INFO: SCHEDULING for day Wednesday DATE : 2018-06-20 12:13:21  
[2018-06-20 16:14:42] local.INFO: SCHEDULING for day Wednesday DATE : 2018-06-20 12:14:42  
[2018-06-20 16:14:51] local.INFO: SCHEDULING for day Wednesday DATE : 2018-06-20 12:14:51  
[2018-06-20 16:22:26] local.INFO: SCHEDULING for day Wednesday DATE : 2018-06-20 12:22:26  
[2018-06-20 16:22:31] local.INFO: SCHEDULING for day Wednesday DATE : 2018-06-20 12:22:31  
[2018-06-20 16:22:37] local.INFO: SCHEDULING for day Wednesday DATE : 2018-06-20 12:22:37  
[2018-06-20 16:22:40] local.INFO: SCHEDULING for day Wednesday DATE : 2018-06-20 12:22:40  
[2018-06-20 16:22:41] local.INFO: SCHEDULING for day Wednesday DATE : 2018-06-20 12:22:41  
[2018-06-20 16:26:26] local.INFO: SCHEDULING for day Wednesday DATE : 2018-06-20 12:26:26  
[2018-06-20 16:26:26] local.ERROR: Symfony\Component\Debug\Exception\FatalThrowableError: Class 'App\Console\Commands\Symfony\Component\Console\Output\ConsoleOutput' not found in F:\Projects\DFS\draftmatch\app\Console\Commands\FoxSportsScraper.php:59
Stack trace:
#0 [internal function]: App\Console\Commands\FoxSportsScraper->__construct()
#1 F:\Projects\DFS\draftmatch\vendor\laravel\framework\src\Illuminate\Container\Container.php(762): ReflectionClass->newInstanceArgs(Array)
#2 F:\Projects\DFS\draftmatch\vendor\laravel\framework\src\Illuminate\Container\Container.php(608): Illuminate\Container\Container->build('App\\Console\\Com...')
#3 F:\Projects\DFS\draftmatch\vendor\laravel\framework\src\Illuminate\Container\Container.php(575): Illuminate\Container\Container->resolve('App\\Console\\Com...')
#4 F:\Projects\DFS\draftmatch\vendor\laravel\framework\src\Illuminate\Foundation\Application.php(728): Illuminate\Container\Container->make('App\\Console\\Com...')
#5 F:\Projects\DFS\draftmatch\vendor\laravel\framework\src\Illuminate\Console\Application.php(192): Illuminate\Foundation\Application->make('App\\Console\\Com...')
#6 F:\Projects\DFS\draftmatch\vendor\laravel\framework\src\Illuminate\Console\Application.php(206): Illuminate\Console\Application->resolve('App\\Console\\Com...')
#7 F:\Projects\DFS\draftmatch\vendor\laravel\framework\src\Illuminate\Foundation\Console\Kernel.php(285): Illuminate\Console\Application->resolveCommands(Array)
#8 F:\Projects\DFS\draftmatch\vendor\laravel\framework\src\Illuminate\Foundation\Console\Kernel.php(122): Illuminate\Foundation\Console\Kernel->getArtisan()
#9 F:\Projects\DFS\draftmatch\artisan(35): Illuminate\Foundation\Console\Kernel->handle(Object(Symfony\Component\Console\Input\ArgvInput), Object(Symfony\Component\Console\Output\ConsoleOutput))
#10 {main}  
[2018-06-20 16:27:10] local.INFO: SCHEDULING for day Wednesday DATE : 2018-06-20 12:27:10  
[2018-06-20 16:27:10] local.ERROR: Symfony\Component\Debug\Exception\FatalThrowableError: Call to a member function writeln() on null in F:\Projects\DFS\draftmatch\vendor\laravel\framework\src\Illuminate\Console\Command.php:421
Stack trace:
#0 F:\Projects\DFS\draftmatch\vendor\laravel\framework\src\Illuminate\Console\Command.php(406): Illuminate\Console\Command->line('fdsfa', 'info', NULL)
#1 F:\Projects\DFS\draftmatch\app\Console\Commands\FoxSportsScraper.php(60): Illuminate\Console\Command->info('fdsfa')
#2 [internal function]: App\Console\Commands\FoxSportsScraper->__construct()
#3 F:\Projects\DFS\draftmatch\vendor\laravel\framework\src\Illuminate\Container\Container.php(762): ReflectionClass->newInstanceArgs(Array)
#4 F:\Projects\DFS\draftmatch\vendor\laravel\framework\src\Illuminate\Container\Container.php(608): Illuminate\Container\Container->build('App\\Console\\Com...')
#5 F:\Projects\DFS\draftmatch\vendor\laravel\framework\src\Illuminate\Container\Container.php(575): Illuminate\Container\Container->resolve('App\\Console\\Com...')
#6 F:\Projects\DFS\draftmatch\vendor\laravel\framework\src\Illuminate\Foundation\Application.php(728): Illuminate\Container\Container->make('App\\Console\\Com...')
#7 F:\Projects\DFS\draftmatch\vendor\laravel\framework\src\Illuminate\Console\Application.php(192): Illuminate\Foundation\Application->make('App\\Console\\Com...')
#8 F:\Projects\DFS\draftmatch\vendor\laravel\framework\src\Illuminate\Console\Application.php(206): Illuminate\Console\Application->resolve('App\\Console\\Com...')
#9 F:\Projects\DFS\draftmatch\vendor\laravel\framework\src\Illuminate\Foundation\Console\Kernel.php(285): Illuminate\Console\Application->resolveCommands(Array)
#10 F:\Projects\DFS\draftmatch\vendor\laravel\framework\src\Illuminate\Foundation\Console\Kernel.php(122): Illuminate\Foundation\Console\Kernel->getArtisan()
#11 F:\Projects\DFS\draftmatch\artisan(35): Illuminate\Foundation\Console\Kernel->handle(Object(Symfony\Component\Console\Input\ArgvInput), Object(Symfony\Component\Console\Output\ConsoleOutput))
#12 {main}  
[2018-06-20 16:27:33] local.INFO: SCHEDULING for day Wednesday DATE : 2018-06-20 12:27:33  
[2018-06-20 16:28:08] local.INFO: SCHEDULING for day Wednesday DATE : 2018-06-20 12:28:08  
[2018-06-20 16:28:13] local.INFO: SCHEDULING for day Wednesday DATE : 2018-06-20 12:28:13  
[2018-06-20 16:28:50] local.INFO: SCHEDULING for day Wednesday DATE : 2018-06-20 12:28:50  
[2018-06-20 16:28:53] local.INFO: SCHEDULING for day Wednesday DATE : 2018-06-20 12:28:53  
[2018-06-20 16:29:21] local.INFO: SCHEDULING for day Wednesday DATE : 2018-06-20 12:29:21  
[2018-06-20 16:33:21] local.INFO: SCHEDULING for day Wednesday DATE : 2018-06-20 12:33:21  
[2018-06-20 16:34:02] local.INFO: SCHEDULING for day Wednesday DATE : 2018-06-20 12:34:02  
[2018-06-20 16:35:13] local.INFO: SCHEDULING for day Wednesday DATE : 2018-06-20 12:35:13  
[2018-06-20 16:37:20] local.INFO: SCHEDULING for day Wednesday DATE : 2018-06-20 12:37:20  
[2018-06-20 16:37:20] local.INFO: Updating timeframe   
[2018-06-20 16:37:20] local.INFO: No previous  
[2018-06-20 16:37:20] local.INFO: Retrieving timeframe from url http://localhost:8000/api/fake/timeframes/current  
[2018-06-20 16:37:21] local.INFO: Successfully retrieved timeframe from url http://localhost:8000/api/fake/timeframes/current  
[2018-06-20 16:37:21] local.INFO: Successfully created current timeframe  
[2018-06-20 16:37:21] local.INFO: Pulling scores   
[2018-06-20 16:37:21] local.INFO: Pulling scores from url http://localhost:8000/api/fake/get_games  
[2018-06-20 16:37:21] local.INFO: Adding games to slates Sun  
[2018-06-20 16:37:21] local.INFO: Adding games to slates Sun  
[2018-06-20 16:37:21] local.INFO: Adding games to slates Sun  
[2018-06-20 16:37:21] local.INFO: Adding games to slates Sun  
[2018-06-20 16:37:21] local.INFO: Adding games to slates Sun  
[2018-06-20 16:37:21] local.INFO: Adding games to slates Sun  
[2018-06-20 16:37:21] local.INFO: Adding games to slates Sun  
[2018-06-20 16:37:21] local.INFO: Adding games to slates Sun  
[2018-06-20 16:37:21] local.INFO: Adding games to slates Sun  
[2018-06-20 16:37:21] local.INFO: Adding games to slates Sun  
[2018-06-20 16:37:21] local.INFO: Adding games to slates Sun  
[2018-06-20 16:37:21] local.INFO: Adding games to slates Sun  
[2018-06-20 16:37:21] local.INFO: Successfully pulled all scores   
[2018-06-20 16:37:21] local.INFO: Executing command playerInfo:update  
[2018-06-20 16:37:21] local.INFO: Pulling player info ...  
[2018-06-20 16:37:21] local.INFO: Retrieving data from url https://api.fantasydata.net/v3/nfl/stats/JSON/DailyFantasyPlayers/2017-09-20  
[2018-06-20 16:37:24] local.INFO: Successfully retrieved data from url https://api.fantasydata.net/v3/nfl/stats/JSON/DailyFantasyPlayers/2017-09-20  
[2018-06-20 16:37:29] local.INFO: Updating tiers for players ...  
[2018-06-20 16:37:31] local.INFO: Successfully updated player info  
[2018-06-20 16:37:31] local.INFO: Executed command playerInfo:update successfully  
[2018-06-20 17:34:10] local.INFO: SCHEDULING for day Wednesday DATE : 2018-06-20 13:34:10  
[2018-06-20 17:34:30] local.INFO: Getting info about slates ...  
[2018-06-20 17:34:30] local.INFO: Retrieving available slates ...  
[2018-06-20 17:34:31] local.INFO: Successfully retrieved available slates ...  
[2018-06-20 18:05:45] local.INFO: SCHEDULING for day Wednesday DATE : 2018-06-20 14:05:45  
[2018-06-20 18:06:15] local.INFO: SCHEDULING for day Wednesday DATE : 2018-06-20 14:06:15  
[2018-06-20 18:06:15] local.INFO: Updating timeframe   
[2018-06-20 18:06:15] local.INFO: No previous  
[2018-06-20 18:06:15] local.INFO: Retrieving timeframe from url https://draftmatch-api.com/api/fake/timeframes/current  
[2018-06-20 18:06:16] local.INFO: Successfully retrieved timeframe from url https://draftmatch-api.com/api/fake/timeframes/current  
[2018-06-20 18:06:16] local.INFO: Successfully created current timeframe  
[2018-06-20 18:06:16] local.INFO: Pulling scores   
[2018-06-20 18:06:16] local.INFO: Pulling scores from url https://draftmatch-api.com/api/fake/get_games  
[2018-06-20 18:06:17] local.INFO: Adding games to slates Sun  
[2018-06-20 18:06:17] local.INFO: Adding games to slates Sun  
[2018-06-20 18:06:17] local.INFO: Adding games to slates Sun  
[2018-06-20 18:06:17] local.INFO: Adding games to slates Sun  
[2018-06-20 18:06:17] local.INFO: Adding games to slates Sun  
[2018-06-20 18:06:17] local.INFO: Adding games to slates Sun  
[2018-06-20 18:06:17] local.INFO: Adding games to slates Sun  
[2018-06-20 18:06:17] local.INFO: Adding games to slates Sun  
[2018-06-20 18:06:17] local.INFO: Adding games to slates Sun  
[2018-06-20 18:06:17] local.INFO: Adding games to slates Sun  
[2018-06-20 18:06:17] local.INFO: Adding games to slates Sun  
[2018-06-20 18:06:17] local.INFO: Adding games to slates Sun  
[2018-06-20 18:06:18] local.INFO: Successfully pulled all scores   
[2018-06-20 18:06:18] local.INFO: Executing command playerInfo:update  
[2018-06-20 18:06:18] local.INFO: Pulling player info ...  
[2018-06-20 18:06:18] local.INFO: Retrieving data from url https://api.fantasydata.net/v3/nfl/stats/JSON/DailyFantasyPlayers/2017-09-20  
[2018-06-20 18:06:20] local.INFO: Successfully retrieved data from url https://api.fantasydata.net/v3/nfl/stats/JSON/DailyFantasyPlayers/2017-09-20  
[2018-06-20 18:06:27] local.INFO: Updating tiers for players ...  
[2018-06-20 18:06:29] local.INFO: Successfully updated player info  
[2018-06-20 18:06:29] local.INFO: Executed command playerInfo:update successfully  
