[2018-07-21 02:21:07] local.INFO: SCHEDULING for day Friday DATE : 2018-07-20 22:21:07  
[2018-07-21 02:21:10] local.INFO: Check invoices ...  
[2018-07-21 02:21:13] local.INFO: No pending invoices  
[2018-07-21 02:21:13] local.INFO: Checking invoices. Found 0  
[2018-07-21 02:21:15] local.INFO: Finished with updating invoices  
[2018-07-21 02:21:15] local.INFO: Check digital check ...  
[2018-07-21 02:21:15] local.INFO: Checking checks. Found 21  
[2018-07-21 02:22:01] local.INFO: SCHEDULING for day Friday DATE : 2018-07-20 22:22:01  
[2018-07-21 02:22:01] local.INFO: Check invoices ...  
[2018-07-21 02:22:01] local.INFO: No pending invoices  
[2018-07-21 02:22:01] local.INFO: Checking invoices. Found 0  
[2018-07-21 02:22:02] local.INFO: Finished with updating invoices  
[2018-07-21 02:22:02] local.INFO: Check digital check ...  
[2018-07-21 02:22:02] local.INFO: Checking checks. Found 21  
[2018-07-21 02:23:01] local.INFO: SCHEDULING for day Friday DATE : 2018-07-20 22:23:01  
[2018-07-21 02:23:01] local.INFO: Check invoices ...  
[2018-07-21 02:23:01] local.INFO: No pending invoices  
[2018-07-21 02:23:01] local.INFO: Checking invoices. Found 0  
[2018-07-21 02:23:03] local.INFO: Finished with updating invoices  
[2018-07-21 02:23:03] local.INFO: Check digital check ...  
[2018-07-21 02:23:03] local.INFO: Checking checks. Found 21  
[2018-07-21 02:24:03] local.INFO: SCHEDULING for day Friday DATE : 2018-07-20 22:24:03  
[2018-07-21 02:24:03] local.INFO: Check invoices ...  
[2018-07-21 02:24:03] local.INFO: No pending invoices  
[2018-07-21 02:24:03] local.INFO: Checking invoices. Found 0  
[2018-07-21 02:24:04] local.INFO: Finished with updating invoices  
[2018-07-21 02:24:04] local.INFO: Check digital check ...  
[2018-07-21 02:24:04] local.INFO: Checking checks. Found 21  
[2018-07-21 02:25:01] local.INFO: SCHEDULING for day Friday DATE : 2018-07-20 22:25:01  
[2018-07-21 02:25:01] local.INFO: Check invoices ...  
[2018-07-21 02:25:01] local.INFO: No pending invoices  
[2018-07-21 02:25:01] local.INFO: Checking invoices. Found 0  
[2018-07-21 02:25:05] local.INFO: Finished with updating invoices  
[2018-07-21 02:25:05] local.INFO: Check digital check ...  
[2018-07-21 02:25:05] local.INFO: Checking checks. Found 21  
[2018-07-21 02:25:07] local.INFO: Checking conditions for update::info everyFiveMinutes  
[2018-07-21 02:25:07] local.INFO: Checking conditions for games:update everyFiveMinutes  
[2018-07-21 02:25:07] local.INFO: Retrieving games in progress for games:update command everyFiveMinutes  
[2018-07-21 02:25:07] local.INFO: Retrieved games in progress for games:update command everyFiveMinutes[]  
[2018-07-21 02:25:07] local.INFO: Condition for games:update everyFiveMinutes is false  
[2018-07-21 02:26:01] local.INFO: SCHEDULING for day Friday DATE : 2018-07-20 22:26:01  
[2018-07-21 02:26:01] local.INFO: SCHEDULING for day Friday DATE : 2018-07-20 22:26:01  
[2018-07-21 02:26:01] local.INFO: Check invoices ...  
[2018-07-21 02:26:01] local.INFO: No pending invoices  
[2018-07-21 02:26:01] local.INFO: Checking invoices. Found 0  
[2018-07-21 02:26:03] local.INFO: Finished with updating invoices  
[2018-07-21 02:26:03] local.INFO: Check digital check ...  
[2018-07-21 02:26:03] local.INFO: Checking checks. Found 21  
[2018-07-21 02:27:01] local.INFO: SCHEDULING for day Friday DATE : 2018-07-20 22:27:01  
[2018-07-21 02:27:01] local.INFO: Check invoices ...  
[2018-07-21 02:27:01] local.INFO: No pending invoices  
[2018-07-21 02:27:01] local.INFO: Checking invoices. Found 0  
[2018-07-21 02:27:07] local.INFO: Finished with updating invoices  
[2018-07-21 02:27:07] local.INFO: Check digital check ...  
[2018-07-21 02:27:07] local.INFO: Checking checks. Found 21  
[2018-07-21 02:28:02] local.INFO: SCHEDULING for day Friday DATE : 2018-07-20 22:28:02  
[2018-07-21 02:28:02] local.INFO: Check invoices ...  
[2018-07-21 02:28:02] local.INFO: No pending invoices  
[2018-07-21 02:28:02] local.INFO: Checking invoices. Found 0  
[2018-07-21 02:28:05] local.INFO: Finished with updating invoices  
[2018-07-21 02:28:05] local.INFO: Check digital check ...  
[2018-07-21 02:28:05] local.INFO: Checking checks. Found 21  
[2018-07-21 02:29:02] local.INFO: SCHEDULING for day Friday DATE : 2018-07-20 22:29:02  
[2018-07-21 02:29:02] local.INFO: Check invoices ...  
[2018-07-21 02:29:02] local.INFO: No pending invoices  
[2018-07-21 02:29:02] local.INFO: Checking invoices. Found 0  
[2018-07-21 02:29:03] local.INFO: Finished with updating invoices  
[2018-07-21 02:29:03] local.INFO: Check digital check ...  
[2018-07-21 02:29:03] local.INFO: Checking checks. Found 21  
[2018-07-21 02:30:01] local.INFO: SCHEDULING for day Friday DATE : 2018-07-20 22:30:01  
[2018-07-21 02:30:01] local.INFO: Update exchange ...  
[2018-07-21 02:30:05] local.INFO: Check invoices ...  
[2018-07-21 02:30:05] local.INFO: No pending invoices  
[2018-07-21 02:30:05] local.INFO: Checking invoices. Found 0  
[2018-07-21 02:30:07] local.INFO: Finished with updating invoices  
[2018-07-21 02:30:07] local.INFO: Check digital check ...  
[2018-07-21 02:30:07] local.INFO: Checking checks. Found 21  
[2018-07-21 02:30:09] local.INFO: Checking conditions for update::info everyFiveMinutes  
[2018-07-21 02:30:09] local.INFO: Checking conditions for games:update everyFiveMinutes  
[2018-07-21 02:30:09] local.INFO: Retrieving games in progress for games:update command everyFiveMinutes  
[2018-07-21 02:30:09] local.INFO: Retrieved games in progress for games:update command everyFiveMinutes[]  
[2018-07-21 02:30:09] local.INFO: Condition for games:update everyFiveMinutes is false  
[2018-07-21 02:30:09] local.INFO: Checking condition for liveStats:update everyThirtyMinutes  
[2018-07-21 02:31:02] local.INFO: SCHEDULING for day Friday DATE : 2018-07-20 22:31:02  
[2018-07-21 02:31:02] local.INFO: Check invoices ...  
[2018-07-21 02:31:02] local.INFO: No pending invoices  
[2018-07-21 02:31:02] local.INFO: Checking invoices. Found 0  
[2018-07-21 02:31:04] local.INFO: Finished with updating invoices  
[2018-07-21 02:31:04] local.INFO: Check digital check ...  
[2018-07-21 02:31:04] local.INFO: Checking checks. Found 21  
[2018-07-21 02:32:01] local.INFO: SCHEDULING for day Friday DATE : 2018-07-20 22:32:01  
[2018-07-21 02:32:01] local.INFO: Check invoices ...  
[2018-07-21 02:32:01] local.INFO: No pending invoices  
[2018-07-21 02:32:01] local.INFO: Checking invoices. Found 0  
[2018-07-21 02:32:03] local.INFO: Finished with updating invoices  
[2018-07-21 02:32:03] local.INFO: Check digital check ...  
[2018-07-21 02:32:03] local.INFO: Checking checks. Found 21  
[2018-07-21 02:33:01] local.INFO: SCHEDULING for day Friday DATE : 2018-07-20 22:33:01  
[2018-07-21 02:33:02] local.INFO: Check invoices ...  
[2018-07-21 02:33:02] local.INFO: No pending invoices  
[2018-07-21 02:33:02] local.INFO: Checking invoices. Found 0  
[2018-07-21 02:33:03] local.INFO: Finished with updating invoices  
[2018-07-21 02:33:03] local.INFO: Check digital check ...  
[2018-07-21 02:33:03] local.INFO: Checking checks. Found 21  
[2018-07-21 02:34:01] local.INFO: SCHEDULING for day Friday DATE : 2018-07-20 22:34:01  
[2018-07-21 02:34:01] local.INFO: Check invoices ...  
[2018-07-21 02:34:01] local.INFO: No pending invoices  
[2018-07-21 02:34:01] local.INFO: Checking invoices. Found 0  
[2018-07-21 02:34:03] local.INFO: Finished with updating invoices  
[2018-07-21 02:34:03] local.INFO: Check digital check ...  
[2018-07-21 02:34:03] local.INFO: Checking checks. Found 21  
[2018-07-21 02:35:02] local.INFO: SCHEDULING for day Friday DATE : 2018-07-20 22:35:02  
[2018-07-21 02:35:02] local.INFO: Check invoices ...  
[2018-07-21 02:35:02] local.INFO: No pending invoices  
[2018-07-21 02:35:02] local.INFO: Checking invoices. Found 0  
[2018-07-21 02:35:04] local.INFO: Finished with updating invoices  
[2018-07-21 02:35:04] local.INFO: Check digital check ...  
[2018-07-21 02:35:04] local.INFO: Checking checks. Found 21  
[2018-07-21 02:35:07] local.INFO: Checking conditions for update::info everyFiveMinutes  
[2018-07-21 02:35:07] local.INFO: Checking conditions for games:update everyFiveMinutes  
[2018-07-21 02:35:07] local.INFO: Retrieving games in progress for games:update command everyFiveMinutes  
[2018-07-21 02:35:07] local.INFO: Retrieved games in progress for games:update command everyFiveMinutes[]  
[2018-07-21 02:35:07] local.INFO: Condition for games:update everyFiveMinutes is false  
[2018-07-21 02:36:02] local.INFO: SCHEDULING for day Friday DATE : 2018-07-20 22:36:02  
[2018-07-21 02:36:02] local.INFO: Check invoices ...  
[2018-07-21 02:36:02] local.INFO: No pending invoices  
[2018-07-21 02:36:02] local.INFO: Checking invoices. Found 0  
[2018-07-21 02:36:04] local.INFO: Finished with updating invoices  
[2018-07-21 02:36:04] local.INFO: Check digital check ...  
[2018-07-21 02:36:04] local.INFO: Checking checks. Found 21  
[2018-07-21 02:37:02] local.INFO: SCHEDULING for day Friday DATE : 2018-07-20 22:37:02  
[2018-07-21 02:37:02] local.INFO: Check invoices ...  
[2018-07-21 02:37:02] local.INFO: No pending invoices  
[2018-07-21 02:37:02] local.INFO: Checking invoices. Found 0  
[2018-07-21 02:37:05] local.INFO: Finished with updating invoices  
[2018-07-21 02:37:05] local.INFO: Check digital check ...  
[2018-07-21 02:37:05] local.INFO: Checking checks. Found 21  
[2018-07-21 02:38:01] local.INFO: SCHEDULING for day Friday DATE : 2018-07-20 22:38:01  
[2018-07-21 02:38:01] local.INFO: Check invoices ...  
[2018-07-21 02:38:01] local.INFO: No pending invoices  
[2018-07-21 02:38:01] local.INFO: Checking invoices. Found 0  
[2018-07-21 02:38:03] local.INFO: Finished with updating invoices  
[2018-07-21 02:38:03] local.INFO: Check digital check ...  
[2018-07-21 02:38:03] local.INFO: Checking checks. Found 21  
[2018-07-21 02:39:01] local.INFO: SCHEDULING for day Friday DATE : 2018-07-20 22:39:01  
[2018-07-21 02:39:01] local.INFO: Check invoices ...  
[2018-07-21 02:39:01] local.INFO: No pending invoices  
[2018-07-21 02:39:01] local.INFO: Checking invoices. Found 0  
[2018-07-21 02:39:03] local.INFO: Finished with updating invoices  
[2018-07-21 02:39:03] local.INFO: Check digital check ...  
[2018-07-21 02:39:03] local.INFO: Checking checks. Found 21  
[2018-07-21 02:40:01] local.INFO: SCHEDULING for day Friday DATE : 2018-07-20 22:40:01  
[2018-07-21 02:40:01] local.INFO: Update exchange ...  
[2018-07-21 02:40:06] local.INFO: Check invoices ...  
[2018-07-21 02:40:06] local.INFO: No pending invoices  
[2018-07-21 02:40:06] local.INFO: Checking invoices. Found 0  
[2018-07-21 02:40:07] local.INFO: Finished with updating invoices  
[2018-07-21 02:40:07] local.INFO: Check digital check ...  
[2018-07-21 02:40:07] local.INFO: Checking checks. Found 21  
[2018-07-21 02:40:09] local.INFO: Checking conditions for update::info everyFiveMinutes  
[2018-07-21 02:40:09] local.INFO: Checking conditions for games:update everyFiveMinutes  
[2018-07-21 02:40:09] local.INFO: Retrieving games in progress for games:update command everyFiveMinutes  
[2018-07-21 02:40:09] local.INFO: Retrieved games in progress for games:update command everyFiveMinutes[]  
[2018-07-21 02:40:09] local.INFO: Condition for games:update everyFiveMinutes is false  
[2018-07-21 02:41:01] local.INFO: SCHEDULING for day Friday DATE : 2018-07-20 22:41:01  
[2018-07-21 02:41:01] local.INFO: Check invoices ...  
[2018-07-21 02:41:01] local.INFO: No pending invoices  
[2018-07-21 02:41:01] local.INFO: Checking invoices. Found 0  
[2018-07-21 02:41:06] local.INFO: Finished with updating invoices  
[2018-07-21 02:41:06] local.INFO: Check digital check ...  
[2018-07-21 02:41:06] local.INFO: Checking checks. Found 21  
[2018-07-21 02:42:01] local.INFO: SCHEDULING for day Friday DATE : 2018-07-20 22:42:01  
[2018-07-21 02:42:01] local.INFO: Check invoices ...  
[2018-07-21 02:42:01] local.INFO: No pending invoices  
[2018-07-21 02:42:01] local.INFO: Checking invoices. Found 0  
[2018-07-21 02:42:06] local.INFO: Finished with updating invoices  
[2018-07-21 02:42:06] local.INFO: Check digital check ...  
[2018-07-21 02:42:06] local.INFO: Checking checks. Found 21  
[2018-07-21 02:43:01] local.INFO: SCHEDULING for day Friday DATE : 2018-07-20 22:43:01  
[2018-07-21 02:43:01] local.INFO: Check invoices ...  
[2018-07-21 02:43:01] local.INFO: No pending invoices  
[2018-07-21 02:43:01] local.INFO: Checking invoices. Found 0  
[2018-07-21 02:43:04] local.INFO: Finished with updating invoices  
[2018-07-21 02:43:04] local.INFO: Check digital check ...  
[2018-07-21 02:43:04] local.INFO: Checking checks. Found 21  
[2018-07-21 02:44:01] local.INFO: SCHEDULING for day Friday DATE : 2018-07-20 22:44:01  
[2018-07-21 02:44:02] local.INFO: Check invoices ...  
[2018-07-21 02:44:02] local.INFO: No pending invoices  
[2018-07-21 02:44:02] local.INFO: Checking invoices. Found 0  
[2018-07-21 02:44:03] local.INFO: Finished with updating invoices  
[2018-07-21 02:44:03] local.INFO: Check digital check ...  
[2018-07-21 02:44:03] local.INFO: Checking checks. Found 21  
[2018-07-21 02:45:01] local.INFO: SCHEDULING for day Friday DATE : 2018-07-20 22:45:01  
[2018-07-21 02:45:01] local.INFO: Check invoices ...  
[2018-07-21 02:45:02] local.INFO: No pending invoices  
[2018-07-21 02:45:02] local.INFO: Checking invoices. Found 0  
[2018-07-21 02:45:04] local.INFO: Finished with updating invoices  
[2018-07-21 02:45:04] local.INFO: Check digital check ...  
[2018-07-21 02:45:04] local.INFO: Checking checks. Found 21  
[2018-07-21 02:45:07] local.INFO: Checking conditions for update::info everyFiveMinutes  
[2018-07-21 02:45:07] local.INFO: Checking conditions for games:update everyFiveMinutes  
[2018-07-21 02:45:07] local.INFO: Retrieving games in progress for games:update command everyFiveMinutes  
[2018-07-21 02:45:07] local.INFO: Retrieved games in progress for games:update command everyFiveMinutes[]  
[2018-07-21 02:45:07] local.INFO: Condition for games:update everyFiveMinutes is false  
[2018-07-21 02:46:01] local.INFO: SCHEDULING for day Friday DATE : 2018-07-20 22:46:01  
[2018-07-21 02:46:01] local.INFO: Check invoices ...  
[2018-07-21 02:46:01] local.INFO: No pending invoices  
[2018-07-21 02:46:01] local.INFO: Checking invoices. Found 0  
[2018-07-21 02:46:05] local.INFO: Finished with updating invoices  
[2018-07-21 02:46:05] local.INFO: Check digital check ...  
[2018-07-21 02:46:05] local.INFO: Checking checks. Found 21  
[2018-07-21 02:47:01] local.INFO: SCHEDULING for day Friday DATE : 2018-07-20 22:47:01  
[2018-07-21 02:47:01] local.INFO: Check invoices ...  
[2018-07-21 02:47:01] local.INFO: No pending invoices  
[2018-07-21 02:47:01] local.INFO: Checking invoices. Found 0  
[2018-07-21 02:47:04] local.INFO: Finished with updating invoices  
[2018-07-21 02:47:04] local.INFO: Check digital check ...  
[2018-07-21 02:47:04] local.INFO: Checking checks. Found 21  
[2018-07-21 02:48:01] local.INFO: SCHEDULING for day Friday DATE : 2018-07-20 22:48:01  
[2018-07-21 02:48:02] local.INFO: Check invoices ...  
[2018-07-21 02:48:02] local.INFO: No pending invoices  
[2018-07-21 02:48:02] local.INFO: Checking invoices. Found 0  
[2018-07-21 02:48:06] local.INFO: Finished with updating invoices  
[2018-07-21 02:48:06] local.INFO: Check digital check ...  
[2018-07-21 02:48:06] local.INFO: Checking checks. Found 21  
[2018-07-21 02:49:02] local.INFO: SCHEDULING for day Friday DATE : 2018-07-20 22:49:02  
[2018-07-21 02:49:02] local.INFO: Check invoices ...  
[2018-07-21 02:49:02] local.INFO: No pending invoices  
[2018-07-21 02:49:02] local.INFO: Checking invoices. Found 0  
[2018-07-21 02:49:06] local.INFO: Finished with updating invoices  
[2018-07-21 02:49:06] local.INFO: Check digital check ...  
[2018-07-21 02:49:07] local.INFO: Checking checks. Found 21  
[2018-07-21 02:50:01] local.INFO: SCHEDULING for day Friday DATE : 2018-07-20 22:50:01  
[2018-07-21 02:50:01] local.INFO: Update exchange ...  
[2018-07-21 02:50:08] local.INFO: Check invoices ...  
[2018-07-21 02:50:08] local.INFO: No pending invoices  
[2018-07-21 02:50:08] local.INFO: Checking invoices. Found 0  
[2018-07-21 02:50:15] local.INFO: Finished with updating invoices  
[2018-07-21 02:50:15] local.INFO: Check digital check ...  
[2018-07-21 02:50:15] local.INFO: Checking checks. Found 21  
[2018-07-21 02:50:19] local.INFO: Checking conditions for update::info everyFiveMinutes  
[2018-07-21 02:50:19] local.INFO: Checking conditions for games:update everyFiveMinutes  
[2018-07-21 02:50:19] local.INFO: Retrieving games in progress for games:update command everyFiveMinutes  
[2018-07-21 02:50:19] local.INFO: Retrieved games in progress for games:update command everyFiveMinutes[]  
[2018-07-21 02:50:19] local.INFO: Condition for games:update everyFiveMinutes is false  
[2018-07-21 02:51:02] local.INFO: SCHEDULING for day Friday DATE : 2018-07-20 22:51:02  
[2018-07-21 02:51:02] local.INFO: Check invoices ...  
[2018-07-21 02:51:02] local.INFO: No pending invoices  
[2018-07-21 02:51:02] local.INFO: Checking invoices. Found 0  
[2018-07-21 02:51:04] local.INFO: Finished with updating invoices  
[2018-07-21 02:51:04] local.INFO: Check digital check ...  
[2018-07-21 02:51:04] local.INFO: Checking checks. Found 21  
[2018-07-21 02:52:02] local.INFO: SCHEDULING for day Friday DATE : 2018-07-20 22:52:02  
[2018-07-21 02:52:02] local.INFO: Check invoices ...  
[2018-07-21 02:52:02] local.INFO: No pending invoices  
[2018-07-21 02:52:02] local.INFO: Checking invoices. Found 0  
[2018-07-21 02:52:05] local.INFO: Finished with updating invoices  
[2018-07-21 02:52:05] local.INFO: Check digital check ...  
[2018-07-21 02:52:05] local.INFO: Checking checks. Found 21  
[2018-07-21 02:53:01] local.INFO: SCHEDULING for day Friday DATE : 2018-07-20 22:53:01  
[2018-07-21 02:53:01] local.INFO: Check invoices ...  
[2018-07-21 02:53:01] local.INFO: No pending invoices  
[2018-07-21 02:53:01] local.INFO: Checking invoices. Found 0  
[2018-07-21 02:53:03] local.INFO: Finished with updating invoices  
[2018-07-21 02:53:03] local.INFO: Check digital check ...  
[2018-07-21 02:53:03] local.INFO: Checking checks. Found 21  
[2018-07-21 02:54:01] local.INFO: SCHEDULING for day Friday DATE : 2018-07-20 22:54:01  
[2018-07-21 02:54:01] local.INFO: Check invoices ...  
[2018-07-21 02:54:01] local.INFO: No pending invoices  
[2018-07-21 02:54:01] local.INFO: Checking invoices. Found 0  
[2018-07-21 02:54:02] local.INFO: Finished with updating invoices  
[2018-07-21 02:54:02] local.INFO: Check digital check ...  
[2018-07-21 02:54:02] local.INFO: Checking checks. Found 21  
[2018-07-21 02:55:02] local.INFO: SCHEDULING for day Friday DATE : 2018-07-20 22:55:02  
[2018-07-21 02:55:02] local.INFO: Check invoices ...  
[2018-07-21 02:55:02] local.INFO: No pending invoices  
[2018-07-21 02:55:02] local.INFO: Checking invoices. Found 0  
[2018-07-21 02:55:03] local.INFO: Finished with updating invoices  
[2018-07-21 02:55:03] local.INFO: Check digital check ...  
[2018-07-21 02:55:03] local.INFO: Checking checks. Found 21  
[2018-07-21 02:55:05] local.INFO: Checking conditions for update::info everyFiveMinutes  
[2018-07-21 02:55:05] local.INFO: Checking conditions for games:update everyFiveMinutes  
[2018-07-21 02:55:05] local.INFO: Retrieving games in progress for games:update command everyFiveMinutes  
[2018-07-21 02:55:05] local.INFO: Retrieved games in progress for games:update command everyFiveMinutes[]  
[2018-07-21 02:55:05] local.INFO: Condition for games:update everyFiveMinutes is false  
[2018-07-21 02:56:02] local.INFO: SCHEDULING for day Friday DATE : 2018-07-20 22:56:02  
[2018-07-21 02:56:02] local.INFO: Check invoices ...  
[2018-07-21 02:56:02] local.INFO: No pending invoices  
[2018-07-21 02:56:02] local.INFO: Checking invoices. Found 0  
[2018-07-21 02:56:05] local.INFO: Finished with updating invoices  
[2018-07-21 02:56:05] local.INFO: Check digital check ...  
[2018-07-21 02:56:05] local.INFO: Checking checks. Found 21  
[2018-07-21 02:57:02] local.INFO: SCHEDULING for day Friday DATE : 2018-07-20 22:57:02  
[2018-07-21 02:57:02] local.INFO: Check invoices ...  
[2018-07-21 02:57:02] local.INFO: No pending invoices  
[2018-07-21 02:57:02] local.INFO: Checking invoices. Found 0  
[2018-07-21 02:57:05] local.INFO: Finished with updating invoices  
[2018-07-21 02:57:05] local.INFO: Check digital check ...  
[2018-07-21 02:57:05] local.INFO: Checking checks. Found 21  
[2018-07-21 02:58:01] local.INFO: SCHEDULING for day Friday DATE : 2018-07-20 22:58:01  
[2018-07-21 02:58:01] local.INFO: Check invoices ...  
[2018-07-21 02:58:01] local.INFO: No pending invoices  
[2018-07-21 02:58:01] local.INFO: Checking invoices. Found 0  
[2018-07-21 02:58:06] local.INFO: Finished with updating invoices  
[2018-07-21 02:58:06] local.INFO: Check digital check ...  
[2018-07-21 02:58:06] local.INFO: Checking checks. Found 21  
[2018-07-21 02:59:02] local.INFO: SCHEDULING for day Friday DATE : 2018-07-20 22:59:02  
[2018-07-21 02:59:02] local.INFO: Check invoices ...  
[2018-07-21 02:59:02] local.INFO: No pending invoices  
[2018-07-21 02:59:02] local.INFO: Checking invoices. Found 0  
[2018-07-21 02:59:04] local.INFO: Finished with updating invoices  
[2018-07-21 02:59:04] local.INFO: Check digital check ...  
[2018-07-21 02:59:04] local.INFO: Checking checks. Found 21  
[2018-07-21 03:00:01] local.INFO: SCHEDULING for day Friday DATE : 2018-07-20 23:00:01  
[2018-07-21 03:00:01] local.INFO: Update exchange ...  
[2018-07-21 03:00:04] local.INFO: Check invoices ...  
[2018-07-21 03:00:04] local.INFO: No pending invoices  
[2018-07-21 03:00:04] local.INFO: Checking invoices. Found 0  
[2018-07-21 03:00:05] local.INFO: Finished with updating invoices  
[2018-07-21 03:00:05] local.INFO: Check digital check ...  
[2018-07-21 03:00:05] local.INFO: Checking checks. Found 21  
[2018-07-21 03:00:10] local.INFO: Checking conditions for update::info everyFiveMinutes  
[2018-07-21 03:00:10] local.INFO: Checking condition for timeframe:update hourly ...  
[2018-07-21 03:00:10] local.INFO: Condition for timeframe:update hourly for day condition is false  
[2018-07-21 03:00:10] local.INFO: Checking conditions for games:update everyFiveMinutes  
[2018-07-21 03:00:10] local.INFO: Retrieving games in progress for games:update command everyFiveMinutes  
[2018-07-21 03:00:10] local.INFO: Retrieved games in progress for games:update command everyFiveMinutes[]  
[2018-07-21 03:00:10] local.INFO: Condition for games:update everyFiveMinutes is false  
[2018-07-21 03:00:10] local.INFO: Checking condition for playerInfo:update hourly   
[2018-07-21 03:00:10] local.INFO: Condition for playerInfo:update hourly is false  
[2018-07-21 03:00:10] local.INFO: Checking condition for playerStats:update hourly  
[2018-07-21 03:00:10] local.INFO: Checking condition for liveStats:update everyThirtyMinutes  
[2018-07-21 03:01:01] local.INFO: SCHEDULING for day Friday DATE : 2018-07-20 23:01:01  
[2018-07-21 03:01:02] local.INFO: Check invoices ...  
[2018-07-21 03:01:02] local.INFO: No pending invoices  
[2018-07-21 03:01:02] local.INFO: Checking invoices. Found 0  
[2018-07-21 03:01:04] local.INFO: Finished with updating invoices  
[2018-07-21 03:01:04] local.INFO: Check digital check ...  
[2018-07-21 03:01:04] local.INFO: Checking checks. Found 21  
[2018-07-21 03:02:02] local.INFO: SCHEDULING for day Friday DATE : 2018-07-20 23:02:02  
[2018-07-21 03:02:02] local.INFO: Check invoices ...  
[2018-07-21 03:02:02] local.INFO: No pending invoices  
[2018-07-21 03:02:02] local.INFO: Checking invoices. Found 0  
[2018-07-21 03:02:03] local.INFO: Finished with updating invoices  
[2018-07-21 03:02:03] local.INFO: Check digital check ...  
[2018-07-21 03:02:03] local.INFO: Checking checks. Found 21  
[2018-07-21 03:03:01] local.INFO: SCHEDULING for day Friday DATE : 2018-07-20 23:03:01  
[2018-07-21 03:03:01] local.INFO: Check invoices ...  
[2018-07-21 03:03:01] local.INFO: No pending invoices  
[2018-07-21 03:03:01] local.INFO: Checking invoices. Found 0  
[2018-07-21 03:03:02] local.INFO: Finished with updating invoices  
[2018-07-21 03:03:02] local.INFO: Check digital check ...  
[2018-07-21 03:03:02] local.INFO: Checking checks. Found 21  
[2018-07-21 03:04:02] local.INFO: SCHEDULING for day Friday DATE : 2018-07-20 23:04:02  
[2018-07-21 03:04:02] local.INFO: Check invoices ...  
[2018-07-21 03:04:02] local.INFO: No pending invoices  
[2018-07-21 03:04:02] local.INFO: Checking invoices. Found 0  
[2018-07-21 03:04:05] local.INFO: Finished with updating invoices  
[2018-07-21 03:04:05] local.INFO: Check digital check ...  
[2018-07-21 03:04:05] local.INFO: Checking checks. Found 21  
[2018-07-21 03:05:01] local.INFO: SCHEDULING for day Friday DATE : 2018-07-20 23:05:01  
[2018-07-21 03:05:01] local.INFO: Check invoices ...  
[2018-07-21 03:05:01] local.INFO: No pending invoices  
[2018-07-21 03:05:01] local.INFO: Checking invoices. Found 0  
[2018-07-21 03:05:02] local.INFO: Finished with updating invoices  
[2018-07-21 03:05:02] local.INFO: Check digital check ...  
[2018-07-21 03:05:02] local.INFO: Checking checks. Found 21  
[2018-07-21 03:05:08] local.INFO: Checking conditions for update::info everyFiveMinutes  
[2018-07-21 03:05:08] local.INFO: Checking conditions for games:update everyFiveMinutes  
[2018-07-21 03:05:08] local.INFO: Retrieving games in progress for games:update command everyFiveMinutes  
[2018-07-21 03:05:08] local.INFO: Retrieved games in progress for games:update command everyFiveMinutes[]  
[2018-07-21 03:05:08] local.INFO: Condition for games:update everyFiveMinutes is false  
[2018-07-21 03:06:01] local.INFO: SCHEDULING for day Friday DATE : 2018-07-20 23:06:01  
[2018-07-21 03:06:01] local.INFO: Check invoices ...  
[2018-07-21 03:06:01] local.INFO: No pending invoices  
[2018-07-21 03:06:01] local.INFO: Checking invoices. Found 0  
[2018-07-21 03:06:02] local.INFO: Finished with updating invoices  
[2018-07-21 03:06:02] local.INFO: Check digital check ...  
[2018-07-21 03:06:02] local.INFO: Checking checks. Found 21  
[2018-07-21 03:07:02] local.INFO: SCHEDULING for day Friday DATE : 2018-07-20 23:07:02  
[2018-07-21 03:07:02] local.INFO: Check invoices ...  
[2018-07-21 03:07:02] local.INFO: No pending invoices  
[2018-07-21 03:07:02] local.INFO: Checking invoices. Found 0  
[2018-07-21 03:07:05] local.INFO: Finished with updating invoices  
[2018-07-21 03:07:05] local.INFO: Check digital check ...  
[2018-07-21 03:07:05] local.INFO: Checking checks. Found 21  
[2018-07-21 03:08:01] local.INFO: SCHEDULING for day Friday DATE : 2018-07-20 23:08:01  
[2018-07-21 03:08:02] local.INFO: Check invoices ...  
[2018-07-21 03:08:02] local.INFO: No pending invoices  
[2018-07-21 03:08:02] local.INFO: Checking invoices. Found 0  
[2018-07-21 03:08:04] local.INFO: Finished with updating invoices  
[2018-07-21 03:08:04] local.INFO: Check digital check ...  
[2018-07-21 03:08:04] local.INFO: Checking checks. Found 21  
[2018-07-21 03:09:01] local.INFO: SCHEDULING for day Friday DATE : 2018-07-20 23:09:01  
[2018-07-21 03:09:01] local.INFO: Check invoices ...  
[2018-07-21 03:09:01] local.INFO: No pending invoices  
[2018-07-21 03:09:01] local.INFO: Checking invoices. Found 0  
[2018-07-21 03:09:03] local.INFO: Finished with updating invoices  
[2018-07-21 03:09:03] local.INFO: Check digital check ...  
[2018-07-21 03:09:03] local.INFO: Checking checks. Found 21  
[2018-07-21 03:10:02] local.INFO: SCHEDULING for day Friday DATE : 2018-07-20 23:10:02  
[2018-07-21 03:10:02] local.INFO: Update exchange ...  
[2018-07-21 03:10:05] local.INFO: Check invoices ...  
[2018-07-21 03:10:05] local.INFO: No pending invoices  
[2018-07-21 03:10:05] local.INFO: Checking invoices. Found 0  
[2018-07-21 03:10:07] local.INFO: Finished with updating invoices  
[2018-07-21 03:10:07] local.INFO: Check digital check ...  
[2018-07-21 03:10:07] local.INFO: Checking checks. Found 21  
[2018-07-21 03:10:11] local.INFO: Checking conditions for update::info everyFiveMinutes  
[2018-07-21 03:10:11] local.INFO: Checking conditions for games:update everyFiveMinutes  
[2018-07-21 03:10:11] local.INFO: Retrieving games in progress for games:update command everyFiveMinutes  
[2018-07-21 03:10:11] local.INFO: Retrieved games in progress for games:update command everyFiveMinutes[]  
[2018-07-21 03:10:11] local.INFO: Condition for games:update everyFiveMinutes is false  
[2018-07-21 03:11:01] local.INFO: SCHEDULING for day Friday DATE : 2018-07-20 23:11:01  
[2018-07-21 03:11:01] local.INFO: Check invoices ...  
[2018-07-21 03:11:01] local.INFO: No pending invoices  
[2018-07-21 03:11:01] local.INFO: Checking invoices. Found 0  
[2018-07-21 03:11:03] local.INFO: Finished with updating invoices  
[2018-07-21 03:11:03] local.INFO: Check digital check ...  
[2018-07-21 03:11:03] local.INFO: Checking checks. Found 21  
[2018-07-21 03:11:06] local.INFO: Checking conditions for update::info hourly  
[2018-07-21 03:11:06] local.INFO: Condition is true for update:info hourly  
[2018-07-21 03:11:06] local.INFO: SCHEDULING for day Friday DATE : 2018-07-20 23:11:06  
[2018-07-21 03:11:07] local.INFO: Updating data ...  
[2018-07-21 03:11:07] local.INFO: Updating live games results => 2018-07-20 23:11:07  
[2018-07-21 03:11:07] local.INFO: DATE : 2018-07-20 23:11:07  
[2018-07-21 03:11:07] local.INFO: Updated 0 games to LIVE status  
[2018-07-21 03:11:07] local.INFO: Updating live players results => 2018-07-20 23:11:07  
[2018-07-21 03:11:07] local.INFO: Updated  live players  
[2018-07-21 03:11:07] local.INFO: Update finished players 2018-07-20 23:11:07  
[2018-07-21 03:11:07] local.INFO: Updated 0 finished players  
[2018-07-21 03:11:07] local.INFO: Updating slates status => 2018-07-20 23:11:07  
[2018-07-21 03:11:07] local.INFO: Updated active slates to LIVE status of  0 slates successfully.  
[2018-07-21 03:11:07] local.INFO: Updated slate to HISTORY status  0 slates successfully.  
[2018-07-21 03:11:07] local.INFO: Successfully updated 0 slates  
[2018-07-21 03:11:07] local.INFO: Updating contests  2018-07-20 23:11:07  
[2018-07-21 03:11:07] local.INFO: Updated 0 to CANCELLED status  
[2018-07-21 03:11:07] local.INFO: Updated 0 contests to HISTORY status  
[2018-07-21 03:11:07] local.INFO: Updated 0 contests to LIVE status  
[2018-07-21 03:11:07] local.INFO: Updating ENDED contests  2018-07-20 23:11:07  
[2018-07-21 03:11:07] local.INFO: Updated 0 contests results  
[2018-07-21 03:11:07] local.INFO: Updating LIVE contests  2018-07-20 23:11:07  
[2018-07-21 03:11:07] local.INFO: Updated 0 contests results  
[2018-07-21 03:11:07] local.INFO: Updating ENDED contests  2018-07-20 23:11:07  
[2018-07-21 03:11:07] local.INFO: Updated 0 contests results  
[2018-07-21 03:12:01] local.INFO: SCHEDULING for day Friday DATE : 2018-07-20 23:12:01  
[2018-07-21 03:12:01] local.INFO: Check invoices ...  
[2018-07-21 03:12:01] local.INFO: No pending invoices  
[2018-07-21 03:12:01] local.INFO: Checking invoices. Found 0  
[2018-07-21 03:12:03] local.INFO: Finished with updating invoices  
[2018-07-21 03:12:03] local.INFO: Check digital check ...  
[2018-07-21 03:12:03] local.INFO: Checking checks. Found 21  
[2018-07-21 03:13:01] local.INFO: SCHEDULING for day Friday DATE : 2018-07-20 23:13:01  
[2018-07-21 03:13:01] local.INFO: Check invoices ...  
[2018-07-21 03:13:01] local.INFO: No pending invoices  
[2018-07-21 03:13:01] local.INFO: Checking invoices. Found 0  
[2018-07-21 03:13:07] local.INFO: Finished with updating invoices  
[2018-07-21 03:13:07] local.INFO: Check digital check ...  
[2018-07-21 03:13:07] local.INFO: Checking checks. Found 21  
[2018-07-21 03:14:01] local.INFO: SCHEDULING for day Friday DATE : 2018-07-20 23:14:01  
[2018-07-21 03:14:01] local.INFO: Check invoices ...  
[2018-07-21 03:14:01] local.INFO: No pending invoices  
[2018-07-21 03:14:01] local.INFO: Checking invoices. Found 0  
[2018-07-21 03:14:02] local.INFO: Finished with updating invoices  
[2018-07-21 03:14:02] local.INFO: Check digital check ...  
[2018-07-21 03:14:02] local.INFO: Checking checks. Found 21  
[2018-07-21 03:15:01] local.INFO: SCHEDULING for day Friday DATE : 2018-07-20 23:15:01  
[2018-07-21 03:15:01] local.INFO: Check invoices ...  
[2018-07-21 03:15:01] local.INFO: No pending invoices  
[2018-07-21 03:15:01] local.INFO: Checking invoices. Found 0  
[2018-07-21 03:15:04] local.INFO: Finished with updating invoices  
[2018-07-21 03:15:04] local.INFO: Check digital check ...  
[2018-07-21 03:15:04] local.INFO: Checking checks. Found 21  
[2018-07-21 03:15:06] local.INFO: Checking conditions for update::info everyFiveMinutes  
[2018-07-21 03:15:06] local.INFO: Checking conditions for games:update everyFiveMinutes  
[2018-07-21 03:15:06] local.INFO: Retrieving games in progress for games:update command everyFiveMinutes  
[2018-07-21 03:15:06] local.INFO: Retrieved games in progress for games:update command everyFiveMinutes[]  
[2018-07-21 03:15:06] local.INFO: Condition for games:update everyFiveMinutes is false  
[2018-07-21 03:16:01] local.INFO: SCHEDULING for day Friday DATE : 2018-07-20 23:16:01  
[2018-07-21 03:16:01] local.INFO: Check invoices ...  
[2018-07-21 03:16:01] local.INFO: No pending invoices  
[2018-07-21 03:16:01] local.INFO: Checking invoices. Found 0  
[2018-07-21 03:16:04] local.INFO: Finished with updating invoices  
[2018-07-21 03:16:04] local.INFO: Check digital check ...  
[2018-07-21 03:16:04] local.INFO: Checking checks. Found 21  
[2018-07-21 03:17:01] local.INFO: SCHEDULING for day Friday DATE : 2018-07-20 23:17:01  
[2018-07-21 03:17:01] local.INFO: Check invoices ...  
[2018-07-21 03:17:01] local.INFO: No pending invoices  
[2018-07-21 03:17:01] local.INFO: Checking invoices. Found 0  
[2018-07-21 03:17:04] local.INFO: Finished with updating invoices  
[2018-07-21 03:17:04] local.INFO: Check digital check ...  
[2018-07-21 03:17:04] local.INFO: Checking checks. Found 21  
[2018-07-21 03:18:02] local.INFO: SCHEDULING for day Friday DATE : 2018-07-20 23:18:02  
[2018-07-21 03:18:02] local.INFO: Check invoices ...  
[2018-07-21 03:18:02] local.INFO: No pending invoices  
[2018-07-21 03:18:02] local.INFO: Checking invoices. Found 0  
[2018-07-21 03:18:05] local.INFO: Finished with updating invoices  
[2018-07-21 03:18:05] local.INFO: Check digital check ...  
[2018-07-21 03:18:05] local.INFO: Checking checks. Found 21  
[2018-07-21 03:19:01] local.INFO: SCHEDULING for day Friday DATE : 2018-07-20 23:19:01  
[2018-07-21 03:19:01] local.INFO: Check invoices ...  
[2018-07-21 03:19:01] local.INFO: No pending invoices  
[2018-07-21 03:19:01] local.INFO: Checking invoices. Found 0  
[2018-07-21 03:19:03] local.INFO: Finished with updating invoices  
[2018-07-21 03:19:03] local.INFO: Check digital check ...  
[2018-07-21 03:19:03] local.INFO: Checking checks. Found 21  
[2018-07-21 03:20:01] local.INFO: SCHEDULING for day Friday DATE : 2018-07-20 23:20:01  
[2018-07-21 03:20:01] local.INFO: Update exchange ...  
[2018-07-21 03:20:03] local.INFO: Check invoices ...  
[2018-07-21 03:20:03] local.INFO: No pending invoices  
[2018-07-21 03:20:03] local.INFO: Checking invoices. Found 0  
[2018-07-21 03:20:05] local.INFO: Finished with updating invoices  
[2018-07-21 03:20:05] local.INFO: Check digital check ...  
[2018-07-21 03:20:05] local.INFO: Checking checks. Found 21  
[2018-07-21 03:20:07] local.INFO: Checking conditions for update::info everyFiveMinutes  
[2018-07-21 03:20:07] local.INFO: Checking conditions for games:update everyFiveMinutes  
[2018-07-21 03:20:07] local.INFO: Retrieving games in progress for games:update command everyFiveMinutes  
[2018-07-21 03:20:07] local.INFO: Retrieved games in progress for games:update command everyFiveMinutes[]  
[2018-07-21 03:20:07] local.INFO: Condition for games:update everyFiveMinutes is false  
[2018-07-21 03:21:02] local.INFO: SCHEDULING for day Friday DATE : 2018-07-20 23:21:02  
[2018-07-21 03:21:02] local.INFO: Check invoices ...  
[2018-07-21 03:21:02] local.INFO: No pending invoices  
[2018-07-21 03:21:02] local.INFO: Checking invoices. Found 0  
[2018-07-21 03:21:04] local.INFO: Finished with updating invoices  
[2018-07-21 03:21:04] local.INFO: Check digital check ...  
[2018-07-21 03:21:04] local.INFO: Checking checks. Found 21  
[2018-07-21 03:22:01] local.INFO: SCHEDULING for day Friday DATE : 2018-07-20 23:22:01  
[2018-07-21 03:22:02] local.INFO: Check invoices ...  
[2018-07-21 03:22:02] local.INFO: No pending invoices  
[2018-07-21 03:22:02] local.INFO: Checking invoices. Found 0  
[2018-07-21 03:22:03] local.INFO: Finished with updating invoices  
[2018-07-21 03:22:03] local.INFO: Check digital check ...  
[2018-07-21 03:22:03] local.INFO: Checking checks. Found 21  
[2018-07-21 03:23:02] local.INFO: SCHEDULING for day Friday DATE : 2018-07-20 23:23:02  
[2018-07-21 03:23:02] local.INFO: Check invoices ...  
[2018-07-21 03:23:02] local.INFO: No pending invoices  
[2018-07-21 03:23:02] local.INFO: Checking invoices. Found 0  
[2018-07-21 03:23:05] local.INFO: Finished with updating invoices  
[2018-07-21 03:23:05] local.INFO: Check digital check ...  
[2018-07-21 03:23:05] local.INFO: Checking checks. Found 21  
[2018-07-21 03:24:01] local.INFO: SCHEDULING for day Friday DATE : 2018-07-20 23:24:01  
[2018-07-21 03:24:02] local.INFO: Check invoices ...  
[2018-07-21 03:24:02] local.INFO: No pending invoices  
[2018-07-21 03:24:02] local.INFO: Checking invoices. Found 0  
[2018-07-21 03:24:04] local.INFO: Finished with updating invoices  
[2018-07-21 03:24:04] local.INFO: Check digital check ...  
[2018-07-21 03:24:04] local.INFO: Checking checks. Found 21  
[2018-07-21 03:25:01] local.INFO: SCHEDULING for day Friday DATE : 2018-07-20 23:25:01  
[2018-07-21 03:25:01] local.INFO: Check invoices ...  
[2018-07-21 03:25:01] local.INFO: No pending invoices  
[2018-07-21 03:25:01] local.INFO: Checking invoices. Found 0  
[2018-07-21 03:25:03] local.INFO: Finished with updating invoices  
[2018-07-21 03:25:03] local.INFO: Check digital check ...  
[2018-07-21 03:25:03] local.INFO: Checking checks. Found 21  
[2018-07-21 03:25:15] local.INFO: Checking conditions for update::info everyFiveMinutes  
[2018-07-21 03:25:15] local.INFO: Checking conditions for games:update everyFiveMinutes  
[2018-07-21 03:25:15] local.INFO: Retrieving games in progress for games:update command everyFiveMinutes  
[2018-07-21 03:25:15] local.INFO: Retrieved games in progress for games:update command everyFiveMinutes[]  
[2018-07-21 03:25:15] local.INFO: Condition for games:update everyFiveMinutes is false  
[2018-07-21 03:26:01] local.INFO: SCHEDULING for day Friday DATE : 2018-07-20 23:26:01  
[2018-07-21 03:26:01] local.INFO: Check invoices ...  
[2018-07-21 03:26:01] local.INFO: No pending invoices  
[2018-07-21 03:26:01] local.INFO: Checking invoices. Found 0  
[2018-07-21 03:26:03] local.INFO: Finished with updating invoices  
[2018-07-21 03:26:03] local.INFO: Check digital check ...  
[2018-07-21 03:26:03] local.INFO: Checking checks. Found 21  
[2018-07-21 03:27:01] local.INFO: SCHEDULING for day Friday DATE : 2018-07-20 23:27:01  
[2018-07-21 03:27:02] local.INFO: Check invoices ...  
[2018-07-21 03:27:02] local.INFO: No pending invoices  
[2018-07-21 03:27:02] local.INFO: Checking invoices. Found 0  
[2018-07-21 03:27:08] local.INFO: Finished with updating invoices  
[2018-07-21 03:27:08] local.INFO: Check digital check ...  
[2018-07-21 03:27:08] local.INFO: Checking checks. Found 21  
[2018-07-21 03:28:01] local.INFO: SCHEDULING for day Friday DATE : 2018-07-20 23:28:01  
[2018-07-21 03:28:02] local.INFO: Check invoices ...  
[2018-07-21 03:28:02] local.INFO: No pending invoices  
[2018-07-21 03:28:02] local.INFO: Checking invoices. Found 0  
[2018-07-21 03:28:04] local.INFO: Finished with updating invoices  
[2018-07-21 03:28:04] local.INFO: Check digital check ...  
[2018-07-21 03:28:04] local.INFO: Checking checks. Found 21  
[2018-07-21 03:29:01] local.INFO: SCHEDULING for day Friday DATE : 2018-07-20 23:29:01  
[2018-07-21 03:29:02] local.INFO: Check invoices ...  
[2018-07-21 03:29:02] local.INFO: No pending invoices  
[2018-07-21 03:29:02] local.INFO: Checking invoices. Found 0  
[2018-07-21 03:29:03] local.INFO: Finished with updating invoices  
[2018-07-21 03:29:03] local.INFO: Check digital check ...  
[2018-07-21 03:29:03] local.INFO: Checking checks. Found 21  
[2018-07-21 03:30:01] local.INFO: SCHEDULING for day Friday DATE : 2018-07-20 23:30:01  
[2018-07-21 03:30:02] local.INFO: Update exchange ...  
[2018-07-21 03:30:03] local.INFO: Check invoices ...  
[2018-07-21 03:30:03] local.INFO: No pending invoices  
[2018-07-21 03:30:03] local.INFO: Checking invoices. Found 0  
[2018-07-21 03:30:05] local.INFO: Finished with updating invoices  
[2018-07-21 03:30:05] local.INFO: Check digital check ...  
[2018-07-21 03:30:05] local.INFO: Checking checks. Found 21  
[2018-07-21 03:30:08] local.INFO: Checking conditions for update::info everyFiveMinutes  
[2018-07-21 03:30:08] local.INFO: Checking conditions for games:update everyFiveMinutes  
[2018-07-21 03:30:08] local.INFO: Retrieving games in progress for games:update command everyFiveMinutes  
[2018-07-21 03:30:08] local.INFO: Retrieved games in progress for games:update command everyFiveMinutes[]  
[2018-07-21 03:30:08] local.INFO: Condition for games:update everyFiveMinutes is false  
[2018-07-21 03:30:08] local.INFO: Checking condition for liveStats:update everyThirtyMinutes  
[2018-07-21 03:31:01] local.INFO: SCHEDULING for day Friday DATE : 2018-07-20 23:31:01  
[2018-07-21 03:31:01] local.INFO: Check invoices ...  
[2018-07-21 03:31:01] local.INFO: No pending invoices  
[2018-07-21 03:31:01] local.INFO: Checking invoices. Found 0  
[2018-07-21 03:31:02] local.INFO: Finished with updating invoices  
[2018-07-21 03:31:02] local.INFO: Check digital check ...  
[2018-07-21 03:31:02] local.INFO: Checking checks. Found 21  
[2018-07-21 03:32:01] local.INFO: SCHEDULING for day Friday DATE : 2018-07-20 23:32:01  
[2018-07-21 03:32:01] local.INFO: Check invoices ...  
[2018-07-21 03:32:01] local.INFO: No pending invoices  
[2018-07-21 03:32:01] local.INFO: Checking invoices. Found 0  
[2018-07-21 03:32:03] local.INFO: Finished with updating invoices  
[2018-07-21 03:32:03] local.INFO: Check digital check ...  
[2018-07-21 03:32:03] local.INFO: Checking checks. Found 21  
[2018-07-21 03:33:01] local.INFO: SCHEDULING for day Friday DATE : 2018-07-20 23:33:01  
[2018-07-21 03:33:02] local.INFO: Check invoices ...  
[2018-07-21 03:33:02] local.INFO: No pending invoices  
[2018-07-21 03:33:02] local.INFO: Checking invoices. Found 0  
[2018-07-21 03:33:04] local.INFO: Finished with updating invoices  
[2018-07-21 03:33:04] local.INFO: Check digital check ...  
[2018-07-21 03:33:04] local.INFO: Checking checks. Found 21  
[2018-07-21 03:34:01] local.INFO: SCHEDULING for day Friday DATE : 2018-07-20 23:34:01  
[2018-07-21 03:34:02] local.INFO: Check invoices ...  
[2018-07-21 03:34:02] local.INFO: No pending invoices  
[2018-07-21 03:34:02] local.INFO: Checking invoices. Found 0  
[2018-07-21 03:34:03] local.INFO: Finished with updating invoices  
[2018-07-21 03:34:03] local.INFO: Check digital check ...  
[2018-07-21 03:34:03] local.INFO: Checking checks. Found 21  
[2018-07-21 03:35:01] local.INFO: SCHEDULING for day Friday DATE : 2018-07-20 23:35:01  
[2018-07-21 03:35:02] local.INFO: Check invoices ...  
[2018-07-21 03:35:02] local.INFO: No pending invoices  
[2018-07-21 03:35:02] local.INFO: Checking invoices. Found 0  
[2018-07-21 03:35:04] local.INFO: Finished with updating invoices  
[2018-07-21 03:35:04] local.INFO: Check digital check ...  
[2018-07-21 03:35:04] local.INFO: Checking checks. Found 21  
[2018-07-21 03:35:07] local.INFO: Checking conditions for update::info everyFiveMinutes  
[2018-07-21 03:35:07] local.INFO: Checking conditions for games:update everyFiveMinutes  
[2018-07-21 03:35:07] local.INFO: Retrieving games in progress for games:update command everyFiveMinutes  
[2018-07-21 03:35:07] local.INFO: Retrieved games in progress for games:update command everyFiveMinutes[]  
[2018-07-21 03:35:07] local.INFO: Condition for games:update everyFiveMinutes is false  
[2018-07-21 03:36:01] local.INFO: SCHEDULING for day Friday DATE : 2018-07-20 23:36:01  
[2018-07-21 03:36:01] local.INFO: Check invoices ...  
[2018-07-21 03:36:01] local.INFO: No pending invoices  
[2018-07-21 03:36:01] local.INFO: Checking invoices. Found 0  
[2018-07-21 03:36:03] local.INFO: Finished with updating invoices  
[2018-07-21 03:36:03] local.INFO: Check digital check ...  
[2018-07-21 03:36:03] local.INFO: Checking checks. Found 21  
[2018-07-21 03:37:02] local.INFO: SCHEDULING for day Friday DATE : 2018-07-20 23:37:02  
[2018-07-21 03:37:02] local.INFO: Check invoices ...  
[2018-07-21 03:37:02] local.INFO: No pending invoices  
[2018-07-21 03:37:02] local.INFO: Checking invoices. Found 0  
[2018-07-21 03:37:03] local.INFO: Finished with updating invoices  
[2018-07-21 03:37:03] local.INFO: Check digital check ...  
[2018-07-21 03:37:03] local.INFO: Checking checks. Found 21  
[2018-07-21 03:38:01] local.INFO: SCHEDULING for day Friday DATE : 2018-07-20 23:38:01  
[2018-07-21 03:38:01] local.INFO: Check invoices ...  
[2018-07-21 03:38:01] local.INFO: No pending invoices  
[2018-07-21 03:38:01] local.INFO: Checking invoices. Found 0  
[2018-07-21 03:38:03] local.INFO: Finished with updating invoices  
[2018-07-21 03:38:03] local.INFO: Check digital check ...  
[2018-07-21 03:38:03] local.INFO: Checking checks. Found 21  
[2018-07-21 03:39:01] local.INFO: SCHEDULING for day Friday DATE : 2018-07-20 23:39:01  
[2018-07-21 03:39:01] local.INFO: Check invoices ...  
[2018-07-21 03:39:01] local.INFO: No pending invoices  
[2018-07-21 03:39:01] local.INFO: Checking invoices. Found 0  
[2018-07-21 03:39:04] local.INFO: Finished with updating invoices  
[2018-07-21 03:39:04] local.INFO: Check digital check ...  
[2018-07-21 03:39:04] local.INFO: Checking checks. Found 21  
[2018-07-21 03:40:01] local.INFO: SCHEDULING for day Friday DATE : 2018-07-20 23:40:01  
[2018-07-21 03:40:01] local.INFO: Update exchange ...  
[2018-07-21 03:40:05] local.INFO: Check invoices ...  
[2018-07-21 03:40:05] local.INFO: No pending invoices  
[2018-07-21 03:40:05] local.INFO: Checking invoices. Found 0  
[2018-07-21 03:40:07] local.INFO: Finished with updating invoices  
[2018-07-21 03:40:07] local.INFO: Check digital check ...  
[2018-07-21 03:40:07] local.INFO: Checking checks. Found 21  
[2018-07-21 03:40:11] local.INFO: Checking conditions for update::info everyFiveMinutes  
[2018-07-21 03:40:11] local.INFO: Checking conditions for games:update everyFiveMinutes  
[2018-07-21 03:40:11] local.INFO: Retrieving games in progress for games:update command everyFiveMinutes  
[2018-07-21 03:40:11] local.INFO: Retrieved games in progress for games:update command everyFiveMinutes[]  
[2018-07-21 03:40:11] local.INFO: Condition for games:update everyFiveMinutes is false  
[2018-07-21 03:41:01] local.INFO: SCHEDULING for day Friday DATE : 2018-07-20 23:41:01  
[2018-07-21 03:41:01] local.INFO: Check invoices ...  
[2018-07-21 03:41:01] local.INFO: No pending invoices  
[2018-07-21 03:41:01] local.INFO: Checking invoices. Found 0  
[2018-07-21 03:41:04] local.INFO: Finished with updating invoices  
[2018-07-21 03:41:04] local.INFO: Check digital check ...  
[2018-07-21 03:41:04] local.INFO: Checking checks. Found 21  
[2018-07-21 03:42:02] local.INFO: SCHEDULING for day Friday DATE : 2018-07-20 23:42:02  
[2018-07-21 03:42:02] local.INFO: Check invoices ...  
[2018-07-21 03:42:02] local.INFO: No pending invoices  
[2018-07-21 03:42:02] local.INFO: Checking invoices. Found 0  
[2018-07-21 03:42:05] local.INFO: Finished with updating invoices  
[2018-07-21 03:42:05] local.INFO: Check digital check ...  
[2018-07-21 03:42:05] local.INFO: Checking checks. Found 21  
[2018-07-21 03:43:01] local.INFO: SCHEDULING for day Friday DATE : 2018-07-20 23:43:01  
[2018-07-21 03:43:01] local.INFO: Check invoices ...  
[2018-07-21 03:43:01] local.INFO: No pending invoices  
[2018-07-21 03:43:01] local.INFO: Checking invoices. Found 0  
[2018-07-21 03:43:02] local.INFO: Finished with updating invoices  
[2018-07-21 03:43:02] local.INFO: Check digital check ...  
[2018-07-21 03:43:02] local.INFO: Checking checks. Found 21  
[2018-07-21 03:44:01] local.INFO: SCHEDULING for day Friday DATE : 2018-07-20 23:44:01  
[2018-07-21 03:44:01] local.INFO: Check invoices ...  
[2018-07-21 03:44:01] local.INFO: No pending invoices  
[2018-07-21 03:44:01] local.INFO: Checking invoices. Found 0  
[2018-07-21 03:44:02] local.INFO: Finished with updating invoices  
[2018-07-21 03:44:02] local.INFO: Check digital check ...  
[2018-07-21 03:44:02] local.INFO: Checking checks. Found 21  
[2018-07-21 03:45:02] local.INFO: SCHEDULING for day Friday DATE : 2018-07-20 23:45:02  
[2018-07-21 03:45:02] local.INFO: Check invoices ...  
[2018-07-21 03:45:02] local.INFO: No pending invoices  
[2018-07-21 03:45:02] local.INFO: Checking invoices. Found 0  
[2018-07-21 03:45:04] local.INFO: Finished with updating invoices  
[2018-07-21 03:45:04] local.INFO: Check digital check ...  
[2018-07-21 03:45:04] local.INFO: Checking checks. Found 21  
[2018-07-21 03:45:06] local.INFO: Checking conditions for update::info everyFiveMinutes  
[2018-07-21 03:45:06] local.INFO: Checking conditions for games:update everyFiveMinutes  
[2018-07-21 03:45:06] local.INFO: Retrieving games in progress for games:update command everyFiveMinutes  
[2018-07-21 03:45:06] local.INFO: Retrieved games in progress for games:update command everyFiveMinutes[]  
[2018-07-21 03:45:06] local.INFO: Condition for games:update everyFiveMinutes is false  
[2018-07-21 03:46:01] local.INFO: SCHEDULING for day Friday DATE : 2018-07-20 23:46:01  
[2018-07-21 03:46:01] local.INFO: Check invoices ...  
[2018-07-21 03:46:02] local.INFO: No pending invoices  
[2018-07-21 03:46:02] local.INFO: Checking invoices. Found 0  
[2018-07-21 03:46:03] local.INFO: Finished with updating invoices  
[2018-07-21 03:46:03] local.INFO: Check digital check ...  
[2018-07-21 03:46:03] local.INFO: Checking checks. Found 21  
[2018-07-21 03:47:01] local.INFO: SCHEDULING for day Friday DATE : 2018-07-20 23:47:01  
[2018-07-21 03:47:01] local.INFO: Check invoices ...  
[2018-07-21 03:47:01] local.INFO: No pending invoices  
[2018-07-21 03:47:01] local.INFO: Checking invoices. Found 0  
[2018-07-21 03:47:02] local.INFO: Finished with updating invoices  
[2018-07-21 03:47:02] local.INFO: Check digital check ...  
[2018-07-21 03:47:02] local.INFO: Checking checks. Found 21  
[2018-07-21 03:48:02] local.INFO: SCHEDULING for day Friday DATE : 2018-07-20 23:48:02  
[2018-07-21 03:48:02] local.INFO: Check invoices ...  
[2018-07-21 03:48:02] local.INFO: No pending invoices  
[2018-07-21 03:48:02] local.INFO: Checking invoices. Found 0  
[2018-07-21 03:48:03] local.INFO: Finished with updating invoices  
[2018-07-21 03:48:03] local.INFO: Check digital check ...  
[2018-07-21 03:48:03] local.INFO: Checking checks. Found 21  
[2018-07-21 03:49:01] local.INFO: SCHEDULING for day Friday DATE : 2018-07-20 23:49:01  
[2018-07-21 03:49:01] local.INFO: Check invoices ...  
[2018-07-21 03:49:01] local.INFO: No pending invoices  
[2018-07-21 03:49:01] local.INFO: Checking invoices. Found 0  
[2018-07-21 03:49:02] local.INFO: Finished with updating invoices  
[2018-07-21 03:49:02] local.INFO: Check digital check ...  
[2018-07-21 03:49:02] local.INFO: Checking checks. Found 21  
[2018-07-21 03:50:01] local.INFO: SCHEDULING for day Friday DATE : 2018-07-20 23:50:01  
[2018-07-21 03:50:01] local.INFO: Update exchange ...  
[2018-07-21 03:50:08] local.INFO: Check invoices ...  
[2018-07-21 03:50:08] local.INFO: No pending invoices  
[2018-07-21 03:50:08] local.INFO: Checking invoices. Found 0  
[2018-07-21 03:50:09] local.INFO: Finished with updating invoices  
[2018-07-21 03:50:09] local.INFO: Check digital check ...  
[2018-07-21 03:50:09] local.INFO: Checking checks. Found 21  
[2018-07-21 03:50:13] local.INFO: Checking conditions for update::info everyFiveMinutes  
[2018-07-21 03:50:13] local.INFO: Checking conditions for games:update everyFiveMinutes  
[2018-07-21 03:50:13] local.INFO: Retrieving games in progress for games:update command everyFiveMinutes  
[2018-07-21 03:50:13] local.INFO: Retrieved games in progress for games:update command everyFiveMinutes[]  
[2018-07-21 03:50:13] local.INFO: Condition for games:update everyFiveMinutes is false  
[2018-07-21 03:51:01] local.INFO: SCHEDULING for day Friday DATE : 2018-07-20 23:51:01  
[2018-07-21 03:51:01] local.INFO: Check invoices ...  
[2018-07-21 03:51:01] local.INFO: No pending invoices  
[2018-07-21 03:51:01] local.INFO: Checking invoices. Found 0  
[2018-07-21 03:51:05] local.INFO: Finished with updating invoices  
[2018-07-21 03:51:05] local.INFO: Check digital check ...  
[2018-07-21 03:51:05] local.INFO: Checking checks. Found 21  
[2018-07-21 03:52:01] local.INFO: SCHEDULING for day Friday DATE : 2018-07-20 23:52:01  
[2018-07-21 03:52:01] local.INFO: Check invoices ...  
[2018-07-21 03:52:02] local.INFO: No pending invoices  
[2018-07-21 03:52:02] local.INFO: Checking invoices. Found 0  
[2018-07-21 03:52:04] local.INFO: Finished with updating invoices  
[2018-07-21 03:52:04] local.INFO: Check digital check ...  
[2018-07-21 03:52:04] local.INFO: Checking checks. Found 21  
[2018-07-21 03:53:01] local.INFO: SCHEDULING for day Friday DATE : 2018-07-20 23:53:01  
[2018-07-21 03:53:01] local.INFO: Check invoices ...  
[2018-07-21 03:53:01] local.INFO: No pending invoices  
[2018-07-21 03:53:01] local.INFO: Checking invoices. Found 0  
[2018-07-21 03:53:02] local.INFO: Finished with updating invoices  
[2018-07-21 03:53:02] local.INFO: Check digital check ...  
[2018-07-21 03:53:02] local.INFO: Checking checks. Found 21  
[2018-07-21 03:54:01] local.INFO: SCHEDULING for day Friday DATE : 2018-07-20 23:54:01  
[2018-07-21 03:54:01] local.INFO: Check invoices ...  
[2018-07-21 03:54:01] local.INFO: No pending invoices  
[2018-07-21 03:54:01] local.INFO: Checking invoices. Found 0  
[2018-07-21 03:54:02] local.INFO: Finished with updating invoices  
[2018-07-21 03:54:02] local.INFO: Check digital check ...  
[2018-07-21 03:54:02] local.INFO: Checking checks. Found 21  
[2018-07-21 03:55:01] local.INFO: SCHEDULING for day Friday DATE : 2018-07-20 23:55:01  
[2018-07-21 03:55:01] local.INFO: Check invoices ...  
[2018-07-21 03:55:01] local.INFO: No pending invoices  
[2018-07-21 03:55:01] local.INFO: Checking invoices. Found 0  
[2018-07-21 03:55:03] local.INFO: Finished with updating invoices  
[2018-07-21 03:55:03] local.INFO: Check digital check ...  
[2018-07-21 03:55:03] local.INFO: Checking checks. Found 21  
[2018-07-21 03:55:08] local.INFO: Checking conditions for update::info everyFiveMinutes  
[2018-07-21 03:55:08] local.INFO: Checking conditions for games:update everyFiveMinutes  
[2018-07-21 03:55:08] local.INFO: Retrieving games in progress for games:update command everyFiveMinutes  
[2018-07-21 03:55:08] local.INFO: Retrieved games in progress for games:update command everyFiveMinutes[]  
[2018-07-21 03:55:08] local.INFO: Condition for games:update everyFiveMinutes is false  
[2018-07-21 03:56:01] local.INFO: SCHEDULING for day Friday DATE : 2018-07-20 23:56:01  
[2018-07-21 03:56:02] local.INFO: Check invoices ...  
[2018-07-21 03:56:02] local.INFO: No pending invoices  
[2018-07-21 03:56:02] local.INFO: Checking invoices. Found 0  
[2018-07-21 03:56:04] local.INFO: Finished with updating invoices  
[2018-07-21 03:56:04] local.INFO: Check digital check ...  
[2018-07-21 03:56:04] local.INFO: Checking checks. Found 21  
[2018-07-21 03:57:01] local.INFO: SCHEDULING for day Friday DATE : 2018-07-20 23:57:01  
[2018-07-21 03:57:01] local.INFO: Check invoices ...  
[2018-07-21 03:57:01] local.INFO: No pending invoices  
[2018-07-21 03:57:01] local.INFO: Checking invoices. Found 0  
[2018-07-21 03:57:05] local.INFO: Finished with updating invoices  
[2018-07-21 03:57:05] local.INFO: Check digital check ...  
[2018-07-21 03:57:05] local.INFO: Checking checks. Found 21  
