[2018-06-14 04:31:10] local.INFO: SCHEDULING for day Monday DATE : 2017-06-12 07:31:19  
[2018-06-14 04:31:14] local.INFO: Pulling data for season from url https://api.fantasydata.net/v3/nfl/stats/JSON/TeamGameStats/2017REG/2  
[2018-06-14 04:31:17] local.INFO: Pulling player stats from url https://api.fantasydata.net/v3/nfl/stats/JSON/PlayerGameStatsByWeek/2017REG/2  
[2018-06-14 04:31:42] local.INFO: Pulling player stats from url https://api.fantasydata.net/v3/nfl/stats/JSON/PlayerGameStatsByWeek/2017REG/2  
[2018-06-14 04:31:42] local.INFO: Pulling player stats from url https://api.fantasydata.net/v3/nfl/stats/JSON/PlayerGameStatsByWeek/2017REG/2  
[2018-06-14 04:31:42] local.INFO: Pulling player stats from url https://api.fantasydata.net/v3/nfl/stats/JSON/PlayerGameStatsByWeek/2017REG/2  
[2018-06-14 04:31:42] local.INFO: Pulling player stats from url https://api.fantasydata.net/v3/nfl/stats/JSON/PlayerGameStatsByWeek/2017REG/2  
[2018-06-14 04:31:43] local.INFO: Pulling player stats from url https://api.fantasydata.net/v3/nfl/stats/JSON/PlayerGameStatsByWeek/2017REG/2  
[2018-06-14 04:31:43] local.INFO: Pulling player stats from url https://api.fantasydata.net/v3/nfl/stats/JSON/PlayerGameStatsByWeek/2017REG/2  
[2018-06-14 04:31:43] local.INFO: Pulling player stats from url https://api.fantasydata.net/v3/nfl/stats/JSON/PlayerGameStatsByWeek/2017REG/2  
[2018-06-14 04:31:43] local.INFO: Pulling player stats from url https://api.fantasydata.net/v3/nfl/stats/JSON/PlayerGameStatsByWeek/2017REG/2  
[2018-06-14 04:31:43] local.INFO: Pulling player stats from url https://api.fantasydata.net/v3/nfl/stats/JSON/PlayerGameStatsByWeek/2017REG/2  
[2018-06-14 04:31:44] local.INFO: Pulling player stats from url https://api.fantasydata.net/v3/nfl/stats/JSON/PlayerGameStatsByWeek/2017REG/2  
[2018-06-14 04:31:44] local.INFO: Pulling player stats from url https://api.fantasydata.net/v3/nfl/stats/JSON/PlayerGameStatsByWeek/2017REG/2  
[2018-06-14 04:31:44] local.INFO: Pulling player stats from url https://api.fantasydata.net/v3/nfl/stats/JSON/PlayerGameStatsByWeek/2017REG/2  
[2018-06-14 04:31:44] local.INFO: Pulling player stats from url https://api.fantasydata.net/v3/nfl/stats/JSON/PlayerGameStatsByWeek/2017REG/2  
[2018-06-14 04:31:44] local.INFO: Pulling player stats from url https://api.fantasydata.net/v3/nfl/stats/JSON/PlayerGameStatsByWeek/2017REG/2  
[2018-06-14 04:31:45] local.INFO: Pulling player stats from url https://api.fantasydata.net/v3/nfl/stats/JSON/PlayerGameStatsByWeek/2017REG/2  
[2018-06-14 04:31:45] local.INFO: Pulling player stats from url https://api.fantasydata.net/v3/nfl/stats/JSON/PlayerGameStatsByWeek/2017REG/2  
[2018-06-14 04:32:10] local.INFO: Pulling player stats from url https://api.fantasydata.net/v3/nfl/stats/JSON/PlayerGameStatsByWeek/2017REG/2  
[2018-06-14 04:32:10] local.INFO: Pulling player stats from url https://api.fantasydata.net/v3/nfl/stats/JSON/PlayerGameStatsByWeek/2017REG/2  
[2018-06-14 04:32:10] local.INFO: Pulling player stats from url https://api.fantasydata.net/v3/nfl/stats/JSON/PlayerGameStatsByWeek/2017REG/2  
[2018-06-14 04:32:11] local.INFO: Pulling player stats from url https://api.fantasydata.net/v3/nfl/stats/JSON/PlayerGameStatsByWeek/2017REG/2  
[2018-06-14 04:32:11] local.INFO: Pulling player stats from url https://api.fantasydata.net/v3/nfl/stats/JSON/PlayerGameStatsByWeek/2017REG/2  
[2018-06-14 04:32:11] local.INFO: Pulling player stats from url https://api.fantasydata.net/v3/nfl/stats/JSON/PlayerGameStatsByWeek/2017REG/2  
[2018-06-14 04:32:11] local.INFO: Pulling player stats from url https://api.fantasydata.net/v3/nfl/stats/JSON/PlayerGameStatsByWeek/2017REG/2  
[2018-06-14 04:32:11] local.INFO: Pulling player stats from url https://api.fantasydata.net/v3/nfl/stats/JSON/PlayerGameStatsByWeek/2017REG/2  
[2018-06-14 04:32:12] local.INFO: Pulling player stats from url https://api.fantasydata.net/v3/nfl/stats/JSON/PlayerGameStatsByWeek/2017REG/2  
[2018-06-14 04:32:12] local.INFO: Pulling player stats from url https://api.fantasydata.net/v3/nfl/stats/JSON/PlayerGameStatsByWeek/2017REG/2  
[2018-06-14 04:32:12] local.INFO: Pulling player stats from url https://api.fantasydata.net/v3/nfl/stats/JSON/PlayerGameStatsByWeek/2017REG/2  
[2018-06-14 04:32:12] local.INFO: Pulling player stats from url https://api.fantasydata.net/v3/nfl/stats/JSON/PlayerGameStatsByWeek/2017REG/2  
[2018-06-14 04:32:12] local.INFO: Pulling player stats from url https://api.fantasydata.net/v3/nfl/stats/JSON/PlayerGameStatsByWeek/2017REG/2  
[2018-06-14 04:32:13] local.INFO: Pulling player stats from url https://api.fantasydata.net/v3/nfl/stats/JSON/PlayerGameStatsByWeek/2017REG/2  
[2018-06-14 04:32:13] local.INFO: Pulling player stats from url https://api.fantasydata.net/v3/nfl/stats/JSON/PlayerGameStatsByWeek/2017REG/2  
[2018-06-14 04:32:13] local.INFO: Pulling player stats from url https://api.fantasydata.net/v3/nfl/stats/JSON/PlayerGameStatsByWeek/2017REG/2  
[2018-06-14 04:32:38] local.INFO: Pulling player stats from url https://api.fantasydata.net/v3/nfl/stats/JSON/PlayerGameStatsByWeek/2017REG/2  
[2018-06-14 04:32:38] local.INFO: Pulling player stats from url https://api.fantasydata.net/v3/nfl/stats/JSON/PlayerGameStatsByWeek/2017REG/2  
[2018-06-14 04:32:38] local.INFO: Pulling player stats from url https://api.fantasydata.net/v3/nfl/stats/JSON/PlayerGameStatsByWeek/2017REG/2  
[2018-06-14 04:32:38] local.INFO: Pulling player stats from url https://api.fantasydata.net/v3/nfl/stats/JSON/PlayerGameStatsByWeek/2017REG/2  
[2018-06-14 04:32:38] local.INFO: Pulling player stats from url https://api.fantasydata.net/v3/nfl/stats/JSON/PlayerGameStatsByWeek/2017REG/2  
[2018-06-14 04:32:39] local.INFO: Pulling player stats from url https://api.fantasydata.net/v3/nfl/stats/JSON/PlayerGameStatsByWeek/2017REG/2  
[2018-06-14 04:32:39] local.INFO: Pulling player stats from url https://api.fantasydata.net/v3/nfl/stats/JSON/PlayerGameStatsByWeek/2017REG/2  
[2018-06-14 04:32:39] local.INFO: Pulling player stats from url https://api.fantasydata.net/v3/nfl/stats/JSON/PlayerGameStatsByWeek/2017REG/2  
[2018-06-14 04:32:39] local.INFO: Pulling player stats from url https://api.fantasydata.net/v3/nfl/stats/JSON/PlayerGameStatsByWeek/2017REG/2  
[2018-06-14 04:32:39] local.INFO: Pulling player stats from url https://api.fantasydata.net/v3/nfl/stats/JSON/PlayerGameStatsByWeek/2017REG/2  
[2018-06-14 04:32:40] local.INFO: Pulling player stats from url https://api.fantasydata.net/v3/nfl/stats/JSON/PlayerGameStatsByWeek/2017REG/2  
[2018-06-14 04:32:40] local.INFO: Pulling player stats from url https://api.fantasydata.net/v3/nfl/stats/JSON/PlayerGameStatsByWeek/2017REG/2  
[2018-06-14 04:32:40] local.INFO: Pulling player stats from url https://api.fantasydata.net/v3/nfl/stats/JSON/PlayerGameStatsByWeek/2017REG/2  
[2018-06-14 04:32:40] local.INFO: Pulling player stats from url https://api.fantasydata.net/v3/nfl/stats/JSON/PlayerGameStatsByWeek/2017REG/2  
[2018-06-14 04:32:40] local.INFO: Pulling player stats from url https://api.fantasydata.net/v3/nfl/stats/JSON/PlayerGameStatsByWeek/2017REG/2  
[2018-06-14 04:32:41] local.INFO: Pulling player stats from url https://api.fantasydata.net/v3/nfl/stats/JSON/PlayerGameStatsByWeek/2017REG/2  
[2018-06-14 04:33:04] local.INFO: Pulling player stats from url https://api.fantasydata.net/v3/nfl/stats/JSON/PlayerGameStatsByWeek/2017REG/2  
[2018-06-14 04:33:04] local.INFO: Pulling player stats from url https://api.fantasydata.net/v3/nfl/stats/JSON/PlayerGameStatsByWeek/2017REG/2  
[2018-06-14 04:33:05] local.INFO: Pulling player stats from url https://api.fantasydata.net/v3/nfl/stats/JSON/PlayerGameStatsByWeek/2017REG/2  
[2018-06-14 04:33:05] local.INFO: Pulling player stats from url https://api.fantasydata.net/v3/nfl/stats/JSON/PlayerGameStatsByWeek/2017REG/2  
[2018-06-14 04:33:05] local.INFO: Pulling player stats from url https://api.fantasydata.net/v3/nfl/stats/JSON/PlayerGameStatsByWeek/2017REG/2  
[2018-06-14 04:33:05] local.INFO: Pulling player stats from url https://api.fantasydata.net/v3/nfl/stats/JSON/PlayerGameStatsByWeek/2017REG/2  
[2018-06-14 04:33:05] local.INFO: Pulling player stats from url https://api.fantasydata.net/v3/nfl/stats/JSON/PlayerGameStatsByWeek/2017REG/2  
[2018-06-14 04:33:06] local.INFO: Pulling player stats from url https://api.fantasydata.net/v3/nfl/stats/JSON/PlayerGameStatsByWeek/2017REG/2  
[2018-06-14 04:33:06] local.INFO: Pulling player stats from url https://api.fantasydata.net/v3/nfl/stats/JSON/PlayerGameStatsByWeek/2017REG/2  
[2018-06-14 04:33:06] local.INFO: Pulling player stats from url https://api.fantasydata.net/v3/nfl/stats/JSON/PlayerGameStatsByWeek/2017REG/2  
[2018-06-14 04:33:06] local.INFO: Pulling player stats from url https://api.fantasydata.net/v3/nfl/stats/JSON/PlayerGameStatsByWeek/2017REG/2  
[2018-06-14 04:33:06] local.INFO: Pulling player stats from url https://api.fantasydata.net/v3/nfl/stats/JSON/PlayerGameStatsByWeek/2017REG/2  
[2018-06-14 04:33:06] local.INFO: Pulling player stats from url https://api.fantasydata.net/v3/nfl/stats/JSON/PlayerGameStatsByWeek/2017REG/2  
[2018-06-14 04:33:07] local.INFO: Pulling player stats from url https://api.fantasydata.net/v3/nfl/stats/JSON/PlayerGameStatsByWeek/2017REG/2  
[2018-06-14 04:33:07] local.INFO: Pulling player stats from url https://api.fantasydata.net/v3/nfl/stats/JSON/PlayerGameStatsByWeek/2017REG/2  
[2018-06-14 04:33:07] local.INFO: Pulling player stats from url https://api.fantasydata.net/v3/nfl/stats/JSON/PlayerGameStatsByWeek/2017REG/2  
[2018-06-14 04:33:31] local.INFO: Pulling player stats from url https://api.fantasydata.net/v3/nfl/stats/JSON/PlayerGameStatsByWeek/2017REG/2  
[2018-06-14 04:40:24] local.INFO: SCHEDULING for day Monday DATE : 2017-06-12 07:31:19  
[2018-06-14 04:40:24] local.INFO: SCHEDULING for day Monday DATE : 2017-06-12 07:31:19  
[2018-06-14 04:40:31] local.INFO: SCHEDULING for day Monday DATE : 2017-06-12 07:31:19  
[2018-06-14 04:44:46] local.ERROR: ErrorException: stream_socket_enable_crypto(): Peer certificate CN=`*.mailgun.org' did not match expected CN=`smtp.mailgun.com' in E:\draftMatch\draftmatch\vendor\swiftmailer\swiftmailer\lib\classes\Swift\Transport\StreamBuffer.php:94
Stack trace:
#0 [internal function]: Illuminate\Foundation\Bootstrap\HandleExceptions->handleError(2, 'stream_socket_e...', 'E:\\draftMatch\\d...', 94, Array)
#1 E:\draftMatch\draftmatch\vendor\swiftmailer\swiftmailer\lib\classes\Swift\Transport\StreamBuffer.php(94): stream_socket_enable_crypto(Resource id #291, true, 57)
#2 E:\draftMatch\draftmatch\vendor\swiftmailer\swiftmailer\lib\classes\Swift\Transport\EsmtpTransport.php(313): Swift_Transport_StreamBuffer->startTLS()
#3 E:\draftMatch\draftmatch\vendor\swiftmailer\swiftmailer\lib\classes\Swift\Transport\AbstractSmtpTransport.php(118): Swift_Transport_EsmtpTransport->_doHeloCommand()
#4 E:\draftMatch\draftmatch\vendor\swiftmailer\swiftmailer\lib\classes\Swift\Mailer.php(79): Swift_Transport_AbstractSmtpTransport->start()
#5 E:\draftMatch\draftmatch\vendor\laravel\framework\src\Illuminate\Mail\Mailer.php(443): Swift_Mailer->send(Object(Swift_Message), Array)
#6 E:\draftMatch\draftmatch\vendor\laravel\framework\src\Illuminate\Mail\Mailer.php(217): Illuminate\Mail\Mailer->sendSwiftMessage(Object(Swift_Message))
#7 E:\draftMatch\draftmatch\vendor\laravel\framework\src\Illuminate\Mail\Mailer.php(160): Illuminate\Mail\Mailer->send(NULL, Array, Object(Closure))
#8 E:\draftMatch\draftmatch\vendor\laravel\framework\src\Illuminate\Support\Facades\Facade.php(221): Illuminate\Mail\Mailer->raw('Transaction $tr...', Object(Closure))
#9 E:\draftMatch\draftmatch\app\Http\Controllers\HomeController.php(43): Illuminate\Support\Facades\Facade::__callStatic('raw', Array)
#10 [internal function]: App\Http\Controllers\HomeController->test()
#11 E:\draftMatch\draftmatch\vendor\laravel\framework\src\Illuminate\Routing\Controller.php(55): call_user_func_array(Array, Array)
#12 E:\draftMatch\draftmatch\vendor\laravel\framework\src\Illuminate\Routing\ControllerDispatcher.php(44): Illuminate\Routing\Controller->callAction('test', Array)
#13 E:\draftMatch\draftmatch\vendor\laravel\framework\src\Illuminate\Routing\Route.php(203): Illuminate\Routing\ControllerDispatcher->dispatch(Object(Illuminate\Routing\Route), Object(App\Http\Controllers\HomeController), 'test')
#14 E:\draftMatch\draftmatch\vendor\laravel\framework\src\Illuminate\Routing\Route.php(160): Illuminate\Routing\Route->runController()
#15 E:\draftMatch\draftmatch\vendor\laravel\framework\src\Illuminate\Routing\Router.php(572): Illuminate\Routing\Route->run()
#16 E:\draftMatch\draftmatch\vendor\laravel\framework\src\Illuminate\Routing\Pipeline.php(30): Illuminate\Routing\Router->Illuminate\Routing\{closure}(Object(Illuminate\Http\Request))
#17 E:\draftMatch\draftmatch\vendor\laravel\framework\src\Illuminate\Routing\Middleware\SubstituteBindings.php(41): Illuminate\Routing\Pipeline->Illuminate\Routing\{closure}(Object(Illuminate\Http\Request))
#18 E:\draftMatch\draftmatch\vendor\laravel\framework\src\Illuminate\Pipeline\Pipeline.php(148): Illuminate\Routing\Middleware\SubstituteBindings->handle(Object(Illuminate\Http\Request), Object(Closure))
#19 E:\draftMatch\draftmatch\vendor\laravel\framework\src\Illuminate\Routing\Pipeline.php(53): Illuminate\Pipeline\Pipeline->Illuminate\Pipeline\{closure}(Object(Illuminate\Http\Request))
#20 E:\draftMatch\draftmatch\vendor\laravel\framework\src\Illuminate\Routing\Middleware\ThrottleRequests.php(49): Illuminate\Routing\Pipeline->Illuminate\Routing\{closure}(Object(Illuminate\Http\Request))
#21 E:\draftMatch\draftmatch\vendor\laravel\framework\src\Illuminate\Pipeline\Pipeline.php(148): Illuminate\Routing\Middleware\ThrottleRequests->handle(Object(Illuminate\Http\Request), Object(Closure), '60', '1')
#22 E:\draftMatch\draftmatch\vendor\laravel\framework\src\Illuminate\Routing\Pipeline.php(53): Illuminate\Pipeline\Pipeline->Illuminate\Pipeline\{closure}(Object(Illuminate\Http\Request))
#23 E:\draftMatch\draftmatch\vendor\laravel\framework\src\Illuminate\Pipeline\Pipeline.php(102): Illuminate\Routing\Pipeline->Illuminate\Routing\{closure}(Object(Illuminate\Http\Request))
#24 E:\draftMatch\draftmatch\vendor\laravel\framework\src\Illuminate\Routing\Router.php(574): Illuminate\Pipeline\Pipeline->then(Object(Closure))
#25 E:\draftMatch\draftmatch\vendor\laravel\framework\src\Illuminate\Routing\Router.php(533): Illuminate\Routing\Router->runRouteWithinStack(Object(Illuminate\Routing\Route), Object(Illuminate\Http\Request))
#26 E:\draftMatch\draftmatch\vendor\laravel\framework\src\Illuminate\Routing\Router.php(511): Illuminate\Routing\Router->dispatchToRoute(Object(Illuminate\Http\Request))
#27 E:\draftMatch\draftmatch\vendor\laravel\framework\src\Illuminate\Foundation\Http\Kernel.php(176): Illuminate\Routing\Router->dispatch(Object(Illuminate\Http\Request))
#28 E:\draftMatch\draftmatch\vendor\laravel\framework\src\Illuminate\Routing\Pipeline.php(30): Illuminate\Foundation\Http\Kernel->Illuminate\Foundation\Http\{closure}(Object(Illuminate\Http\Request))
#29 E:\draftMatch\draftmatch\app\Http\Middleware\Cors.php(27): Illuminate\Routing\Pipeline->Illuminate\Routing\{closure}(Object(Illuminate\Http\Request))
#30 E:\draftMatch\draftmatch\vendor\laravel\framework\src\Illuminate\Pipeline\Pipeline.php(148): App\Http\Middleware\Cors->handle(Object(Illuminate\Http\Request), Object(Closure))
#31 E:\draftMatch\draftmatch\vendor\laravel\framework\src\Illuminate\Routing\Pipeline.php(53): Illuminate\Pipeline\Pipeline->Illuminate\Pipeline\{closure}(Object(Illuminate\Http\Request))
#32 E:\draftMatch\draftmatch\app\Http\Middleware\HttpsProtocol.php(29): Illuminate\Routing\Pipeline->Illuminate\Routing\{closure}(Object(Illuminate\Http\Request))
#33 E:\draftMatch\draftmatch\vendor\laravel\framework\src\Illuminate\Pipeline\Pipeline.php(148): App\Http\Middleware\HttpsProtocol->handle(Object(Illuminate\Http\Request), Object(Closure))
#34 E:\draftMatch\draftmatch\vendor\laravel\framework\src\Illuminate\Routing\Pipeline.php(53): Illuminate\Pipeline\Pipeline->Illuminate\Pipeline\{closure}(Object(Illuminate\Http\Request))
#35 E:\draftMatch\draftmatch\vendor\laravel\framework\src\Illuminate\Foundation\Http\Middleware\TransformsRequest.php(30): Illuminate\Routing\Pipeline->Illuminate\Routing\{closure}(Object(Illuminate\Http\Request))
#36 E:\draftMatch\draftmatch\vendor\laravel\framework\src\Illuminate\Pipeline\Pipeline.php(148): Illuminate\Foundation\Http\Middleware\TransformsRequest->handle(Object(Illuminate\Http\Request), Object(Closure))
#37 E:\draftMatch\draftmatch\vendor\laravel\framework\src\Illuminate\Routing\Pipeline.php(53): Illuminate\Pipeline\Pipeline->Illuminate\Pipeline\{closure}(Object(Illuminate\Http\Request))
#38 E:\draftMatch\draftmatch\vendor\laravel\framework\src\Illuminate\Foundation\Http\Middleware\TransformsRequest.php(30): Illuminate\Routing\Pipeline->Illuminate\Routing\{closure}(Object(Illuminate\Http\Request))
#39 E:\draftMatch\draftmatch\vendor\laravel\framework\src\Illuminate\Pipeline\Pipeline.php(148): Illuminate\Foundation\Http\Middleware\TransformsRequest->handle(Object(Illuminate\Http\Request), Object(Closure))
#40 E:\draftMatch\draftmatch\vendor\laravel\framework\src\Illuminate\Routing\Pipeline.php(53): Illuminate\Pipeline\Pipeline->Illuminate\Pipeline\{closure}(Object(Illuminate\Http\Request))
#41 E:\draftMatch\draftmatch\vendor\laravel\framework\src\Illuminate\Foundation\Http\Middleware\ValidatePostSize.php(27): Illuminate\Routing\Pipeline->Illuminate\Routing\{closure}(Object(Illuminate\Http\Request))
#42 E:\draftMatch\draftmatch\vendor\laravel\framework\src\Illuminate\Pipeline\Pipeline.php(148): Illuminate\Foundation\Http\Middleware\ValidatePostSize->handle(Object(Illuminate\Http\Request), Object(Closure))
#43 E:\draftMatch\draftmatch\vendor\laravel\framework\src\Illuminate\Routing\Pipeline.php(53): Illuminate\Pipeline\Pipeline->Illuminate\Pipeline\{closure}(Object(Illuminate\Http\Request))
#44 E:\draftMatch\draftmatch\vendor\laravel\framework\src\Illuminate\Foundation\Http\Middleware\CheckForMaintenanceMode.php(46): Illuminate\Routing\Pipeline->Illuminate\Routing\{closure}(Object(Illuminate\Http\Request))
#45 E:\draftMatch\draftmatch\vendor\laravel\framework\src\Illuminate\Pipeline\Pipeline.php(148): Illuminate\Foundation\Http\Middleware\CheckForMaintenanceMode->handle(Object(Illuminate\Http\Request), Object(Closure))
#46 E:\draftMatch\draftmatch\vendor\laravel\framework\src\Illuminate\Routing\Pipeline.php(53): Illuminate\Pipeline\Pipeline->Illuminate\Pipeline\{closure}(Object(Illuminate\Http\Request))
#47 E:\draftMatch\draftmatch\vendor\laravel\framework\src\Illuminate\Pipeline\Pipeline.php(102): Illuminate\Routing\Pipeline->Illuminate\Routing\{closure}(Object(Illuminate\Http\Request))
#48 E:\draftMatch\draftmatch\vendor\laravel\framework\src\Illuminate\Foundation\Http\Kernel.php(151): Illuminate\Pipeline\Pipeline->then(Object(Closure))
#49 E:\draftMatch\draftmatch\vendor\laravel\framework\src\Illuminate\Foundation\Http\Kernel.php(116): Illuminate\Foundation\Http\Kernel->sendRequestThroughRouter(Object(Illuminate\Http\Request))
#50 E:\draftMatch\draftmatch\public\index.php(53): Illuminate\Foundation\Http\Kernel->handle(Object(Illuminate\Http\Request))
#51 E:\draftMatch\draftmatch\server.php(21): require_once('E:\\draftMatch\\d...')
#52 {main}  
[2018-06-14 04:47:11] local.INFO: SCHEDULING for day Monday DATE : 2017-06-12 07:31:19  
[2018-06-14 04:47:11] local.INFO: SCHEDULING for day Monday DATE : 2017-06-12 07:31:19  
[2018-06-14 04:47:18] local.INFO: SCHEDULING for day Monday DATE : 2017-06-12 07:31:19  
[2018-06-14 11:07:50] local.INFO: array (
  0 => 'The lang field is required.',
  1 => 'The lat field is required.',
)  
